#
# There is insufficient memory for the Java Runtime Environment to continue.
# Native memory allocation (mmap) failed to map 201326592 bytes for G1 virtual space
# Possible reasons:
#   The system is out of physical RAM or swap space
#   The process is running with CompressedOops enabled, and the Java Heap may be blocking the growth of the native heap
# Possible solutions:
#   Reduce memory load on the system
#   Increase physical memory or swap space
#   Check if swap backing store is full
#   Decrease Java heap size (-Xmx/-Xms)
#   Decrease number of Java threads
#   Decrease Java thread stack sizes (-Xss)
#   Set larger code cache with -XX:ReservedCodeCacheSize=
#   JVM is running with Zero Based Compressed Oops mode in which the Java heap is
#     placed in the first 32GB address space. The Java Heap base address is the
#     maximum limit for the native heap growth. Please use -XX:HeapBaseMinAddress
#     to set the Java Heap base and to place the Java Heap above 32GB virtual address.
# This output file may be truncated or incomplete.
#
#  Out of Memory Error (os_windows.cpp:3617), pid=18544, tid=2120
#
# JRE version:  (17.0.8.1+1) (build )
# Java VM: OpenJDK 64-Bit Server VM (17.0.8.1+1-LTS, mixed mode, sharing, tiered, compressed oops, compressed class ptrs, g1 gc, windows-amd64)
# No core dump will be written. Minidumps are not enabled by default on client versions of Windows
#

---------------  S U M M A R Y ------------

Command Line: 

Host: Intel(R) Core(TM) i5-5300U CPU @ 2.30GHz, 4 cores, 11G,  Windows 10 , 64 bit Build 19041 (10.0.19041.3636)
Time: Mon May 13 22:46:15 2024 Stindows 10 , 64 bit Build 19041 (10.0.19041.3636) elapsed time: 0.017120 seconds (0d 0h 0m 0s)

---------------  T H R E A D  ---------------

Current thread (0x000001f8978d15e0):  JavaThread "Unknown thread" [_thread_in_vm, id=2120, stack(0x000000c5ca800000,0x000000c5ca900000)]

Stack: [0x000000c5ca800000,0x000000c5ca900000]
Native frames: (J=compiled Java code, j=interpreted, Vv=VM code, C=native code)
V  [jvm.dll+0x67bf3a]
V  [jvm.dll+0x83a024]
V  [jvm.dll+0x83b7ce]
V  [jvm.dll+0x83be33]
V  [jvm.dll+0x24785f]
V  [jvm.dll+0x678cb9]
V  [jvm.dll+0x66d54a]
V  [jvm.dll+0x308feb]
V  [jvm.dll+0x310496]
V  [jvm.dll+0x36019e]
V  [jvm.dll+0x3603cf]
V  [jvm.dll+0x2dff38]
V  [jvm.dll+0x2e0ea4]
V  [jvm.dll+0x80bca1]
V  [jvm.dll+0x36df61]
V  [jvm.dll+0x7eafac]
V  [jvm.dll+0x3f0c8f]
V  [jvm.dll+0x3f28a1]
C  [jli.dll+0x528f]
C  [ucrtbase.dll+0x21bb2]
C  [KERNEL32.DLL+0x17344]
C  [ntdll.dll+0x526b1]


---------------  P R O C E S S  ---------------

Threads class SMR info:
_java_thread_list=0x00007ffb387b3058, length=0, elements={
}

Java Threads: ( => current thread )

Other Threads:
  0x000001f897927b50 GCTaskThread "GC Thread#0" [stack: 0x000000c5ca900000,0x000000c5caa00000] [id=14040]
  0x000001f897934fd0 ConcurrentGCThread "G1 Main Marker" [stack: 0x000000c5caa00000,0x000000c5cab00000] [id=2772]
  0x000001f897936090 ConcurrentGCThread "G1 Conc#0" [stack: 0x000000c5cab00000,0x000000c5cac00000] [id=7468]

[error occurred during error reporting (printing all threads), id 0xc0000005, EXCEPTION_ACCESS_VIOLATION (0xc0000005) at pc=0x00007ffb37f70927]

VM state: not at safepoint (not fully initialized)

VM Mutex/Monitor currently owned by a thread:  ([mutex/lock_event])
[0x000001f8978cbfe0] Heap_lock - owner thread: 0x000001f8978d15e0

Heap address: 0x0000000741e00000, size: 3042 MB, Compressed Oops mode: Zero based, Oop shift amount: 3

CDS archive(s) mapped at: [0x0000000000000000-0x0000000000000000-0x0000000000000000), size 0, SharedBaseAddress: 0x0000000800000000, ArchiveRelocationMode: 1.
Narrow klass base: 0x0000000000000000, Narrow klass shift: 0, Narrow klass range: 0x0

GC Precious Log:
<Empty>

Heap:
 garbage-first heap   total 0K, used 0K [0x0000000741e00000, 0x0000000800000000)
  region size 2048K, 0 young (0K), 0 survivors (0K)

[error occurred during error reporting (printing heap information), id 0xc0000005, EXCEPTION_ACCESS_VIOLATION (0xc0000005) at pc=0x00007ffb38355fc9]

GC Heap History (0 events):
No events

Dll operation events (1 events):
Event: 0.010 Loaded shared library C:\Program Files (x86)\Android\openjdk\jdk-17.0.8.101-hotspot\bin\java.dll

Deoptimization events (0 events):
No events

Classes unloaded (0 events):
No events

Classes redefined (0 events):
No events

Internal exceptions (0 events):
No events

VM Operations (0 events):
No events

Events (0 events):
No events


Dynamic libraries:
0x00007ff7224e0000 - 0x00007ff7224ee000 	C:\Program Files (x86)\Android\openjdk\jdk-17.0.8.101-hotspot\bin\java.exe
0x00007ffbedab0000 - 0x00007ffbedca8000 	C:\Windows\SYSTEM32\ntdll.dll
0x00007ffbed9b0000 - 0x00007ffbeda6d000 	C:\Windows\System32\KERNEL32.DLL
0x00007ffbeb7e0000 - 0x00007ffbebad6000 	C:\Windows\System32\KERNELBASE.dll
0x00007ffbeb6e0000 - 0x00007ffbeb7e0000 	C:\Windows\System32\ucrtbase.dll
0x00007ffbe4ce0000 - 0x00007ffbe4cf7000 	C:\Program Files (x86)\Android\openjdk\jdk-17.0.8.101-hotspot\bin\jli.dll
0x00007ffbe4190000 - 0x00007ffbe41ab000 	C:\Program Files (x86)\Android\openjdk\jdk-17.0.8.101-hotspot\bin\VCRUNTIME140.dll
0x00007ffbebbc0000 - 0x00007ffbebd5f000 	C:\Windows\System32\USER32.dll
0x00007ffbeb3c0000 - 0x00007ffbeb3e2000 	C:\Windows\System32\win32u.dll
0x00007ffbdb220000 - 0x00007ffbdb4ba000 	C:\Windows\WinSxS\amd64_microsoft.windows.common-controls_6595b64144ccf1df_6.0.19041.3636_none_60b6a03d71f818d5\COMCTL32.dll
0x00007ffbec6f0000 - 0x00007ffbec71b000 	C:\Windows\System32\GDI32.dll
0x00007ffbed760000 - 0x00007ffbed7fe000 	C:\Windows\System32\msvcrt.dll
0x00007ffbeb550000 - 0x00007ffbeb667000 	C:\Windows\System32\gdi32full.dll
0x00007ffbeb3f0000 - 0x00007ffbeb48d000 	C:\Windows\System32\msvcp_win.dll
0x00007ffbec5f0000 - 0x00007ffbec622000 	C:\Windows\System32\IMM32.DLL
0x00007ffbe6e60000 - 0x00007ffbe6e6c000 	C:\Program Files (x86)\Android\openjdk\jdk-17.0.8.101-hotspot\bin\vcruntime140_1.dll
0x00007ffbc1400000 - 0x00007ffbc148d000 	C:\Program Files (x86)\Android\openjdk\jdk-17.0.8.101-hotspot\bin\msvcp140.dll
0x00007ffb37c80000 - 0x00007ffb388e5000 	C:\Program Files (x86)\Android\openjdk\jdk-17.0.8.101-hotspot\bin\server\jvm.dll
0x00007ffbec720000 - 0x00007ffbec7d0000 	C:\Windows\System32\ADVAPI32.dll
0x00007ffbec480000 - 0x00007ffbec520000 	C:\Windows\System32\sechost.dll
0x00007ffbed160000 - 0x00007ffbed283000 	C:\Windows\System32\RPCRT4.dll
0x00007ffbeb520000 - 0x00007ffbeb547000 	C:\Windows\System32\bcrypt.dll
0x00007ffbea6a0000 - 0x00007ffbea6eb000 	C:\Windows\SYSTEM32\POWRPROF.dll
0x00007ffbce870000 - 0x00007ffbce879000 	C:\Windows\SYSTEM32\WSOCK32.dll
0x00007ffbdba50000 - 0x00007ffbdba77000 	C:\Windows\SYSTEM32\WINMM.dll
0x00007ffbec520000 - 0x00007ffbec58b000 	C:\Windows\System32\WS2_32.dll
0x00007ffbddb10000 - 0x00007ffbddb1a000 	C:\Windows\SYSTEM32\VERSION.dll
0x00007ffbea560000 - 0x00007ffbea572000 	C:\Windows\SYSTEM32\UMPDC.dll
0x00007ffbe8ff0000 - 0x00007ffbe9002000 	C:\Windows\SYSTEM32\kernel.appcore.dll
0x00007ffbe4220000 - 0x00007ffbe422a000 	C:\Program Files (x86)\Android\openjdk\jdk-17.0.8.101-hotspot\bin\jimage.dll
0x00007ffbdf1b0000 - 0x00007ffbdf394000 	C:\Windows\SYSTEM32\DBGHELP.DLL
0x00007ffbd7520000 - 0x00007ffbd7554000 	C:\Windows\SYSTEM32\dbgcore.DLL
0x00007ffbeb490000 - 0x00007ffbeb512000 	C:\Windows\System32\bcryptPrimitives.dll
0x00007ffbcb450000 - 0x00007ffbcb475000 	C:\Program Files (x86)\Android\openjdk\jdk-17.0.8.101-hotspot\bin\java.dll

dbghelp: loaded successfully - version: 4.0.5 - missing functions: none
symbol engine: initialized successfully - sym options: 0x614 - pdb path: .;C:\Program Files (x86)\Android\openjdk\jdk-17.0.8.101-hotspot\bin;C:\Windows\SYSTEM32;C:\Windows\WinSxS\amd64_microsoft.windows.common-controls_6595b64144ccf1df_6.0.19041.3636_none_60b6a03d71f818d5;C:\Program Files (x86)\Android\openjdk\jdk-17.0.8.101-hotspot\bin\server

VM Arguments:
java_command: <unknown>
java_class_path (initial): <not set>
Launcher Type: SUN_STANDARD

[Global flags]
     intx CICompilerCount                          = 3                                         {product} {ergonomic}
     uint ConcGCThreads                            = 1                                         {product} {ergonomic}
     uint G1ConcRefinementThreads                  = 4                                         {product} {ergonomic}
   size_t G1HeapRegionSize                         = 2097152                                   {product} {ergonomic}
    uintx GCDrainStackTargetSize                   = 64                                        {product} {ergonomic}
   size_t InitialHeapSize                          = 201326592                                 {product} {ergonomic}
   size_t MarkStackSize                            = 4194304                                   {product} {ergonomic}
   size_t MaxHeapSize                              = 3189768192                                {product} {ergonomic}
   size_t MinHeapDeltaBytes                        = 2097152                                   {product} {ergonomic}
   size_t MinHeapSize                              = 8388608                                   {product} {ergonomic}
    uintx NonNMethodCodeHeapSize                   = 5832780                                {pd product} {ergonomic}
    uintx NonProfiledCodeHeapSize                  = 122912730                              {pd product} {ergonomic}
    uintx ProfiledCodeHeapSize                     = 122912730                              {pd product} {ergonomic}
    uintx ReservedCodeCacheSize                    = 251658240                              {pd product} {ergonomic}
     bool SegmentedCodeCache                       = true                                      {product} {ergonomic}
   size_t SoftMaxHeapSize                          = 3189768192                             {manageable} {ergonomic}
     bool UseCompressedClassPointers               = true                           {product lp64_product} {ergonomic}
     bool UseCompressedOops                        = true                           {product lp64_product} {ergonomic}
     bool UseG1GC                                  = true                                      {product} {ergonomic}
     bool UseLargePagesIndividualAllocation        = false                                  {pd product} {ergonomic}

Logging:
Log output configuration:
 #0: stdout all=warning uptime,level,tags
 #1: stderr all=off uptime,level,tags

Environment Variables:
PATH=C:\Program Files (x86)\Android\openjdk\jdk-17.0.8.101-hotspot\bin;C:\Program Files (x86)\Common Files\Oracle\Java\javapath;C:\Program Files\Microsoft\jdk-11.0.16.101-hotspot\bin;C:\Windows\system32;C:\Windows;C:\Windows\System32\Wbem;C:\Windows\System32\WindowsPowerShell\v1.0\;C:\Windows\System32\OpenSSH\;C:\Program Files\Microsoft SQL Server\130\Tools\Binn\;C:\Program Files\Microsoft SQL Server\Client SDK\ODBC\170\Tools\Binn\;C:\Program Files\dotnet\;C:\Program Files\PuTTY\;C:\ProgramData\chocolatey\bin;C:\Program Files\nodejs\;C:\Program Files\Git\cmd;C:\Program Files\Microsoft SQL Server\150\Tools\Binn\;C:\Program Files\PostgreSQL\16\bin;C:\Program Files\Tailscale\;C:\Users\tomik\AppData\Local\Programs\Python\Python311\Scripts\;C:\Users\tomik\AppData\Local\Programs\Python\Python311\;C:\Program Files\MySQL\MySQL Shell 8.0\bin\;C:\Users\tomik\AppData\Local\Microsoft\WindowsApps;;C:\Users\tomik\AppData\Local\Programs\Microsoft VS Code\bin;C:\Users\tomik\.dotnet\tools;C:\Users\tomik\AppData\Roaming\npm
USERNAME=tomik
OS=Windows_NT
PROCESSOR_IDENTIFIER=Intel64 Family 6 Model 61 Stepping 4, GenuineIntel
TMP=C:\Users\tomik\AppData\Local\Temp
TEMP=C:\Users\tomik\AppData\Local\Temp



---------------  S Y S T E M  ---------------

OS:
 Windows 10 , 64 bit Build 19041 (10.0.19041.3636)
OS uptime: 1 days 0:13 hours

CPU: total 4 (initial active 4) (2 cores per cpu, 2 threads per core) family 6 model 61 stepping 4 microcode 0x2d, cx8, cmov, fxsr, ht, mmx, 3dnowpref, sse, sse2, sse3, ssse3, sse4.1, sse4.2, popcnt, lzcnt, tsc, tscinvbit, avx, avx2, aes, erms, clmul, bmi1, bmi2, rtm, adx, fma, vzeroupper, clflush
Processor Information for all 4 processors :
  Max Mhz: 2301, Current Mhz: 2300, Mhz Limit: 2277

Memory: 4k page, system-wide physical 12163M (3522M free)
TotalPageFile size 14211M (AvailPageFile size 174M)
current process WorkingSet (physical memory assigned to process): 10M, peak: 10M
current process commit charge ("private bytes"): 51M, peak: 243M

vm_info: OpenJDK 64-Bit Server VM (17.0.8.1+1-LTS) for windows-amd64 JRE (17.0.8.1+1-LTS), built on Aug 23 2023 17:38:52 by "MicrosoftCorporation" with MS VC++ 16.10 / 16.11 (VS2019)

END.
