#
# There is insufficient memory for the Java Runtime Environment to continue.
# Native memory allocation (malloc) failed to allocate 42976 bytes for Chunk::new
# Possible reasons:
#   The system is out of physical RAM or swap space
#   The process is running with CompressedOops enabled, and the Java Heap may be blocking the growth of the native heap
# Possible solutions:
#   Reduce memory load on the system
#   Increase physical memory or swap space
#   Check if swap backing store is full
#   Decrease Java heap size (-Xmx/-Xms)
#   Decrease number of Java threads
#   Decrease Java thread stack sizes (-Xss)
#   Set larger code cache with -XX:ReservedCodeCacheSize=
#   JVM is running with Zero Based Compressed Oops mode in which the Java heap is
#     placed in the first 32GB address space. The Java Heap base address is the
#     maximum limit for the native heap growth. Please use -XX:HeapBaseMinAddress
#     to set the Java Heap base and to place the Java Heap above 32GB virtual address.
# This output file may be truncated or incomplete.
#
#  Out of Memory Error (arena.cpp:189), pid=7832, tid=14548
#
# JRE version: OpenJDK Runtime Environment Microsoft-8297089 (17.0.8.1+1) (build 17.0.8.1+1-LTS)
# Java VM: OpenJDK 64-Bit Server VM Microsoft-8297089 (17.0.8.1+1-LTS, mixed mode, sharing, tiered, compressed oops, compressed class ptrs, g1 gc, windows-amd64)
# No core dump will be written. Minidumps are not enabled by default on client versions of Windows
#

---------------  S U M M A R Y ------------

Command Line: -Dapplication.home=C:\Program Files (x86)\Android\openjdk\jdk-17.0.8.101-hotspot --add-modules=ALL-DEFAULT -Xms8m -Djdk.module.main=jdk.compiler jdk.compiler/com.sun.tools.javac.Main -version

Host: Intel(R) Core(TM) i5-5300U CPU @ 2.30GHz, 4 cores, 11G,  Windows 10 , 64 bit Build 19041 (10.0.19041.3636)
Time: Mon Feb  5 03:01:04 2024 Stindows 10 , 64 bit Build 19041 (10.0.19041.3636) elapsed time: 0.461302 seconds (0d 0h 0m 0s)

---------------  T H R E A D  ---------------

Current thread (0x0000023c49127230):  JavaThread "C2 CompilerThread0" daemon [_thread_in_native, id=14548, stack(0x0000007c0a400000,0x0000007c0a500000)]


Current CompileTask:
C2:    461  338 %     4       java.lang.StringLatin1::indexOfChar @ 7 (33 bytes)

Stack: [0x0000007c0a400000,0x0000007c0a500000]
Native frames: (J=compiled Java code, j=interpreted, Vv=VM code, C=native code)
V  [jvm.dll+0x67bf3a]
V  [jvm.dll+0x83a024]
V  [jvm.dll+0x83b7ce]
V  [jvm.dll+0x83be33]
V  [jvm.dll+0x24785f]
V  [jvm.dll+0xac3bc]
V  [jvm.dll+0xac98c]
V  [jvm.dll+0x2af19f]
V  [jvm.dll+0x584667]
V  [jvm.dll+0x222a82]
V  [jvm.dll+0x222e5f]
V  [jvm.dll+0x21bf4f]
V  [jvm.dll+0x21944b]
V  [jvm.dll+0x1a56b6]
V  [jvm.dll+0x2291ea]
V  [jvm.dll+0x22724c]
V  [jvm.dll+0x7efd0c]
V  [jvm.dll+0x7ea13a]
V  [jvm.dll+0x67ad85]
C  [ucrtbase.dll+0x21bb2]
C  [KERNEL32.DLL+0x17344]
C  [ntdll.dll+0x526b1]


---------------  P R O C E S S  ---------------

Threads class SMR info:
_java_thread_list=0x0000023c49376cd0, length=12, elements={
0x0000023c67ee00b0, 0x0000023c67f87650, 0x0000023c67f884d0, 0x0000023c491214e0,
0x0000023c491220a0, 0x0000023c49124b70, 0x0000023c49126540, 0x0000023c49127230,
0x0000023c49127c30, 0x0000023c49199840, 0x0000023c491fe930, 0x0000023c493b6660
}

Java Threads: ( => current thread )
  0x0000023c67ee00b0 JavaThread "main" [_thread_in_vm, id=19840, stack(0x0000007c09700000,0x0000007c09800000)]
  0x0000023c67f87650 JavaThread "Reference Handler" daemon [_thread_blocked, id=13732, stack(0x0000007c09e00000,0x0000007c09f00000)]
  0x0000023c67f884d0 JavaThread "Finalizer" daemon [_thread_blocked, id=2388, stack(0x0000007c09f00000,0x0000007c0a000000)]
  0x0000023c491214e0 JavaThread "Signal Dispatcher" daemon [_thread_blocked, id=17316, stack(0x0000007c0a000000,0x0000007c0a100000)]
  0x0000023c491220a0 JavaThread "Attach Listener" daemon [_thread_blocked, id=7908, stack(0x0000007c0a100000,0x0000007c0a200000)]
  0x0000023c49124b70 JavaThread "Service Thread" daemon [_thread_blocked, id=15644, stack(0x0000007c0a200000,0x0000007c0a300000)]
  0x0000023c49126540 JavaThread "Monitor Deflation Thread" daemon [_thread_blocked, id=3672, stack(0x0000007c0a300000,0x0000007c0a400000)]
=>0x0000023c49127230 JavaThread "C2 CompilerThread0" daemon [_thread_in_native, id=14548, stack(0x0000007c0a400000,0x0000007c0a500000)]
  0x0000023c49127c30 JavaThread "C1 CompilerThread0" daemon [_thread_blocked, id=1720, stack(0x0000007c0a500000,0x0000007c0a600000)]
  0x0000023c49199840 JavaThread "Sweeper thread" daemon [_thread_blocked, id=18424, stack(0x0000007c0a600000,0x0000007c0a700000)]
  0x0000023c491fe930 JavaThread "Common-Cleaner" daemon [_thread_blocked, id=20164, stack(0x0000007c0a700000,0x0000007c0a800000)]
  0x0000023c493b6660 JavaThread "Notification Thread" daemon [_thread_blocked, id=16260, stack(0x0000007c0a800000,0x0000007c0a900000)]

Other Threads:
  0x0000023c67f839f0 VMThread "VM Thread" [stack: 0x0000007c09d00000,0x0000007c09e00000] [id=18828]
  0x0000023c493b6b40 WatcherThread [stack: 0x0000007c0a900000,0x0000007c0aa00000] [id=8740]
  0x0000023c67f386f0 GCTaskThread "GC Thread#0" [stack: 0x0000007c09800000,0x0000007c09900000] [id=11456]
  0x0000023c494f8960 GCTaskThread "GC Thread#1" [stack: 0x0000007c0aa00000,0x0000007c0ab00000] [id=9884]
  0x0000023c494fdc50 GCTaskThread "GC Thread#2" [stack: 0x0000007c0ab00000,0x0000007c0ac00000] [id=17056]
  0x0000023c494fdf10 GCTaskThread "GC Thread#3" [stack: 0x0000007c0ac00000,0x0000007c0ad00000] [id=10136]
  0x0000023c67f45450 ConcurrentGCThread "G1 Main Marker" [stack: 0x0000007c09900000,0x0000007c09a00000] [id=12548]
  0x0000023c67f45e60 ConcurrentGCThread "G1 Conc#0" [stack: 0x0000007c09a00000,0x0000007c09b00000] [id=9968]
  0x0000023c67f5ccf0 ConcurrentGCThread "G1 Refine#0" [stack: 0x0000007c09b00000,0x0000007c09c00000] [id=17584]
  0x0000023c67f5d720 ConcurrentGCThread "G1 Service" [stack: 0x0000007c09c00000,0x0000007c09d00000] [id=3784]

Threads with active compile tasks:
C2 CompilerThread0      498  338 %     4       java.lang.StringLatin1::indexOfChar @ 7 (33 bytes)

VM state: not at safepoint (normal execution)

VM Mutex/Monitor currently owned by a thread:  ([mutex/lock_event])
[0x0000023c67eda000] Metaspace_lock - owner thread: 0x0000023c67ee00b0

Heap address: 0x0000000741e00000, size: 3042 MB, Compressed Oops mode: Zero based, Oop shift amount: 3

CDS archive(s) mapped at: [0x0000023c08000000-0x0000023c08bd0000-0x0000023c08bd0000), size 12386304, SharedBaseAddress: 0x0000023c08000000, ArchiveRelocationMode: 1.
Compressed class space mapped at: 0x0000023c09000000-0x0000023c49000000, reserved size: 1073741824
Narrow klass base: 0x0000023c08000000, Narrow klass shift: 0, Narrow klass range: 0x100000000

GC Precious Log:
 CPUs: 4 total, 4 available
 Memory: 12163M
 Large Page Support: Disabled
 NUMA Support: Disabled
 Compressed Oops: Enabled (Zero based)
 Heap Region Size: 2M
 Heap Min Capacity: 8M
 Heap Initial Capacity: 8M
 Heap Max Capacity: 3042M
 Pre-touch: Disabled
 Parallel Workers: 4
 Concurrent Workers: 1
 Concurrent Refinement Workers: 4
 Periodic GC: Disabled

Heap:
 garbage-first heap   total 8192K, used 1016K [0x0000000741e00000, 0x0000000800000000)
  region size 2048K, 2 young (4096K), 1 survivors (2048K)
 Metaspace       used 1929K, committed 1984K, reserved 1114112K
  class space    used 232K, committed 256K, reserved 1048576K

Heap Regions: E=young(eden), S=young(survivor), O=old, HS=humongous(starts), HC=humongous(continues), CS=collection set, F=free, OA=open archive, CA=closed archive, TAMS=top-at-mark-start (previous, next)
|   0|0x0000000741e00000, 0x0000000741e00000, 0x0000000742000000|  0%| F|  |TAMS 0x0000000741e00000, 0x0000000741e00000| Untracked 
|   1|0x0000000742000000, 0x0000000742000000, 0x0000000742200000|  0%| F|  |TAMS 0x0000000742000000, 0x0000000742000000| Untracked 
|   2|0x0000000742200000, 0x00000007422fe040, 0x0000000742400000| 49%| S|CS|TAMS 0x0000000742200000, 0x0000000742200000| Complete 
|   3|0x0000000742400000, 0x000000074247e580, 0x0000000742600000| 24%| E|  |TAMS 0x0000000742400000, 0x0000000742400000| Complete 

Card table byte_map: [0x0000023c7efe0000,0x0000023c7f5e0000] _byte_map_base: 0x0000023c7b5d1000

Marking Bits (Prev, Next): (CMBitMap*) 0x0000023c67f38d10, (CMBitMap*) 0x0000023c67f38d50
 Prev Bits: [0x0000023c00000000, 0x0000023c02f88000)
 Next Bits: [0x0000023c02f90000, 0x0000023c05f18000)

Polling page: 0x0000023c676a0000

Metaspace:

Usage:
  Non-class:      1.66 MB used.
      Class:    232.81 KB used.
       Both:      1.88 MB used.

Virtual space:
  Non-class space:       64.00 MB reserved,       1.69 MB (  3%) committed,  1 nodes.
      Class space:        1.00 GB reserved,     256.00 KB ( <1%) committed,  1 nodes.
             Both:        1.06 GB reserved,       1.94 MB ( <1%) committed. 

Chunk freelists:
   Non-Class:  10.86 MB
       Class:  15.57 MB
        Both:  26.43 MB

MaxMetaspaceSize: unlimited
CompressedClassSpaceSize: 1.00 GB
Initial GC threshold: 21.00 MB
Current GC threshold: 21.00 MB
CDS: on
MetaspaceReclaimPolicy: balanced
 - commit_granule_bytes: 65536.
 - commit_granule_words: 8192.
 - virtual_space_node_default_size: 8388608.
 - enlarge_chunks_in_place: 1.
 - new_chunks_are_fully_committed: 0.
 - uncommit_free_chunks: 1.
 - use_allocation_guard: 0.
 - handle_deallocations: 1.


Internal statistics:

num_allocs_failed_limit: 0.
num_arena_births: 18.
num_arena_deaths: 0.
num_vsnodes_births: 2.
num_vsnodes_deaths: 0.
num_space_committed: 31.
num_space_uncommitted: 0.
num_chunks_returned_to_freelist: 0.
num_chunks_taken_from_freelist: 88.
num_chunk_merges: 0.
num_chunk_splits: 54.
num_chunks_enlarged: 37.
num_inconsistent_stats: 0.

CodeHeap 'non-profiled nmethods': size=120000Kb used=102Kb max_used=102Kb free=119897Kb
 bounds [0x0000023c774b0000, 0x0000023c77720000, 0x0000023c7e9e0000]
CodeHeap 'profiled nmethods': size=120000Kb used=414Kb max_used=414Kb free=119586Kb
 bounds [0x0000023c6f9e0000, 0x0000023c6fc50000, 0x0000023c76f10000]
CodeHeap 'non-nmethods': size=5760Kb used=1086Kb max_used=1098Kb free=4674Kb
 bounds [0x0000023c76f10000, 0x0000023c77180000, 0x0000023c774b0000]
 total_blobs=696 nmethods=339 adapters=270
 compilation: enabled
              stopped_count=0, restarted_count=0
 full_count=0

Compilation events (20 events):
Event: 0.423 Thread 0x0000023c49127c30 nmethod 326 0x0000023c6fa40a10 code [0x0000023c6fa40be0, 0x0000023c6fa40fa8]
Event: 0.423 Thread 0x0000023c49127c30  327       3       java.lang.StringLatin1::toLowerCase (186 bytes)
Event: 0.424 Thread 0x0000023c49127c30 nmethod 327 0x0000023c6fa41110 code [0x0000023c6fa41380, 0x0000023c6fa41ed8]
Event: 0.429 Thread 0x0000023c49127c30  328       3       java.util.Optional::of (12 bytes)
Event: 0.430 Thread 0x0000023c49127c30 nmethod 328 0x0000023c6fa42310 code [0x0000023c6fa424e0, 0x0000023c6fa428a8]
Event: 0.445 Thread 0x0000023c49127c30  330       1       sun.invoke.util.Wrapper::basicTypeChar (5 bytes)
Event: 0.445 Thread 0x0000023c49127c30 nmethod 330 0x0000023c774c8c10 code [0x0000023c774c8da0, 0x0000023c774c8e78]
Event: 0.446 Thread 0x0000023c49127c30  331       3       jdk.internal.org.objectweb.asm.ClassReader::readUnsignedShort (26 bytes)
Event: 0.447 Thread 0x0000023c49127c30 nmethod 331 0x0000023c6fa42a10 code [0x0000023c6fa42ba0, 0x0000023c6fa42d18]
Event: 0.448 Thread 0x0000023c49127c30  332       3       java.lang.invoke.MethodType::checkPtypes (76 bytes)
Event: 0.449 Thread 0x0000023c49127c30 nmethod 332 0x0000023c6fa42e10 code [0x0000023c6fa43080, 0x0000023c6fa439e8]
Event: 0.449 Thread 0x0000023c49127c30  334       3       sun.invoke.util.VerifyAccess::isTypeVisible (118 bytes)
Event: 0.451 Thread 0x0000023c49127c30 nmethod 334 0x0000023c6fa43d90 code [0x0000023c6fa441c0, 0x0000023c6fa462f8]
Event: 0.451 Thread 0x0000023c49127c30  337       1       java.lang.invoke.MethodTypeForm::erasedType (5 bytes)
Event: 0.452 Thread 0x0000023c49127c30 nmethod 337 0x0000023c774c9810 code [0x0000023c774c99a0, 0x0000023c774c9a78]
Event: 0.456 Thread 0x0000023c49127230  338 %     4       java.lang.StringLatin1::indexOfChar @ 7 (33 bytes)
Event: 0.456 Thread 0x0000023c49127c30  339       3       sun.nio.fs.WindowsPathParser::isSlash (18 bytes)
Event: 0.457 Thread 0x0000023c49127c30 nmethod 339 0x0000023c6fa46d10 code [0x0000023c6fa46ea0, 0x0000023c6fa47018]
Event: 0.458 Thread 0x0000023c49127c30  340       3       java.lang.invoke.MemberName::getReferenceKind (12 bytes)
Event: 0.458 Thread 0x0000023c49127c30 nmethod 340 0x0000023c6fa47090 code [0x0000023c6fa47220, 0x0000023c6fa47338]

GC Heap History (2 events):
Event: 0.418 GC heap before
{Heap before GC invocations=0 (full 0):
 garbage-first heap   total 8192K, used 2048K [0x0000000741e00000, 0x0000000800000000)
  region size 2048K, 1 young (2048K), 0 survivors (0K)
 Metaspace       used 1678K, committed 1856K, reserved 1114112K
  class space    used 195K, committed 256K, reserved 1048576K
}
Event: 0.422 GC heap after
{Heap after GC invocations=1 (full 0):
 garbage-first heap   total 8192K, used 1016K [0x0000000741e00000, 0x0000000800000000)
  region size 2048K, 1 young (2048K), 1 survivors (2048K)
 Metaspace       used 1678K, committed 1856K, reserved 1114112K
  class space    used 195K, committed 256K, reserved 1048576K
}

Dll operation events (3 events):
Event: 0.021 Loaded shared library C:\Program Files (x86)\Android\openjdk\jdk-17.0.8.101-hotspot\bin\java.dll
Event: 0.071 Loaded shared library C:\Program Files (x86)\Android\openjdk\jdk-17.0.8.101-hotspot\bin\jsvml.dll
Event: 0.232 Loaded shared library C:\Program Files (x86)\Android\openjdk\jdk-17.0.8.101-hotspot\bin\jimage.dll

Deoptimization events (0 events):
No events

Classes unloaded (0 events):
No events

Classes redefined (0 events):
No events

Internal exceptions (1 events):
Event: 0.388 Thread 0x0000023c67ee00b0 Exception <a 'java/lang/NoSuchMethodError'{0x00000007425dbc18}: 'void java.lang.invoke.DirectMethodHandle$Holder.invokeSpecial(java.lang.Object, java.lang.Object, java.lang.Object)'> (0x00000007425dbc18) 
thrown [s\src\hotspot\share\interpreter\linkResolver.cpp, line 759]

VM Operations (4 events):
Event: 0.393 Executing VM operation: HandshakeAllThreads
Event: 0.393 Executing VM operation: HandshakeAllThreads done
Event: 0.418 Executing VM operation: G1CollectForAllocation
Event: 0.422 Executing VM operation: G1CollectForAllocation done

Events (20 events):
Event: 0.393 loading class java/lang/ProcessEnvironment$EntryComparator
Event: 0.393 loading class java/lang/ProcessEnvironment$EntryComparator done
Event: 0.394 loading class java/lang/ProcessEnvironment$CheckedEntrySet
Event: 0.394 loading class java/lang/ProcessEnvironment$CheckedEntrySet done
Event: 0.394 loading class java/lang/ProcessEnvironment$CheckedEntrySet$1
Event: 0.394 loading class java/lang/ProcessEnvironment$CheckedEntrySet$1 done
Event: 0.394 loading class java/lang/ProcessEnvironment$CheckedEntry
Event: 0.394 loading class java/lang/ProcessEnvironment$CheckedEntry done
Event: 0.400 loading class java/util/JumboEnumSet$EnumSetIterator
Event: 0.400 loading class java/util/JumboEnumSet$EnumSetIterator done
Event: 0.402 loading class java/util/ServiceLoader$ProviderSpliterator
Event: 0.402 loading class java/util/ServiceLoader$ProviderSpliterator done
Event: 0.411 loading class java/util/concurrent/Callable
Event: 0.411 loading class java/util/concurrent/Callable done
Event: 0.438 loading class java/text/MessageFormat
Event: 0.439 loading class java/text/MessageFormat done
Event: 0.441 loading class java/text/MessageFormat$Field
Event: 0.441 loading class java/text/MessageFormat$Field done
Event: 0.457 loading class sun/nio/fs/WindowsPath$1
Event: 0.457 loading class sun/nio/fs/WindowsPath$1 done


Dynamic libraries:
0x00007ff731e90000 - 0x00007ff731e98000 	C:\Program Files (x86)\Android\openjdk\jdk-17.0.8.101-hotspot\bin\javac.exe
0x00007fffb5d70000 - 0x00007fffb5f68000 	C:\Windows\SYSTEM32\ntdll.dll
0x00007fffb3e60000 - 0x00007fffb3f1d000 	C:\Windows\System32\KERNEL32.DLL
0x00007fffb3590000 - 0x00007fffb3886000 	C:\Windows\System32\KERNELBASE.dll
0x00007fffb39f0000 - 0x00007fffb3af0000 	C:\Windows\System32\ucrtbase.dll
0x00007fff69760000 - 0x00007fff69777000 	C:\Program Files (x86)\Android\openjdk\jdk-17.0.8.101-hotspot\bin\jli.dll
0x00007fffb5310000 - 0x00007fffb54ae000 	C:\Windows\System32\USER32.dll
0x00007fffb3440000 - 0x00007fffb3462000 	C:\Windows\System32\win32u.dll
0x00007fffb4660000 - 0x00007fffb468c000 	C:\Windows\System32\GDI32.dll
0x00007fffb3af0000 - 0x00007fffb3c0a000 	C:\Windows\System32\gdi32full.dll
0x00007fffb3890000 - 0x00007fffb392d000 	C:\Windows\System32\msvcp_win.dll
0x00007fff588f0000 - 0x00007fff5890b000 	C:\Program Files (x86)\Android\openjdk\jdk-17.0.8.101-hotspot\bin\VCRUNTIME140.dll
0x00007fffa3100000 - 0x00007fffa339a000 	C:\Windows\WinSxS\amd64_microsoft.windows.common-controls_6595b64144ccf1df_6.0.19041.3636_none_60b6a03d71f818d5\COMCTL32.dll
0x00007fffb3dc0000 - 0x00007fffb3e5e000 	C:\Windows\System32\msvcrt.dll
0x00007fffb4000000 - 0x00007fffb4030000 	C:\Windows\System32\IMM32.DLL
0x00007fff845d0000 - 0x00007fff845dc000 	C:\Program Files (x86)\Android\openjdk\jdk-17.0.8.101-hotspot\bin\vcruntime140_1.dll
0x00007ffee6e80000 - 0x00007ffee6f0d000 	C:\Program Files (x86)\Android\openjdk\jdk-17.0.8.101-hotspot\bin\msvcp140.dll
0x00007ffec71c0000 - 0x00007ffec7e25000 	C:\Program Files (x86)\Android\openjdk\jdk-17.0.8.101-hotspot\bin\server\jvm.dll
0x00007fffb5690000 - 0x00007fffb5743000 	C:\Windows\System32\ADVAPI32.dll
0x00007fffb51c0000 - 0x00007fffb525f000 	C:\Windows\System32\sechost.dll
0x00007fffb5b40000 - 0x00007fffb5c66000 	C:\Windows\System32\RPCRT4.dll
0x00007fffb39c0000 - 0x00007fffb39e7000 	C:\Windows\System32\bcrypt.dll
0x00007fffb29a0000 - 0x00007fffb29eb000 	C:\Windows\SYSTEM32\POWRPROF.dll
0x00007fff979f0000 - 0x00007fff979f9000 	C:\Windows\SYSTEM32\WSOCK32.dll
0x00007fffb5150000 - 0x00007fffb51bb000 	C:\Windows\System32\WS2_32.dll
0x00007fffa3d60000 - 0x00007fffa3d87000 	C:\Windows\SYSTEM32\WINMM.dll
0x00007fffa5b90000 - 0x00007fffa5b9a000 	C:\Windows\SYSTEM32\VERSION.dll
0x00007fffb2810000 - 0x00007fffb2822000 	C:\Windows\SYSTEM32\UMPDC.dll
0x00007fffb12b0000 - 0x00007fffb12c2000 	C:\Windows\SYSTEM32\kernel.appcore.dll
0x00007fff83990000 - 0x00007fff8399a000 	C:\Program Files (x86)\Android\openjdk\jdk-17.0.8.101-hotspot\bin\jimage.dll
0x00007fffa5e10000 - 0x00007fffa5ff4000 	C:\Windows\SYSTEM32\DBGHELP.DLL
0x00007fff9fa10000 - 0x00007fff9fa44000 	C:\Windows\SYSTEM32\dbgcore.DLL
0x00007fffb3930000 - 0x00007fffb39b2000 	C:\Windows\System32\bcryptPrimitives.dll
0x00007fff3bba0000 - 0x00007fff3bbc5000 	C:\Program Files (x86)\Android\openjdk\jdk-17.0.8.101-hotspot\bin\java.dll
0x00007ffee01e0000 - 0x00007ffee02b7000 	C:\Program Files (x86)\Android\openjdk\jdk-17.0.8.101-hotspot\bin\jsvml.dll
0x00007fffb4840000 - 0x00007fffb4f85000 	C:\Windows\System32\SHELL32.dll
0x00007fffb14b0000 - 0x00007fffb1c4b000 	C:\Windows\SYSTEM32\windows.storage.dll
0x00007fffb57d0000 - 0x00007fffb5b24000 	C:\Windows\System32\combase.dll
0x00007fffb2d90000 - 0x00007fffb2dbd000 	C:\Windows\SYSTEM32\Wldp.dll
0x00007fffb55e0000 - 0x00007fffb568d000 	C:\Windows\System32\SHCORE.dll
0x00007fffb5c70000 - 0x00007fffb5cc5000 	C:\Windows\System32\shlwapi.dll
0x00007fffb3370000 - 0x00007fffb3395000 	C:\Windows\SYSTEM32\profapi.dll

dbghelp: loaded successfully - version: 4.0.5 - missing functions: none
symbol engine: initialized successfully - sym options: 0x614 - pdb path: .;C:\Program Files (x86)\Android\openjdk\jdk-17.0.8.101-hotspot\bin;C:\Windows\SYSTEM32;C:\Windows\WinSxS\amd64_microsoft.windows.common-controls_6595b64144ccf1df_6.0.19041.3636_none_60b6a03d71f818d5;C:\Program Files (x86)\Android\openjdk\jdk-17.0.8.101-hotspot\bin\server

VM Arguments:
jvm_args: -Dapplication.home=C:\Program Files (x86)\Android\openjdk\jdk-17.0.8.101-hotspot --add-modules=ALL-DEFAULT -Xms8m -Djdk.module.main=jdk.compiler 
java_command: jdk.compiler/com.sun.tools.javac.Main -version
java_class_path (initial): <not set>
Launcher Type: SUN_STANDARD

[Global flags]
     intx CICompilerCount                          = 3                                         {product} {ergonomic}
     uint ConcGCThreads                            = 1                                         {product} {ergonomic}
     uint G1ConcRefinementThreads                  = 4                                         {product} {ergonomic}
   size_t G1HeapRegionSize                         = 2097152                                   {product} {ergonomic}
    uintx GCDrainStackTargetSize                   = 64                                        {product} {ergonomic}
   size_t InitialHeapSize                          = 8388608                                   {product} {command line}
   size_t MarkStackSize                            = 4194304                                   {product} {ergonomic}
   size_t MaxHeapSize                              = 3189768192                                {product} {ergonomic}
   size_t MaxNewSize                               = 1912602624                                {product} {ergonomic}
   size_t MinHeapDeltaBytes                        = 2097152                                   {product} {ergonomic}
   size_t MinHeapSize                              = 8388608                                   {product} {command line}
    uintx NonNMethodCodeHeapSize                   = 5832780                                {pd product} {ergonomic}
    uintx NonProfiledCodeHeapSize                  = 122912730                              {pd product} {ergonomic}
    uintx ProfiledCodeHeapSize                     = 122912730                              {pd product} {ergonomic}
    uintx ReservedCodeCacheSize                    = 251658240                              {pd product} {ergonomic}
     bool SegmentedCodeCache                       = true                                      {product} {ergonomic}
   size_t SoftMaxHeapSize                          = 3189768192                             {manageable} {ergonomic}
     bool UseCompressedClassPointers               = true                           {product lp64_product} {ergonomic}
     bool UseCompressedOops                        = true                           {product lp64_product} {ergonomic}
     bool UseG1GC                                  = true                                      {product} {ergonomic}
     bool UseLargePagesIndividualAllocation        = false                                  {pd product} {ergonomic}

Logging:
Log output configuration:
 #0: stdout all=warning uptime,level,tags
 #1: stderr all=off uptime,level,tags

Environment Variables:
PATH=C:\Program Files (x86)\Android\openjdk\jdk-17.0.8.101-hotspot\bin;C:\Program Files\Microsoft\jdk-11.0.16.101-hotspot\bin;C:\Windows\system32;C:\Windows;C:\Windows\System32\Wbem;C:\Windows\System32\WindowsPowerShell\v1.0\;C:\Windows\System32\OpenSSH\;C:\Program Files\Microsoft SQL Server\130\Tools\Binn\;C:\Program Files\Microsoft SQL Server\Client SDK\ODBC\170\Tools\Binn\;C:\Program Files\dotnet\;C:\Program Files\PuTTY\;C:\ProgramData\chocolatey\bin;C:\Program Files\nodejs\;C:\Program Files\Git\cmd;C:\Program Files\Microsoft SQL Server\150\Tools\Binn\;C:\Users\tomik\AppData\Local\Programs\Python\Python311\Scripts\;C:\Users\tomik\AppData\Local\Programs\Python\Python311\;C:\Program Files\MySQL\MySQL Shell 8.0\bin\;C:\Users\tomik\AppData\Local\Microsoft\WindowsApps;;C:\Users\tomik\AppData\Local\Programs\Microsoft VS Code\bin;C:\Users\tomik\.dotnet\tools;C:\Users\tomik\AppData\Roaming\npm
USERNAME=tomik
OS=Windows_NT
PROCESSOR_IDENTIFIER=Intel64 Family 6 Model 61 Stepping 4, GenuineIntel
TMP=C:\Users\tomik\AppData\Local\Temp
TEMP=C:\Users\tomik\AppData\Local\Temp



---------------  S Y S T E M  ---------------

OS:
 Windows 10 , 64 bit Build 19041 (10.0.19041.3636)
OS uptime: 1 days 7:33 hours
Hyper-V role detected

CPU: total 4 (initial active 4) (2 cores per cpu, 2 threads per core) family 6 model 61 stepping 4 microcode 0x2d, cx8, cmov, fxsr, ht, mmx, 3dnowpref, sse, sse2, sse3, ssse3, sse4.1, sse4.2, popcnt, lzcnt, tsc, tscinvbit, avx, avx2, aes, erms, clmul, bmi1, bmi2, rtm, adx, fma, vzeroupper, clflush, hv
Processor Information for all 4 processors :
  Max Mhz: 2301, Current Mhz: 2301, Mhz Limit: 2301

Memory: 4k page, system-wide physical 12163M (2641M free)
TotalPageFile size 14211M (AvailPageFile size 4M)
current process WorkingSet (physical memory assigned to process): 40M, peak: 40M
current process commit charge ("private bytes"): 79M, peak: 79M

vm_info: OpenJDK 64-Bit Server VM (17.0.8.1+1-LTS) for windows-amd64 JRE (17.0.8.1+1-LTS), built on Aug 23 2023 17:38:52 by "MicrosoftCorporation" with MS VC++ 16.10 / 16.11 (VS2019)

END.
