#
# There is insufficient memory for the Java Runtime Environment to continue.
# Native memory allocation (malloc) failed to allocate 49536 bytes for Chunk::new
# Possible reasons:
#   The system is out of physical RAM or swap space
#   The process is running with CompressedOops enabled, and the Java Heap may be blocking the growth of the native heap
# Possible solutions:
#   Reduce memory load on the system
#   Increase physical memory or swap space
#   Check if swap backing store is full
#   Decrease Java heap size (-Xmx/-Xms)
#   Decrease number of Java threads
#   Decrease Java thread stack sizes (-Xss)
#   Set larger code cache with -XX:ReservedCodeCacheSize=
#   JVM is running with Zero Based Compressed Oops mode in which the Java heap is
#     placed in the first 32GB address space. The Java Heap base address is the
#     maximum limit for the native heap growth. Please use -XX:HeapBaseMinAddress
#     to set the Java Heap base and to place the Java Heap above 32GB virtual address.
# This output file may be truncated or incomplete.
#
#  Out of Memory Error (arena.cpp:189), pid=17912, tid=17952
#
# JRE version: OpenJDK Runtime Environment Microsoft-8297089 (17.0.8.1+1) (build 17.0.8.1+1-LTS)
# Java VM: OpenJDK 64-Bit Server VM Microsoft-8297089 (17.0.8.1+1-LTS, mixed mode, sharing, tiered, compressed oops, compressed class ptrs, g1 gc, windows-amd64)
# No core dump will be written. Minidumps are not enabled by default on client versions of Windows
#

---------------  S U M M A R Y ------------

Command Line: -Dapplication.home=C:\Program Files (x86)\Android\openjdk\jdk-17.0.8.101-hotspot --add-modules=ALL-DEFAULT -Xms8m -Djdk.module.main=jdk.compiler jdk.compiler/com.sun.tools.javac.Main -version

Host: Intel(R) Core(TM) i5-5300U CPU @ 2.30GHz, 4 cores, 11G,  Windows 10 , 64 bit Build 19041 (10.0.19041.3636)
Time: Tue May 28 20:13:26 2024 Stindows 10 , 64 bit Build 19041 (10.0.19041.3636) elapsed time: 0.206657 seconds (0d 0h 0m 0s)

---------------  T H R E A D  ---------------

Current thread (0x0000015c7b428130):  JavaThread "C2 CompilerThread0" daemon [_thread_in_native, id=17952, stack(0x000000373f600000,0x000000373f700000)]


Current CompileTask:
C2:    206  106       4       java.lang.String::hashCode (60 bytes)

Stack: [0x000000373f600000,0x000000373f700000]
Native frames: (J=compiled Java code, j=interpreted, Vv=VM code, C=native code)
V  [jvm.dll+0x67bf3a]
V  [jvm.dll+0x83a024]
V  [jvm.dll+0x83b7ce]
V  [jvm.dll+0x83be33]
V  [jvm.dll+0x24785f]
V  [jvm.dll+0xac3bc]
V  [jvm.dll+0xac98c]
V  [jvm.dll+0x2af19f]
V  [jvm.dll+0x584667]
V  [jvm.dll+0x222a82]
V  [jvm.dll+0x222e5f]
V  [jvm.dll+0x21bf4f]
V  [jvm.dll+0x21944b]
V  [jvm.dll+0x1a56b6]
V  [jvm.dll+0x2291ea]
V  [jvm.dll+0x22724c]
V  [jvm.dll+0x7efd0c]
V  [jvm.dll+0x7ea13a]
V  [jvm.dll+0x67ad85]
C  [ucrtbase.dll+0x21bb2]
C  [KERNEL32.DLL+0x17344]
C  [ntdll.dll+0x526b1]


---------------  P R O C E S S  ---------------

Threads class SMR info:
_java_thread_list=0x0000015c451eb330, length=12, elements={
0x0000015c5b3af9b0, 0x0000015c5b456000, 0x0000015c5b456e80, 0x0000015c7b421fd0,
0x0000015c7b422aa0, 0x0000015c7b423660, 0x0000015c7b427440, 0x0000015c7b428130,
0x0000015c7b42cb50, 0x0000015c7b431f70, 0x0000015c7b41cf90, 0x0000015c45220550
}

Java Threads: ( => current thread )
  0x0000015c5b3af9b0 JavaThread "main" [_thread_in_vm, id=5892, stack(0x000000373e800000,0x000000373e900000)]
  0x0000015c5b456000 JavaThread "Reference Handler" daemon [_thread_blocked, id=18052, stack(0x000000373f000000,0x000000373f100000)]
  0x0000015c5b456e80 JavaThread "Finalizer" daemon [_thread_blocked, id=7728, stack(0x000000373f100000,0x000000373f200000)]
  0x0000015c7b421fd0 JavaThread "Signal Dispatcher" daemon [_thread_blocked, id=8568, stack(0x000000373f200000,0x000000373f300000)]
  0x0000015c7b422aa0 JavaThread "Attach Listener" daemon [_thread_blocked, id=2724, stack(0x000000373f300000,0x000000373f400000)]
  0x0000015c7b423660 JavaThread "Service Thread" daemon [_thread_blocked, id=15980, stack(0x000000373f400000,0x000000373f500000)]
  0x0000015c7b427440 JavaThread "Monitor Deflation Thread" daemon [_thread_blocked, id=6328, stack(0x000000373f500000,0x000000373f600000)]
=>0x0000015c7b428130 JavaThread "C2 CompilerThread0" daemon [_thread_in_native, id=17952, stack(0x000000373f600000,0x000000373f700000)]
  0x0000015c7b42cb50 JavaThread "C1 CompilerThread0" daemon [_thread_blocked, id=19140, stack(0x000000373f700000,0x000000373f800000)]
  0x0000015c7b431f70 JavaThread "Sweeper thread" daemon [_thread_blocked, id=19388, stack(0x000000373f800000,0x000000373f900000)]
  0x0000015c7b41cf90 JavaThread "Common-Cleaner" daemon [_thread_blocked, id=304, stack(0x000000373f900000,0x000000373fa00000)]
  0x0000015c45220550 JavaThread "Notification Thread" daemon [_thread_new, id=6840, stack(0x0000000000000000,0x0000000000000000)]

Other Threads:
  0x0000015c5b451fa0 VMThread "VM Thread" [stack: 0x000000373ef00000,0x000000373f000000] [id=752]
  0x0000015c45220a30 WatcherThread [stack: 0x000000373fb00000,0x000000373fc00000] [id=18988]
  0x0000015c5b407130 GCTaskThread "GC Thread#0" [stack: 0x000000373ea00000,0x000000373eb00000] [id=18696]
  0x0000015c5b413e90 ConcurrentGCThread "G1 Main Marker" [stack: 0x000000373eb00000,0x000000373ec00000] [id=18960]
  0x0000015c5b4148a0 ConcurrentGCThread "G1 Conc#0" [stack: 0x000000373ec00000,0x000000373ed00000] [id=3552]
  0x0000015c5b42b730 ConcurrentGCThread "G1 Refine#0" [stack: 0x000000373ed00000,0x000000373ee00000] [id=13864]
  0x0000015c5b42c160 ConcurrentGCThread "G1 Service" [stack: 0x000000373ee00000,0x000000373ef00000] [id=13416]

Threads with active compile tasks:
C2 CompilerThread0      240  106       4       java.lang.String::hashCode (60 bytes)

VM state: not at safepoint (normal execution)

VM Mutex/Monitor currently owned by a thread: None

Heap address: 0x0000000741e00000, size: 3042 MB, Compressed Oops mode: Zero based, Oop shift amount: 3

CDS archive(s) mapped at: [0x0000015c00000000-0x0000015c00bd0000-0x0000015c00bd0000), size 12386304, SharedBaseAddress: 0x0000015c00000000, ArchiveRelocationMode: 1.
Compressed class space mapped at: 0x0000015c01000000-0x0000015c41000000, reserved size: 1073741824
Narrow klass base: 0x0000015c00000000, Narrow klass shift: 0, Narrow klass range: 0x100000000

GC Precious Log:
 CPUs: 4 total, 4 available
 Memory: 12163M
 Large Page Support: Disabled
 NUMA Support: Disabled
 Compressed Oops: Enabled (Zero based)
 Heap Region Size: 2M
 Heap Min Capacity: 8M
 Heap Initial Capacity: 8M
 Heap Max Capacity: 3042M
 Pre-touch: Disabled
 Parallel Workers: 4
 Concurrent Workers: 1
 Concurrent Refinement Workers: 4
 Periodic GC: Disabled

Heap:
 garbage-first heap   total 8192K, used 0K [0x0000000741e00000, 0x0000000800000000)
  region size 2048K, 1 young (2048K), 0 survivors (0K)
 Metaspace       used 244K, committed 448K, reserved 1114112K
  class space    used 7K, committed 128K, reserved 1048576K

Heap Regions: E=young(eden), S=young(survivor), O=old, HS=humongous(starts), HC=humongous(continues), CS=collection set, F=free, OA=open archive, CA=closed archive, TAMS=top-at-mark-start (previous, next)
|   0|0x0000000741e00000, 0x0000000741e00000, 0x0000000742000000|  0%| F|  |TAMS 0x0000000741e00000, 0x0000000741e00000| Untracked 
|   1|0x0000000742000000, 0x0000000742000000, 0x0000000742200000|  0%| F|  |TAMS 0x0000000742000000, 0x0000000742000000| Untracked 
|   2|0x0000000742200000, 0x0000000742200000, 0x0000000742400000|  0%| F|  |TAMS 0x0000000742200000, 0x0000000742200000| Untracked 
|   3|0x0000000742400000, 0x000000074253c1d8, 0x0000000742600000| 61%| E|  |TAMS 0x0000000742400000, 0x0000000742400000| Complete 

Card table byte_map: [0x0000015c724b0000,0x0000015c72ab0000] _byte_map_base: 0x0000015c6eaa1000

Marking Bits (Prev, Next): (CMBitMap*) 0x0000015c5b407750, (CMBitMap*) 0x0000015c5b407790
 Prev Bits: [0x0000015c730b0000, 0x0000015c76038000)
 Next Bits: [0x0000015c76040000, 0x0000015c78fc8000)

Polling page: 0x0000015c5ab70000

Metaspace:

Usage:
  Non-class:    237.54 KB used.
      Class:      7.13 KB used.
       Both:    244.67 KB used.

Virtual space:
  Non-class space:       64.00 MB reserved,     320.00 KB ( <1%) committed,  1 nodes.
      Class space:        1.00 GB reserved,     128.00 KB ( <1%) committed,  1 nodes.
             Both:        1.06 GB reserved,     448.00 KB ( <1%) committed. 

Chunk freelists:
   Non-Class:  12.00 MB
       Class:  15.75 MB
        Both:  27.75 MB

MaxMetaspaceSize: unlimited
CompressedClassSpaceSize: 1.00 GB
Initial GC threshold: 21.00 MB
Current GC threshold: 21.00 MB
CDS: on
MetaspaceReclaimPolicy: balanced
 - commit_granule_bytes: 65536.
 - commit_granule_words: 8192.
 - virtual_space_node_default_size: 8388608.
 - enlarge_chunks_in_place: 1.
 - new_chunks_are_fully_committed: 0.
 - uncommit_free_chunks: 1.
 - use_allocation_guard: 0.
 - handle_deallocations: 1.


Internal statistics:

num_allocs_failed_limit: 0.
num_arena_births: 4.
num_arena_deaths: 0.
num_vsnodes_births: 2.
num_vsnodes_deaths: 0.
num_space_committed: 7.
num_space_uncommitted: 0.
num_chunks_returned_to_freelist: 0.
num_chunks_taken_from_freelist: 5.
num_chunk_merges: 0.
num_chunk_splits: 3.
num_chunks_enlarged: 1.
num_inconsistent_stats: 0.

CodeHeap 'non-profiled nmethods': size=120000Kb used=42Kb max_used=42Kb free=119957Kb
 bounds [0x0000015c6a980000, 0x0000015c6abf0000, 0x0000015c71eb0000]
CodeHeap 'profiled nmethods': size=120000Kb used=172Kb max_used=172Kb free=119827Kb
 bounds [0x0000015c62eb0000, 0x0000015c63120000, 0x0000015c6a3e0000]
CodeHeap 'non-nmethods': size=5760Kb used=1074Kb max_used=1075Kb free=4685Kb
 bounds [0x0000015c6a3e0000, 0x0000015c6a650000, 0x0000015c6a980000]
 total_blobs=492 nmethods=151 adapters=254
 compilation: enabled
              stopped_count=0, restarted_count=0
 full_count=0

Compilation events (20 events):
Event: 0.201 Thread 0x0000015c7b42cb50 nmethod 105 0x0000015c62ecd190 code [0x0000015c62ecd320, 0x0000015c62ecd498]
Event: 0.201 Thread 0x0000015c7b42cb50   84       1       jdk.internal.module.ModuleReferenceImpl::moduleResolution (5 bytes)
Event: 0.201 Thread 0x0000015c7b428130  106       4       java.lang.String::hashCode (60 bytes)
Event: 0.201 Thread 0x0000015c7b42cb50 nmethod 84 0x0000015c6a988290 code [0x0000015c6a988420, 0x0000015c6a9884f8]
Event: 0.201 Thread 0x0000015c7b42cb50  104       3       java.util.ImmutableCollections$SetN::contains (26 bytes)
Event: 0.201 Thread 0x0000015c7b42cb50 nmethod 104 0x0000015c62ecd510 code [0x0000015c62ecd6e0, 0x0000015c62ecda18]
Event: 0.201 Thread 0x0000015c7b42cb50  109       3       java.util.HashMap::resize (356 bytes)
Event: 0.203 Thread 0x0000015c7b42cb50 nmethod 109 0x0000015c62ecdb10 code [0x0000015c62ecddc0, 0x0000015c62ecf2e8]
Event: 0.203 Thread 0x0000015c7b42cb50  108       3       java.util.ImmutableCollections$Set12$1::hasNext (13 bytes)
Event: 0.203 Thread 0x0000015c7b42cb50 nmethod 108 0x0000015c62ecf790 code [0x0000015c62ecf920, 0x0000015c62ecfa98]
Event: 0.203 Thread 0x0000015c7b42cb50  110       3       java.util.HashMap$KeyIterator::next (8 bytes)
Event: 0.203 Thread 0x0000015c7b42cb50 nmethod 110 0x0000015c62ecfb10 code [0x0000015c62ecfcc0, 0x0000015c62ecfe08]
Event: 0.203 Thread 0x0000015c7b42cb50  112       3       java.util.HashSet::add (20 bytes)
Event: 0.203 Thread 0x0000015c7b42cb50 nmethod 112 0x0000015c62ecff10 code [0x0000015c62ed00c0, 0x0000015c62ed02e8]
Event: 0.203 Thread 0x0000015c7b42cb50  107       3       java.lang.String::<init> (15 bytes)
Event: 0.203 Thread 0x0000015c7b42cb50 nmethod 107 0x0000015c62ed0390 code [0x0000015c62ed0520, 0x0000015c62ed06f8]
Event: 0.203 Thread 0x0000015c7b42cb50  114       1       java.lang.module.ModuleDescriptor::provides (5 bytes)
Event: 0.204 Thread 0x0000015c7b42cb50 nmethod 114 0x0000015c6a988590 code [0x0000015c6a988720, 0x0000015c6a9887f8]
Event: 0.204 Thread 0x0000015c7b42cb50  113       1       java.lang.module.ModuleDescriptor::exports (5 bytes)
Event: 0.204 Thread 0x0000015c7b42cb50 nmethod 113 0x0000015c6a988890 code [0x0000015c6a988a20, 0x0000015c6a988af8]

GC Heap History (0 events):
No events

Dll operation events (2 events):
Event: 0.033 Loaded shared library C:\Program Files (x86)\Android\openjdk\jdk-17.0.8.101-hotspot\bin\java.dll
Event: 0.078 Loaded shared library C:\Program Files (x86)\Android\openjdk\jdk-17.0.8.101-hotspot\bin\jsvml.dll

Deoptimization events (0 events):
No events

Classes unloaded (0 events):
No events

Classes redefined (0 events):
No events

Internal exceptions (0 events):
No events

VM Operations (2 events):
Event: 0.195 Executing VM operation: HandshakeAllThreads
Event: 0.195 Executing VM operation: HandshakeAllThreads done

Events (15 events):
Event: 0.084 Thread 0x0000015c5b3af9b0 Thread added: 0x0000015c5b3af9b0
Event: 0.096 Thread 0x0000015c5b456000 Thread added: 0x0000015c5b456000
Event: 0.097 Thread 0x0000015c5b456e80 Thread added: 0x0000015c5b456e80
Event: 0.109 loading class sun/nio/cs/MS1250
Event: 0.109 loading class sun/nio/cs/MS1250 done
Event: 0.110 loading class sun/nio/cs/MS1250$Holder
Event: 0.110 loading class sun/nio/cs/MS1250$Holder done
Event: 0.114 Thread 0x0000015c7b421fd0 Thread added: 0x0000015c7b421fd0
Event: 0.114 Thread 0x0000015c7b422aa0 Thread added: 0x0000015c7b422aa0
Event: 0.114 Thread 0x0000015c7b423660 Thread added: 0x0000015c7b423660
Event: 0.115 Thread 0x0000015c7b427440 Thread added: 0x0000015c7b427440
Event: 0.115 Thread 0x0000015c7b428130 Thread added: 0x0000015c7b428130
Event: 0.122 Thread 0x0000015c7b42cb50 Thread added: 0x0000015c7b42cb50
Event: 0.129 Thread 0x0000015c7b431f70 Thread added: 0x0000015c7b431f70
Event: 0.167 Thread 0x0000015c7b41cf90 Thread added: 0x0000015c7b41cf90


Dynamic libraries:
0x00007ff6991d0000 - 0x00007ff6991d8000 	C:\Program Files (x86)\Android\openjdk\jdk-17.0.8.101-hotspot\bin\javac.exe
0x00007ffd35c10000 - 0x00007ffd35e08000 	C:\Windows\SYSTEM32\ntdll.dll
0x00007ffd35b10000 - 0x00007ffd35bcd000 	C:\Windows\System32\KERNEL32.DLL
0x00007ffd336e0000 - 0x00007ffd339d6000 	C:\Windows\System32\KERNELBASE.dll
0x00007ffd33a70000 - 0x00007ffd33b70000 	C:\Windows\System32\ucrtbase.dll
0x00007ffc5d9a0000 - 0x00007ffc5d9b7000 	C:\Program Files (x86)\Android\openjdk\jdk-17.0.8.101-hotspot\bin\jli.dll
0x00007ffd35720000 - 0x00007ffd358bf000 	C:\Windows\System32\USER32.dll
0x00007ffd33b70000 - 0x00007ffd33b92000 	C:\Windows\System32\win32u.dll
0x00007ffd34050000 - 0x00007ffd3407b000 	C:\Windows\System32\GDI32.dll
0x00007ffd334c0000 - 0x00007ffd335d7000 	C:\Windows\System32\gdi32full.dll
0x00007ffd33ba0000 - 0x00007ffd33c3d000 	C:\Windows\System32\msvcp_win.dll
0x00007ffc5d980000 - 0x00007ffc5d99b000 	C:\Program Files (x86)\Android\openjdk\jdk-17.0.8.101-hotspot\bin\VCRUNTIME140.dll
0x00007ffd23870000 - 0x00007ffd23b0a000 	C:\Windows\WinSxS\amd64_microsoft.windows.common-controls_6595b64144ccf1df_6.0.19041.4355_none_60b8b9eb71f62e16\COMCTL32.dll
0x00007ffd35a70000 - 0x00007ffd35b0e000 	C:\Windows\System32\msvcrt.dll
0x00007ffd35140000 - 0x00007ffd35172000 	C:\Windows\System32\IMM32.DLL
0x00007ffd17700000 - 0x00007ffd1770c000 	C:\Program Files (x86)\Android\openjdk\jdk-17.0.8.101-hotspot\bin\vcruntime140_1.dll
0x00007ffc5d8f0000 - 0x00007ffc5d97d000 	C:\Program Files (x86)\Android\openjdk\jdk-17.0.8.101-hotspot\bin\msvcp140.dll
0x00007ffc5cc80000 - 0x00007ffc5d8e5000 	C:\Program Files (x86)\Android\openjdk\jdk-17.0.8.101-hotspot\bin\server\jvm.dll
0x00007ffd33c40000 - 0x00007ffd33cf0000 	C:\Windows\System32\ADVAPI32.dll
0x00007ffd34b80000 - 0x00007ffd34c20000 	C:\Windows\System32\sechost.dll
0x00007ffd348d0000 - 0x00007ffd349f3000 	C:\Windows\System32\RPCRT4.dll
0x00007ffd33420000 - 0x00007ffd33447000 	C:\Windows\System32\bcrypt.dll
0x00007ffd32840000 - 0x00007ffd3288b000 	C:\Windows\SYSTEM32\POWRPROF.dll
0x00007ffd17150000 - 0x00007ffd17159000 	C:\Windows\SYSTEM32\WSOCK32.dll
0x00007ffd34b10000 - 0x00007ffd34b7b000 	C:\Windows\System32\WS2_32.dll
0x00007ffd23da0000 - 0x00007ffd23dc7000 	C:\Windows\SYSTEM32\WINMM.dll
0x00007ffd277b0000 - 0x00007ffd277ba000 	C:\Windows\SYSTEM32\VERSION.dll
0x00007ffd326b0000 - 0x00007ffd326c2000 	C:\Windows\SYSTEM32\UMPDC.dll
0x00007ffd31140000 - 0x00007ffd31152000 	C:\Windows\SYSTEM32\kernel.appcore.dll
0x00007ffd17600000 - 0x00007ffd1760a000 	C:\Program Files (x86)\Android\openjdk\jdk-17.0.8.101-hotspot\bin\jimage.dll
0x00007ffd262b0000 - 0x00007ffd26494000 	C:\Windows\SYSTEM32\DBGHELP.DLL
0x00007ffd1ea40000 - 0x00007ffd1ea74000 	C:\Windows\SYSTEM32\dbgcore.DLL
0x00007ffd339e0000 - 0x00007ffd33a62000 	C:\Windows\System32\bcryptPrimitives.dll
0x00007ffc5cba0000 - 0x00007ffc5cbc5000 	C:\Program Files (x86)\Android\openjdk\jdk-17.0.8.101-hotspot\bin\java.dll
0x00007ffc5cac0000 - 0x00007ffc5cb97000 	C:\Program Files (x86)\Android\openjdk\jdk-17.0.8.101-hotspot\bin\jsvml.dll
0x00007ffd34160000 - 0x00007ffd348cb000 	C:\Windows\System32\SHELL32.dll
0x00007ffd31340000 - 0x00007ffd31add000 	C:\Windows\SYSTEM32\windows.storage.dll
0x00007ffd33cf0000 - 0x00007ffd34043000 	C:\Windows\System32\combase.dll
0x00007ffd32ce0000 - 0x00007ffd32d0e000 	C:\Windows\SYSTEM32\Wldp.dll
0x00007ffd34f50000 - 0x00007ffd3501d000 	C:\Windows\System32\OLEAUT32.dll
0x00007ffd34ea0000 - 0x00007ffd34f4d000 	C:\Windows\System32\SHCORE.dll
0x00007ffd34080000 - 0x00007ffd340d5000 	C:\Windows\System32\shlwapi.dll
0x00007ffd331f0000 - 0x00007ffd33214000 	C:\Windows\SYSTEM32\profapi.dll

dbghelp: loaded successfully - version: 4.0.5 - missing functions: none
symbol engine: initialized successfully - sym options: 0x614 - pdb path: .;C:\Program Files (x86)\Android\openjdk\jdk-17.0.8.101-hotspot\bin;C:\Windows\SYSTEM32;C:\Windows\WinSxS\amd64_microsoft.windows.common-controls_6595b64144ccf1df_6.0.19041.4355_none_60b8b9eb71f62e16;C:\Program Files (x86)\Android\openjdk\jdk-17.0.8.101-hotspot\bin\server

VM Arguments:
jvm_args: -Dapplication.home=C:\Program Files (x86)\Android\openjdk\jdk-17.0.8.101-hotspot --add-modules=ALL-DEFAULT -Xms8m -Djdk.module.main=jdk.compiler 
java_command: jdk.compiler/com.sun.tools.javac.Main -version
java_class_path (initial): <not set>
Launcher Type: SUN_STANDARD

[Global flags]
     intx CICompilerCount                          = 3                                         {product} {ergonomic}
     uint ConcGCThreads                            = 1                                         {product} {ergonomic}
     uint G1ConcRefinementThreads                  = 4                                         {product} {ergonomic}
   size_t G1HeapRegionSize                         = 2097152                                   {product} {ergonomic}
    uintx GCDrainStackTargetSize                   = 64                                        {product} {ergonomic}
   size_t InitialHeapSize                          = 8388608                                   {product} {command line}
   size_t MarkStackSize                            = 4194304                                   {product} {ergonomic}
   size_t MaxHeapSize                              = 3189768192                                {product} {ergonomic}
   size_t MaxNewSize                               = 1912602624                                {product} {ergonomic}
   size_t MinHeapDeltaBytes                        = 2097152                                   {product} {ergonomic}
   size_t MinHeapSize                              = 8388608                                   {product} {command line}
    uintx NonNMethodCodeHeapSize                   = 5832780                                {pd product} {ergonomic}
    uintx NonProfiledCodeHeapSize                  = 122912730                              {pd product} {ergonomic}
    uintx ProfiledCodeHeapSize                     = 122912730                              {pd product} {ergonomic}
    uintx ReservedCodeCacheSize                    = 251658240                              {pd product} {ergonomic}
     bool SegmentedCodeCache                       = true                                      {product} {ergonomic}
   size_t SoftMaxHeapSize                          = 3189768192                             {manageable} {ergonomic}
     bool UseCompressedClassPointers               = true                           {product lp64_product} {ergonomic}
     bool UseCompressedOops                        = true                           {product lp64_product} {ergonomic}
     bool UseG1GC                                  = true                                      {product} {ergonomic}
     bool UseLargePagesIndividualAllocation        = false                                  {pd product} {ergonomic}

Logging:
Log output configuration:
 #0: stdout all=warning uptime,level,tags
 #1: stderr all=off uptime,level,tags

Environment Variables:
PATH=C:\Program Files (x86)\Android\openjdk\jdk-17.0.8.101-hotspot\bin;C:\Python312\Scripts\;C:\Python312\;C:\Program Files (x86)\Common Files\Oracle\Java\javapath;C:\Program Files\Microsoft\jdk-11.0.16.101-hotspot\bin;C:\Windows\system32;C:\Windows;C:\Windows\System32\Wbem;C:\Windows\System32\WindowsPowerShell\v1.0\;C:\Windows\System32\OpenSSH\;C:\Program Files\Microsoft SQL Server\130\Tools\Binn\;C:\Program Files\Microsoft SQL Server\Client SDK\ODBC\170\Tools\Binn\;C:\Program Files\dotnet\;C:\Program Files\PuTTY\;C:\ProgramData\chocolatey\bin;C:\Program Files\Git\cmd;C:\Program Files\Microsoft SQL Server\150\Tools\Binn\;C:\Program Files\PostgreSQL\16\bin;C:\Program Files\Tailscale\;C:\Program Files\nodejs\;C:\Users\tomik\AppData\Local\Programs\Python\Python311\Scripts\;C:\Users\tomik\AppData\Local\Programs\Python\Python311\;C:\Program Files\MySQL\MySQL Shell 8.0\bin\;C:\Users\tomik\AppData\Local\Microsoft\WindowsApps;;C:\Users\tomik\AppData\Local\Programs\Microsoft VS Code\bin;C:\Users\tomik\.dotnet\tools;C:\Users\tomik\AppData\Roaming\npm
USERNAME=tomik
OS=Windows_NT
PROCESSOR_IDENTIFIER=Intel64 Family 6 Model 61 Stepping 4, GenuineIntel
TMP=C:\Users\tomik\AppData\Local\Temp
TEMP=C:\Users\tomik\AppData\Local\Temp



---------------  S Y S T E M  ---------------

OS:
 Windows 10 , 64 bit Build 19041 (10.0.19041.3636)
OS uptime: 0 days 1:39 hours

CPU: total 4 (initial active 4) (2 cores per cpu, 2 threads per core) family 6 model 61 stepping 4 microcode 0x2d, cx8, cmov, fxsr, ht, mmx, 3dnowpref, sse, sse2, sse3, ssse3, sse4.1, sse4.2, popcnt, lzcnt, tsc, tscinvbit, avx, avx2, aes, erms, clmul, bmi1, bmi2, rtm, adx, fma, vzeroupper, clflush
Processor Information for all 4 processors :
  Max Mhz: 2301, Current Mhz: 2301, Mhz Limit: 2301

Memory: 4k page, system-wide physical 12163M (1751M free)
TotalPageFile size 14211M (AvailPageFile size 0M)
current process WorkingSet (physical memory assigned to process): 33M, peak: 33M
current process commit charge ("private bytes"): 76M, peak: 76M

vm_info: OpenJDK 64-Bit Server VM (17.0.8.1+1-LTS) for windows-amd64 JRE (17.0.8.1+1-LTS), built on Aug 23 2023 17:38:52 by "MicrosoftCorporation" with MS VC++ 16.10 / 16.11 (VS2019)

END.
