#
# There is insufficient memory for the Java Runtime Environment to continue.
# Native memory allocation (mmap) failed to map 88080384 bytes for G1 virtual space
# Possible reasons:
#   The system is out of physical RAM or swap space
#   The process is running with CompressedOops enabled, and the Java Heap may be blocking the growth of the native heap
# Possible solutions:
#   Reduce memory load on the system
#   Increase physical memory or swap space
#   Check if swap backing store is full
#   Decrease Java heap size (-Xmx/-Xms)
#   Decrease number of Java threads
#   Decrease Java thread stack sizes (-Xss)
#   Set larger code cache with -XX:ReservedCodeCacheSize=
#   JVM is running with Zero Based Compressed Oops mode in which the Java heap is
#     placed in the first 32GB address space. The Java Heap base address is the
#     maximum limit for the native heap growth. Please use -XX:HeapBaseMinAddress
#     to set the Java Heap base and to place the Java Heap above 32GB virtual address.
# This output file may be truncated or incomplete.
#
#  Out of Memory Error (os_windows.cpp:3617), pid=7348, tid=964
#
# JRE version: OpenJDK Runtime Environment Microsoft-8297089 (17.0.8.1+1) (build 17.0.8.1+1-LTS)
# Java VM: OpenJDK 64-Bit Server VM Microsoft-8297089 (17.0.8.1+1-LTS, mixed mode, sharing, tiered, compressed oops, compressed class ptrs, g1 gc, windows-amd64)
# No core dump will be written. Minidumps are not enabled by default on client versions of Windows
#

---------------  S U M M A R Y ------------

Command Line: -Dapplication.home=C:\Program Files (x86)\Android\openjdk\jdk-17.0.8.101-hotspot --add-modules=ALL-DEFAULT -Xms8m -Dfile.encoding=UTF8 -Djdk.module.main=jdk.compiler jdk.compiler/com.sun.tools.javac.Main @C:\Users\tomik\AppData\Local\Temp\tmp4BD.tmp -target 1.8 -source 1.8

Host: Intel(R) Core(TM) i5-5300U CPU @ 2.30GHz, 4 cores, 11G,  Windows 10 , 64 bit Build 19041 (10.0.19041.3636)
Time: Thu May  2 11:32:27 2024 Stindows 10 , 64 bit Build 19041 (10.0.19041.3636) elapsed time: 14.719088 seconds (0d 0h 0m 14s)

---------------  T H R E A D  ---------------

Current thread (0x000001feed966f10):  VMThread "VM Thread" [stack: 0x000000fd46200000,0x000000fd46300000] [id=964]

Stack: [0x000000fd46200000,0x000000fd46300000]
Native frames: (J=compiled Java code, j=interpreted, Vv=VM code, C=native code)
V  [jvm.dll+0x67bf3a]
V  [jvm.dll+0x83a024]
V  [jvm.dll+0x83b7ce]
V  [jvm.dll+0x83be33]
V  [jvm.dll+0x24785f]
V  [jvm.dll+0x678cb9]
V  [jvm.dll+0x66d54a]
V  [jvm.dll+0x308feb]
V  [jvm.dll+0x310496]
V  [jvm.dll+0x36019e]
V  [jvm.dll+0x3603cf]
V  [jvm.dll+0x2dff38]
V  [jvm.dll+0x2de114]
V  [jvm.dll+0x2dd71c]
V  [jvm.dll+0x32143b]
V  [jvm.dll+0x84032b]
V  [jvm.dll+0x841064]
V  [jvm.dll+0x84157d]
V  [jvm.dll+0x841954]
V  [jvm.dll+0x841a20]
V  [jvm.dll+0x7ea13a]
V  [jvm.dll+0x67ad85]
C  [ucrtbase.dll+0x21bb2]
C  [KERNEL32.DLL+0x17344]
C  [ntdll.dll+0x526b1]

VM_Operation (0x000000fd45cfeab0): G1CollectForAllocation, mode: safepoint, requested by thread 0x000001feed8c0f30


---------------  P R O C E S S  ---------------

Threads class SMR info:
_java_thread_list=0x000001fed5c22300, length=13, elements={
0x000001feed8c0f30, 0x000001feed96a2e0, 0x000001feed96b070, 0x000001fefe932290,
0x000001fefe932d60, 0x000001fefe935640, 0x000001fefe936f20, 0x000001fefe937b20,
0x000001fefe94d1b0, 0x000001fefe9bea20, 0x000001feed959220, 0x000001fefebbc790,
0x000001fed4245770
}

Java Threads: ( => current thread )
  0x000001feed8c0f30 JavaThread "main" [_thread_blocked, id=9164, stack(0x000000fd45c00000,0x000000fd45d00000)]
  0x000001feed96a2e0 JavaThread "Reference Handler" daemon [_thread_blocked, id=6528, stack(0x000000fd46300000,0x000000fd46400000)]
  0x000001feed96b070 JavaThread "Finalizer" daemon [_thread_blocked, id=12584, stack(0x000000fd46400000,0x000000fd46500000)]
  0x000001fefe932290 JavaThread "Signal Dispatcher" daemon [_thread_blocked, id=5972, stack(0x000000fd46500000,0x000000fd46600000)]
  0x000001fefe932d60 JavaThread "Attach Listener" daemon [_thread_blocked, id=12736, stack(0x000000fd46600000,0x000000fd46700000)]
  0x000001fefe935640 JavaThread "Service Thread" daemon [_thread_blocked, id=20304, stack(0x000000fd46700000,0x000000fd46800000)]
  0x000001fefe936f20 JavaThread "Monitor Deflation Thread" daemon [_thread_blocked, id=12804, stack(0x000000fd46800000,0x000000fd46900000)]
  0x000001fefe937b20 JavaThread "C2 CompilerThread0" daemon [_thread_in_native, id=5632, stack(0x000000fd46900000,0x000000fd46a00000)]
  0x000001fefe94d1b0 JavaThread "C1 CompilerThread0" daemon [_thread_blocked, id=9320, stack(0x000000fd46a00000,0x000000fd46b00000)]
  0x000001fefe9bea20 JavaThread "Sweeper thread" daemon [_thread_blocked, id=11228, stack(0x000000fd46b00000,0x000000fd46c00000)]
  0x000001feed959220 JavaThread "Common-Cleaner" daemon [_thread_blocked, id=20456, stack(0x000000fd46c00000,0x000000fd46d00000)]
  0x000001fefebbc790 JavaThread "Notification Thread" daemon [_thread_blocked, id=16544, stack(0x000000fd46d00000,0x000000fd46e00000)]
  0x000001fed4245770 JavaThread "C2 CompilerThread1" daemon [_thread_blocked, id=10028, stack(0x000000fd47200000,0x000000fd47300000)]

Other Threads:
=>0x000001feed966f10 VMThread "VM Thread" [stack: 0x000000fd46200000,0x000000fd46300000] [id=964]
  0x000001fefebe2a60 WatcherThread [stack: 0x000000fd46e00000,0x000000fd46f00000] [id=9620]
  0x000001feed918d50 GCTaskThread "GC Thread#0" [stack: 0x000000fd45d00000,0x000000fd45e00000] [id=6488]
  0x000001fefed14bd0 GCTaskThread "GC Thread#1" [stack: 0x000000fd46f00000,0x000000fd47000000] [id=7448]
  0x000001fefed1bed0 GCTaskThread "GC Thread#2" [stack: 0x000000fd47000000,0x000000fd47100000] [id=7916]
  0x000001fefed1c190 GCTaskThread "GC Thread#3" [stack: 0x000000fd47100000,0x000000fd47200000] [id=4300]
  0x000001feed9259c0 ConcurrentGCThread "G1 Main Marker" [stack: 0x000000fd45e00000,0x000000fd45f00000] [id=18984]
  0x000001feed9262e0 ConcurrentGCThread "G1 Conc#0" [stack: 0x000000fd45f00000,0x000000fd46000000] [id=15804]
  0x000001feed942110 ConcurrentGCThread "G1 Refine#0" [stack: 0x000000fd46000000,0x000000fd46100000] [id=18892]
  0x000001fed52ec940 ConcurrentGCThread "G1 Refine#1" [stack: 0x000000fd47300000,0x000000fd47400000] [id=15316]
  0x000001fed47a7780 ConcurrentGCThread "G1 Refine#2" [stack: 0x000000fd47400000,0x000000fd47500000] [id=524]
  0x000001feff4c93a0 ConcurrentGCThread "G1 Refine#3" [stack: 0x000000fd47500000,0x000000fd47600000] [id=6492]
  0x000001feed942a50 ConcurrentGCThread "G1 Service" [stack: 0x000000fd46100000,0x000000fd46200000] [id=16316]

Threads with active compile tasks:
C2 CompilerThread0    14772 4263       4       com.sun.tools.javac.comp.Attr::checkIdInternal (788 bytes)
C2 CompilerThread1    14772 4311   !   4       com.sun.tools.javac.code.Types$12::visitClassType (229 bytes)

VM state: at safepoint (normal execution)

VM Mutex/Monitor currently owned by a thread:  ([mutex/lock_event])
[0x000001feed8ba890] Threads_lock - owner thread: 0x000001feed966f10
[0x000001feed8bb3d0] Heap_lock - owner thread: 0x000001feed8c0f30

Heap address: 0x0000000741e00000, size: 3042 MB, Compressed Oops mode: Zero based, Oop shift amount: 3

CDS archive(s) mapped at: [0x000001fe8f000000-0x000001fe8fbd0000-0x000001fe8fbd0000), size 12386304, SharedBaseAddress: 0x000001fe8f000000, ArchiveRelocationMode: 1.
Compressed class space mapped at: 0x000001fe90000000-0x000001fed0000000, reserved size: 1073741824
Narrow klass base: 0x000001fe8f000000, Narrow klass shift: 0, Narrow klass range: 0x100000000

GC Precious Log:
 CPUs: 4 total, 4 available
 Memory: 12163M
 Large Page Support: Disabled
 NUMA Support: Disabled
 Compressed Oops: Enabled (Zero based)
 Heap Region Size: 2M
 Heap Min Capacity: 8M
 Heap Initial Capacity: 8M
 Heap Max Capacity: 3042M
 Pre-touch: Disabled
 Parallel Workers: 4
 Concurrent Workers: 1
 Concurrent Refinement Workers: 4
 Periodic GC: Disabled

Heap:
 garbage-first heap   total 131072K, used 61581K [0x0000000741e00000, 0x0000000800000000)
  region size 2048K, 1 young (2048K), 1 survivors (2048K)
 Metaspace       used 11495K, committed 11648K, reserved 1114112K
  class space    used 1124K, committed 1216K, reserved 1048576K

Heap Regions: E=young(eden), S=young(survivor), O=old, HS=humongous(starts), HC=humongous(continues), CS=collection set, F=free, OA=open archive, CA=closed archive, TAMS=top-at-mark-start (previous, next)
|   0|0x0000000741e00000, 0x0000000742000000, 0x0000000742000000|100%| O|  |TAMS 0x0000000742000000, 0x0000000741e00000| Untracked 
|   1|0x0000000742000000, 0x0000000742200000, 0x0000000742200000|100%| O|  |TAMS 0x0000000742200000, 0x0000000742000000| Untracked 
|   2|0x0000000742200000, 0x0000000742400000, 0x0000000742400000|100%| O|  |TAMS 0x0000000742400000, 0x0000000742200000| Untracked 
|   3|0x0000000742400000, 0x0000000742600000, 0x0000000742600000|100%|HS|  |TAMS 0x0000000742600000, 0x0000000742400000| Complete 
|   4|0x0000000742600000, 0x0000000742800000, 0x0000000742800000|100%|HC|  |TAMS 0x0000000742800000, 0x0000000742600000| Complete 
|   5|0x0000000742800000, 0x0000000742a00000, 0x0000000742a00000|100%| O|  |TAMS 0x0000000742a00000, 0x0000000742800000| Untracked 
|   6|0x0000000742a00000, 0x0000000742c00000, 0x0000000742c00000|100%|HS|  |TAMS 0x0000000742c00000, 0x0000000742a00000| Complete 
|   7|0x0000000742c00000, 0x0000000742e00000, 0x0000000742e00000|100%| O|  |TAMS 0x0000000742e00000, 0x0000000742c00000| Untracked 
|   8|0x0000000742e00000, 0x0000000743000000, 0x0000000743000000|100%|HS|  |TAMS 0x0000000743000000, 0x0000000742e00000| Complete 
|   9|0x0000000743000000, 0x0000000743200000, 0x0000000743200000|100%|HC|  |TAMS 0x0000000743200000, 0x0000000743000000| Complete 
|  10|0x0000000743200000, 0x0000000743400000, 0x0000000743400000|100%|HC|  |TAMS 0x0000000743400000, 0x0000000743200000| Complete 
|  11|0x0000000743400000, 0x0000000743600000, 0x0000000743600000|100%| O|  |TAMS 0x0000000743600000, 0x0000000743400000| Untracked 
|  12|0x0000000743600000, 0x0000000743800000, 0x0000000743800000|100%| O|  |TAMS 0x0000000743800000, 0x0000000743600000| Untracked 
|  13|0x0000000743800000, 0x0000000743a00000, 0x0000000743a00000|100%| O|  |TAMS 0x0000000743a00000, 0x0000000743800000| Untracked 
|  14|0x0000000743a00000, 0x0000000743c00000, 0x0000000743c00000|100%| O|  |TAMS 0x0000000743c00000, 0x0000000743a00000| Untracked 
|  15|0x0000000743c00000, 0x0000000743e00000, 0x0000000743e00000|100%| O|  |TAMS 0x0000000743e00000, 0x0000000743c00000| Untracked 
|  16|0x0000000743e00000, 0x0000000743e00000, 0x0000000744000000|  0%| F|  |TAMS 0x0000000743e00000, 0x0000000743e00000| Untracked 
|  17|0x0000000744000000, 0x0000000744200000, 0x0000000744200000|100%| O|  |TAMS 0x0000000744200000, 0x0000000744000000| Untracked 
|  18|0x0000000744200000, 0x0000000744380a00, 0x0000000744400000| 75%| O|  |TAMS 0x0000000744200000, 0x0000000744200000| Untracked 
|  19|0x0000000744400000, 0x0000000744400000, 0x0000000744600000|  0%| F|  |TAMS 0x0000000744400000, 0x0000000744400000| Untracked 
|  20|0x0000000744600000, 0x0000000744600000, 0x0000000744800000|  0%| F|  |TAMS 0x0000000744600000, 0x0000000744600000| Untracked 
|  21|0x0000000744800000, 0x0000000744800000, 0x0000000744a00000|  0%| F|  |TAMS 0x0000000744800000, 0x0000000744800000| Untracked 
|  22|0x0000000744a00000, 0x0000000744a00000, 0x0000000744c00000|  0%| F|  |TAMS 0x0000000744a00000, 0x0000000744a00000| Untracked 
|  23|0x0000000744c00000, 0x0000000744c00000, 0x0000000744e00000|  0%| F|  |TAMS 0x0000000744c00000, 0x0000000744c00000| Untracked 
|  24|0x0000000744e00000, 0x0000000745000000, 0x0000000745000000|100%| O|  |TAMS 0x0000000745000000, 0x0000000744e00000| Untracked 
|  25|0x0000000745000000, 0x0000000745200000, 0x0000000745200000|100%| O|  |TAMS 0x0000000745200000, 0x0000000745000000| Untracked 
|  26|0x0000000745200000, 0x0000000745200000, 0x0000000745400000|  0%| F|  |TAMS 0x0000000745200000, 0x0000000745200000| Untracked 
|  27|0x0000000745400000, 0x0000000745600000, 0x0000000745600000|100%| O|  |TAMS 0x0000000745400000, 0x0000000745400000| Untracked 
|  28|0x0000000745600000, 0x0000000745800000, 0x0000000745800000|100%| O|  |TAMS 0x0000000745800000, 0x0000000745600000| Untracked 
|  29|0x0000000745800000, 0x0000000745800000, 0x0000000745a00000|  0%| F|  |TAMS 0x0000000745800000, 0x0000000745800000| Untracked 
|  30|0x0000000745a00000, 0x0000000745c00000, 0x0000000745c00000|100%| O|  |TAMS 0x0000000745c00000, 0x0000000745a00000| Untracked 
|  31|0x0000000745c00000, 0x0000000745e00000, 0x0000000745e00000|100%| O|  |TAMS 0x0000000745e00000, 0x0000000745c00000| Untracked 
|  32|0x0000000745e00000, 0x0000000746000000, 0x0000000746000000|100%| O|  |TAMS 0x0000000745e7ec00, 0x0000000745e00000| Untracked 
|  33|0x0000000746000000, 0x0000000746200000, 0x0000000746200000|100%| O|  |TAMS 0x0000000746000000, 0x0000000746000000| Untracked 
|  34|0x0000000746200000, 0x0000000746400000, 0x0000000746400000|100%|HS|  |TAMS 0x0000000746200000, 0x0000000746200000| Complete 
|  35|0x0000000746400000, 0x0000000746600000, 0x0000000746600000|100%|HC|  |TAMS 0x0000000746400000, 0x0000000746400000| Complete 
|  36|0x0000000746600000, 0x0000000746800000, 0x0000000746800000|100%| O|  |TAMS 0x0000000746600000, 0x0000000746600000| Untracked 
|  37|0x0000000746800000, 0x0000000746800000, 0x0000000746a00000|  0%| F|  |TAMS 0x0000000746800000, 0x0000000746800000| Untracked 
|  38|0x0000000746a00000, 0x0000000746a00000, 0x0000000746c00000|  0%| F|  |TAMS 0x0000000746a00000, 0x0000000746a00000| Untracked 
|  39|0x0000000746c00000, 0x0000000746c00000, 0x0000000746e00000|  0%| F|  |TAMS 0x0000000746c00000, 0x0000000746c00000| Untracked 
|  40|0x0000000746e00000, 0x0000000746e00000, 0x0000000747000000|  0%| F|  |TAMS 0x0000000746e00000, 0x0000000746e00000| Untracked 
|  41|0x0000000747000000, 0x0000000747000000, 0x0000000747200000|  0%| F|  |TAMS 0x0000000747000000, 0x0000000747000000| Untracked 
|  42|0x0000000747200000, 0x0000000747200000, 0x0000000747400000|  0%| F|  |TAMS 0x0000000747200000, 0x0000000747200000| Untracked 
|  43|0x0000000747400000, 0x0000000747400000, 0x0000000747600000|  0%| F|  |TAMS 0x0000000747400000, 0x0000000747400000| Untracked 
|  44|0x0000000747600000, 0x0000000747600000, 0x0000000747800000|  0%| F|  |TAMS 0x0000000747600000, 0x0000000747600000| Untracked 
|  45|0x0000000747800000, 0x0000000747800000, 0x0000000747a00000|  0%| F|  |TAMS 0x0000000747800000, 0x0000000747800000| Untracked 
|  46|0x0000000747a00000, 0x0000000747a00000, 0x0000000747c00000|  0%| F|  |TAMS 0x0000000747a00000, 0x0000000747a00000| Untracked 
|  47|0x0000000747c00000, 0x0000000747c00000, 0x0000000747e00000|  0%| F|  |TAMS 0x0000000747c00000, 0x0000000747c00000| Untracked 
|  48|0x0000000747e00000, 0x0000000747e00000, 0x0000000748000000|  0%| F|  |TAMS 0x0000000747e00000, 0x0000000747e00000| Untracked 
|  49|0x0000000748000000, 0x0000000748000000, 0x0000000748200000|  0%| F|  |TAMS 0x0000000748000000, 0x0000000748000000| Untracked 
|  50|0x0000000748200000, 0x0000000748200000, 0x0000000748400000|  0%| F|  |TAMS 0x0000000748200000, 0x0000000748200000| Untracked 
|  51|0x0000000748400000, 0x0000000748400000, 0x0000000748600000|  0%| F|  |TAMS 0x0000000748400000, 0x0000000748400000| Untracked 
|  52|0x0000000748600000, 0x0000000748600000, 0x0000000748800000|  0%| F|  |TAMS 0x0000000748600000, 0x0000000748600000| Untracked 
|  53|0x0000000748800000, 0x0000000748800000, 0x0000000748a00000|  0%| F|  |TAMS 0x0000000748800000, 0x0000000748800000| Untracked 
|  54|0x0000000748a00000, 0x0000000748a00000, 0x0000000748c00000|  0%| F|  |TAMS 0x0000000748a00000, 0x0000000748a00000| Untracked 
|  55|0x0000000748c00000, 0x0000000748c00000, 0x0000000748e00000|  0%| F|  |TAMS 0x0000000748c00000, 0x0000000748c00000| Untracked 
|  56|0x0000000748e00000, 0x0000000748e00000, 0x0000000749000000|  0%| F|  |TAMS 0x0000000748e00000, 0x0000000748e00000| Untracked 
|  57|0x0000000749000000, 0x0000000749000000, 0x0000000749200000|  0%| F|  |TAMS 0x0000000749000000, 0x0000000749000000| Untracked 
|  58|0x0000000749200000, 0x0000000749200000, 0x0000000749400000|  0%| F|  |TAMS 0x0000000749200000, 0x0000000749200000| Untracked 
|  59|0x0000000749400000, 0x00000007494a2c70, 0x0000000749600000| 31%| S|CS|TAMS 0x0000000749400000, 0x0000000749400000| Complete 
|  60|0x0000000749600000, 0x0000000749600000, 0x0000000749800000|  0%| F|  |TAMS 0x0000000749600000, 0x0000000749600000| Untracked 
|  61|0x0000000749800000, 0x0000000749800000, 0x0000000749a00000|  0%| F|  |TAMS 0x0000000749800000, 0x0000000749800000| Untracked 
|  62|0x0000000749a00000, 0x0000000749a00000, 0x0000000749c00000|  0%| F|  |TAMS 0x0000000749a00000, 0x0000000749a00000| Untracked 
|1520|0x00000007ffe00000, 0x0000000800000000, 0x0000000800000000|100%| O|  |TAMS 0x0000000800000000, 0x00000007ffe00000| Untracked 

Card table byte_map: [0x000001fef59c0000,0x000001fef5fc0000] _byte_map_base: 0x000001fef1fb1000

Marking Bits (Prev, Next): (CMBitMap*) 0x000001feed919280, (CMBitMap*) 0x000001feed9192c0
 Prev Bits: [0x000001fef65c0000, 0x000001fef9548000)
 Next Bits: [0x000001fef9550000, 0x000001fefc4d8000)

Polling page: 0x000001feeb770000

Metaspace:

Usage:
  Non-class:     10.13 MB used.
      Class:      1.10 MB used.
       Both:     11.23 MB used.

Virtual space:
  Non-class space:       64.00 MB reserved,      10.19 MB ( 16%) committed,  1 nodes.
      Class space:        1.00 GB reserved,       1.19 MB ( <1%) committed,  1 nodes.
             Both:        1.06 GB reserved,      11.38 MB (  1%) committed. 

Chunk freelists:
   Non-Class:  3.89 MB
       Class:  14.78 MB
        Both:  18.67 MB

MaxMetaspaceSize: unlimited
CompressedClassSpaceSize: 1.00 GB
Initial GC threshold: 21.00 MB
Current GC threshold: 21.00 MB
CDS: on
MetaspaceReclaimPolicy: balanced
 - commit_granule_bytes: 65536.
 - commit_granule_words: 8192.
 - virtual_space_node_default_size: 8388608.
 - enlarge_chunks_in_place: 1.
 - new_chunks_are_fully_committed: 0.
 - uncommit_free_chunks: 1.
 - use_allocation_guard: 0.
 - handle_deallocations: 1.


Internal statistics:

num_allocs_failed_limit: 0.
num_arena_births: 74.
num_arena_deaths: 0.
num_vsnodes_births: 2.
num_vsnodes_deaths: 0.
num_space_committed: 182.
num_space_uncommitted: 0.
num_chunks_returned_to_freelist: 0.
num_chunks_taken_from_freelist: 460.
num_chunk_merges: 0.
num_chunk_splits: 327.
num_chunks_enlarged: 269.
num_inconsistent_stats: 0.

CodeHeap 'non-profiled nmethods': size=120000Kb used=2823Kb max_used=2823Kb free=117176Kb
 bounds [0x000001fe87ad0000, 0x000001fe87da0000, 0x000001fe8f000000]
CodeHeap 'profiled nmethods': size=120000Kb used=8631Kb max_used=8631Kb free=111368Kb
 bounds [0x000001fe80000000, 0x000001fe80880000, 0x000001fe87530000]
CodeHeap 'non-nmethods': size=5760Kb used=1149Kb max_used=1207Kb free=4610Kb
 bounds [0x000001fe87530000, 0x000001fe877a0000, 0x000001fe87ad0000]
 total_blobs=4070 nmethods=3635 adapters=346
 compilation: enabled
              stopped_count=0, restarted_count=0
 full_count=0

Compilation events (20 events):
Event: 14.647 Thread 0x000001fed4245770 nmethod 4289 0x000001fe87d90b90 code [0x000001fe87d90d20, 0x000001fe87d90ed8]
Event: 14.647 Thread 0x000001fed4245770 4290       4       jdk.nio.zipfs.ZipFileSystem::getRootDirectories (8 bytes)
Event: 14.650 Thread 0x000001fed4245770 nmethod 4290 0x000001fe87d91010 code [0x000001fe87d911a0, 0x000001fe87d913f8]
Event: 14.650 Thread 0x000001fed4245770 4169       4       java.util.RegularEnumSet::clear (6 bytes)
Event: 14.650 Thread 0x000001fed4245770 nmethod 4169 0x000001fe87d91510 code [0x000001fe87d91680, 0x000001fe87d916f8]
Event: 14.667 Thread 0x000001fed4245770 4308       4       com.sun.tools.javac.comp.Check$DefaultMethodClashFilter::test (57 bytes)
Event: 14.670 Thread 0x000001fed4245770 nmethod 4308 0x000001fe87d91810 code [0x000001fe87d919a0, 0x000001fe87d91b28]
Event: 14.670 Thread 0x000001fed4245770 4311   !   4       com.sun.tools.javac.code.Types$12::visitClassType (229 bytes)
Event: 14.672 Thread 0x000001fefe94d1b0 4318       3       com.sun.tools.javac.comp.Operators$BinaryOperatorHelper::isBinaryOperatorApplicable (62 bytes)
Event: 14.673 Thread 0x000001fefe94d1b0 nmethod 4318 0x000001fe8086b990 code [0x000001fe8086bbc0, 0x000001fe8086c628]
Event: 14.695 Thread 0x000001fefe94d1b0 4319       3       com.sun.tools.javac.comp.Resolve$MethodCheckContext::checkWarner (5 bytes)
Event: 14.696 Thread 0x000001fefe94d1b0 nmethod 4319 0x000001fe8086ca10 code [0x000001fe8086cba0, 0x000001fe8086ccb8]
Event: 14.697 Thread 0x000001fefe94d1b0 4321       3       com.sun.tools.javac.code.Flags::isEnum (19 bytes)
Event: 14.697 Thread 0x000001fefe94d1b0 nmethod 4321 0x000001fe8086cd90 code [0x000001fe8086cf40, 0x000001fe8086d168]
Event: 14.701 Thread 0x000001fefe94d1b0 4322       3       com.sun.tools.javac.comp.Flow$AssignAnalyzer::clearPendingExits (167 bytes)
Event: 14.703 Thread 0x000001fefe94d1b0 nmethod 4322 0x000001fe8086d210 code [0x000001fe8086d560, 0x000001fe8086edf8]
Event: 14.703 Thread 0x000001fefe94d1b0 4323       3       com.sun.tools.javac.resources.CompilerProperties$Errors::VarMightNotHaveBeenInitialized (21 bytes)
Event: 14.703 Thread 0x000001fefe94d1b0 nmethod 4323 0x000001fe8086f690 code [0x000001fe8086f840, 0x000001fe8086fc28]
Event: 14.703 Thread 0x000001fefe94d1b0 4324       3       com.sun.tools.javac.comp.TransTypes::coerce (54 bytes)
Event: 14.704 Thread 0x000001fefe94d1b0 nmethod 4324 0x000001fe8086fd90 code [0x000001fe8086ff80, 0x000001fe80870488]

GC Heap History (20 events):
Event: 6.118 GC heap after
{Heap after GC invocations=23 (full 0):
 garbage-first heap   total 65536K, used 31915K [0x0000000741e00000, 0x0000000800000000)
  region size 2048K, 2 young (4096K), 2 survivors (4096K)
 Metaspace       used 8519K, committed 8704K, reserved 1114112K
  class space    used 934K, committed 1024K, reserved 1048576K
}
Event: 7.505 GC heap before
{Heap before GC invocations=23 (full 0):
 garbage-first heap   total 65536K, used 44203K [0x0000000741e00000, 0x0000000800000000)
  region size 2048K, 8 young (16384K), 2 survivors (4096K)
 Metaspace       used 8773K, committed 8960K, reserved 1114112K
  class space    used 954K, committed 1024K, reserved 1048576K
}
Event: 7.514 GC heap after
{Heap after GC invocations=24 (full 0):
 garbage-first heap   total 100352K, used 35113K [0x0000000741e00000, 0x0000000800000000)
  region size 2048K, 1 young (2048K), 1 survivors (2048K)
 Metaspace       used 8773K, committed 8960K, reserved 1114112K
  class space    used 954K, committed 1024K, reserved 1048576K
}
Event: 8.197 GC heap before
{Heap before GC invocations=24 (full 0):
 garbage-first heap   total 100352K, used 67881K [0x0000000741e00000, 0x0000000800000000)
  region size 2048K, 17 young (34816K), 1 survivors (2048K)
 Metaspace       used 9304K, committed 9472K, reserved 1114112K
  class space    used 994K, committed 1088K, reserved 1048576K
}
Event: 8.254 GC heap after
{Heap after GC invocations=25 (full 0):
 garbage-first heap   total 100352K, used 56553K [0x0000000741e00000, 0x0000000800000000)
  region size 2048K, 3 young (6144K), 3 survivors (6144K)
 Metaspace       used 9304K, committed 9472K, reserved 1114112K
  class space    used 994K, committed 1088K, reserved 1048576K
}
Event: 8.361 GC heap before
{Heap before GC invocations=25 (full 0):
 garbage-first heap   total 100352K, used 58601K [0x0000000741e00000, 0x0000000800000000)
  region size 2048K, 5 young (10240K), 3 survivors (6144K)
 Metaspace       used 9369K, committed 9536K, reserved 1114112K
  class space    used 994K, committed 1088K, reserved 1048576K
}
Event: 8.390 GC heap after
{Heap after GC invocations=26 (full 0):
 garbage-first heap   total 100352K, used 58895K [0x0000000741e00000, 0x0000000800000000)
  region size 2048K, 1 young (2048K), 1 survivors (2048K)
 Metaspace       used 9369K, committed 9536K, reserved 1114112K
  class space    used 994K, committed 1088K, reserved 1048576K
}
Event: 8.940 GC heap before
{Heap before GC invocations=27 (full 0):
 garbage-first heap   total 110592K, used 75279K [0x0000000741e00000, 0x0000000800000000)
  region size 2048K, 8 young (16384K), 1 survivors (2048K)
 Metaspace       used 9561K, committed 9728K, reserved 1114112K
  class space    used 997K, committed 1088K, reserved 1048576K
}
Event: 8.953 GC heap after
{Heap after GC invocations=28 (full 0):
 garbage-first heap   total 110592K, used 64268K [0x0000000741e00000, 0x0000000800000000)
  region size 2048K, 1 young (2048K), 1 survivors (2048K)
 Metaspace       used 9561K, committed 9728K, reserved 1114112K
  class space    used 997K, committed 1088K, reserved 1048576K
}
Event: 9.406 GC heap before
{Heap before GC invocations=28 (full 0):
 garbage-first heap   total 110592K, used 80652K [0x0000000741e00000, 0x0000000800000000)
  region size 2048K, 9 young (18432K), 1 survivors (2048K)
 Metaspace       used 9619K, committed 9792K, reserved 1114112K
  class space    used 998K, committed 1088K, reserved 1048576K
}
Event: 9.427 GC heap after
{Heap after GC invocations=29 (full 0):
 garbage-first heap   total 110592K, used 67928K [0x0000000741e00000, 0x0000000800000000)
  region size 2048K, 2 young (4096K), 2 survivors (4096K)
 Metaspace       used 9619K, committed 9792K, reserved 1114112K
  class space    used 998K, committed 1088K, reserved 1048576K
}
Event: 10.042 GC heap before
{Heap before GC invocations=30 (full 0):
 garbage-first heap   total 122880K, used 82264K [0x0000000741e00000, 0x0000000800000000)
  region size 2048K, 9 young (18432K), 2 survivors (4096K)
 Metaspace       used 10269K, committed 10432K, reserved 1114112K
  class space    used 1072K, committed 1152K, reserved 1048576K
}
Event: 10.070 GC heap after
{Heap after GC invocations=31 (full 0):
 garbage-first heap   total 122880K, used 71214K [0x0000000741e00000, 0x0000000800000000)
  region size 2048K, 2 young (4096K), 2 survivors (4096K)
 Metaspace       used 10269K, committed 10432K, reserved 1114112K
  class space    used 1072K, committed 1152K, reserved 1048576K
}
Event: 12.928 GC heap before
{Heap before GC invocations=31 (full 0):
 garbage-first heap   total 122880K, used 91694K [0x0000000741e00000, 0x0000000800000000)
  region size 2048K, 12 young (24576K), 2 survivors (4096K)
 Metaspace       used 11207K, committed 11392K, reserved 1114112K
  class space    used 1122K, committed 1216K, reserved 1048576K
}
Event: 12.947 GC heap after
{Heap after GC invocations=32 (full 0):
 garbage-first heap   total 122880K, used 72446K [0x0000000741e00000, 0x0000000800000000)
  region size 2048K, 1 young (2048K), 1 survivors (2048K)
 Metaspace       used 11207K, committed 11392K, reserved 1114112K
  class space    used 1122K, committed 1216K, reserved 1048576K
}
Event: 14.115 GC heap before
{Heap before GC invocations=33 (full 0):
 garbage-first heap   total 131072K, used 97022K [0x0000000741e00000, 0x0000000800000000)
  region size 2048K, 11 young (22528K), 1 survivors (2048K)
 Metaspace       used 11435K, committed 11584K, reserved 1114112K
  class space    used 1124K, committed 1216K, reserved 1048576K
}
Event: 14.122 GC heap after
{Heap after GC invocations=34 (full 0):
 garbage-first heap   total 131072K, used 75040K [0x0000000741e00000, 0x0000000800000000)
  region size 2048K, 1 young (2048K), 1 survivors (2048K)
 Metaspace       used 11435K, committed 11584K, reserved 1114112K
  class space    used 1124K, committed 1216K, reserved 1048576K
}
Event: 14.439 GC heap before
{Heap before GC invocations=34 (full 0):
 garbage-first heap   total 131072K, used 79136K [0x0000000741e00000, 0x0000000800000000)
  region size 2048K, 3 young (6144K), 1 survivors (2048K)
 Metaspace       used 11487K, committed 11648K, reserved 1114112K
  class space    used 1124K, committed 1216K, reserved 1048576K
}
Event: 14.458 GC heap after
{Heap after GC invocations=35 (full 0):
 garbage-first heap   total 131072K, used 63943K [0x0000000741e00000, 0x0000000800000000)
  region size 2048K, 1 young (2048K), 1 survivors (2048K)
 Metaspace       used 11487K, committed 11648K, reserved 1114112K
  class space    used 1124K, committed 1216K, reserved 1048576K
}
Event: 14.707 GC heap before
{Heap before GC invocations=35 (full 0):
 garbage-first heap   total 131072K, used 68039K [0x0000000741e00000, 0x0000000800000000)
  region size 2048K, 3 young (6144K), 1 survivors (2048K)
 Metaspace       used 11495K, committed 11648K, reserved 1114112K
  class space    used 1124K, committed 1216K, reserved 1048576K
}

Dll operation events (6 events):
Event: 0.018 Loaded shared library C:\Program Files (x86)\Android\openjdk\jdk-17.0.8.101-hotspot\bin\java.dll
Event: 0.049 Loaded shared library C:\Program Files (x86)\Android\openjdk\jdk-17.0.8.101-hotspot\bin\jsvml.dll
Event: 0.146 Loaded shared library C:\Program Files (x86)\Android\openjdk\jdk-17.0.8.101-hotspot\bin\jimage.dll
Event: 0.303 Loaded shared library C:\Program Files (x86)\Android\openjdk\jdk-17.0.8.101-hotspot\bin\net.dll
Event: 0.306 Loaded shared library C:\Program Files (x86)\Android\openjdk\jdk-17.0.8.101-hotspot\bin\nio.dll
Event: 0.844 Loaded shared library C:\Program Files (x86)\Android\openjdk\jdk-17.0.8.101-hotspot\bin\zip.dll

Deoptimization events (20 events):
Event: 14.129 Thread 0x000001feed8c0f30 Uncommon trap: trap_request=0xffffffde fr.pc=0x000001fe87cc7188 relative=0x0000000000002228
Event: 14.129 Thread 0x000001feed8c0f30 Uncommon trap: reason=class_check action=maybe_recompile pc=0x000001fe87cc7188 method=com.sun.tools.javac.code.Types$SignatureGenerator.assembleSig(Lcom/sun/tools/javac/code/Type;)V @ 214 c2
Event: 14.129 Thread 0x000001feed8c0f30 DEOPT PACKING pc=0x000001fe87cc7188 sp=0x000000fd45cfebf0
Event: 14.129 Thread 0x000001feed8c0f30 DEOPT UNPACKING pc=0x000001fe875869a3 sp=0x000000fd45cfebc8 mode 2
Event: 14.180 Thread 0x000001feed8c0f30 Uncommon trap: trap_request=0xffffff45 fr.pc=0x000001fe87b748d8 relative=0x0000000000000138
Event: 14.180 Thread 0x000001feed8c0f30 Uncommon trap: reason=unstable_if action=reinterpret pc=0x000001fe87b748d8 method=com.sun.tools.javac.code.Types.eraseNotNeeded(Lcom/sun/tools/javac/code/Type;)Z @ 21 c2
Event: 14.180 Thread 0x000001feed8c0f30 DEOPT PACKING pc=0x000001fe87b748d8 sp=0x000000fd45cff020
Event: 14.180 Thread 0x000001feed8c0f30 DEOPT UNPACKING pc=0x000001fe875869a3 sp=0x000000fd45cfef60 mode 2
Event: 14.268 Thread 0x000001feed8c0f30 Uncommon trap: trap_request=0xffffff45 fr.pc=0x000001fe87d692a4 relative=0x00000000000028e4
Event: 14.268 Thread 0x000001feed8c0f30 Uncommon trap: reason=unstable_if action=reinterpret pc=0x000001fe87d692a4 method=com.sun.tools.javac.code.Types$12.visitClassType(Lcom/sun/tools/javac/code/Type$ClassType;Lcom/sun/tools/javac/code/Symbol;)Lcom/sun/tools/javac/code/Type; @ 107 c2
Event: 14.268 Thread 0x000001feed8c0f30 DEOPT PACKING pc=0x000001fe87d692a4 sp=0x000000fd45cfdf40
Event: 14.268 Thread 0x000001feed8c0f30 DEOPT UNPACKING pc=0x000001fe875869a3 sp=0x000000fd45cfdf18 mode 2
Event: 14.268 Thread 0x000001feed8c0f30 Uncommon trap: trap_request=0xffffff45 fr.pc=0x000001fe87d6f47c relative=0x00000000000022dc
Event: 14.268 Thread 0x000001feed8c0f30 Uncommon trap: reason=unstable_if action=reinterpret pc=0x000001fe87d6f47c method=com.sun.tools.javac.comp.Check.checkType(Lcom/sun/tools/javac/util/JCDiagnostic$DiagnosticPosition;Lcom/sun/tools/javac/code/Type;Lcom/sun/tools/javac/code/Type;Lcom/sun/too
Event: 14.268 Thread 0x000001feed8c0f30 DEOPT PACKING pc=0x000001fe87d6f47c sp=0x000000fd45cfd280
Event: 14.268 Thread 0x000001feed8c0f30 DEOPT UNPACKING pc=0x000001fe875869a3 sp=0x000000fd45cfd240 mode 2
Event: 14.428 Thread 0x000001feed8c0f30 Uncommon trap: trap_request=0xffffff45 fr.pc=0x000001fe87d8236c relative=0x00000000000002ec
Event: 14.428 Thread 0x000001feed8c0f30 Uncommon trap: reason=unstable_if action=reinterpret pc=0x000001fe87d8236c method=com.sun.tools.javac.code.Types$5.visitClassType(Lcom/sun/tools/javac/code/Type$ClassType;Lcom/sun/tools/javac/code/Type;)Ljava/lang/Boolean; @ 375 c2
Event: 14.428 Thread 0x000001feed8c0f30 DEOPT PACKING pc=0x000001fe87d8236c sp=0x000000fd45cfe640
Event: 14.428 Thread 0x000001feed8c0f30 DEOPT UNPACKING pc=0x000001fe875869a3 sp=0x000000fd45cfe5f8 mode 2

Classes unloaded (0 events):
No events

Classes redefined (0 events):
No events

Internal exceptions (20 events):
Event: 13.803 Thread 0x000001feed8c0f30 Exception <a 'sun/nio/fs/WindowsException'{0x0000000749593040}> (0x0000000749593040) 
thrown [s\src\hotspot\share\prims\jni.cpp, line 516]
Event: 13.805 Thread 0x000001feed8c0f30 Exception <a 'sun/nio/fs/WindowsException'{0x0000000749595ea8}> (0x0000000749595ea8) 
thrown [s\src\hotspot\share\prims\jni.cpp, line 516]
Event: 13.839 Thread 0x000001feed8c0f30 Exception <a 'sun/nio/fs/WindowsException'{0x00000007495b7de0}> (0x00000007495b7de0) 
thrown [s\src\hotspot\share\prims\jni.cpp, line 516]
Event: 13.839 Thread 0x000001feed8c0f30 Exception <a 'sun/nio/fs/WindowsException'{0x00000007495b8388}> (0x00000007495b8388) 
thrown [s\src\hotspot\share\prims\jni.cpp, line 516]
Event: 13.864 Thread 0x000001feed8c0f30 Exception <a 'sun/nio/fs/WindowsException'{0x0000000748e199f0}> (0x0000000748e199f0) 
thrown [s\src\hotspot\share\prims\jni.cpp, line 516]
Event: 13.864 Thread 0x000001feed8c0f30 Exception <a 'sun/nio/fs/WindowsException'{0x0000000748e19f68}> (0x0000000748e19f68) 
thrown [s\src\hotspot\share\prims\jni.cpp, line 516]
Event: 13.868 Thread 0x000001feed8c0f30 Exception <a 'sun/nio/fs/WindowsException'{0x0000000748e241d8}> (0x0000000748e241d8) 
thrown [s\src\hotspot\share\prims\jni.cpp, line 516]
Event: 13.868 Thread 0x000001feed8c0f30 Exception <a 'sun/nio/fs/WindowsException'{0x0000000748e24750}> (0x0000000748e24750) 
thrown [s\src\hotspot\share\prims\jni.cpp, line 516]
Event: 13.877 Thread 0x000001feed8c0f30 Exception <a 'sun/nio/fs/WindowsException'{0x0000000748e47508}> (0x0000000748e47508) 
thrown [s\src\hotspot\share\prims\jni.cpp, line 516]
Event: 13.889 Thread 0x000001feed8c0f30 Exception <a 'sun/nio/fs/WindowsException'{0x0000000748e73308}> (0x0000000748e73308) 
thrown [s\src\hotspot\share\prims\jni.cpp, line 516]
Event: 13.889 Thread 0x000001feed8c0f30 Exception <a 'sun/nio/fs/WindowsException'{0x0000000748e73880}> (0x0000000748e73880) 
thrown [s\src\hotspot\share\prims\jni.cpp, line 516]
Event: 13.922 Thread 0x000001feed8c0f30 Exception <a 'sun/nio/fs/WindowsException'{0x0000000748f9b9e8}> (0x0000000748f9b9e8) 
thrown [s\src\hotspot\share\prims\jni.cpp, line 516]
Event: 14.127 Thread 0x000001feed8c0f30 Exception <a 'sun/nio/fs/WindowsException'{0x0000000749a3d5d8}> (0x0000000749a3d5d8) 
thrown [s\src\hotspot\share\prims\jni.cpp, line 516]
Event: 14.127 Thread 0x000001feed8c0f30 Exception <a 'sun/nio/fs/WindowsException'{0x0000000749a3dd90}> (0x0000000749a3dd90) 
thrown [s\src\hotspot\share\prims\jni.cpp, line 516]
Event: 14.133 Thread 0x000001feed8c0f30 Exception <a 'sun/nio/fs/WindowsException'{0x0000000749a4ca98}> (0x0000000749a4ca98) 
thrown [s\src\hotspot\share\prims\jni.cpp, line 516]
Event: 14.181 Thread 0x000001feed8c0f30 Exception <a 'sun/nio/fs/WindowsException'{0x0000000749a77d08}> (0x0000000749a77d08) 
thrown [s\src\hotspot\share\prims\jni.cpp, line 516]
Event: 14.270 Thread 0x000001feed8c0f30 Exception <a 'sun/nio/fs/WindowsException'{0x0000000749aecfb0}> (0x0000000749aecfb0) 
thrown [s\src\hotspot\share\prims\jni.cpp, line 516]
Event: 14.476 Thread 0x000001feed8c0f30 Exception <a 'sun/nio/fs/WindowsException'{0x0000000749848a88}> (0x0000000749848a88) 
thrown [s\src\hotspot\share\prims\jni.cpp, line 516]
Event: 14.481 Thread 0x000001feed8c0f30 Exception <a 'sun/nio/fs/WindowsException'{0x00000007498542a8}> (0x00000007498542a8) 
thrown [s\src\hotspot\share\prims\jni.cpp, line 516]
Event: 14.590 Thread 0x000001feed8c0f30 Exception <a 'sun/nio/fs/WindowsException'{0x0000000749863f60}> (0x0000000749863f60) 
thrown [s\src\hotspot\share\prims\jni.cpp, line 516]

VM Operations (20 events):
Event: 11.526 Executing VM operation: ICBufferFull done
Event: 12.533 Executing VM operation: Cleanup
Event: 12.535 Executing VM operation: Cleanup done
Event: 12.723 Executing VM operation: HandshakeAllThreads
Event: 12.723 Executing VM operation: HandshakeAllThreads done
Event: 12.928 Executing VM operation: G1CollectForAllocation
Event: 12.947 Executing VM operation: G1CollectForAllocation done
Event: 13.068 Executing VM operation: G1PauseRemark
Event: 13.077 Executing VM operation: G1PauseRemark done
Event: 13.138 Executing VM operation: G1PauseCleanup
Event: 13.145 Executing VM operation: G1PauseCleanup done
Event: 13.837 Executing VM operation: ICBufferFull
Event: 13.837 Executing VM operation: ICBufferFull done
Event: 13.964 Executing VM operation: ICBufferFull
Event: 13.964 Executing VM operation: ICBufferFull done
Event: 14.115 Executing VM operation: G1CollectForAllocation
Event: 14.122 Executing VM operation: G1CollectForAllocation done
Event: 14.439 Executing VM operation: G1CollectForAllocation
Event: 14.458 Executing VM operation: G1CollectForAllocation done
Event: 14.707 Executing VM operation: G1CollectForAllocation

Events (20 events):
Event: 10.304 loading class java/util/stream/Node$OfLong
Event: 10.304 loading class java/util/stream/Node$OfLong done
Event: 10.304 loading class java/util/stream/Nodes$EmptyNode$OfLong done
Event: 10.304 loading class java/util/stream/Nodes$EmptyNode$OfDouble
Event: 10.304 loading class java/util/stream/Node$OfDouble
Event: 10.304 loading class java/util/stream/Node$OfDouble done
Event: 10.304 loading class java/util/stream/Nodes$EmptyNode$OfDouble done
Event: 10.304 loading class java/util/stream/Nodes$FixedNodeBuilder
Event: 10.304 loading class java/util/stream/Node$Builder
Event: 10.304 loading class java/util/stream/Node$Builder done
Event: 10.304 loading class java/util/stream/Nodes$ArrayNode
Event: 10.305 loading class java/util/stream/Nodes$ArrayNode done
Event: 10.305 loading class java/util/stream/Nodes$FixedNodeBuilder done
Event: 11.509 Thread 0x000001feff559750 Thread exited: 0x000001feff559750
Event: 12.006 Thread 0x000001fed46f7c70 Thread added: 0x000001fed46f7c70
Event: 12.728 Thread 0x000001fefe9bea20 flushing nmethod 0x000001fe804cd610
Event: 12.852 loading class jdk/internal/access/foreign/MemorySegmentProxy
Event: 12.852 loading class jdk/internal/access/foreign/MemorySegmentProxy done
Event: 13.317 Thread 0x000001fed46f7c70 Thread exited: 0x000001fed46f7c70
Event: 13.553 Thread 0x000001fed4245770 Thread added: 0x000001fed4245770


Dynamic libraries:
0x00007ff68da20000 - 0x00007ff68da28000 	C:\Program Files (x86)\Android\openjdk\jdk-17.0.8.101-hotspot\bin\javac.exe
0x00007ffd9cfb0000 - 0x00007ffd9d1a8000 	C:\Windows\SYSTEM32\ntdll.dll
0x00007ffd9b260000 - 0x00007ffd9b31d000 	C:\Windows\System32\KERNEL32.DLL
0x00007ffd9a830000 - 0x00007ffd9ab26000 	C:\Windows\System32\KERNELBASE.dll
0x00007ffd9a690000 - 0x00007ffd9a790000 	C:\Windows\System32\ucrtbase.dll
0x00007ffd93dd0000 - 0x00007ffd93deb000 	C:\Program Files (x86)\Android\openjdk\jdk-17.0.8.101-hotspot\bin\VCRUNTIME140.dll
0x00007ffd93b70000 - 0x00007ffd93b87000 	C:\Program Files (x86)\Android\openjdk\jdk-17.0.8.101-hotspot\bin\jli.dll
0x00007ffd9cdd0000 - 0x00007ffd9cf6f000 	C:\Windows\System32\USER32.dll
0x00007ffd9a790000 - 0x00007ffd9a7b2000 	C:\Windows\System32\win32u.dll
0x00007ffd9b8d0000 - 0x00007ffd9b8fb000 	C:\Windows\System32\GDI32.dll
0x00007ffd9ae10000 - 0x00007ffd9af27000 	C:\Windows\System32\gdi32full.dll
0x00007ffd9ad70000 - 0x00007ffd9ae0d000 	C:\Windows\System32\msvcp_win.dll
0x00007ffd8a050000 - 0x00007ffd8a2ea000 	C:\Windows\WinSxS\amd64_microsoft.windows.common-controls_6595b64144ccf1df_6.0.19041.3636_none_60b6a03d71f818d5\COMCTL32.dll
0x00007ffd9bab0000 - 0x00007ffd9bb4e000 	C:\Windows\System32\msvcrt.dll
0x00007ffd9afe0000 - 0x00007ffd9b012000 	C:\Windows\System32\IMM32.DLL
0x00007ffd93f00000 - 0x00007ffd93f0c000 	C:\Program Files (x86)\Android\openjdk\jdk-17.0.8.101-hotspot\bin\vcruntime140_1.dll
0x00007ffd615c0000 - 0x00007ffd6164d000 	C:\Program Files (x86)\Android\openjdk\jdk-17.0.8.101-hotspot\bin\msvcp140.dll
0x00007ffd27a90000 - 0x00007ffd286f5000 	C:\Program Files (x86)\Android\openjdk\jdk-17.0.8.101-hotspot\bin\server\jvm.dll
0x00007ffd9c3f0000 - 0x00007ffd9c4a0000 	C:\Windows\System32\ADVAPI32.dll
0x00007ffd9b320000 - 0x00007ffd9b3c0000 	C:\Windows\System32\sechost.dll
0x00007ffd9cc90000 - 0x00007ffd9cdb3000 	C:\Windows\System32\RPCRT4.dll
0x00007ffd9a660000 - 0x00007ffd9a687000 	C:\Windows\System32\bcrypt.dll
0x00007ffd99bb0000 - 0x00007ffd99bfb000 	C:\Windows\SYSTEM32\POWRPROF.dll
0x00007ffd7db20000 - 0x00007ffd7db29000 	C:\Windows\SYSTEM32\WSOCK32.dll
0x00007ffd9c380000 - 0x00007ffd9c3eb000 	C:\Windows\System32\WS2_32.dll
0x00007ffd8b090000 - 0x00007ffd8b0b7000 	C:\Windows\SYSTEM32\WINMM.dll
0x00007ffd8c780000 - 0x00007ffd8c78a000 	C:\Windows\SYSTEM32\VERSION.dll
0x00007ffd99a20000 - 0x00007ffd99a32000 	C:\Windows\SYSTEM32\UMPDC.dll
0x00007ffd984b0000 - 0x00007ffd984c2000 	C:\Windows\SYSTEM32\kernel.appcore.dll
0x00007ffd93e60000 - 0x00007ffd93e6a000 	C:\Program Files (x86)\Android\openjdk\jdk-17.0.8.101-hotspot\bin\jimage.dll
0x00007ffd8ddf0000 - 0x00007ffd8dfd4000 	C:\Windows\SYSTEM32\DBGHELP.DLL
0x00007ffd83960000 - 0x00007ffd83994000 	C:\Windows\SYSTEM32\dbgcore.DLL
0x00007ffd9ac90000 - 0x00007ffd9ad12000 	C:\Windows\System32\bcryptPrimitives.dll
0x00007ffd918d0000 - 0x00007ffd918f5000 	C:\Program Files (x86)\Android\openjdk\jdk-17.0.8.101-hotspot\bin\java.dll
0x00007ffd613f0000 - 0x00007ffd614c7000 	C:\Program Files (x86)\Android\openjdk\jdk-17.0.8.101-hotspot\bin\jsvml.dll
0x00007ffd9c520000 - 0x00007ffd9cc8b000 	C:\Windows\System32\SHELL32.dll
0x00007ffd986b0000 - 0x00007ffd98e4e000 	C:\Windows\SYSTEM32\windows.storage.dll
0x00007ffd9bb50000 - 0x00007ffd9bea3000 	C:\Windows\System32\combase.dll
0x00007ffd99fb0000 - 0x00007ffd99fde000 	C:\Windows\SYSTEM32\Wldp.dll
0x00007ffd9b020000 - 0x00007ffd9b0ed000 	C:\Windows\System32\OLEAUT32.dll
0x00007ffd9b4d0000 - 0x00007ffd9b57d000 	C:\Windows\System32\SHCORE.dll
0x00007ffd9b0f0000 - 0x00007ffd9b145000 	C:\Windows\System32\shlwapi.dll
0x00007ffd9a590000 - 0x00007ffd9a5b3000 	C:\Windows\SYSTEM32\profapi.dll
0x00007ffd918b0000 - 0x00007ffd918c9000 	C:\Program Files (x86)\Android\openjdk\jdk-17.0.8.101-hotspot\bin\net.dll
0x00007ffd8db60000 - 0x00007ffd8dc6a000 	C:\Windows\SYSTEM32\WINHTTP.dll
0x00007ffd99d90000 - 0x00007ffd99dfa000 	C:\Windows\system32\mswsock.dll
0x00007ffd91890000 - 0x00007ffd918a6000 	C:\Program Files (x86)\Android\openjdk\jdk-17.0.8.101-hotspot\bin\nio.dll
0x00007ffd91560000 - 0x00007ffd91578000 	C:\Program Files (x86)\Android\openjdk\jdk-17.0.8.101-hotspot\bin\zip.dll

dbghelp: loaded successfully - version: 4.0.5 - missing functions: none
symbol engine: initialized successfully - sym options: 0x614 - pdb path: .;C:\Program Files (x86)\Android\openjdk\jdk-17.0.8.101-hotspot\bin;C:\Windows\SYSTEM32;C:\Windows\WinSxS\amd64_microsoft.windows.common-controls_6595b64144ccf1df_6.0.19041.3636_none_60b6a03d71f818d5;C:\Program Files (x86)\Android\openjdk\jdk-17.0.8.101-hotspot\bin\server

VM Arguments:
jvm_args: -Dapplication.home=C:\Program Files (x86)\Android\openjdk\jdk-17.0.8.101-hotspot --add-modules=ALL-DEFAULT -Xms8m -Dfile.encoding=UTF8 -Djdk.module.main=jdk.compiler 
java_command: jdk.compiler/com.sun.tools.javac.Main @C:\Users\tomik\AppData\Local\Temp\tmp4BD.tmp -target 1.8 -source 1.8
java_class_path (initial): <not set>
Launcher Type: SUN_STANDARD

[Global flags]
     intx CICompilerCount                          = 3                                         {product} {ergonomic}
     uint ConcGCThreads                            = 1                                         {product} {ergonomic}
     uint G1ConcRefinementThreads                  = 4                                         {product} {ergonomic}
   size_t G1HeapRegionSize                         = 2097152                                   {product} {ergonomic}
    uintx GCDrainStackTargetSize                   = 64                                        {product} {ergonomic}
   size_t InitialHeapSize                          = 8388608                                   {product} {command line}
   size_t MarkStackSize                            = 4194304                                   {product} {ergonomic}
   size_t MaxHeapSize                              = 3189768192                                {product} {ergonomic}
   size_t MaxNewSize                               = 1912602624                                {product} {ergonomic}
   size_t MinHeapDeltaBytes                        = 2097152                                   {product} {ergonomic}
   size_t MinHeapSize                              = 8388608                                   {product} {command line}
    uintx NonNMethodCodeHeapSize                   = 5832780                                {pd product} {ergonomic}
    uintx NonProfiledCodeHeapSize                  = 122912730                              {pd product} {ergonomic}
    uintx ProfiledCodeHeapSize                     = 122912730                              {pd product} {ergonomic}
    uintx ReservedCodeCacheSize                    = 251658240                              {pd product} {ergonomic}
     bool SegmentedCodeCache                       = true                                      {product} {ergonomic}
   size_t SoftMaxHeapSize                          = 3189768192                             {manageable} {ergonomic}
     bool UseCompressedClassPointers               = true                           {product lp64_product} {ergonomic}
     bool UseCompressedOops                        = true                           {product lp64_product} {ergonomic}
     bool UseG1GC                                  = true                                      {product} {ergonomic}
     bool UseLargePagesIndividualAllocation        = false                                  {pd product} {ergonomic}

Logging:
Log output configuration:
 #0: stdout all=warning uptime,level,tags
 #1: stderr all=off uptime,level,tags

Environment Variables:
PATH=C:\Program Files (x86)\Android\openjdk\jdk-17.0.8.101-hotspot\bin;C:\Program Files (x86)\Common Files\Oracle\Java\javapath;C:\Program Files\Microsoft\jdk-11.0.16.101-hotspot\bin;C:\Windows\system32;C:\Windows;C:\Windows\System32\Wbem;C:\Windows\System32\WindowsPowerShell\v1.0\;C:\Windows\System32\OpenSSH\;C:\Program Files\Microsoft SQL Server\130\Tools\Binn\;C:\Program Files\Microsoft SQL Server\Client SDK\ODBC\170\Tools\Binn\;C:\Program Files\dotnet\;C:\Program Files\PuTTY\;C:\ProgramData\chocolatey\bin;C:\Program Files\nodejs\;C:\Program Files\Git\cmd;C:\Program Files\Microsoft SQL Server\150\Tools\Binn\;C:\Program Files\PostgreSQL\16\bin;C:\Program Files\Tailscale\;C:\Users\tomik\AppData\Local\Programs\Python\Python311\Scripts\;C:\Users\tomik\AppData\Local\Programs\Python\Python311\;C:\Program Files\MySQL\MySQL Shell 8.0\bin\;C:\Users\tomik\AppData\Local\Microsoft\WindowsApps;;C:\Users\tomik\AppData\Local\Programs\Microsoft VS Code\bin;C:\Users\tomik\.dotnet\tools;C:\Users\tomik\AppData\Roaming\npm
USERNAME=tomik
OS=Windows_NT
PROCESSOR_IDENTIFIER=Intel64 Family 6 Model 61 Stepping 4, GenuineIntel
TMP=C:\Users\tomik\AppData\Local\Temp
TEMP=C:\Users\tomik\AppData\Local\Temp



---------------  S Y S T E M  ---------------

OS:
 Windows 10 , 64 bit Build 19041 (10.0.19041.3636)
OS uptime: 2 days 23:35 hours
Hyper-V role detected

CPU: total 4 (initial active 4) (2 cores per cpu, 2 threads per core) family 6 model 61 stepping 4 microcode 0x2d, cx8, cmov, fxsr, ht, mmx, 3dnowpref, sse, sse2, sse3, ssse3, sse4.1, sse4.2, popcnt, lzcnt, tsc, tscinvbit, avx, avx2, aes, erms, clmul, bmi1, bmi2, rtm, adx, fma, vzeroupper, clflush, hv
Processor Information for all 4 processors :
  Max Mhz: 2301, Current Mhz: 2301, Mhz Limit: 2301

Memory: 4k page, system-wide physical 12163M (1844M free)
TotalPageFile size 14201M (AvailPageFile size 20M)
current process WorkingSet (physical memory assigned to process): 231M, peak: 231M
current process commit charge ("private bytes"): 258M, peak: 340M

vm_info: OpenJDK 64-Bit Server VM (17.0.8.1+1-LTS) for windows-amd64 JRE (17.0.8.1+1-LTS), built on Aug 23 2023 17:38:52 by "MicrosoftCorporation" with MS VC++ 16.10 / 16.11 (VS2019)

END.
