#
# There is insufficient memory for the Java Runtime Environment to continue.
# Native memory allocation (mmap) failed to map 201326592 bytes for G1 virtual space
# Possible reasons:
#   The system is out of physical RAM or swap space
#   The process is running with CompressedOops enabled, and the Java Heap may be blocking the growth of the native heap
# Possible solutions:
#   Reduce memory load on the system
#   Increase physical memory or swap space
#   Check if swap backing store is full
#   Decrease Java heap size (-Xmx/-Xms)
#   Decrease number of Java threads
#   Decrease Java thread stack sizes (-Xss)
#   Set larger code cache with -XX:ReservedCodeCacheSize=
#   JVM is running with Zero Based Compressed Oops mode in which the Java heap is
#     placed in the first 32GB address space. The Java Heap base address is the
#     maximum limit for the native heap growth. Please use -XX:HeapBaseMinAddress
#     to set the Java Heap base and to place the Java Heap above 32GB virtual address.
# This output file may be truncated or incomplete.
#
#  Out of Memory Error (os_windows.cpp:3617), pid=10040, tid=11332
#
# JRE version:  (17.0.8.1+1) (build )
# Java VM: OpenJDK 64-Bit Server VM (17.0.8.1+1-LTS, mixed mode, sharing, tiered, compressed oops, compressed class ptrs, g1 gc, windows-amd64)
# No core dump will be written. Minidumps are not enabled by default on client versions of Windows
#

---------------  S U M M A R Y ------------

Command Line: 

Host: Intel(R) Core(TM) i5-5300U CPU @ 2.30GHz, 4 cores, 11G,  Windows 10 , 64 bit Build 19041 (10.0.19041.3636)
Time: Thu Mar 14 16:48:05 2024 Stindows 10 , 64 bit Build 19041 (10.0.19041.3636) elapsed time: 0.021959 seconds (0d 0h 0m 0s)

---------------  T H R E A D  ---------------

Current thread (0x0000016c92bfdff0):  JavaThread "Unknown thread" [_thread_in_vm, id=11332, stack(0x0000006bc8500000,0x0000006bc8600000)]

Stack: [0x0000006bc8500000,0x0000006bc8600000]
Native frames: (J=compiled Java code, j=interpreted, Vv=VM code, C=native code)
V  [jvm.dll+0x67bf3a]
V  [jvm.dll+0x83a024]
V  [jvm.dll+0x83b7ce]
V  [jvm.dll+0x83be33]
V  [jvm.dll+0x24785f]
V  [jvm.dll+0x678cb9]
V  [jvm.dll+0x66d54a]
V  [jvm.dll+0x308feb]
V  [jvm.dll+0x310496]
V  [jvm.dll+0x36019e]
V  [jvm.dll+0x3603cf]
V  [jvm.dll+0x2dff38]
V  [jvm.dll+0x2e0ea4]
V  [jvm.dll+0x80bca1]
V  [jvm.dll+0x36df61]
V  [jvm.dll+0x7eafac]
V  [jvm.dll+0x3f0c8f]
V  [jvm.dll+0x3f28a1]
C  [jli.dll+0x528f]
C  [ucrtbase.dll+0x21bb2]
C  [KERNEL32.DLL+0x17344]
C  [ntdll.dll+0x526b1]


---------------  P R O C E S S  ---------------

Threads class SMR info:
_java_thread_list=0x00007ff9cda83058, length=0, elements={
}

Java Threads: ( => current thread )

Other Threads:
  0x0000016c94c46b30 GCTaskThread "GC Thread#0" [stack: 0x0000006bc8600000,0x0000006bc8700000] [id=8112]
  0x0000016c94c547b0 ConcurrentGCThread "G1 Main Marker" [stack: 0x0000006bc8700000,0x0000006bc8800000] [id=2212]
  0x0000016c94c55870 ConcurrentGCThread "G1 Conc#0" [stack: 0x0000006bc8800000,0x0000006bc8900000] [id=7640]

[error occurred during error reporting (printing all threads), id 0xc0000005, EXCEPTION_ACCESS_VIOLATION (0xc0000005) at pc=0x00007ff9cd240927]

VM state: not at safepoint (not fully initialized)

VM Mutex/Monitor currently owned by a thread:  ([mutex/lock_event])
[0x0000016c92bfa260] Heap_lock - owner thread: 0x0000016c92bfdff0

Heap address: 0x0000000741e00000, size: 3042 MB, Compressed Oops mode: Zero based, Oop shift amount: 3

CDS archive(s) mapped at: [0x0000000000000000-0x0000000000000000-0x0000000000000000), size 0, SharedBaseAddress: 0x0000000800000000, ArchiveRelocationMode: 1.
Narrow klass base: 0x0000000000000000, Narrow klass shift: 0, Narrow klass range: 0x0

GC Precious Log:
<Empty>

Heap:
 garbage-first heap   total 0K, used 0K [0x0000000741e00000, 0x0000000800000000)
  region size 2048K, 0 young (0K), 0 survivors (0K)

[error occurred during error reporting (printing heap information), id 0xc0000005, EXCEPTION_ACCESS_VIOLATION (0xc0000005) at pc=0x00007ff9cd625fc9]

GC Heap History (0 events):
No events

Dll operation events (1 events):
Event: 0.014 Loaded shared library C:\Program Files (x86)\Android\openjdk\jdk-17.0.8.101-hotspot\bin\java.dll

Deoptimization events (0 events):
No events

Classes unloaded (0 events):
No events

Classes redefined (0 events):
No events

Internal exceptions (0 events):
No events

VM Operations (0 events):
No events

Events (0 events):
No events


Dynamic libraries:
0x00007ff6438d0000 - 0x00007ff6438de000 	C:\Program Files (x86)\Android\openjdk\jdk-17.0.8.101-hotspot\bin\java.exe
0x00007ffa58b90000 - 0x00007ffa58d88000 	C:\Windows\SYSTEM32\ntdll.dll
0x00007ffa579f0000 - 0x00007ffa57aad000 	C:\Windows\System32\KERNEL32.DLL
0x00007ffa567d0000 - 0x00007ffa56ac6000 	C:\Windows\System32\KERNELBASE.dll
0x00007ffa565b0000 - 0x00007ffa566b0000 	C:\Windows\System32\ucrtbase.dll
0x00007ffa4d8b0000 - 0x00007ffa4d8cb000 	C:\Program Files (x86)\Android\openjdk\jdk-17.0.8.101-hotspot\bin\VCRUNTIME140.dll
0x00007ffa4d890000 - 0x00007ffa4d8a7000 	C:\Program Files (x86)\Android\openjdk\jdk-17.0.8.101-hotspot\bin\jli.dll
0x00007ffa587a0000 - 0x00007ffa5893e000 	C:\Windows\System32\USER32.dll
0x00007ffa46c30000 - 0x00007ffa46eca000 	C:\Windows\WinSxS\amd64_microsoft.windows.common-controls_6595b64144ccf1df_6.0.19041.3636_none_60b6a03d71f818d5\COMCTL32.dll
0x00007ffa56b00000 - 0x00007ffa56b22000 	C:\Windows\System32\win32u.dll
0x00007ffa57c80000 - 0x00007ffa57d1e000 	C:\Windows\System32\msvcrt.dll
0x00007ffa57e60000 - 0x00007ffa57e8b000 	C:\Windows\System32\GDI32.dll
0x00007ffa566b0000 - 0x00007ffa567c7000 	C:\Windows\System32\gdi32full.dll
0x00007ffa56b30000 - 0x00007ffa56bcd000 	C:\Windows\System32\msvcp_win.dll
0x00007ffa57ab0000 - 0x00007ffa57ae2000 	C:\Windows\System32\IMM32.DLL
0x00007ffa52030000 - 0x00007ffa5203c000 	C:\Program Files (x86)\Android\openjdk\jdk-17.0.8.101-hotspot\bin\vcruntime140_1.dll
0x00007ffa26a10000 - 0x00007ffa26a9d000 	C:\Program Files (x86)\Android\openjdk\jdk-17.0.8.101-hotspot\bin\msvcp140.dll
0x00007ff9ccf50000 - 0x00007ff9cdbb5000 	C:\Program Files (x86)\Android\openjdk\jdk-17.0.8.101-hotspot\bin\server\jvm.dll
0x00007ffa56c50000 - 0x00007ffa56d03000 	C:\Windows\System32\ADVAPI32.dll
0x00007ffa585c0000 - 0x00007ffa5865f000 	C:\Windows\System32\sechost.dll
0x00007ffa57f50000 - 0x00007ffa58076000 	C:\Windows\System32\RPCRT4.dll
0x00007ffa56ad0000 - 0x00007ffa56af7000 	C:\Windows\System32\bcrypt.dll
0x00007ffa3a0d0000 - 0x00007ffa3a0d9000 	C:\Windows\SYSTEM32\WSOCK32.dll
0x00007ffa557b0000 - 0x00007ffa557fb000 	C:\Windows\SYSTEM32\POWRPROF.dll
0x00007ffa46f80000 - 0x00007ffa46fa7000 	C:\Windows\SYSTEM32\WINMM.dll
0x00007ffa58730000 - 0x00007ffa5879b000 	C:\Windows\System32\WS2_32.dll
0x00007ffa48b80000 - 0x00007ffa48b8a000 	C:\Windows\SYSTEM32\VERSION.dll
0x00007ffa55620000 - 0x00007ffa55632000 	C:\Windows\SYSTEM32\UMPDC.dll
0x00007ffa540c0000 - 0x00007ffa540d2000 	C:\Windows\SYSTEM32\kernel.appcore.dll
0x00007ffa51bf0000 - 0x00007ffa51bfa000 	C:\Program Files (x86)\Android\openjdk\jdk-17.0.8.101-hotspot\bin\jimage.dll
0x00007ffa42280000 - 0x00007ffa42464000 	C:\Windows\SYSTEM32\DBGHELP.DLL
0x00007ffa42170000 - 0x00007ffa421a4000 	C:\Windows\SYSTEM32\dbgcore.DLL
0x00007ffa564d0000 - 0x00007ffa56552000 	C:\Windows\System32\bcryptPrimitives.dll
0x00007ffa153e0000 - 0x00007ffa15405000 	C:\Program Files (x86)\Android\openjdk\jdk-17.0.8.101-hotspot\bin\java.dll

dbghelp: loaded successfully - version: 4.0.5 - missing functions: none
symbol engine: initialized successfully - sym options: 0x614 - pdb path: .;C:\Program Files (x86)\Android\openjdk\jdk-17.0.8.101-hotspot\bin;C:\Windows\SYSTEM32;C:\Windows\WinSxS\amd64_microsoft.windows.common-controls_6595b64144ccf1df_6.0.19041.3636_none_60b6a03d71f818d5;C:\Program Files (x86)\Android\openjdk\jdk-17.0.8.101-hotspot\bin\server

VM Arguments:
java_command: <unknown>
java_class_path (initial): <not set>
Launcher Type: SUN_STANDARD

[Global flags]
     intx CICompilerCount                          = 3                                         {product} {ergonomic}
     uint ConcGCThreads                            = 1                                         {product} {ergonomic}
     uint G1ConcRefinementThreads                  = 4                                         {product} {ergonomic}
   size_t G1HeapRegionSize                         = 2097152                                   {product} {ergonomic}
    uintx GCDrainStackTargetSize                   = 64                                        {product} {ergonomic}
   size_t InitialHeapSize                          = 201326592                                 {product} {ergonomic}
   size_t MarkStackSize                            = 4194304                                   {product} {ergonomic}
   size_t MaxHeapSize                              = 3189768192                                {product} {ergonomic}
   size_t MinHeapDeltaBytes                        = 2097152                                   {product} {ergonomic}
   size_t MinHeapSize                              = 8388608                                   {product} {ergonomic}
    uintx NonNMethodCodeHeapSize                   = 5832780                                {pd product} {ergonomic}
    uintx NonProfiledCodeHeapSize                  = 122912730                              {pd product} {ergonomic}
    uintx ProfiledCodeHeapSize                     = 122912730                              {pd product} {ergonomic}
    uintx ReservedCodeCacheSize                    = 251658240                              {pd product} {ergonomic}
     bool SegmentedCodeCache                       = true                                      {product} {ergonomic}
   size_t SoftMaxHeapSize                          = 3189768192                             {manageable} {ergonomic}
     bool UseCompressedClassPointers               = true                           {product lp64_product} {ergonomic}
     bool UseCompressedOops                        = true                           {product lp64_product} {ergonomic}
     bool UseG1GC                                  = true                                      {product} {ergonomic}
     bool UseLargePagesIndividualAllocation        = false                                  {pd product} {ergonomic}

Logging:
Log output configuration:
 #0: stdout all=warning uptime,level,tags
 #1: stderr all=off uptime,level,tags

Environment Variables:
PATH=C:\Program Files (x86)\Android\openjdk\jdk-17.0.8.101-hotspot\bin;C:\Program Files (x86)\Common Files\Oracle\Java\javapath;C:\Program Files\Microsoft\jdk-11.0.16.101-hotspot\bin;C:\Windows\system32;C:\Windows;C:\Windows\System32\Wbem;C:\Windows\System32\WindowsPowerShell\v1.0\;C:\Windows\System32\OpenSSH\;C:\Program Files\Microsoft SQL Server\130\Tools\Binn\;C:\Program Files\Microsoft SQL Server\Client SDK\ODBC\170\Tools\Binn\;C:\Program Files\dotnet\;C:\Program Files\PuTTY\;C:\ProgramData\chocolatey\bin;C:\Program Files\nodejs\;C:\Program Files\Git\cmd;C:\Program Files\Microsoft SQL Server\150\Tools\Binn\;C:\Program Files\PostgreSQL\16\bin;C:\Users\tomik\AppData\Local\Programs\Python\Python311\Scripts\;C:\Users\tomik\AppData\Local\Programs\Python\Python311\;C:\Program Files\MySQL\MySQL Shell 8.0\bin\;C:\Users\tomik\AppData\Local\Microsoft\WindowsApps;;C:\Users\tomik\AppData\Local\Programs\Microsoft VS Code\bin;C:\Users\tomik\.dotnet\tools;C:\Users\tomik\AppData\Roaming\npm
USERNAME=tomik
OS=Windows_NT
PROCESSOR_IDENTIFIER=Intel64 Family 6 Model 61 Stepping 4, GenuineIntel
TMP=C:\Users\tomik\AppData\Local\Temp
TEMP=C:\Users\tomik\AppData\Local\Temp



---------------  S Y S T E M  ---------------

OS:
 Windows 10 , 64 bit Build 19041 (10.0.19041.3636)
OS uptime: 4 days 7:30 hours
Hyper-V role detected

CPU: total 4 (initial active 4) (2 cores per cpu, 2 threads per core) family 6 model 61 stepping 4 microcode 0x2d, cx8, cmov, fxsr, ht, mmx, 3dnowpref, sse, sse2, sse3, ssse3, sse4.1, sse4.2, popcnt, lzcnt, tsc, tscinvbit, avx, avx2, aes, erms, clmul, bmi1, bmi2, rtm, adx, fma, vzeroupper, clflush, hv
Processor Information for all 4 processors :
  Max Mhz: 2301, Current Mhz: 2301, Mhz Limit: 2301

Memory: 4k page, system-wide physical 12163M (2528M free)
TotalPageFile size 14211M (AvailPageFile size 137M)
current process WorkingSet (physical memory assigned to process): 10M, peak: 10M
current process commit charge ("private bytes"): 51M, peak: 243M

vm_info: OpenJDK 64-Bit Server VM (17.0.8.1+1-LTS) for windows-amd64 JRE (17.0.8.1+1-LTS), built on Aug 23 2023 17:38:52 by "MicrosoftCorporation" with MS VC++ 16.10 / 16.11 (VS2019)

END.
