#
# There is insufficient memory for the Java Runtime Environment to continue.
# Native memory allocation (mmap) failed to map 65536 bytes for Failed to commit metaspace.
# Possible reasons:
#   The system is out of physical RAM or swap space
#   The process is running with CompressedOops enabled, and the Java Heap may be blocking the growth of the native heap
# Possible solutions:
#   Reduce memory load on the system
#   Increase physical memory or swap space
#   Check if swap backing store is full
#   Decrease Java heap size (-Xmx/-Xms)
#   Decrease number of Java threads
#   Decrease Java thread stack sizes (-Xss)
#   Set larger code cache with -XX:ReservedCodeCacheSize=
#   JVM is running with Zero Based Compressed Oops mode in which the Java heap is
#     placed in the first 32GB address space. The Java Heap base address is the
#     maximum limit for the native heap growth. Please use -XX:HeapBaseMinAddress
#     to set the Java Heap base and to place the Java Heap above 32GB virtual address.
# This output file may be truncated or incomplete.
#
#  Out of Memory Error (virtualSpaceNode.cpp:110), pid=8288, tid=15032
#
# JRE version: OpenJDK Runtime Environment Microsoft-8297089 (17.0.8.1+1) (build 17.0.8.1+1-LTS)
# Java VM: OpenJDK 64-Bit Server VM Microsoft-8297089 (17.0.8.1+1-LTS, mixed mode, tiered, compressed oops, compressed class ptrs, g1 gc, windows-amd64)
# No core dump will be written. Minidumps are not enabled by default on client versions of Windows
#

---------------  S U M M A R Y ------------

Command Line: -Dapplication.home=C:\Program Files (x86)\Android\openjdk\jdk-17.0.8.101-hotspot --add-modules=ALL-DEFAULT -Xms8m -Djdk.module.main=jdk.compiler jdk.compiler/com.sun.tools.javac.Main -version

Host: Intel(R) Core(TM) i5-5300U CPU @ 2.30GHz, 4 cores, 11G,  Windows 10 , 64 bit Build 19041 (10.0.19041.3636)
Time: Sat Jun  8 14:57:01 2024 Stindows 10 , 64 bit Build 19041 (10.0.19041.3636) elapsed time: 0.241502 seconds (0d 0h 0m 0s)

---------------  T H R E A D  ---------------

Current thread (0x0000028c62ab3a60):  JavaThread "main" [_thread_in_vm, id=15032, stack(0x000000ef6da00000,0x000000ef6db00000)]

Stack: [0x000000ef6da00000,0x000000ef6db00000]
Native frames: (J=compiled Java code, j=interpreted, Vv=VM code, C=native code)
V  [jvm.dll+0x67bf3a]
V  [jvm.dll+0x83a024]
V  [jvm.dll+0x83b7ce]
V  [jvm.dll+0x83be33]
V  [jvm.dll+0x24785f]
V  [jvm.dll+0x8360bb]
V  [jvm.dll+0x6206e6]
V  [jvm.dll+0x62074a]
V  [jvm.dll+0x622f6a]
V  [jvm.dll+0x621086]
V  [jvm.dll+0x2451dc]
V  [jvm.dll+0x6d315d]
V  [jvm.dll+0x6d3b8f]
V  [jvm.dll+0x374e14]
V  [jvm.dll+0x373eb4]
V  [jvm.dll+0x373e58]
V  [jvm.dll+0x383dba]
C  0x0000028c732eb704

Java frames: (J=compiled Java code, j=interpreted, Vv=VM code)
j  java.nio.DirectByteBuffer.asReadOnlyBuffer()Ljava/nio/ByteBuffer;+0 java.base@17.0.8.1
j  jdk.internal.jimage.BasicImageReader.<init>(Ljava/nio/file/Path;Ljava/nio/ByteOrder;)V+321 java.base@17.0.8.1
j  jdk.internal.jimage.ImageReader$SharedImageReader.<init>(Ljava/nio/file/Path;Ljava/nio/ByteOrder;)V+3 java.base@17.0.8.1
j  jdk.internal.jimage.ImageReader$SharedImageReader.open(Ljava/nio/file/Path;Ljava/nio/ByteOrder;)Ljdk/internal/jimage/ImageReader;+39 java.base@17.0.8.1
j  jdk.internal.jimage.ImageReader.open(Ljava/nio/file/Path;Ljava/nio/ByteOrder;)Ljdk/internal/jimage/ImageReader;+12 java.base@17.0.8.1
j  jdk.internal.jimage.ImageReader.open(Ljava/nio/file/Path;)Ljdk/internal/jimage/ImageReader;+4 java.base@17.0.8.1
j  jdk.internal.jimage.ImageReaderFactory$1.apply(Ljava/nio/file/Path;)Ljdk/internal/jimage/ImageReader;+1 java.base@17.0.8.1
j  jdk.internal.jimage.ImageReaderFactory$1.apply(Ljava/lang/Object;)Ljava/lang/Object;+5 java.base@17.0.8.1
j  java.util.concurrent.ConcurrentHashMap.computeIfAbsent(Ljava/lang/Object;Ljava/util/function/Function;)Ljava/lang/Object;+115 java.base@17.0.8.1
j  jdk.internal.jimage.ImageReaderFactory.get(Ljava/nio/file/Path;)Ljdk/internal/jimage/ImageReader;+12 java.base@17.0.8.1
j  jdk.internal.jimage.ImageReaderFactory.getImageReader()Ljdk/internal/jimage/ImageReader;+3 java.base@17.0.8.1
j  jdk.internal.module.SystemModuleFinders$SystemImage.<clinit>()V+0 java.base@17.0.8.1
v  ~StubRoutines::call_stub
j  jdk.internal.module.SystemModuleFinders$SystemModuleReader.findImageLocation(Ljava/lang/String;)Ljdk/internal/jimage/ImageLocation;+22 java.base@17.0.8.1
j  jdk.internal.module.SystemModuleFinders$SystemModuleReader.read(Ljava/lang/String;)Ljava/util/Optional;+2 java.base@17.0.8.1
j  jdk.internal.loader.BuiltinClassLoader.defineClass(Ljava/lang/String;Ljdk/internal/loader/BuiltinClassLoader$LoadedModule;)Ljava/lang/Class;+79 java.base@17.0.8.1
j  jdk.internal.loader.BuiltinClassLoader.findClassInModuleOrNull(Ljdk/internal/loader/BuiltinClassLoader$LoadedModule;Ljava/lang/String;)Ljava/lang/Class;+9 java.base@17.0.8.1
j  jdk.internal.loader.BuiltinClassLoader.findClass(Ljava/lang/String;Ljava/lang/String;)Ljava/lang/Class;+42 java.base@17.0.8.1
j  java.lang.ClassLoader.loadClass(Ljava/lang/Module;Ljava/lang/String;)Ljava/lang/Class;+26 java.base@17.0.8.1
j  java.lang.Class.forName(Ljava/lang/Module;Ljava/lang/String;)Ljava/lang/Class;+81 java.base@17.0.8.1
j  sun.launcher.LauncherHelper.loadModuleMainClass(Ljava/lang/String;)Ljava/lang/Class;+151 java.base@17.0.8.1
j  sun.launcher.LauncherHelper.checkAndLoadMain(ZILjava/lang/String;)Ljava/lang/Class;+33 java.base@17.0.8.1
v  ~StubRoutines::call_stub

---------------  P R O C E S S  ---------------

Threads class SMR info:
_java_thread_list=0x0000028c05444400, length=12, elements={
0x0000028c62ab3a60, 0x0000028c05118610, 0x0000028c0511bdd0, 0x0000028c0512ff20,
0x0000028c051309f0, 0x0000028c05133b70, 0x0000028c0514fa40, 0x0000028c051562f0,
0x0000028c051577b0, 0x0000028c05174b20, 0x0000028c05393160, 0x0000028c054aa040
}

Java Threads: ( => current thread )
=>0x0000028c62ab3a60 JavaThread "main" [_thread_in_vm, id=15032, stack(0x000000ef6da00000,0x000000ef6db00000)]
  0x0000028c05118610 JavaThread "Reference Handler" daemon [_thread_blocked, id=14644, stack(0x000000ef6e100000,0x000000ef6e200000)]
  0x0000028c0511bdd0 JavaThread "Finalizer" daemon [_thread_blocked, id=13544, stack(0x000000ef6e200000,0x000000ef6e300000)]
  0x0000028c0512ff20 JavaThread "Signal Dispatcher" daemon [_thread_blocked, id=4212, stack(0x000000ef6e300000,0x000000ef6e400000)]
  0x0000028c051309f0 JavaThread "Attach Listener" daemon [_thread_blocked, id=11436, stack(0x000000ef6e400000,0x000000ef6e500000)]
  0x0000028c05133b70 JavaThread "Service Thread" daemon [_thread_blocked, id=14076, stack(0x000000ef6e500000,0x000000ef6e600000)]
  0x0000028c0514fa40 JavaThread "Monitor Deflation Thread" daemon [_thread_blocked, id=9664, stack(0x000000ef6e600000,0x000000ef6e700000)]
  0x0000028c051562f0 JavaThread "C2 CompilerThread0" daemon [_thread_blocked, id=17168, stack(0x000000ef6e700000,0x000000ef6e800000)]
  0x0000028c051577b0 JavaThread "C1 CompilerThread0" daemon [_thread_blocked, id=6904, stack(0x000000ef6e800000,0x000000ef6e900000)]
  0x0000028c05174b20 JavaThread "Sweeper thread" daemon [_thread_blocked, id=4616, stack(0x000000ef6e900000,0x000000ef6ea00000)]
  0x0000028c05393160 JavaThread "Common-Cleaner" daemon [_thread_blocked, id=13176, stack(0x000000ef6ea00000,0x000000ef6eb00000)]
  0x0000028c054aa040 JavaThread "Notification Thread" daemon [_thread_blocked, id=7024, stack(0x000000ef6eb00000,0x000000ef6ec00000)]

Other Threads:
  0x0000028c050bad70 VMThread "VM Thread" [stack: 0x000000ef6e000000,0x000000ef6e100000] [id=16288]
  0x0000028c054ac930 WatcherThread [stack: 0x000000ef6ec00000,0x000000ef6ed00000] [id=11752]
  0x0000028c62b09460 GCTaskThread "GC Thread#0" [stack: 0x000000ef6db00000,0x000000ef6dc00000] [id=12928]
  0x0000028c62b170e0 ConcurrentGCThread "G1 Main Marker" [stack: 0x000000ef6dc00000,0x000000ef6dd00000] [id=15076]
  0x0000028c62b181a0 ConcurrentGCThread "G1 Conc#0" [stack: 0x000000ef6dd00000,0x000000ef6de00000] [id=908]
  0x0000028c62b2efb0 ConcurrentGCThread "G1 Refine#0" [stack: 0x000000ef6de00000,0x000000ef6df00000] [id=9156]
  0x0000028c62b2f8f0 ConcurrentGCThread "G1 Service" [stack: 0x000000ef6df00000,0x000000ef6e000000] [id=10564]

Threads with active compile tasks:

VM state: not at safepoint (normal execution)

VM Mutex/Monitor currently owned by a thread:  ([mutex/lock_event])
[0x0000028c62aae0b0] Metaspace_lock - owner thread: 0x0000028c62ab3a60

Heap address: 0x0000000741e00000, size: 3042 MB, Compressed Oops mode: Zero based, Oop shift amount: 3

CDS archive(s) not mapped
Compressed class space mapped at: 0x0000000800000000-0x0000000840000000, reserved size: 1073741824
Narrow klass base: 0x0000000800000000, Narrow klass shift: 0, Narrow klass range: 0x40000000

GC Precious Log:
 CPUs: 4 total, 4 available
 Memory: 12163M
 Large Page Support: Disabled
 NUMA Support: Disabled
 Compressed Oops: Enabled (Zero based)
 Heap Region Size: 2M
 Heap Min Capacity: 8M
 Heap Initial Capacity: 8M
 Heap Max Capacity: 3042M
 Pre-touch: Disabled
 Parallel Workers: 4
 Concurrent Workers: 1
 Concurrent Refinement Workers: 4
 Periodic GC: Disabled

Heap:
 garbage-first heap   total 8192K, used 0K [0x0000000741e00000, 0x0000000800000000)
  region size 2048K, 1 young (2048K), 0 survivors (0K)
 Metaspace       used 5371K, committed 5504K, reserved 1114112K
  class space    used 442K, committed 512K, reserved 1048576K

Heap Regions: E=young(eden), S=young(survivor), O=old, HS=humongous(starts), HC=humongous(continues), CS=collection set, F=free, OA=open archive, CA=closed archive, TAMS=top-at-mark-start (previous, next)
|   0|0x0000000741e00000, 0x0000000741e00000, 0x0000000742000000|  0%| F|  |TAMS 0x0000000741e00000, 0x0000000741e00000| Untracked 
|   1|0x0000000742000000, 0x0000000742000000, 0x0000000742200000|  0%| F|  |TAMS 0x0000000742000000, 0x0000000742000000| Untracked 
|   2|0x0000000742200000, 0x0000000742200000, 0x0000000742400000|  0%| F|  |TAMS 0x0000000742200000, 0x0000000742200000| Untracked 
|   3|0x0000000742400000, 0x00000007425512d8, 0x0000000742600000| 65%| E|  |TAMS 0x0000000742400000, 0x0000000742400000| Complete 

Card table byte_map: [0x0000028c7b9c0000,0x0000028c7bfc0000] _byte_map_base: 0x0000028c77fb1000

Marking Bits (Prev, Next): (CMBitMap*) 0x0000028c62b09990, (CMBitMap*) 0x0000028c62b099d0
 Prev Bits: [0x0000028c7c5c0000, 0x0000028c7f548000)
 Next Bits: [0x0000028c00000000, 0x0000028c02f88000)

Polling page: 0x0000028c62b70000

Metaspace:

Usage:
  Non-class:      4.81 MB used.
      Class:    442.68 KB used.
       Both:      5.25 MB used.

Virtual space:
  Non-class space:       64.00 MB reserved,       4.88 MB (  8%) committed,  1 nodes.
      Class space:        1.00 GB reserved,     512.00 KB ( <1%) committed,  1 nodes.
             Both:        1.06 GB reserved,       5.38 MB ( <1%) committed. 

Chunk freelists:
   Non-Class:  11.00 MB
       Class:  15.56 MB
        Both:  26.56 MB

MaxMetaspaceSize: unlimited
CompressedClassSpaceSize: 1.00 GB
Initial GC threshold: 21.00 MB
Current GC threshold: 21.00 MB
CDS: off
MetaspaceReclaimPolicy: balanced
 - commit_granule_bytes: 65536.
 - commit_granule_words: 8192.
 - virtual_space_node_default_size: 8388608.
 - enlarge_chunks_in_place: 1.
 - new_chunks_are_fully_committed: 0.
 - uncommit_free_chunks: 1.
 - use_allocation_guard: 0.
 - handle_deallocations: 1.


Internal statistics:

num_allocs_failed_limit: 0.
num_arena_births: 4.
num_arena_deaths: 0.
num_vsnodes_births: 2.
num_vsnodes_deaths: 0.
num_space_committed: 86.
num_space_uncommitted: 0.
num_chunks_returned_to_freelist: 0.
num_chunks_taken_from_freelist: 8.
num_chunk_merges: 0.
num_chunk_splits: 4.
num_chunks_enlarged: 1.
num_inconsistent_stats: 0.

CodeHeap 'non-profiled nmethods': size=120000Kb used=52Kb max_used=52Kb free=119947Kb
 bounds [0x0000028c73870000, 0x0000028c73ae0000, 0x0000028c7ada0000]
CodeHeap 'profiled nmethods': size=120000Kb used=202Kb max_used=202Kb free=119798Kb
 bounds [0x0000028c6bda0000, 0x0000028c6c010000, 0x0000028c732d0000]
CodeHeap 'non-nmethods': size=5760Kb used=1075Kb max_used=1088Kb free=4684Kb
 bounds [0x0000028c732d0000, 0x0000028c73540000, 0x0000028c73870000]
 total_blobs=516 nmethods=173 adapters=256
 compilation: enabled
              stopped_count=0, restarted_count=0
 full_count=0

Compilation events (20 events):
Event: 0.218 Thread 0x0000028c051577b0 nmethod 164 0x0000028c7387b690 code [0x0000028c7387b820, 0x0000028c7387b8f8]
Event: 0.218 Thread 0x0000028c051577b0  165       1       java.lang.module.ModuleDescriptor::isOpen (5 bytes)
Event: 0.218 Thread 0x0000028c051577b0 nmethod 165 0x0000028c7387b990 code [0x0000028c7387bb20, 0x0000028c7387bbf8]
Event: 0.219 Thread 0x0000028c051577b0  166       1       java.util.HashMap::size (5 bytes)
Event: 0.219 Thread 0x0000028c051577b0 nmethod 166 0x0000028c7387bc90 code [0x0000028c7387be20, 0x0000028c7387bef8]
Event: 0.220 Thread 0x0000028c051577b0  167       1       java.lang.module.ModuleDescriptor$Provides::service (5 bytes)
Event: 0.220 Thread 0x0000028c051577b0 nmethod 167 0x0000028c7387bf90 code [0x0000028c7387c120, 0x0000028c7387c1f8]
Event: 0.220 Thread 0x0000028c051577b0  168       3       java.lang.StringBuilder::append (8 bytes)
Event: 0.220 Thread 0x0000028c051577b0 nmethod 168 0x0000028c6bdd0610 code [0x0000028c6bdd07a0, 0x0000028c6bdd08e8]
Event: 0.220 Thread 0x0000028c051577b0  169       3       java.lang.AbstractStringBuilder::append (45 bytes)
Event: 0.221 Thread 0x0000028c051577b0 nmethod 169 0x0000028c6bdd0990 code [0x0000028c6bdd0b60, 0x0000028c6bdd0ea8]
Event: 0.228 Thread 0x0000028c051577b0  170       3       java.lang.StringLatin1::indexOfChar (33 bytes)
Event: 0.229 Thread 0x0000028c051577b0 nmethod 170 0x0000028c6bdd1010 code [0x0000028c6bdd11c0, 0x0000028c6bdd13f8]
Event: 0.229 Thread 0x0000028c051577b0  171       3       java.lang.String::indexOf (29 bytes)
Event: 0.229 Thread 0x0000028c051577b0 nmethod 171 0x0000028c6bdd1510 code [0x0000028c6bdd16e0, 0x0000028c6bdd1998]
Event: 0.230 Thread 0x0000028c051577b0  172       3       java.lang.StringLatin1::indexOf (36 bytes)
Event: 0.230 Thread 0x0000028c051577b0 nmethod 172 0x0000028c6bdd1a90 code [0x0000028c6bdd1c60, 0x0000028c6bdd2098]
Event: 0.233 Thread 0x0000028c051577b0  173       3       java.lang.StringLatin1::newString (24 bytes)
Event: 0.233 Thread 0x0000028c051577b0 nmethod 173 0x0000028c6bdd2210 code [0x0000028c6bdd23e0, 0x0000028c6bdd2708]
Event: 0.236 Thread 0x0000028c051562f0 nmethod 162 0x0000028c7387c290 code [0x0000028c7387c460, 0x0000028c7387cdd8]

GC Heap History (0 events):
No events

Dll operation events (3 events):
Event: 0.012 Loaded shared library C:\Program Files (x86)\Android\openjdk\jdk-17.0.8.101-hotspot\bin\java.dll
Event: 0.050 Loaded shared library C:\Program Files (x86)\Android\openjdk\jdk-17.0.8.101-hotspot\bin\jsvml.dll
Event: 0.235 Loaded shared library C:\Program Files (x86)\Android\openjdk\jdk-17.0.8.101-hotspot\bin\jimage.dll

Deoptimization events (0 events):
No events

Classes unloaded (0 events):
No events

Classes redefined (0 events):
No events

Internal exceptions (0 events):
No events

VM Operations (2 events):
Event: 0.194 Executing VM operation: HandshakeAllThreads
Event: 0.194 Executing VM operation: HandshakeAllThreads done

Events (20 events):
Event: 0.237 loading class java/nio/DirectByteBuffer
Event: 0.237 loading class java/nio/MappedByteBuffer
Event: 0.237 loading class java/nio/MappedByteBuffer done
Event: 0.237 loading class java/nio/DirectByteBuffer done
Event: 0.238 loading class java/nio/Bits
Event: 0.238 loading class java/nio/Bits done
Event: 0.238 loading class java/util/concurrent/atomic/AtomicLong
Event: 0.238 loading class java/util/concurrent/atomic/AtomicLong done
Event: 0.238 loading class java/nio/Bits$1
Event: 0.238 loading class jdk/internal/misc/VM$BufferPool
Event: 0.238 loading class jdk/internal/misc/VM$BufferPool done
Event: 0.238 loading class java/nio/Bits$1 done
Event: 0.238 loading class jdk/internal/jimage/ImageHeader
Event: 0.239 loading class jdk/internal/jimage/ImageHeader done
Event: 0.239 loading class java/nio/DirectIntBufferU
Event: 0.239 loading class java/nio/IntBuffer
Event: 0.239 loading class java/nio/IntBuffer done
Event: 0.239 loading class java/nio/DirectIntBufferU done
Event: 0.239 loading class java/nio/DirectByteBufferR
Event: 0.239 loading class java/nio/DirectByteBufferR done


Dynamic libraries:
0x00007ff7efa60000 - 0x00007ff7efa68000 	C:\Program Files (x86)\Android\openjdk\jdk-17.0.8.101-hotspot\bin\javac.exe
0x00007ffa43a50000 - 0x00007ffa43c48000 	C:\Windows\SYSTEM32\ntdll.dll
0x00007ffa43680000 - 0x00007ffa4373d000 	C:\Windows\System32\KERNEL32.DLL
0x00007ffa41140000 - 0x00007ffa41436000 	C:\Windows\System32\KERNELBASE.dll
0x00007ffa418b0000 - 0x00007ffa419b0000 	C:\Windows\System32\ucrtbase.dll
0x00007ffa0ce90000 - 0x00007ffa0cea7000 	C:\Program Files (x86)\Android\openjdk\jdk-17.0.8.101-hotspot\bin\jli.dll
0x00007ffa427c0000 - 0x00007ffa4295f000 	C:\Windows\System32\USER32.dll
0x00007ffa41110000 - 0x00007ffa41132000 	C:\Windows\System32\win32u.dll
0x00007ffa0a990000 - 0x00007ffa0a9ab000 	C:\Program Files (x86)\Android\openjdk\jdk-17.0.8.101-hotspot\bin\VCRUNTIME140.dll
0x00007ffa43840000 - 0x00007ffa4386b000 	C:\Windows\System32\GDI32.dll
0x00007ffa415a0000 - 0x00007ffa416b7000 	C:\Windows\System32\gdi32full.dll
0x00007ffa41770000 - 0x00007ffa4180d000 	C:\Windows\System32\msvcp_win.dll
0x00007ffa308f0000 - 0x00007ffa30b8a000 	C:\Windows\WinSxS\amd64_microsoft.windows.common-controls_6595b64144ccf1df_6.0.19041.4355_none_60b8b9eb71f62e16\COMCTL32.dll
0x00007ffa42a10000 - 0x00007ffa42aae000 	C:\Windows\System32\msvcrt.dll
0x00007ffa438f0000 - 0x00007ffa4391f000 	C:\Windows\System32\IMM32.DLL
0x00007ffa27e40000 - 0x00007ffa27e4c000 	C:\Program Files (x86)\Android\openjdk\jdk-17.0.8.101-hotspot\bin\vcruntime140_1.dll
0x00007ffa05050000 - 0x00007ffa050dd000 	C:\Program Files (x86)\Android\openjdk\jdk-17.0.8.101-hotspot\bin\msvcp140.dll
0x00007ff97c080000 - 0x00007ff97cce5000 	C:\Program Files (x86)\Android\openjdk\jdk-17.0.8.101-hotspot\bin\server\jvm.dll
0x00007ffa42550000 - 0x00007ffa42600000 	C:\Windows\System32\ADVAPI32.dll
0x00007ffa437a0000 - 0x00007ffa43840000 	C:\Windows\System32\sechost.dll
0x00007ffa42600000 - 0x00007ffa42723000 	C:\Windows\System32\RPCRT4.dll
0x00007ffa41880000 - 0x00007ffa418a7000 	C:\Windows\System32\bcrypt.dll
0x00007ffa40640000 - 0x00007ffa4068b000 	C:\Windows\SYSTEM32\POWRPROF.dll
0x00007ffa31c00000 - 0x00007ffa31c27000 	C:\Windows\SYSTEM32\WINMM.dll
0x00007ffa249c0000 - 0x00007ffa249c9000 	C:\Windows\SYSTEM32\WSOCK32.dll
0x00007ffa43610000 - 0x00007ffa4367b000 	C:\Windows\System32\WS2_32.dll
0x00007ffa337a0000 - 0x00007ffa337aa000 	C:\Windows\SYSTEM32\VERSION.dll
0x00007ffa40500000 - 0x00007ffa40512000 	C:\Windows\SYSTEM32\UMPDC.dll
0x00007ffa3eeb0000 - 0x00007ffa3eec2000 	C:\Windows\SYSTEM32\kernel.appcore.dll
0x00007ffa1fa60000 - 0x00007ffa1fa6a000 	C:\Program Files (x86)\Android\openjdk\jdk-17.0.8.101-hotspot\bin\jimage.dll
0x00007ffa34100000 - 0x00007ffa342e4000 	C:\Windows\SYSTEM32\DBGHELP.DLL
0x00007ffa2be10000 - 0x00007ffa2be44000 	C:\Windows\SYSTEM32\dbgcore.DLL
0x00007ffa41a00000 - 0x00007ffa41a82000 	C:\Windows\System32\bcryptPrimitives.dll
0x00007ffa0a960000 - 0x00007ffa0a985000 	C:\Program Files (x86)\Android\openjdk\jdk-17.0.8.101-hotspot\bin\java.dll
0x00007ffa04f70000 - 0x00007ffa05047000 	C:\Program Files (x86)\Android\openjdk\jdk-17.0.8.101-hotspot\bin\jsvml.dll
0x00007ffa41a90000 - 0x00007ffa421fa000 	C:\Windows\System32\SHELL32.dll
0x00007ffa3f190000 - 0x00007ffa3f92d000 	C:\Windows\SYSTEM32\windows.storage.dll
0x00007ffa42ac0000 - 0x00007ffa42e13000 	C:\Windows\System32\combase.dll
0x00007ffa40b30000 - 0x00007ffa40b5e000 	C:\Windows\SYSTEM32\Wldp.dll
0x00007ffa43010000 - 0x00007ffa430dd000 	C:\Windows\System32\OLEAUT32.dll
0x00007ffa42f60000 - 0x00007ffa4300d000 	C:\Windows\System32\SHCORE.dll
0x00007ffa43740000 - 0x00007ffa43795000 	C:\Windows\System32\shlwapi.dll
0x00007ffa41040000 - 0x00007ffa41064000 	C:\Windows\SYSTEM32\profapi.dll

dbghelp: loaded successfully - version: 4.0.5 - missing functions: none
symbol engine: initialized successfully - sym options: 0x614 - pdb path: .;C:\Program Files (x86)\Android\openjdk\jdk-17.0.8.101-hotspot\bin;C:\Windows\SYSTEM32;C:\Windows\WinSxS\amd64_microsoft.windows.common-controls_6595b64144ccf1df_6.0.19041.4355_none_60b8b9eb71f62e16;C:\Program Files (x86)\Android\openjdk\jdk-17.0.8.101-hotspot\bin\server

VM Arguments:
jvm_args: -Dapplication.home=C:\Program Files (x86)\Android\openjdk\jdk-17.0.8.101-hotspot --add-modules=ALL-DEFAULT -Xms8m -Djdk.module.main=jdk.compiler 
java_command: jdk.compiler/com.sun.tools.javac.Main -version
java_class_path (initial): <not set>
Launcher Type: SUN_STANDARD

[Global flags]
     intx CICompilerCount                          = 3                                         {product} {ergonomic}
     uint ConcGCThreads                            = 1                                         {product} {ergonomic}
     uint G1ConcRefinementThreads                  = 4                                         {product} {ergonomic}
   size_t G1HeapRegionSize                         = 2097152                                   {product} {ergonomic}
    uintx GCDrainStackTargetSize                   = 64                                        {product} {ergonomic}
   size_t InitialHeapSize                          = 8388608                                   {product} {command line}
   size_t MarkStackSize                            = 4194304                                   {product} {ergonomic}
   size_t MaxHeapSize                              = 3189768192                                {product} {ergonomic}
   size_t MaxNewSize                               = 1912602624                                {product} {ergonomic}
   size_t MinHeapDeltaBytes                        = 2097152                                   {product} {ergonomic}
   size_t MinHeapSize                              = 8388608                                   {product} {command line}
    uintx NonNMethodCodeHeapSize                   = 5832780                                {pd product} {ergonomic}
    uintx NonProfiledCodeHeapSize                  = 122912730                              {pd product} {ergonomic}
    uintx ProfiledCodeHeapSize                     = 122912730                              {pd product} {ergonomic}
    uintx ReservedCodeCacheSize                    = 251658240                              {pd product} {ergonomic}
     bool SegmentedCodeCache                       = true                                      {product} {ergonomic}
   size_t SoftMaxHeapSize                          = 3189768192                             {manageable} {ergonomic}
     bool UseCompressedClassPointers               = true                           {product lp64_product} {ergonomic}
     bool UseCompressedOops                        = true                           {product lp64_product} {ergonomic}
     bool UseG1GC                                  = true                                      {product} {ergonomic}
     bool UseLargePagesIndividualAllocation        = false                                  {pd product} {ergonomic}

Logging:
Log output configuration:
 #0: stdout all=warning uptime,level,tags
 #1: stderr all=off uptime,level,tags

Environment Variables:
PATH=C:\Program Files (x86)\Android\openjdk\jdk-17.0.8.101-hotspot\bin;C:\Python312\Scripts\;C:\Python312\;C:\Program Files (x86)\Common Files\Oracle\Java\javapath;C:\Program Files\Microsoft\jdk-11.0.16.101-hotspot\bin;C:\Windows\system32;C:\Windows;C:\Windows\System32\Wbem;C:\Windows\System32\WindowsPowerShell\v1.0\;C:\Windows\System32\OpenSSH\;C:\Program Files\Microsoft SQL Server\130\Tools\Binn\;C:\Program Files\Microsoft SQL Server\Client SDK\ODBC\170\Tools\Binn\;C:\Program Files\dotnet\;C:\Program Files\PuTTY\;C:\ProgramData\chocolatey\bin;C:\Program Files\Git\cmd;C:\Program Files\Microsoft SQL Server\150\Tools\Binn\;C:\Program Files\PostgreSQL\16\bin;C:\Program Files\Tailscale\;C:\Program Files\nodejs\;C:\Users\tomik\AppData\Local\Programs\Python\Python311\Scripts\;C:\Users\tomik\AppData\Local\Programs\Python\Python311\;C:\Program Files\MySQL\MySQL Shell 8.0\bin\;C:\Users\tomik\AppData\Local\Microsoft\WindowsApps;;C:\Users\tomik\AppData\Local\Programs\Microsoft VS Code\bin;C:\Users\tomik\.dotnet\tools;C:\Users\tomik\AppData\Roaming\npm
USERNAME=tomik
OS=Windows_NT
PROCESSOR_IDENTIFIER=Intel64 Family 6 Model 61 Stepping 4, GenuineIntel
TMP=C:\Users\tomik\AppData\Local\Temp
TEMP=C:\Users\tomik\AppData\Local\Temp



---------------  S Y S T E M  ---------------

OS:
 Windows 10 , 64 bit Build 19041 (10.0.19041.3636)
OS uptime: 0 days 14:30 hours

CPU: total 4 (initial active 4) (2 cores per cpu, 2 threads per core) family 6 model 61 stepping 4 microcode 0x2d, cx8, cmov, fxsr, ht, mmx, 3dnowpref, sse, sse2, sse3, ssse3, sse4.1, sse4.2, popcnt, lzcnt, tsc, tscinvbit, avx, avx2, aes, erms, clmul, bmi1, bmi2, rtm, adx, fma, vzeroupper, clflush
Processor Information for all 4 processors :
  Max Mhz: 2301, Current Mhz: 2301, Mhz Limit: 2301

Memory: 4k page, system-wide physical 12163M (1708M free)
TotalPageFile size 14211M (AvailPageFile size 2M)
current process WorkingSet (physical memory assigned to process): 29M, peak: 29M
current process commit charge ("private bytes"): 71M, peak: 72M

vm_info: OpenJDK 64-Bit Server VM (17.0.8.1+1-LTS) for windows-amd64 JRE (17.0.8.1+1-LTS), built on Aug 23 2023 17:38:52 by "MicrosoftCorporation" with MS VC++ 16.10 / 16.11 (VS2019)

END.
