#
# There is insufficient memory for the Java Runtime Environment to continue.
# Native memory allocation (mmap) failed to map 85983232 bytes for G1 virtual space
# Possible reasons:
#   The system is out of physical RAM or swap space
#   The process is running with CompressedOops enabled, and the Java Heap may be blocking the growth of the native heap
# Possible solutions:
#   Reduce memory load on the system
#   Increase physical memory or swap space
#   Check if swap backing store is full
#   Decrease Java heap size (-Xmx/-Xms)
#   Decrease number of Java threads
#   Decrease Java thread stack sizes (-Xss)
#   Set larger code cache with -XX:ReservedCodeCacheSize=
#   JVM is running with Zero Based Compressed Oops mode in which the Java heap is
#     placed in the first 32GB address space. The Java Heap base address is the
#     maximum limit for the native heap growth. Please use -XX:HeapBaseMinAddress
#     to set the Java Heap base and to place the Java Heap above 32GB virtual address.
# This output file may be truncated or incomplete.
#
#  Out of Memory Error (os_windows.cpp:3617), pid=18788, tid=18224
#
# JRE version: OpenJDK Runtime Environment Microsoft-8297089 (17.0.8.1+1) (build 17.0.8.1+1-LTS)
# Java VM: OpenJDK 64-Bit Server VM Microsoft-8297089 (17.0.8.1+1-LTS, mixed mode, sharing, tiered, compressed oops, compressed class ptrs, g1 gc, windows-amd64)
# No core dump will be written. Minidumps are not enabled by default on client versions of Windows
#

---------------  S U M M A R Y ------------

Command Line: -Dapplication.home=C:\Program Files (x86)\Android\openjdk\jdk-17.0.8.101-hotspot --add-modules=ALL-DEFAULT -Xms8m -Dfile.encoding=UTF8 -Djdk.module.main=jdk.compiler jdk.compiler/com.sun.tools.javac.Main @C:\Users\tomik\AppData\Local\Temp\tmp5E97.tmp -target 1.8 -source 1.8

Host: Intel(R) Core(TM) i5-5300U CPU @ 2.30GHz, 4 cores, 11G,  Windows 10 , 64 bit Build 19041 (10.0.19041.3636)
Time: Sun Feb  4 19:18:30 2024 Stindows 10 , 64 bit Build 19041 (10.0.19041.3636) elapsed time: 8.440518 seconds (0d 0h 0m 8s)

---------------  T H R E A D  ---------------

Current thread (0x000001bb9b6aa630):  VMThread "VM Thread" [stack: 0x000000847d400000,0x000000847d500000] [id=18224]

Stack: [0x000000847d400000,0x000000847d500000]
Native frames: (J=compiled Java code, j=interpreted, Vv=VM code, C=native code)
V  [jvm.dll+0x67bf3a]
V  [jvm.dll+0x83a024]
V  [jvm.dll+0x83b7ce]
V  [jvm.dll+0x83be33]
V  [jvm.dll+0x24785f]
V  [jvm.dll+0x678cb9]
V  [jvm.dll+0x66d54a]
V  [jvm.dll+0x308feb]
V  [jvm.dll+0x310496]
V  [jvm.dll+0x36019e]
V  [jvm.dll+0x3603cf]
V  [jvm.dll+0x2dff38]
V  [jvm.dll+0x2de114]
V  [jvm.dll+0x2dd71c]
V  [jvm.dll+0x32143b]
V  [jvm.dll+0x84032b]
V  [jvm.dll+0x841064]
V  [jvm.dll+0x84157d]
V  [jvm.dll+0x841954]
V  [jvm.dll+0x841a20]
V  [jvm.dll+0x7ea13a]
V  [jvm.dll+0x67ad85]
C  [ucrtbase.dll+0x21bb2]
C  [KERNEL32.DLL+0x17344]
C  [ntdll.dll+0x526b1]

VM_Operation (0x000000847cefe310): G1CollectForAllocation, mode: safepoint, requested by thread 0x000001bb9b57e810


---------------  P R O C E S S  ---------------

Threads class SMR info:
_java_thread_list=0x000001bb853b8fd0, length=13, elements={
0x000001bb9b57e810, 0x000001bb9b6ad230, 0x000001bb9b6ae0b0, 0x000001bbbd5f5cd0,
0x000001bbbd5f87a0, 0x000001bbbd5fa170, 0x000001bbbd5fab30, 0x000001bbbd5fed20,
0x000001bbbd607940, 0x000001bbbd612b20, 0x000001bb9b69c510, 0x000001bbbd86e940,
0x000001bbff489880
}

Java Threads: ( => current thread )
  0x000001bb9b57e810 JavaThread "main" [_thread_blocked, id=6660, stack(0x000000847ce00000,0x000000847cf00000)]
  0x000001bb9b6ad230 JavaThread "Reference Handler" daemon [_thread_blocked, id=18504, stack(0x000000847d500000,0x000000847d600000)]
  0x000001bb9b6ae0b0 JavaThread "Finalizer" daemon [_thread_blocked, id=10196, stack(0x000000847d600000,0x000000847d700000)]
  0x000001bbbd5f5cd0 JavaThread "Signal Dispatcher" daemon [_thread_blocked, id=16736, stack(0x000000847d700000,0x000000847d800000)]
  0x000001bbbd5f87a0 JavaThread "Attach Listener" daemon [_thread_blocked, id=17532, stack(0x000000847d800000,0x000000847d900000)]
  0x000001bbbd5fa170 JavaThread "Service Thread" daemon [_thread_blocked, id=19620, stack(0x000000847d900000,0x000000847da00000)]
  0x000001bbbd5fab30 JavaThread "Monitor Deflation Thread" daemon [_thread_blocked, id=2664, stack(0x000000847da00000,0x000000847db00000)]
  0x000001bbbd5fed20 JavaThread "C2 CompilerThread0" daemon [_thread_blocked, id=19080, stack(0x000000847db00000,0x000000847dc00000)]
  0x000001bbbd607940 JavaThread "C1 CompilerThread0" daemon [_thread_blocked, id=6400, stack(0x000000847dc00000,0x000000847dd00000)]
  0x000001bbbd612b20 JavaThread "Sweeper thread" daemon [_thread_blocked, id=17212, stack(0x000000847dd00000,0x000000847de00000)]
  0x000001bb9b69c510 JavaThread "Common-Cleaner" daemon [_thread_blocked, id=11696, stack(0x000000847de00000,0x000000847df00000)]
  0x000001bbbd86e940 JavaThread "Notification Thread" daemon [_thread_blocked, id=9636, stack(0x000000847df00000,0x000000847e000000)]
  0x000001bbff489880 JavaThread "C2 CompilerThread1" daemon [_thread_blocked, id=6192, stack(0x000000847e400000,0x000000847e500000)]

Other Threads:
=>0x000001bb9b6aa630 VMThread "VM Thread" [stack: 0x000000847d400000,0x000000847d500000] [id=18224]
  0x000001bb9b66f3c0 WatcherThread [stack: 0x000000847e000000,0x000000847e100000] [id=9220]
  0x000001bb9b6594e0 GCTaskThread "GC Thread#0" [stack: 0x000000847cf00000,0x000000847d000000] [id=2712]
  0x000001bbbd9d6a10 GCTaskThread "GC Thread#1" [stack: 0x000000847e100000,0x000000847e200000] [id=19892]
  0x000001bbbd93dd70 GCTaskThread "GC Thread#2" [stack: 0x000000847e200000,0x000000847e300000] [id=20084]
  0x000001bbbd93e030 GCTaskThread "GC Thread#3" [stack: 0x000000847e300000,0x000000847e400000] [id=13164]
  0x000001bb9b666240 ConcurrentGCThread "G1 Main Marker" [stack: 0x000000847d000000,0x000000847d100000] [id=3176]
  0x000001bb9b668400 ConcurrentGCThread "G1 Conc#0" [stack: 0x000000847d100000,0x000000847d200000] [id=19784]
  0x000001bb9b681850 ConcurrentGCThread "G1 Refine#0" [stack: 0x000000847d200000,0x000000847d300000] [id=11076]
  0x000001bb84636e70 ConcurrentGCThread "G1 Refine#1" [stack: 0x000000847e500000,0x000000847e600000] [id=7608]
  0x000001bb84636b80 ConcurrentGCThread "G1 Refine#2" [stack: 0x000000847e600000,0x000000847e700000] [id=8680]
  0x000001bb9b682280 ConcurrentGCThread "G1 Service" [stack: 0x000000847d300000,0x000000847d400000] [id=5788]

Threads with active compile tasks:
C2 CompilerThread0     8489 4099   !   4       com.sun.tools.javac.code.Types$12::visitClassType (229 bytes)
C2 CompilerThread1     8489 4040       4       com.sun.tools.javac.jvm.ClassReader::setParameters (334 bytes)

VM state: at safepoint (normal execution)

VM Mutex/Monitor currently owned by a thread:  ([mutex/lock_event])
[0x000001bb9b601d00] Threads_lock - owner thread: 0x000001bb9b6aa630
[0x000001bb9b600dd0] Heap_lock - owner thread: 0x000001bb9b57e810

Heap address: 0x0000000741e00000, size: 3042 MB, Compressed Oops mode: Zero based, Oop shift amount: 3

CDS archive(s) mapped at: [0x000001bbbe000000-0x000001bbbebd0000-0x000001bbbebd0000), size 12386304, SharedBaseAddress: 0x000001bbbe000000, ArchiveRelocationMode: 1.
Compressed class space mapped at: 0x000001bbbf000000-0x000001bbff000000, reserved size: 1073741824
Narrow klass base: 0x000001bbbe000000, Narrow klass shift: 0, Narrow klass range: 0x100000000

GC Precious Log:
 CPUs: 4 total, 4 available
 Memory: 12163M
 Large Page Support: Disabled
 NUMA Support: Disabled
 Compressed Oops: Enabled (Zero based)
 Heap Region Size: 2M
 Heap Min Capacity: 8M
 Heap Initial Capacity: 8M
 Heap Max Capacity: 3042M
 Pre-touch: Disabled
 Parallel Workers: 4
 Concurrent Workers: 1
 Concurrent Refinement Workers: 4
 Periodic GC: Disabled

Heap:
 garbage-first heap   total 126976K, used 68808K [0x0000000741e00000, 0x0000000800000000)
  region size 2048K, 1 young (2048K), 1 survivors (2048K)
 Metaspace       used 11451K, committed 11648K, reserved 1114112K
  class space    used 1122K, committed 1216K, reserved 1048576K

Heap Regions: E=young(eden), S=young(survivor), O=old, HS=humongous(starts), HC=humongous(continues), CS=collection set, F=free, OA=open archive, CA=closed archive, TAMS=top-at-mark-start (previous, next)
|   0|0x0000000741e00000, 0x0000000742000000, 0x0000000742000000|100%| O|  |TAMS 0x0000000742000000, 0x0000000742000000| Untracked 
|   1|0x0000000742000000, 0x0000000742200000, 0x0000000742200000|100%| O|  |TAMS 0x0000000742200000, 0x0000000742200000| Untracked 
|   2|0x0000000742200000, 0x0000000742400000, 0x0000000742400000|100%| O|  |TAMS 0x0000000742400000, 0x0000000742400000| Untracked 
|   3|0x0000000742400000, 0x0000000742600000, 0x0000000742600000|100%| O|  |TAMS 0x0000000742600000, 0x0000000742600000| Untracked 
|   4|0x0000000742600000, 0x0000000742800000, 0x0000000742800000|100%| O|  |TAMS 0x0000000742800000, 0x0000000742800000| Untracked 
|   5|0x0000000742800000, 0x0000000742a00000, 0x0000000742a00000|100%|HS|  |TAMS 0x0000000742a00000, 0x0000000742a00000| Complete 
|   6|0x0000000742a00000, 0x0000000742c00000, 0x0000000742c00000|100%|HC|  |TAMS 0x0000000742c00000, 0x0000000742c00000| Complete 
|   7|0x0000000742c00000, 0x0000000742e00000, 0x0000000742e00000|100%|HS|  |TAMS 0x0000000742e00000, 0x0000000742e00000| Complete 
|   8|0x0000000742e00000, 0x0000000743000000, 0x0000000743000000|100%|HC|  |TAMS 0x0000000743000000, 0x0000000743000000| Complete 
|   9|0x0000000743000000, 0x0000000743200000, 0x0000000743200000|100%|HC|  |TAMS 0x0000000743200000, 0x0000000743200000| Complete 
|  10|0x0000000743200000, 0x0000000743400000, 0x0000000743400000|100%|HS|  |TAMS 0x0000000743400000, 0x0000000743400000| Complete 
|  11|0x0000000743400000, 0x0000000743600000, 0x0000000743600000|100%| O|  |TAMS 0x0000000743600000, 0x0000000743600000| Untracked 
|  12|0x0000000743600000, 0x0000000743800000, 0x0000000743800000|100%| O|  |TAMS 0x0000000743800000, 0x0000000743800000| Untracked 
|  13|0x0000000743800000, 0x0000000743a00000, 0x0000000743a00000|100%| O|  |TAMS 0x0000000743a00000, 0x0000000743a00000| Untracked 
|  14|0x0000000743a00000, 0x0000000743c00000, 0x0000000743c00000|100%|HS|  |TAMS 0x0000000743c00000, 0x0000000743c00000| Complete 
|  15|0x0000000743c00000, 0x0000000743e00000, 0x0000000743e00000|100%| O|  |TAMS 0x0000000743e00000, 0x0000000743e00000| Untracked 
|  16|0x0000000743e00000, 0x0000000744000000, 0x0000000744000000|100%| O|  |TAMS 0x0000000744000000, 0x0000000744000000| Untracked 
|  17|0x0000000744000000, 0x0000000744200000, 0x0000000744200000|100%| O|  |TAMS 0x0000000744200000, 0x0000000744200000| Untracked 
|  18|0x0000000744200000, 0x0000000744400000, 0x0000000744400000|100%| O|  |TAMS 0x0000000744400000, 0x0000000744400000| Untracked 
|  19|0x0000000744400000, 0x0000000744600000, 0x0000000744600000|100%| O|  |TAMS 0x0000000744600000, 0x0000000744600000| Untracked 
|  20|0x0000000744600000, 0x0000000744800000, 0x0000000744800000|100%| O|  |TAMS 0x0000000744800000, 0x0000000744800000| Untracked 
|  21|0x0000000744800000, 0x0000000744a00000, 0x0000000744a00000|100%| O|  |TAMS 0x0000000744a00000, 0x0000000744a00000| Untracked 
|  22|0x0000000744a00000, 0x0000000744c00000, 0x0000000744c00000|100%| O|  |TAMS 0x0000000744c00000, 0x0000000744c00000| Untracked 
|  23|0x0000000744c00000, 0x0000000744e00000, 0x0000000744e00000|100%| O|  |TAMS 0x0000000744e00000, 0x0000000744e00000| Untracked 
|  24|0x0000000744e00000, 0x0000000745000000, 0x0000000745000000|100%| O|  |TAMS 0x0000000745000000, 0x0000000745000000| Untracked 
|  25|0x0000000745000000, 0x0000000745000000, 0x0000000745200000|  0%| F|  |TAMS 0x0000000745000000, 0x0000000745000000| Untracked 
|  26|0x0000000745200000, 0x0000000745400000, 0x0000000745400000|100%| O|  |TAMS 0x0000000745400000, 0x0000000745400000| Untracked 
|  27|0x0000000745400000, 0x0000000745600000, 0x0000000745600000|100%| O|  |TAMS 0x0000000745600000, 0x0000000745600000| Untracked 
|  28|0x0000000745600000, 0x0000000745800000, 0x0000000745800000|100%| O|  |TAMS 0x0000000745700000, 0x0000000745800000| Untracked 
|  29|0x0000000745800000, 0x0000000745a00000, 0x0000000745a00000|100%| O|  |TAMS 0x0000000745800000, 0x0000000745a00000| Untracked 
|  30|0x0000000745a00000, 0x0000000745c00000, 0x0000000745c00000|100%| O|  |TAMS 0x0000000745a00000, 0x0000000745c00000| Untracked 
|  31|0x0000000745c00000, 0x0000000745e00000, 0x0000000745e00000|100%| O|  |TAMS 0x0000000745c00000, 0x0000000745e00000| Untracked 
|  32|0x0000000745e00000, 0x0000000746000000, 0x0000000746000000|100%| O|  |TAMS 0x0000000745e00000, 0x0000000746000000| Untracked 
|  33|0x0000000746000000, 0x0000000746177000, 0x0000000746200000| 73%| O|  |TAMS 0x0000000746000000, 0x0000000746177000| Untracked 
|  34|0x0000000746200000, 0x0000000746200000, 0x0000000746400000|  0%| F|  |TAMS 0x0000000746200000, 0x0000000746200000| Untracked 
|  35|0x0000000746400000, 0x0000000746400000, 0x0000000746600000|  0%| F|  |TAMS 0x0000000746400000, 0x0000000746400000| Untracked 
|  36|0x0000000746600000, 0x0000000746600000, 0x0000000746800000|  0%| F|  |TAMS 0x0000000746600000, 0x0000000746600000| Untracked 
|  37|0x0000000746800000, 0x0000000746800000, 0x0000000746a00000|  0%| F|  |TAMS 0x0000000746800000, 0x0000000746800000| Untracked 
|  38|0x0000000746a00000, 0x0000000746a00000, 0x0000000746c00000|  0%| F|  |TAMS 0x0000000746a00000, 0x0000000746a00000| Untracked 
|  39|0x0000000746c00000, 0x0000000746c00000, 0x0000000746e00000|  0%| F|  |TAMS 0x0000000746c00000, 0x0000000746c00000| Untracked 
|  40|0x0000000746e00000, 0x0000000746e00000, 0x0000000747000000|  0%| F|  |TAMS 0x0000000746e00000, 0x0000000746e00000| Untracked 
|  41|0x0000000747000000, 0x0000000747000000, 0x0000000747200000|  0%| F|  |TAMS 0x0000000747000000, 0x0000000747000000| Untracked 
|  42|0x0000000747200000, 0x0000000747200000, 0x0000000747400000|  0%| F|  |TAMS 0x0000000747200000, 0x0000000747200000| Untracked 
|  43|0x0000000747400000, 0x0000000747400000, 0x0000000747600000|  0%| F|  |TAMS 0x0000000747400000, 0x0000000747400000| Untracked 
|  44|0x0000000747600000, 0x0000000747600000, 0x0000000747800000|  0%| F|  |TAMS 0x0000000747600000, 0x0000000747600000| Untracked 
|  45|0x0000000747800000, 0x0000000747800000, 0x0000000747a00000|  0%| F|  |TAMS 0x0000000747800000, 0x0000000747800000| Untracked 
|  46|0x0000000747a00000, 0x0000000747a00000, 0x0000000747c00000|  0%| F|  |TAMS 0x0000000747a00000, 0x0000000747a00000| Untracked 
|  47|0x0000000747c00000, 0x0000000747c00000, 0x0000000747e00000|  0%| F|  |TAMS 0x0000000747c00000, 0x0000000747c00000| Untracked 
|  48|0x0000000747e00000, 0x0000000747e00000, 0x0000000748000000|  0%| F|  |TAMS 0x0000000747e00000, 0x0000000747e00000| Untracked 
|  49|0x0000000748000000, 0x00000007481bb018, 0x0000000748200000| 86%| S|CS|TAMS 0x0000000748000000, 0x0000000748000000| Complete 
|  50|0x0000000748200000, 0x0000000748200000, 0x0000000748400000|  0%| F|  |TAMS 0x0000000748200000, 0x0000000748200000| Untracked 
|  51|0x0000000748400000, 0x0000000748400000, 0x0000000748600000|  0%| F|  |TAMS 0x0000000748400000, 0x0000000748400000| Untracked 
|  52|0x0000000748600000, 0x0000000748600000, 0x0000000748800000|  0%| F|  |TAMS 0x0000000748600000, 0x0000000748600000| Untracked 
|  53|0x0000000748800000, 0x0000000748800000, 0x0000000748a00000|  0%| F|  |TAMS 0x0000000748800000, 0x0000000748800000| Untracked 
|  54|0x0000000748a00000, 0x0000000748a00000, 0x0000000748c00000|  0%| F|  |TAMS 0x0000000748a00000, 0x0000000748a00000| Untracked 
|  55|0x0000000748c00000, 0x0000000748c00000, 0x0000000748e00000|  0%| F|  |TAMS 0x0000000748c00000, 0x0000000748c00000| Untracked 
|  56|0x0000000748e00000, 0x0000000748e00000, 0x0000000749000000|  0%| F|  |TAMS 0x0000000748e00000, 0x0000000748e00000| Untracked 
|  57|0x0000000749000000, 0x0000000749000000, 0x0000000749200000|  0%| F|  |TAMS 0x0000000749000000, 0x0000000749000000| Untracked 
|  58|0x0000000749200000, 0x0000000749200000, 0x0000000749400000|  0%| F|  |TAMS 0x0000000749200000, 0x0000000749200000| Untracked 
|  59|0x0000000749400000, 0x0000000749400000, 0x0000000749600000|  0%| F|  |TAMS 0x0000000749400000, 0x0000000749400000| Untracked 
|  60|0x0000000749600000, 0x0000000749600000, 0x0000000749800000|  0%| F|  |TAMS 0x0000000749600000, 0x0000000749600000| Untracked 
|1520|0x00000007ffe00000, 0x00000007ffe00000, 0x0000000800000000|  0%| F|  |TAMS 0x00000007ffe00000, 0x00000007ffe00000| Untracked 

Card table byte_map: [0x000001bbb4500000,0x000001bbb4b00000] _byte_map_base: 0x000001bbb0af1000

Marking Bits (Prev, Next): (CMBitMap*) 0x000001bb9b659b00, (CMBitMap*) 0x000001bb9b659b40
 Prev Bits: [0x000001bbb5100000, 0x000001bbb8088000)
 Next Bits: [0x000001bbb8090000, 0x000001bbbb018000)

Polling page: 0x000001bb9b6c0000

Metaspace:

Usage:
  Non-class:     10.09 MB used.
      Class:      1.10 MB used.
       Both:     11.18 MB used.

Virtual space:
  Non-class space:       64.00 MB reserved,      10.19 MB ( 16%) committed,  1 nodes.
      Class space:        1.00 GB reserved,       1.19 MB ( <1%) committed,  1 nodes.
             Both:        1.06 GB reserved,      11.38 MB (  1%) committed. 

Chunk freelists:
   Non-Class:  3.91 MB
       Class:  14.80 MB
        Both:  18.70 MB

MaxMetaspaceSize: unlimited
CompressedClassSpaceSize: 1.00 GB
Initial GC threshold: 21.00 MB
Current GC threshold: 21.00 MB
CDS: on
MetaspaceReclaimPolicy: balanced
 - commit_granule_bytes: 65536.
 - commit_granule_words: 8192.
 - virtual_space_node_default_size: 8388608.
 - enlarge_chunks_in_place: 1.
 - new_chunks_are_fully_committed: 0.
 - uncommit_free_chunks: 1.
 - use_allocation_guard: 0.
 - handle_deallocations: 1.


Internal statistics:

num_allocs_failed_limit: 0.
num_arena_births: 74.
num_arena_deaths: 0.
num_vsnodes_births: 2.
num_vsnodes_deaths: 0.
num_space_committed: 182.
num_space_uncommitted: 0.
num_chunks_returned_to_freelist: 0.
num_chunks_taken_from_freelist: 459.
num_chunk_merges: 0.
num_chunk_splits: 324.
num_chunks_enlarged: 268.
num_inconsistent_stats: 0.

CodeHeap 'non-profiled nmethods': size=120000Kb used=2129Kb max_used=2129Kb free=117870Kb
 bounds [0x000001bbac3a0000, 0x000001bbac610000, 0x000001bbb38d0000]
CodeHeap 'profiled nmethods': size=120000Kb used=7862Kb max_used=7878Kb free=112137Kb
 bounds [0x000001bba48d0000, 0x000001bba5090000, 0x000001bbabe00000]
CodeHeap 'non-nmethods': size=5760Kb used=1150Kb max_used=1205Kb free=4610Kb
 bounds [0x000001bbabe00000, 0x000001bbac070000, 0x000001bbac3a0000]
 total_blobs=3784 nmethods=3349 adapters=346
 compilation: enabled
              stopped_count=0, restarted_count=0
 full_count=0

Compilation events (20 events):
Event: 8.382 Thread 0x000001bbbd607940 4194       3       com.sun.tools.javac.jvm.Items::makeImmediateItem (11 bytes)
Event: 8.382 Thread 0x000001bbbd607940 nmethod 4194 0x000001bba4a77c90 code [0x000001bba4a77e40, 0x000001bba4a77fe8]
Event: 8.399 Thread 0x000001bbbd607940 4196       3       com.sun.tools.javac.jvm.Items$ImmediateItem::<init> (177 bytes)
Event: 8.401 Thread 0x000001bbbd607940 nmethod 4196 0x000001bba4a75890 code [0x000001bba4a75c00, 0x000001bba4a77578]
Event: 8.407 Thread 0x000001bbbd5fed20 nmethod 4096 0x000001bbac5af590 code [0x000001bbac5af980, 0x000001bbac5b1c80]
Event: 8.407 Thread 0x000001bbbd5fed20 4099   !   4       com.sun.tools.javac.code.Types$12::visitClassType (229 bytes)
Event: 8.410 Thread 0x000001bbbd607940 4197       2       com.sun.tools.javac.comp.Check::assertConvertible (64 bytes)
Event: 8.411 Thread 0x000001bbbd607940 nmethod 4197 0x000001bba4a75010 code [0x000001bba4a75220, 0x000001bba4a755b8]
Event: 8.411 Thread 0x000001bbbd607940 4198       2       com.sun.tools.javac.comp.Resolve$MethodResolutionContext::addApplicableCandidate (35 bytes)
Event: 8.412 Thread 0x000001bbbd607940 nmethod 4198 0x000001bba4a74790 code [0x000001bba4a74960, 0x000001bba4a74e68]
Event: 8.415 Thread 0x000001bbbd607940 4199       2       com.sun.tools.javac.comp.Resolve::findMethod (428 bytes)
Event: 8.418 Thread 0x000001bbbd607940 nmethod 4199 0x000001bba4a71e90 code [0x000001bba4a72240, 0x000001bba4a73838]
Event: 8.421 Thread 0x000001bbbd607940 4202       2       com.sun.tools.javac.code.Flags::isEnum (19 bytes)
Event: 8.421 Thread 0x000001bbbd607940 nmethod 4202 0x000001bba4a71b10 code [0x000001bba4a71ca0, 0x000001bba4a71dc8]
Event: 8.422 Thread 0x000001bbbd607940 4203       2       com.sun.tools.javac.resources.CompilerProperties$Errors::VarMightNotHaveBeenInitialized (21 bytes)
Event: 8.422 Thread 0x000001bbbd607940 nmethod 4203 0x000001bba4a71510 code [0x000001bba4a716c0, 0x000001bba4a719c8]
Event: 8.422 Thread 0x000001bbbd607940 4204       2       com.sun.tools.javac.comp.Flow$FlowAnalyzer::visitBlock (9 bytes)
Event: 8.422 Thread 0x000001bbbd607940 nmethod 4204 0x000001bba4a71190 code [0x000001bba4a71320, 0x000001bba4a71448]
Event: 8.422 Thread 0x000001bbbd607940 4205       2       com.sun.tools.javac.comp.TransTypes::coerce (54 bytes)
Event: 8.422 Thread 0x000001bbbd607940 nmethod 4205 0x000001bba4a70b90 code [0x000001bba4a70d60, 0x000001bba4a70fc8]

GC Heap History (20 events):
Event: 2.162 GC heap after
{Heap after GC invocations=20 (full 0):
 garbage-first heap   total 71680K, used 19764K [0x0000000741e00000, 0x0000000800000000)
  region size 2048K, 1 young (2048K), 1 survivors (2048K)
 Metaspace       used 7719K, committed 7936K, reserved 1114112K
  class space    used 865K, committed 960K, reserved 1048576K
}
Event: 2.185 GC heap before
{Heap before GC invocations=20 (full 0):
 garbage-first heap   total 71680K, used 25908K [0x0000000741e00000, 0x0000000800000000)
  region size 2048K, 2 young (4096K), 1 survivors (2048K)
 Metaspace       used 7719K, committed 7936K, reserved 1114112K
  class space    used 865K, committed 960K, reserved 1048576K
}
Event: 2.187 GC heap after
{Heap after GC invocations=21 (full 0):
 garbage-first heap   total 71680K, used 25964K [0x0000000741e00000, 0x0000000800000000)
  region size 2048K, 1 young (2048K), 1 survivors (2048K)
 Metaspace       used 7719K, committed 7936K, reserved 1114112K
  class space    used 865K, committed 960K, reserved 1048576K
}
Event: 2.347 GC heap before
{Heap before GC invocations=21 (full 0):
 garbage-first heap   total 71680K, used 42348K [0x0000000741e00000, 0x0000000800000000)
  region size 2048K, 6 young (12288K), 1 survivors (2048K)
 Metaspace       used 7719K, committed 7936K, reserved 1114112K
  class space    used 865K, committed 960K, reserved 1048576K
}
Event: 2.352 GC heap after
{Heap after GC invocations=22 (full 0):
 garbage-first heap   total 71680K, used 22270K [0x0000000741e00000, 0x0000000800000000)
  region size 2048K, 2 young (4096K), 2 survivors (4096K)
 Metaspace       used 7719K, committed 7936K, reserved 1114112K
  class space    used 865K, committed 960K, reserved 1048576K
}
Event: 2.814 GC heap before
{Heap before GC invocations=22 (full 0):
 garbage-first heap   total 71680K, used 38654K [0x0000000741e00000, 0x0000000800000000)
  region size 2048K, 9 young (18432K), 2 survivors (4096K)
 Metaspace       used 7824K, committed 8000K, reserved 1114112K
  class space    used 865K, committed 960K, reserved 1048576K
}
Event: 2.824 GC heap after
{Heap after GC invocations=23 (full 0):
 garbage-first heap   total 71680K, used 24939K [0x0000000741e00000, 0x0000000800000000)
  region size 2048K, 2 young (4096K), 2 survivors (4096K)
 Metaspace       used 7824K, committed 8000K, reserved 1114112K
  class space    used 865K, committed 960K, reserved 1048576K
}
Event: 3.648 GC heap before
{Heap before GC invocations=23 (full 0):
 garbage-first heap   total 71680K, used 45419K [0x0000000741e00000, 0x0000000800000000)
  region size 2048K, 11 young (22528K), 2 survivors (4096K)
 Metaspace       used 8560K, committed 8704K, reserved 1114112K
  class space    used 940K, committed 1024K, reserved 1048576K
}
Event: 3.664 GC heap after
{Heap after GC invocations=24 (full 0):
 garbage-first heap   total 126976K, used 31856K [0x0000000741e00000, 0x0000000800000000)
  region size 2048K, 2 young (4096K), 2 survivors (4096K)
 Metaspace       used 8560K, committed 8704K, reserved 1114112K
  class space    used 940K, committed 1024K, reserved 1048576K
}
Event: 4.325 GC heap before
{Heap before GC invocations=24 (full 0):
 garbage-first heap   total 126976K, used 74864K [0x0000000741e00000, 0x0000000800000000)
  region size 2048K, 22 young (45056K), 2 survivors (4096K)
 Metaspace       used 9335K, committed 9472K, reserved 1114112K
  class space    used 992K, committed 1088K, reserved 1048576K
}
Event: 4.384 GC heap after
{Heap after GC invocations=25 (full 0):
 garbage-first heap   total 126976K, used 56932K [0x0000000741e00000, 0x0000000800000000)
  region size 2048K, 3 young (6144K), 3 survivors (6144K)
 Metaspace       used 9335K, committed 9472K, reserved 1114112K
  class space    used 992K, committed 1088K, reserved 1048576K
}
Event: 4.829 GC heap before
{Heap before GC invocations=25 (full 0):
 garbage-first heap   total 126976K, used 77412K [0x0000000741e00000, 0x0000000800000000)
  region size 2048K, 13 young (26624K), 3 survivors (6144K)
 Metaspace       used 9519K, committed 9728K, reserved 1114112K
  class space    used 997K, committed 1088K, reserved 1048576K
}
Event: 4.878 GC heap after
{Heap after GC invocations=26 (full 0):
 garbage-first heap   total 126976K, used 62464K [0x0000000741e00000, 0x0000000800000000)
  region size 2048K, 2 young (4096K), 2 survivors (4096K)
 Metaspace       used 9519K, committed 9728K, reserved 1114112K
  class space    used 997K, committed 1088K, reserved 1048576K
}
Event: 5.547 GC heap before
{Heap before GC invocations=26 (full 0):
 garbage-first heap   total 126976K, used 82944K [0x0000000741e00000, 0x0000000800000000)
  region size 2048K, 12 young (24576K), 2 survivors (4096K)
 Metaspace       used 10443K, committed 10624K, reserved 1114112K
  class space    used 1074K, committed 1152K, reserved 1048576K
}
Event: 5.573 GC heap after
{Heap after GC invocations=27 (full 0):
 garbage-first heap   total 126976K, used 66964K [0x0000000741e00000, 0x0000000800000000)
  region size 2048K, 2 young (4096K), 2 survivors (4096K)
 Metaspace       used 10443K, committed 10624K, reserved 1114112K
  class space    used 1074K, committed 1152K, reserved 1048576K
}
Event: 7.479 GC heap before
{Heap before GC invocations=28 (full 0):
 garbage-first heap   total 126976K, used 87444K [0x0000000741e00000, 0x0000000800000000)
  region size 2048K, 12 young (24576K), 2 survivors (4096K)
 Metaspace       used 11194K, committed 11392K, reserved 1114112K
  class space    used 1121K, committed 1216K, reserved 1048576K
}
Event: 7.492 GC heap after
{Heap after GC invocations=29 (full 0):
 garbage-first heap   total 126976K, used 68509K [0x0000000741e00000, 0x0000000800000000)
  region size 2048K, 1 young (2048K), 1 survivors (2048K)
 Metaspace       used 11194K, committed 11392K, reserved 1114112K
  class space    used 1121K, committed 1216K, reserved 1048576K
}
Event: 7.657 GC heap before
{Heap before GC invocations=29 (full 0):
 garbage-first heap   total 126976K, used 72605K [0x0000000741e00000, 0x0000000800000000)
  region size 2048K, 3 young (6144K), 1 survivors (2048K)
 Metaspace       used 11237K, committed 11456K, reserved 1114112K
  class space    used 1121K, committed 1216K, reserved 1048576K
}
Event: 7.664 GC heap after
{Heap after GC invocations=30 (full 0):
 garbage-first heap   total 126976K, used 67381K [0x0000000741e00000, 0x0000000800000000)
  region size 2048K, 1 young (2048K), 1 survivors (2048K)
 Metaspace       used 11237K, committed 11456K, reserved 1114112K
  class space    used 1121K, committed 1216K, reserved 1048576K
}
Event: 8.429 GC heap before
{Heap before GC invocations=30 (full 0):
 garbage-first heap   total 126976K, used 89909K [0x0000000741e00000, 0x0000000800000000)
  region size 2048K, 12 young (24576K), 1 survivors (2048K)
 Metaspace       used 11451K, committed 11648K, reserved 1114112K
  class space    used 1122K, committed 1216K, reserved 1048576K
}

Dll operation events (6 events):
Event: 0.010 Loaded shared library C:\Program Files (x86)\Android\openjdk\jdk-17.0.8.101-hotspot\bin\java.dll
Event: 0.030 Loaded shared library C:\Program Files (x86)\Android\openjdk\jdk-17.0.8.101-hotspot\bin\jsvml.dll
Event: 0.087 Loaded shared library C:\Program Files (x86)\Android\openjdk\jdk-17.0.8.101-hotspot\bin\jimage.dll
Event: 0.182 Loaded shared library C:\Program Files (x86)\Android\openjdk\jdk-17.0.8.101-hotspot\bin\net.dll
Event: 0.187 Loaded shared library C:\Program Files (x86)\Android\openjdk\jdk-17.0.8.101-hotspot\bin\nio.dll
Event: 0.516 Loaded shared library C:\Program Files (x86)\Android\openjdk\jdk-17.0.8.101-hotspot\bin\zip.dll

Deoptimization events (20 events):
Event: 8.177 Thread 0x000001bb9b57e810 Uncommon trap: trap_request=0xffffff45 fr.pc=0x000001bbac585b98 relative=0x0000000000000098
Event: 8.177 Thread 0x000001bb9b57e810 Uncommon trap: reason=unstable_if action=reinterpret pc=0x000001bbac585b98 method=com.sun.tools.javac.code.TypeTag.checkRange(I)Z @ 8 c2
Event: 8.177 Thread 0x000001bb9b57e810 DEOPT PACKING pc=0x000001bbac585b98 sp=0x000000847cefcec0
Event: 8.177 Thread 0x000001bb9b57e810 DEOPT UNPACKING pc=0x000001bbabe569a3 sp=0x000000847cefce50 mode 2
Event: 8.182 Thread 0x000001bb9b57e810 Uncommon trap: trap_request=0xffffff45 fr.pc=0x000001bbac566c68 relative=0x00000000000009c8
Event: 8.182 Thread 0x000001bb9b57e810 Uncommon trap: reason=unstable_if action=reinterpret pc=0x000001bbac566c68 method=com.sun.tools.javac.comp.Check.checkType(Lcom/sun/tools/javac/util/JCDiagnostic$DiagnosticPosition;Lcom/sun/tools/javac/code/Type;Lcom/sun/tools/javac/code/Type;Lcom/sun/too
Event: 8.182 Thread 0x000001bb9b57e810 DEOPT PACKING pc=0x000001bbac566c68 sp=0x000000847cefccd0
Event: 8.182 Thread 0x000001bb9b57e810 DEOPT UNPACKING pc=0x000001bbabe569a3 sp=0x000000847cefccc0 mode 2
Event: 8.205 Thread 0x000001bb9b57e810 Uncommon trap: trap_request=0xffffffde fr.pc=0x000001bbac4f804c relative=0x000000000000102c
Event: 8.205 Thread 0x000001bb9b57e810 Uncommon trap: reason=class_check action=maybe_recompile pc=0x000001bbac4f804c method=com.sun.tools.javac.code.Types$SignatureGenerator.assembleSig(Lcom/sun/tools/javac/code/Type;)V @ 214 c2
Event: 8.205 Thread 0x000001bb9b57e810 DEOPT PACKING pc=0x000001bbac4f804c sp=0x000000847cefe080
Event: 8.205 Thread 0x000001bb9b57e810 DEOPT UNPACKING pc=0x000001bbabe569a3 sp=0x000000847cefe038 mode 2
Event: 8.213 Thread 0x000001bb9b57e810 Uncommon trap: trap_request=0xffffffde fr.pc=0x000001bbac4f804c relative=0x000000000000102c
Event: 8.213 Thread 0x000001bb9b57e810 Uncommon trap: reason=class_check action=maybe_recompile pc=0x000001bbac4f804c method=com.sun.tools.javac.code.Types$SignatureGenerator.assembleSig(Lcom/sun/tools/javac/code/Type;)V @ 214 c2
Event: 8.213 Thread 0x000001bb9b57e810 DEOPT PACKING pc=0x000001bbac4f804c sp=0x000000847cefe550
Event: 8.213 Thread 0x000001bb9b57e810 DEOPT UNPACKING pc=0x000001bbabe569a3 sp=0x000000847cefe508 mode 2
Event: 8.213 Thread 0x000001bb9b57e810 Uncommon trap: trap_request=0xffffffde fr.pc=0x000001bbac4f804c relative=0x000000000000102c
Event: 8.213 Thread 0x000001bb9b57e810 Uncommon trap: reason=class_check action=maybe_recompile pc=0x000001bbac4f804c method=com.sun.tools.javac.code.Types$SignatureGenerator.assembleSig(Lcom/sun/tools/javac/code/Type;)V @ 214 c2
Event: 8.213 Thread 0x000001bb9b57e810 DEOPT PACKING pc=0x000001bbac4f804c sp=0x000000847cefe550
Event: 8.213 Thread 0x000001bb9b57e810 DEOPT UNPACKING pc=0x000001bbabe569a3 sp=0x000000847cefe508 mode 2

Classes unloaded (0 events):
No events

Classes redefined (0 events):
No events

Internal exceptions (20 events):
Event: 7.967 Thread 0x000001bb9b57e810 Implicit null exception at 0x000001bbac44244f to 0x000001bbac4424dc
Event: 7.967 Thread 0x000001bb9b57e810 Implicit null exception at 0x000001bbac50b028 to 0x000001bbac50b90c
Event: 7.971 Thread 0x000001bb9b57e810 Exception <a 'sun/nio/fs/WindowsException'{0x000000074908f3d8}> (0x000000074908f3d8) 
thrown [s\src\hotspot\share\prims\jni.cpp, line 516]
Event: 7.971 Thread 0x000001bb9b57e810 Exception <a 'sun/nio/fs/WindowsException'{0x000000074908f980}> (0x000000074908f980) 
thrown [s\src\hotspot\share\prims\jni.cpp, line 516]
Event: 8.011 Thread 0x000001bb9b57e810 Exception <a 'sun/nio/fs/WindowsException'{0x00000007490f1b28}> (0x00000007490f1b28) 
thrown [s\src\hotspot\share\prims\jni.cpp, line 516]
Event: 8.011 Thread 0x000001bb9b57e810 Exception <a 'sun/nio/fs/WindowsException'{0x00000007490f20a0}> (0x00000007490f20a0) 
thrown [s\src\hotspot\share\prims\jni.cpp, line 516]
Event: 8.028 Thread 0x000001bb9b57e810 Exception <a 'sun/nio/fs/WindowsException'{0x00000007490fc328}> (0x00000007490fc328) 
thrown [s\src\hotspot\share\prims\jni.cpp, line 516]
Event: 8.028 Thread 0x000001bb9b57e810 Exception <a 'sun/nio/fs/WindowsException'{0x00000007490fc8a0}> (0x00000007490fc8a0) 
thrown [s\src\hotspot\share\prims\jni.cpp, line 516]
Event: 8.046 Thread 0x000001bb9b57e810 Exception <a 'sun/nio/fs/WindowsException'{0x000000074911f8a0}> (0x000000074911f8a0) 
thrown [s\src\hotspot\share\prims\jni.cpp, line 516]
Event: 8.069 Thread 0x000001bb9b57e810 Exception <a 'sun/nio/fs/WindowsException'{0x000000074914b7c0}> (0x000000074914b7c0) 
thrown [s\src\hotspot\share\prims\jni.cpp, line 516]
Event: 8.069 Thread 0x000001bb9b57e810 Exception <a 'sun/nio/fs/WindowsException'{0x000000074914bd38}> (0x000000074914bd38) 
thrown [s\src\hotspot\share\prims\jni.cpp, line 516]
Event: 8.107 Thread 0x000001bb9b57e810 Exception <a 'sun/nio/fs/WindowsException'{0x0000000748e710b8}> (0x0000000748e710b8) 
thrown [s\src\hotspot\share\prims\jni.cpp, line 516]
Event: 8.206 Thread 0x000001bb9b57e810 Exception <a 'sun/nio/fs/WindowsException'{0x00000007488442b8}> (0x00000007488442b8) 
thrown [s\src\hotspot\share\prims\jni.cpp, line 516]
Event: 8.206 Thread 0x000001bb9b57e810 Exception <a 'sun/nio/fs/WindowsException'{0x0000000748844830}> (0x0000000748844830) 
thrown [s\src\hotspot\share\prims\jni.cpp, line 516]
Event: 8.221 Thread 0x000001bb9b57e810 Exception <a 'sun/nio/fs/WindowsException'{0x00000007488537d0}> (0x00000007488537d0) 
thrown [s\src\hotspot\share\prims\jni.cpp, line 516]
Event: 8.239 Thread 0x000001bb9b57e810 Exception <a 'sun/nio/fs/WindowsException'{0x000000074887eba0}> (0x000000074887eba0) 
thrown [s\src\hotspot\share\prims\jni.cpp, line 516]
Event: 8.277 Thread 0x000001bb9b57e810 Exception <a 'sun/nio/fs/WindowsException'{0x00000007488f50c8}> (0x00000007488f50c8) 
thrown [s\src\hotspot\share\prims\jni.cpp, line 516]
Event: 8.382 Thread 0x000001bb9b57e810 Exception <a 'sun/nio/fs/WindowsException'{0x0000000748271898}> (0x0000000748271898) 
thrown [s\src\hotspot\share\prims\jni.cpp, line 516]
Event: 8.392 Thread 0x000001bb9b57e810 Exception <a 'sun/nio/fs/WindowsException'{0x000000074827cf60}> (0x000000074827cf60) 
thrown [s\src\hotspot\share\prims\jni.cpp, line 516]
Event: 8.400 Thread 0x000001bb9b57e810 Exception <a 'sun/nio/fs/WindowsException'{0x000000074828cca8}> (0x000000074828cca8) 
thrown [s\src\hotspot\share\prims\jni.cpp, line 516]

VM Operations (20 events):
Event: 5.787 Executing VM operation: G1PauseCleanup done
Event: 6.078 Executing VM operation: HandshakeAllThreads
Event: 6.078 Executing VM operation: HandshakeAllThreads done
Event: 6.088 Executing VM operation: HandshakeAllThreads
Event: 6.088 Executing VM operation: HandshakeAllThreads done
Event: 6.088 Executing VM operation: ICBufferFull
Event: 6.089 Executing VM operation: ICBufferFull done
Event: 6.102 Executing VM operation: HandshakeAllThreads
Event: 6.102 Executing VM operation: HandshakeAllThreads done
Event: 6.915 Executing VM operation: ICBufferFull
Event: 6.915 Executing VM operation: ICBufferFull done
Event: 7.479 Executing VM operation: G1CollectForAllocation
Event: 7.494 Executing VM operation: G1CollectForAllocation done
Event: 7.657 Executing VM operation: G1CollectForAllocation
Event: 7.664 Executing VM operation: G1CollectForAllocation done
Event: 7.979 Executing VM operation: ICBufferFull
Event: 7.980 Executing VM operation: ICBufferFull done
Event: 8.219 Executing VM operation: ICBufferFull
Event: 8.219 Executing VM operation: ICBufferFull done
Event: 8.429 Executing VM operation: G1CollectForAllocation

Events (20 events):
Event: 6.108 Thread 0x000001bbbd612b20 flushing nmethod 0x000001bba4f78a90
Event: 6.108 Thread 0x000001bbbd612b20 flushing nmethod 0x000001bba4f79510
Event: 6.108 Thread 0x000001bbbd612b20 flushing nmethod 0x000001bba4f7b010
Event: 6.108 Thread 0x000001bbbd612b20 flushing nmethod 0x000001bba4f7de90
Event: 6.108 Thread 0x000001bbbd612b20 flushing nmethod 0x000001bba4f7ec10
Event: 6.108 Thread 0x000001bbbd612b20 flushing nmethod 0x000001bba4f7f210
Event: 6.108 Thread 0x000001bbbd612b20 flushing nmethod 0x000001bba4f82310
Event: 6.108 Thread 0x000001bbbd612b20 flushing nmethod 0x000001bba4f88310
Event: 6.108 Thread 0x000001bbbd612b20 flushing nmethod 0x000001bba4f88e90
Event: 6.108 Thread 0x000001bbbd612b20 flushing nmethod 0x000001bba4f8a810
Event: 6.108 Thread 0x000001bbbd612b20 flushing nmethod 0x000001bba4f94d90
Event: 6.108 Thread 0x000001bbbd612b20 flushing nmethod 0x000001bba4f97b90
Event: 6.108 Thread 0x000001bbbd612b20 flushing nmethod 0x000001bba4f98090
Event: 6.108 Thread 0x000001bbbd612b20 flushing nmethod 0x000001bba4fb0510
Event: 6.108 Thread 0x000001bbbd612b20 flushing nmethod 0x000001bba4fb5490
Event: 6.108 Thread 0x000001bbbd612b20 flushing nmethod 0x000001bba4fbd410
Event: 6.108 Thread 0x000001bbbd612b20 flushing nmethod 0x000001bba4fc3b10
Event: 6.109 Thread 0x000001bbbd612b20 flushing nmethod 0x000001bba5002310
Event: 7.444 Thread 0x000001bbff489880 Thread exited: 0x000001bbff489880
Event: 7.468 Thread 0x000001bbff489880 Thread added: 0x000001bbff489880


Dynamic libraries:
0x00007ff63d300000 - 0x00007ff63d308000 	C:\Program Files (x86)\Android\openjdk\jdk-17.0.8.101-hotspot\bin\javac.exe
0x00007fffb5d70000 - 0x00007fffb5f68000 	C:\Windows\SYSTEM32\ntdll.dll
0x00007fffb3e60000 - 0x00007fffb3f1d000 	C:\Windows\System32\KERNEL32.DLL
0x00007fffb3590000 - 0x00007fffb3886000 	C:\Windows\System32\KERNELBASE.dll
0x00007fffb39f0000 - 0x00007fffb3af0000 	C:\Windows\System32\ucrtbase.dll
0x00007fffaa4b0000 - 0x00007fffaa4cb000 	C:\Program Files (x86)\Android\openjdk\jdk-17.0.8.101-hotspot\bin\VCRUNTIME140.dll
0x00007fffad290000 - 0x00007fffad2a7000 	C:\Program Files (x86)\Android\openjdk\jdk-17.0.8.101-hotspot\bin\jli.dll
0x00007fffb5310000 - 0x00007fffb54ae000 	C:\Windows\System32\USER32.dll
0x00007fffb3440000 - 0x00007fffb3462000 	C:\Windows\System32\win32u.dll
0x00007fffa3100000 - 0x00007fffa339a000 	C:\Windows\WinSxS\amd64_microsoft.windows.common-controls_6595b64144ccf1df_6.0.19041.3636_none_60b6a03d71f818d5\COMCTL32.dll
0x00007fffb4660000 - 0x00007fffb468c000 	C:\Windows\System32\GDI32.dll
0x00007fffb3dc0000 - 0x00007fffb3e5e000 	C:\Windows\System32\msvcrt.dll
0x00007fffb3af0000 - 0x00007fffb3c0a000 	C:\Windows\System32\gdi32full.dll
0x00007fffb3890000 - 0x00007fffb392d000 	C:\Windows\System32\msvcp_win.dll
0x00007fffb4000000 - 0x00007fffb4030000 	C:\Windows\System32\IMM32.DLL
0x00007fffaed60000 - 0x00007fffaed6c000 	C:\Program Files (x86)\Android\openjdk\jdk-17.0.8.101-hotspot\bin\vcruntime140_1.dll
0x00007fff87bc0000 - 0x00007fff87c4d000 	C:\Program Files (x86)\Android\openjdk\jdk-17.0.8.101-hotspot\bin\msvcp140.dll
0x00007fff6e4d0000 - 0x00007fff6f135000 	C:\Program Files (x86)\Android\openjdk\jdk-17.0.8.101-hotspot\bin\server\jvm.dll
0x00007fffb5690000 - 0x00007fffb5743000 	C:\Windows\System32\ADVAPI32.dll
0x00007fffb51c0000 - 0x00007fffb525f000 	C:\Windows\System32\sechost.dll
0x00007fffb5b40000 - 0x00007fffb5c66000 	C:\Windows\System32\RPCRT4.dll
0x00007fffb39c0000 - 0x00007fffb39e7000 	C:\Windows\System32\bcrypt.dll
0x00007fff979f0000 - 0x00007fff979f9000 	C:\Windows\SYSTEM32\WSOCK32.dll
0x00007fffa3d60000 - 0x00007fffa3d87000 	C:\Windows\SYSTEM32\WINMM.dll
0x00007fffb5150000 - 0x00007fffb51bb000 	C:\Windows\System32\WS2_32.dll
0x00007fffa5b90000 - 0x00007fffa5b9a000 	C:\Windows\SYSTEM32\VERSION.dll
0x00007fffb29a0000 - 0x00007fffb29eb000 	C:\Windows\SYSTEM32\POWRPROF.dll
0x00007fffb2810000 - 0x00007fffb2822000 	C:\Windows\SYSTEM32\UMPDC.dll
0x00007fffb12b0000 - 0x00007fffb12c2000 	C:\Windows\SYSTEM32\kernel.appcore.dll
0x00007fffaed40000 - 0x00007fffaed4a000 	C:\Program Files (x86)\Android\openjdk\jdk-17.0.8.101-hotspot\bin\jimage.dll
0x00007fffa5e10000 - 0x00007fffa5ff4000 	C:\Windows\SYSTEM32\DBGHELP.DLL
0x00007fff9fa10000 - 0x00007fff9fa44000 	C:\Windows\SYSTEM32\dbgcore.DLL
0x00007fffb3930000 - 0x00007fffb39b2000 	C:\Windows\System32\bcryptPrimitives.dll
0x00007fff96d40000 - 0x00007fff96d65000 	C:\Program Files (x86)\Android\openjdk\jdk-17.0.8.101-hotspot\bin\java.dll
0x00007fff81530000 - 0x00007fff81607000 	C:\Program Files (x86)\Android\openjdk\jdk-17.0.8.101-hotspot\bin\jsvml.dll
0x00007fffb4840000 - 0x00007fffb4f85000 	C:\Windows\System32\SHELL32.dll
0x00007fffb14b0000 - 0x00007fffb1c4b000 	C:\Windows\SYSTEM32\windows.storage.dll
0x00007fffb57d0000 - 0x00007fffb5b24000 	C:\Windows\System32\combase.dll
0x00007fffb2d90000 - 0x00007fffb2dbd000 	C:\Windows\SYSTEM32\Wldp.dll
0x00007fffb55e0000 - 0x00007fffb568d000 	C:\Windows\System32\SHCORE.dll
0x00007fffb5c70000 - 0x00007fffb5cc5000 	C:\Windows\System32\shlwapi.dll
0x00007fffb3370000 - 0x00007fffb3395000 	C:\Windows\SYSTEM32\profapi.dll
0x00007fffa4c60000 - 0x00007fffa4c79000 	C:\Program Files (x86)\Android\openjdk\jdk-17.0.8.101-hotspot\bin\net.dll
0x00007fffa6bd0000 - 0x00007fffa6cda000 	C:\Windows\SYSTEM32\WINHTTP.dll
0x00007fffb2b70000 - 0x00007fffb2bda000 	C:\Windows\system32\mswsock.dll
0x00007fff96d20000 - 0x00007fff96d36000 	C:\Program Files (x86)\Android\openjdk\jdk-17.0.8.101-hotspot\bin\nio.dll
0x00007fff96c90000 - 0x00007fff96ca8000 	C:\Program Files (x86)\Android\openjdk\jdk-17.0.8.101-hotspot\bin\zip.dll

dbghelp: loaded successfully - version: 4.0.5 - missing functions: none
symbol engine: initialized successfully - sym options: 0x614 - pdb path: .;C:\Program Files (x86)\Android\openjdk\jdk-17.0.8.101-hotspot\bin;C:\Windows\SYSTEM32;C:\Windows\WinSxS\amd64_microsoft.windows.common-controls_6595b64144ccf1df_6.0.19041.3636_none_60b6a03d71f818d5;C:\Program Files (x86)\Android\openjdk\jdk-17.0.8.101-hotspot\bin\server

VM Arguments:
jvm_args: -Dapplication.home=C:\Program Files (x86)\Android\openjdk\jdk-17.0.8.101-hotspot --add-modules=ALL-DEFAULT -Xms8m -Dfile.encoding=UTF8 -Djdk.module.main=jdk.compiler 
java_command: jdk.compiler/com.sun.tools.javac.Main @C:\Users\tomik\AppData\Local\Temp\tmp5E97.tmp -target 1.8 -source 1.8
java_class_path (initial): <not set>
Launcher Type: SUN_STANDARD

[Global flags]
     intx CICompilerCount                          = 3                                         {product} {ergonomic}
     uint ConcGCThreads                            = 1                                         {product} {ergonomic}
     uint G1ConcRefinementThreads                  = 4                                         {product} {ergonomic}
   size_t G1HeapRegionSize                         = 2097152                                   {product} {ergonomic}
    uintx GCDrainStackTargetSize                   = 64                                        {product} {ergonomic}
   size_t InitialHeapSize                          = 8388608                                   {product} {command line}
   size_t MarkStackSize                            = 4194304                                   {product} {ergonomic}
   size_t MaxHeapSize                              = 3189768192                                {product} {ergonomic}
   size_t MaxNewSize                               = 1912602624                                {product} {ergonomic}
   size_t MinHeapDeltaBytes                        = 2097152                                   {product} {ergonomic}
   size_t MinHeapSize                              = 8388608                                   {product} {command line}
    uintx NonNMethodCodeHeapSize                   = 5832780                                {pd product} {ergonomic}
    uintx NonProfiledCodeHeapSize                  = 122912730                              {pd product} {ergonomic}
    uintx ProfiledCodeHeapSize                     = 122912730                              {pd product} {ergonomic}
    uintx ReservedCodeCacheSize                    = 251658240                              {pd product} {ergonomic}
     bool SegmentedCodeCache                       = true                                      {product} {ergonomic}
   size_t SoftMaxHeapSize                          = 3189768192                             {manageable} {ergonomic}
     bool UseCompressedClassPointers               = true                           {product lp64_product} {ergonomic}
     bool UseCompressedOops                        = true                           {product lp64_product} {ergonomic}
     bool UseG1GC                                  = true                                      {product} {ergonomic}
     bool UseLargePagesIndividualAllocation        = false                                  {pd product} {ergonomic}

Logging:
Log output configuration:
 #0: stdout all=warning uptime,level,tags
 #1: stderr all=off uptime,level,tags

Environment Variables:
PATH=C:\Program Files (x86)\Android\openjdk\jdk-17.0.8.101-hotspot\bin;C:\Program Files\Microsoft\jdk-11.0.16.101-hotspot\bin;C:\Windows\system32;C:\Windows;C:\Windows\System32\Wbem;C:\Windows\System32\WindowsPowerShell\v1.0\;C:\Windows\System32\OpenSSH\;C:\Program Files\Microsoft SQL Server\130\Tools\Binn\;C:\Program Files\Microsoft SQL Server\Client SDK\ODBC\170\Tools\Binn\;C:\Program Files\dotnet\;C:\Program Files\PuTTY\;C:\ProgramData\chocolatey\bin;C:\Program Files\nodejs\;C:\Program Files\Git\cmd;C:\Program Files\Microsoft SQL Server\150\Tools\Binn\;C:\Users\tomik\AppData\Local\Programs\Python\Python311\Scripts\;C:\Users\tomik\AppData\Local\Programs\Python\Python311\;C:\Program Files\MySQL\MySQL Shell 8.0\bin\;C:\Users\tomik\AppData\Local\Microsoft\WindowsApps;;C:\Users\tomik\AppData\Local\Programs\Microsoft VS Code\bin;C:\Users\tomik\.dotnet\tools;C:\Users\tomik\AppData\Roaming\npm
USERNAME=tomik
OS=Windows_NT
PROCESSOR_IDENTIFIER=Intel64 Family 6 Model 61 Stepping 4, GenuineIntel
TMP=C:\Users\tomik\AppData\Local\Temp
TEMP=C:\Users\tomik\AppData\Local\Temp



---------------  S Y S T E M  ---------------

OS:
 Windows 10 , 64 bit Build 19041 (10.0.19041.3636)
OS uptime: 0 days 23:51 hours
Hyper-V role detected

CPU: total 4 (initial active 4) (2 cores per cpu, 2 threads per core) family 6 model 61 stepping 4 microcode 0x2d, cx8, cmov, fxsr, ht, mmx, 3dnowpref, sse, sse2, sse3, ssse3, sse4.1, sse4.2, popcnt, lzcnt, tsc, tscinvbit, avx, avx2, aes, erms, clmul, bmi1, bmi2, rtm, adx, fma, vzeroupper, clflush, hv
Processor Information for all 4 processors :
  Max Mhz: 2301, Current Mhz: 2301, Mhz Limit: 2301

Memory: 4k page, system-wide physical 12163M (1822M free)
TotalPageFile size 14211M (AvailPageFile size 85M)
current process WorkingSet (physical memory assigned to process): 211M, peak: 214M
current process commit charge ("private bytes"): 249M, peak: 330M

vm_info: OpenJDK 64-Bit Server VM (17.0.8.1+1-LTS) for windows-amd64 JRE (17.0.8.1+1-LTS), built on Aug 23 2023 17:38:52 by "MicrosoftCorporation" with MS VC++ 16.10 / 16.11 (VS2019)

END.
