#
# There is insufficient memory for the Java Runtime Environment to continue.
# Native memory allocation (mmap) failed to map 201326592 bytes for Failed to commit area from 0x0000000741e00000 to 0x000000074de00000 of length 201326592.
# Possible reasons:
#   The system is out of physical RAM or swap space
#   The process is running with CompressedOops enabled, and the Java Heap may be blocking the growth of the native heap
# Possible solutions:
#   Reduce memory load on the system
#   Increase physical memory or swap space
#   Check if swap backing store is full
#   Decrease Java heap size (-Xmx/-Xms)
#   Decrease number of Java threads
#   Decrease Java thread stack sizes (-Xss)
#   Set larger code cache with -XX:ReservedCodeCacheSize=
# This output file may be truncated or incomplete.
#
#  Out of Memory Error (./src/hotspot/os/windows/os_windows.cpp:3386), pid=13116, tid=15284
#
# JRE version:  (11.0.16.1+1) (build )
# Java VM: OpenJDK 64-Bit Server VM (11.0.16.1+1-LTS, mixed mode, sharing, tiered, compressed oops, g1 gc, windows-amd64)
# No core dump will be written. Minidumps are not enabled by default on client versions of Windows
#

---------------  S U M M A R Y ------------

Command Line: 

Host: Intel(R) Core(TM) i5-5300U CPU @ 2.30GHz, 4 cores, 11G,  Windows 10 , 64 bit Build 19041 (10.0.19041.3636)
Time: Wed Jan 24 19:18:56 2024 Stindows 10 , 64 bit Build 19041 (10.0.19041.3636) elapsed time: 0.228249 seconds (0d 0h 0m 0s)

---------------  T H R E A D  ---------------

Current thread (0x00000299627d2000):  JavaThread "Unknown thread" [_thread_in_vm, id=15284, stack(0x000000cb92c00000,0x000000cb92d00000)]

Stack: [0x000000cb92c00000,0x000000cb92d00000]
Native frames: (J=compiled Java code, j=interpreted, Vv=VM code, C=native code)
V  [jvm.dll+0x62652a]
V  [jvm.dll+0x7b3249]
V  [jvm.dll+0x7b4938]
V  [jvm.dll+0x7b5013]
V  [jvm.dll+0x24fca8]
V  [jvm.dll+0x62383a]
V  [jvm.dll+0x617fe5]
V  [jvm.dll+0x307bac]
V  [jvm.dll+0x307a32]
V  [jvm.dll+0x30c746]
V  [jvm.dll+0x352b9f]
V  [jvm.dll+0x3525d0]
V  [jvm.dll+0x2e4ba8]
V  [jvm.dll+0x2e5d06]
V  [jvm.dll+0x78d097]
V  [jvm.dll+0x78e81f]
V  [jvm.dll+0x35f8e9]
V  [jvm.dll+0x770000]
V  [jvm.dll+0x3cd40f]
V  [jvm.dll+0x3cf7a1]
C  [jli.dll+0x5207]
C  [ucrtbase.dll+0x21bb2]
C  [KERNEL32.DLL+0x17344]
C  [ntdll.dll+0x526b1]


---------------  P R O C E S S  ---------------

Threads class SMR info:
_java_thread_list=0x00000299606e0b70, length=0, elements={
}

Java Threads: ( => current thread )

Other Threads:
  0x00000299627eb000 GCTaskThread "GC Thread#0" [stack: 0x000000cb92d00000,0x000000cb92e00000] [id=15804]
  0x0000029962833800 ConcurrentGCThread "G1 Main Marker" [stack: 0x000000cb92e00000,0x000000cb92f00000] [id=14524]
  0x0000029962836000 ConcurrentGCThread "G1 Conc#0" [stack: 0x000000cb92f00000,0x000000cb93000000] [id=14312]

[error occurred during error reporting (printing all threads), id 0xc0000005, EXCEPTION_ACCESS_VIOLATION (0xc0000005) at pc=0x00007ffd6e2e4377]

VM state:not at safepoint (not fully initialized)

VM Mutex/Monitor currently owned by a thread:  ([mutex/lock_event])
[0x00000299627cf400] Heap_lock - owner thread: 0x00000299627d2000

Heap address: 0x0000000741e00000, size: 3042 MB, Compressed Oops mode: Non-zero based: 0x0000000741e00000
Narrow klass base: 0x0000000000000000, Narrow klass shift: 0

GC Heap History (0 events):
No events

Deoptimization events (0 events):
No events

Classes redefined (0 events):
No events

Internal exceptions (0 events):
No events

Events (1 events):
Event: 0.089 Loaded shared library C:\Program Files\Microsoft\jdk-11.0.16.101-hotspot\bin\zip.dll


Dynamic libraries:
0x00007ff748fb0000 - 0x00007ff748fbd000 	C:\Program Files\Microsoft\jdk-11.0.16.101-hotspot\bin\java.exe
0x00007ffe479d0000 - 0x00007ffe47bc8000 	C:\Windows\SYSTEM32\ntdll.dll
0x00007ffe45f80000 - 0x00007ffe4603d000 	C:\Windows\System32\KERNEL32.DLL
0x00007ffe454c0000 - 0x00007ffe457b6000 	C:\Windows\System32\KERNELBASE.dll
0x00007ffe45230000 - 0x00007ffe45330000 	C:\Windows\System32\ucrtbase.dll
0x00007ffdd8d60000 - 0x00007ffdd8d75000 	C:\Program Files\Microsoft\jdk-11.0.16.101-hotspot\bin\VCRUNTIME140.dll
0x00007ffdc9220000 - 0x00007ffdc9237000 	C:\Program Files\Microsoft\jdk-11.0.16.101-hotspot\bin\jli.dll
0x00007ffe47640000 - 0x00007ffe477de000 	C:\Windows\System32\USER32.dll
0x00007ffe45330000 - 0x00007ffe45352000 	C:\Windows\System32\win32u.dll
0x00007ffe45bd0000 - 0x00007ffe45bfc000 	C:\Windows\System32\GDI32.dll
0x00007ffe45110000 - 0x00007ffe4522a000 	C:\Windows\System32\gdi32full.dll
0x00007ffe457c0000 - 0x00007ffe4585d000 	C:\Windows\System32\msvcp_win.dll
0x00007ffe44500000 - 0x00007ffe4479a000 	C:\Windows\WinSxS\amd64_microsoft.windows.common-controls_6595b64144ccf1df_6.0.19041.3636_none_60b6a03d71f818d5\COMCTL32.dll
0x00007ffe46480000 - 0x00007ffe4651e000 	C:\Windows\System32\msvcrt.dll
0x00007ffe46520000 - 0x00007ffe46550000 	C:\Windows\System32\IMM32.DLL
0x00007ffd7e070000 - 0x00007ffd7e10b000 	C:\Program Files\Microsoft\jdk-11.0.16.101-hotspot\bin\msvcp140.dll
0x00007ffd6dff0000 - 0x00007ffd6eb7a000 	C:\Program Files\Microsoft\jdk-11.0.16.101-hotspot\bin\server\jvm.dll
0x00007ffe46040000 - 0x00007ffe460f3000 	C:\Windows\System32\ADVAPI32.dll
0x00007ffe45e20000 - 0x00007ffe45ebf000 	C:\Windows\System32\sechost.dll
0x00007ffe46550000 - 0x00007ffe46676000 	C:\Windows\System32\RPCRT4.dll
0x00007ffe458b0000 - 0x00007ffe458d7000 	C:\Windows\System32\bcrypt.dll
0x00007ffe45c00000 - 0x00007ffe45c08000 	C:\Windows\System32\PSAPI.DLL
0x00007ffe2c350000 - 0x00007ffe2c359000 	C:\Windows\SYSTEM32\WSOCK32.dll
0x00007ffe47460000 - 0x00007ffe474cb000 	C:\Windows\System32\WS2_32.dll
0x00007ffe33100000 - 0x00007ffe33127000 	C:\Windows\SYSTEM32\WINMM.dll
0x00007ffe37d10000 - 0x00007ffe37d1a000 	C:\Windows\SYSTEM32\VERSION.dll
0x00007ffe428a0000 - 0x00007ffe428b2000 	C:\Windows\SYSTEM32\kernel.appcore.dll
0x00007ffddd340000 - 0x00007ffddd350000 	C:\Program Files\Microsoft\jdk-11.0.16.101-hotspot\bin\verify.dll
0x00007ffe44a30000 - 0x00007ffe44c14000 	C:\Windows\SYSTEM32\DBGHELP.DLL
0x00007ffe44970000 - 0x00007ffe449a4000 	C:\Windows\SYSTEM32\dbgcore.DLL
0x00007ffe45990000 - 0x00007ffe45a12000 	C:\Windows\System32\bcryptPrimitives.dll
0x00007ffd7eb40000 - 0x00007ffd7eb68000 	C:\Program Files\Microsoft\jdk-11.0.16.101-hotspot\bin\java.dll
0x00007ffddd1a0000 - 0x00007ffddd1aa000 	C:\Program Files\Microsoft\jdk-11.0.16.101-hotspot\bin\jimage.dll
0x00007ffd966a0000 - 0x00007ffd966b8000 	C:\Program Files\Microsoft\jdk-11.0.16.101-hotspot\bin\zip.dll

dbghelp: loaded successfully - version: 4.0.5 - missing functions: none
symbol engine: initialized successfully - sym options: 0x614 - pdb path: .;C:\Program Files\Microsoft\jdk-11.0.16.101-hotspot\bin;C:\Windows\SYSTEM32;C:\Windows\WinSxS\amd64_microsoft.windows.common-controls_6595b64144ccf1df_6.0.19041.3636_none_60b6a03d71f818d5;C:\Program Files\Microsoft\jdk-11.0.16.101-hotspot\bin\server

VM Arguments:
java_command: <unknown>
java_class_path (initial): <not set>
Launcher Type: SUN_STANDARD

[Global flags]
     intx CICompilerCount                          = 3                                         {product} {ergonomic}
     uint ConcGCThreads                            = 1                                         {product} {ergonomic}
     uint G1ConcRefinementThreads                  = 4                                         {product} {ergonomic}
   size_t G1HeapRegionSize                         = 1048576                                   {product} {ergonomic}
    uintx GCDrainStackTargetSize                   = 64                                        {product} {ergonomic}
   size_t InitialHeapSize                          = 201326592                                 {product} {ergonomic}
   size_t MarkStackSize                            = 4194304                                   {product} {ergonomic}
   size_t MaxHeapSize                              = 3189768192                                {product} {ergonomic}
   size_t MinHeapDeltaBytes                        = 1048576                                   {product} {ergonomic}
    uintx NonNMethodCodeHeapSize                   = 5830732                                {pd product} {ergonomic}
    uintx NonProfiledCodeHeapSize                  = 122913754                              {pd product} {ergonomic}
    uintx ProfiledCodeHeapSize                     = 122913754                              {pd product} {ergonomic}
    uintx ReservedCodeCacheSize                    = 251658240                              {pd product} {ergonomic}
     bool SegmentedCodeCache                       = true                                      {product} {ergonomic}
     bool UseCompressedClassPointers               = true                                 {lp64_product} {ergonomic}
     bool UseCompressedOops                        = true                                 {lp64_product} {ergonomic}
     bool UseG1GC                                  = true                                      {product} {ergonomic}
     bool UseLargePagesIndividualAllocation        = false                                  {pd product} {ergonomic}

Logging:
Log output configuration:
 #0: stdout all=warning uptime,level,tags
 #1: stderr all=off uptime,level,tags

Environment Variables:
PATH=C:\Program Files\Microsoft\jdk-11.0.16.101-hotspot\bin;C:\Windows\system32;C:\Windows;C:\Windows\System32\Wbem;C:\Windows\System32\WindowsPowerShell\v1.0\;C:\Windows\System32\OpenSSH\;C:\Program Files\Microsoft SQL Server\130\Tools\Binn\;C:\Program Files\Microsoft SQL Server\Client SDK\ODBC\170\Tools\Binn\;C:\Program Files\dotnet\;C:\Program Files\PuTTY\;C:\ProgramData\chocolatey\bin;C:\Program Files\nodejs\;C:\Program Files\Git\cmd;C:\Program Files\Microsoft SQL Server\150\Tools\Binn\;C:\Users\tomik\AppData\Local\Programs\Python\Python311\Scripts\;C:\Users\tomik\AppData\Local\Programs\Python\Python311\;C:\Program Files\MySQL\MySQL Shell 8.0\bin\;C:\Users\tomik\AppData\Local\Microsoft\WindowsApps;;C:\Users\tomik\AppData\Local\Programs\Microsoft VS Code\bin;C:\Users\tomik\.dotnet\tools;C:\Users\tomik\AppData\Roaming\npm
USERNAME=tomik
OS=Windows_NT
PROCESSOR_IDENTIFIER=Intel64 Family 6 Model 61 Stepping 4, GenuineIntel
TMP=C:\Users\tomik\AppData\Local\Temp
TEMP=C:\Users\tomik\AppData\Local\Temp



---------------  S Y S T E M  ---------------

OS: Windows 10 , 64 bit Build 19041 (10.0.19041.3636)
OS uptime: 2 days 0:11 hours
Hyper-V role detected

CPU:total 4 (initial active 4) (2 cores per cpu, 2 threads per core) family 6 model 61 stepping 4 microcode 0x2d, cmov, cx8, fxsr, mmx, sse, sse2, sse3, ssse3, sse4.1, sse4.2, popcnt, avx, avx2, aes, clmul, erms, rtm, 3dnowpref, lzcnt, ht, tsc, tscinvbit, bmi1, bmi2, adx, fma

Memory: 4k page, system-wide physical 12163M (1890M free)
TotalPageFile size 14211M (AvailPageFile size 70M)
current process WorkingSet (physical memory assigned to process): 10M, peak: 10M
current process commit charge ("private bytes"): 52M, peak: 243M

vm_info: OpenJDK 64-Bit Server VM (11.0.16.1+1-LTS) for windows-amd64 JRE (11.0.16.1+1-LTS), built on Aug 20 2022 20:09:04 by "" with MS VC++ 15.9 (VS2017)

END.
