#
# There is insufficient memory for the Java Runtime Environment to continue.
# Native memory allocation (mmap) failed to map 73400320 bytes for G1 virtual space
# Possible reasons:
#   The system is out of physical RAM or swap space
#   The process is running with CompressedOops enabled, and the Java Heap may be blocking the growth of the native heap
# Possible solutions:
#   Reduce memory load on the system
#   Increase physical memory or swap space
#   Check if swap backing store is full
#   Decrease Java heap size (-Xmx/-Xms)
#   Decrease number of Java threads
#   Decrease Java thread stack sizes (-Xss)
#   Set larger code cache with -XX:ReservedCodeCacheSize=
#   JVM is running with Zero Based Compressed Oops mode in which the Java heap is
#     placed in the first 32GB address space. The Java Heap base address is the
#     maximum limit for the native heap growth. Please use -XX:HeapBaseMinAddress
#     to set the Java Heap base and to place the Java Heap above 32GB virtual address.
# This output file may be truncated or incomplete.
#
#  Out of Memory Error (os_windows.cpp:3617), pid=15784, tid=3180
#
# JRE version: OpenJDK Runtime Environment Microsoft-8297089 (17.0.8.1+1) (build 17.0.8.1+1-LTS)
# Java VM: OpenJDK 64-Bit Server VM Microsoft-8297089 (17.0.8.1+1-LTS, mixed mode, sharing, tiered, compressed oops, compressed class ptrs, g1 gc, windows-amd64)
# No core dump will be written. Minidumps are not enabled by default on client versions of Windows
#

---------------  S U M M A R Y ------------

Command Line: com.xamarin.manifestmerger.Main obj\Debug\130\android\manifestmerger.rsp

Host: Intel(R) Core(TM) i5-5300U CPU @ 2.30GHz, 4 cores, 11G,  Windows 10 , 64 bit Build 19041 (10.0.19041.3636)
Time: Mon Jun  3 02:48:27 2024 Stindows 10 , 64 bit Build 19041 (10.0.19041.3636) elapsed time: 1.734217 seconds (0d 0h 0m 1s)

---------------  T H R E A D  ---------------

Current thread (0x000002285e977990):  VMThread "VM Thread" [stack: 0x0000008071f00000,0x0000008072000000] [id=3180]

Stack: [0x0000008071f00000,0x0000008072000000]
Native frames: (J=compiled Java code, j=interpreted, Vv=VM code, C=native code)
V  [jvm.dll+0x67bf3a]
V  [jvm.dll+0x83a024]
V  [jvm.dll+0x83b7ce]
V  [jvm.dll+0x83be33]
V  [jvm.dll+0x24785f]
V  [jvm.dll+0x678cb9]
V  [jvm.dll+0x66d54a]
V  [jvm.dll+0x308feb]
V  [jvm.dll+0x310496]
V  [jvm.dll+0x36019e]
V  [jvm.dll+0x3603cf]
V  [jvm.dll+0x2dff38]
V  [jvm.dll+0x2de114]
V  [jvm.dll+0x2dd71c]
V  [jvm.dll+0x32143b]
V  [jvm.dll+0x84032b]
V  [jvm.dll+0x841064]
V  [jvm.dll+0x84157d]
V  [jvm.dll+0x841954]
V  [jvm.dll+0x841a20]
V  [jvm.dll+0x7ea13a]
V  [jvm.dll+0x67ad85]
C  [ucrtbase.dll+0x21bb2]
C  [KERNEL32.DLL+0x17344]
C  [ntdll.dll+0x526b1]

VM_Operation (0x00000080719fd590): G1CollectForAllocation, mode: safepoint, requested by thread 0x000002283e88ffb0


---------------  P R O C E S S  ---------------

Threads class SMR info:
_java_thread_list=0x000002285e9cdc50, length=13, elements={
0x000002283e88ffb0, 0x000002285e96fd70, 0x000002285e972c00, 0x000002285e98d430,
0x000002285e98dff0, 0x000002285e98ebb0, 0x000002285e991580, 0x000002285e995920,
0x000002285e996650, 0x000002285e9cadb0, 0x000002285ebf8030, 0x000002285ebfbb60,
0x000002285ec2ae20
}

Java Threads: ( => current thread )
  0x000002283e88ffb0 JavaThread "main" [_thread_blocked, id=21084, stack(0x0000008071900000,0x0000008071a00000)]
  0x000002285e96fd70 JavaThread "Reference Handler" daemon [_thread_blocked, id=21360, stack(0x0000008072000000,0x0000008072100000)]
  0x000002285e972c00 JavaThread "Finalizer" daemon [_thread_blocked, id=15872, stack(0x0000008072100000,0x0000008072200000)]
  0x000002285e98d430 JavaThread "Signal Dispatcher" daemon [_thread_blocked, id=7724, stack(0x0000008072200000,0x0000008072300000)]
  0x000002285e98dff0 JavaThread "Attach Listener" daemon [_thread_blocked, id=18852, stack(0x0000008072300000,0x0000008072400000)]
  0x000002285e98ebb0 JavaThread "Service Thread" daemon [_thread_blocked, id=19396, stack(0x0000008072400000,0x0000008072500000)]
  0x000002285e991580 JavaThread "Monitor Deflation Thread" daemon [_thread_blocked, id=14888, stack(0x0000008072500000,0x0000008072600000)]
  0x000002285e995920 JavaThread "C2 CompilerThread0" daemon [_thread_blocked, id=912, stack(0x0000008072600000,0x0000008072700000)]
  0x000002285e996650 JavaThread "C1 CompilerThread0" daemon [_thread_blocked, id=21116, stack(0x0000008072700000,0x0000008072800000)]
  0x000002285e9cadb0 JavaThread "Sweeper thread" daemon [_thread_blocked, id=6860, stack(0x0000008072800000,0x0000008072900000)]
  0x000002285ebf8030 JavaThread "Notification Thread" daemon [_thread_blocked, id=17952, stack(0x0000008072900000,0x0000008072a00000)]
  0x000002285ebfbb60 JavaThread "Common-Cleaner" daemon [_thread_blocked, id=17036, stack(0x0000008072b00000,0x0000008072c00000)]
  0x000002285ec2ae20 JavaThread "C2 CompilerThread1" daemon [_thread_blocked, id=16216, stack(0x0000008072c00000,0x0000008072d00000)]

Other Threads:
=>0x000002285e977990 VMThread "VM Thread" [stack: 0x0000008071f00000,0x0000008072000000] [id=3180]
  0x000002283e8fb520 WatcherThread [stack: 0x0000008072a00000,0x0000008072b00000] [id=2980]
  0x000002283e8e6080 GCTaskThread "GC Thread#0" [stack: 0x0000008071a00000,0x0000008071b00000] [id=21132]
  0x000002285ec9c2c0 GCTaskThread "GC Thread#1" [stack: 0x0000008072d00000,0x0000008072e00000] [id=1136]
  0x00000228a416bb50 GCTaskThread "GC Thread#2" [stack: 0x0000008072e00000,0x0000008072f00000] [id=18144]
  0x000002285ee7d6c0 GCTaskThread "GC Thread#3" [stack: 0x0000008072f00000,0x0000008073000000] [id=20744]
  0x000002283e8f2de0 ConcurrentGCThread "G1 Main Marker" [stack: 0x0000008071b00000,0x0000008071c00000] [id=9532]
  0x000002283e8f4fa0 ConcurrentGCThread "G1 Conc#0" [stack: 0x0000008071c00000,0x0000008071d00000] [id=6008]
  0x000002283e94dfb0 ConcurrentGCThread "G1 Refine#0" [stack: 0x0000008071d00000,0x0000008071e00000] [id=3568]
  0x00000228a4274d00 ConcurrentGCThread "G1 Refine#1" [stack: 0x0000008073000000,0x0000008073100000] [id=20444]
  0x00000228a43104d0 ConcurrentGCThread "G1 Refine#2" [stack: 0x0000008073100000,0x0000008073200000] [id=14300]
  0x000002283e94e9e0 ConcurrentGCThread "G1 Service" [stack: 0x0000008071e00000,0x0000008071f00000] [id=12460]

Threads with active compile tasks:
C2 CompilerThread0     1762  769       4       java.util.jar.Manifest::getAttributes (14 bytes)
C2 CompilerThread1     1762  767       4       java.util.jar.Manifest::read (415 bytes)

VM state: at safepoint (normal execution)

VM Mutex/Monitor currently owned by a thread:  ([mutex/lock_event])
[0x000002283e88bc00] Threads_lock - owner thread: 0x000002285e977990
[0x000002283e88be40] Heap_lock - owner thread: 0x000002283e88ffb0

Heap address: 0x0000000741e00000, size: 3042 MB, Compressed Oops mode: Zero based, Oop shift amount: 3

CDS archive(s) mapped at: [0x000002285f000000-0x000002285fbd0000-0x000002285fbd0000), size 12386304, SharedBaseAddress: 0x000002285f000000, ArchiveRelocationMode: 1.
Compressed class space mapped at: 0x0000022860000000-0x00000228a0000000, reserved size: 1073741824
Narrow klass base: 0x000002285f000000, Narrow klass shift: 0, Narrow klass range: 0x100000000

GC Precious Log:
 CPUs: 4 total, 4 available
 Memory: 12163M
 Large Page Support: Disabled
 NUMA Support: Disabled
 Compressed Oops: Enabled (Zero based)
 Heap Region Size: 2M
 Heap Min Capacity: 8M
 Heap Initial Capacity: 192M
 Heap Max Capacity: 3042M
 Pre-touch: Disabled
 Parallel Workers: 4
 Concurrent Workers: 1
 Concurrent Refinement Workers: 4
 Periodic GC: Disabled

Heap:
 garbage-first heap   total 196608K, used 46854K [0x0000000741e00000, 0x0000000800000000)
  region size 2048K, 4 young (8192K), 4 survivors (8192K)
 Metaspace       used 3349K, committed 3520K, reserved 1114112K
  class space    used 331K, committed 448K, reserved 1048576K

Heap Regions: E=young(eden), S=young(survivor), O=old, HS=humongous(starts), HC=humongous(continues), CS=collection set, F=free, OA=open archive, CA=closed archive, TAMS=top-at-mark-start (previous, next)
|   0|0x0000000741e00000, 0x0000000742000000, 0x0000000742000000|100%|HS|  |TAMS 0x0000000741e00000, 0x0000000741e00000| Complete 
|   1|0x0000000742000000, 0x0000000742200000, 0x0000000742200000|100%|HC|  |TAMS 0x0000000742000000, 0x0000000742000000| Complete 
|   2|0x0000000742200000, 0x0000000742400000, 0x0000000742400000|100%| O|  |TAMS 0x0000000742200000, 0x0000000742200000| Untracked 
|   3|0x0000000742400000, 0x0000000742600000, 0x0000000742600000|100%| O|  |TAMS 0x0000000742400000, 0x0000000742400000| Untracked 
|   4|0x0000000742600000, 0x0000000742800000, 0x0000000742800000|100%|HS|  |TAMS 0x0000000742600000, 0x0000000742600000| Complete 
|   5|0x0000000742800000, 0x0000000742a00000, 0x0000000742a00000|100%|HC|  |TAMS 0x0000000742800000, 0x0000000742800000| Complete 
|   6|0x0000000742a00000, 0x0000000742c00000, 0x0000000742c00000|100%| O|  |TAMS 0x0000000742a00000, 0x0000000742a00000| Untracked 
|   7|0x0000000742c00000, 0x0000000742e00000, 0x0000000742e00000|100%|HS|  |TAMS 0x0000000742c00000, 0x0000000742c00000| Complete 
|   8|0x0000000742e00000, 0x0000000743000000, 0x0000000743000000|100%|HC|  |TAMS 0x0000000742e00000, 0x0000000742e00000| Complete 
|   9|0x0000000743000000, 0x0000000743200000, 0x0000000743200000|100%|HS|  |TAMS 0x0000000743000000, 0x0000000743000000| Complete 
|  10|0x0000000743200000, 0x0000000743400000, 0x0000000743400000|100%|HC|  |TAMS 0x0000000743200000, 0x0000000743200000| Complete 
|  11|0x0000000743400000, 0x0000000743600000, 0x0000000743600000|100%| O|  |TAMS 0x0000000743400000, 0x0000000743400000| Untracked 
|  12|0x0000000743600000, 0x0000000743800000, 0x0000000743800000|100%| O|  |TAMS 0x0000000743600000, 0x0000000743600000| Untracked 
|  13|0x0000000743800000, 0x0000000743a00000, 0x0000000743a00000|100%| O|  |TAMS 0x0000000743800000, 0x0000000743800000| Untracked 
|  14|0x0000000743a00000, 0x0000000743c00000, 0x0000000743c00000|100%| O|  |TAMS 0x0000000743a00000, 0x0000000743a00000| Untracked 
|  15|0x0000000743c00000, 0x0000000743e00000, 0x0000000743e00000|100%| O|  |TAMS 0x0000000743c00000, 0x0000000743c00000| Untracked 
|  16|0x0000000743e00000, 0x0000000743e00000, 0x0000000744000000|  0%| F|  |TAMS 0x0000000743e00000, 0x0000000743e00000| Untracked 
|  17|0x0000000744000000, 0x0000000744000000, 0x0000000744200000|  0%| F|  |TAMS 0x0000000744000000, 0x0000000744000000| Untracked 
|  18|0x0000000744200000, 0x0000000744200000, 0x0000000744400000|  0%| F|  |TAMS 0x0000000744200000, 0x0000000744200000| Untracked 
|  19|0x0000000744400000, 0x0000000744400000, 0x0000000744600000|  0%| F|  |TAMS 0x0000000744400000, 0x0000000744400000| Untracked 
|  20|0x0000000744600000, 0x00000007447c1a00, 0x0000000744800000| 87%| O|  |TAMS 0x0000000744600000, 0x0000000744600000| Untracked 
|  21|0x0000000744800000, 0x0000000744800000, 0x0000000744a00000|  0%| F|  |TAMS 0x0000000744800000, 0x0000000744800000| Untracked 
|  22|0x0000000744a00000, 0x0000000744a00000, 0x0000000744c00000|  0%| F|  |TAMS 0x0000000744a00000, 0x0000000744a00000| Untracked 
|  23|0x0000000744c00000, 0x0000000744c00000, 0x0000000744e00000|  0%| F|  |TAMS 0x0000000744c00000, 0x0000000744c00000| Untracked 
|  24|0x0000000744e00000, 0x0000000744e00000, 0x0000000745000000|  0%| F|  |TAMS 0x0000000744e00000, 0x0000000744e00000| Untracked 
|  25|0x0000000745000000, 0x0000000745000000, 0x0000000745200000|  0%| F|  |TAMS 0x0000000745000000, 0x0000000745000000| Untracked 
|  26|0x0000000745200000, 0x0000000745200000, 0x0000000745400000|  0%| F|  |TAMS 0x0000000745200000, 0x0000000745200000| Untracked 
|  27|0x0000000745400000, 0x0000000745600000, 0x0000000745600000|100%|HS|  |TAMS 0x0000000745400000, 0x0000000745400000| Complete 
|  28|0x0000000745600000, 0x0000000745800000, 0x0000000745800000|100%|HC|  |TAMS 0x0000000745600000, 0x0000000745600000| Complete 
|  29|0x0000000745800000, 0x0000000745800000, 0x0000000745a00000|  0%| F|  |TAMS 0x0000000745800000, 0x0000000745800000| Untracked 
|  30|0x0000000745a00000, 0x0000000745a00000, 0x0000000745c00000|  0%| F|  |TAMS 0x0000000745a00000, 0x0000000745a00000| Untracked 
|  31|0x0000000745c00000, 0x0000000745c00000, 0x0000000745e00000|  0%| F|  |TAMS 0x0000000745c00000, 0x0000000745c00000| Untracked 
|  32|0x0000000745e00000, 0x0000000745e00000, 0x0000000746000000|  0%| F|  |TAMS 0x0000000745e00000, 0x0000000745e00000| Untracked 
|  33|0x0000000746000000, 0x0000000746000000, 0x0000000746200000|  0%| F|  |TAMS 0x0000000746000000, 0x0000000746000000| Untracked 
|  34|0x0000000746200000, 0x0000000746200000, 0x0000000746400000|  0%| F|  |TAMS 0x0000000746200000, 0x0000000746200000| Untracked 
|  35|0x0000000746400000, 0x0000000746400000, 0x0000000746600000|  0%| F|  |TAMS 0x0000000746400000, 0x0000000746400000| Untracked 
|  36|0x0000000746600000, 0x0000000746600000, 0x0000000746800000|  0%| F|  |TAMS 0x0000000746600000, 0x0000000746600000| Untracked 
|  37|0x0000000746800000, 0x0000000746800000, 0x0000000746a00000|  0%| F|  |TAMS 0x0000000746800000, 0x0000000746800000| Untracked 
|  38|0x0000000746a00000, 0x0000000746a00000, 0x0000000746c00000|  0%| F|  |TAMS 0x0000000746a00000, 0x0000000746a00000| Untracked 
|  39|0x0000000746c00000, 0x0000000746c00000, 0x0000000746e00000|  0%| F|  |TAMS 0x0000000746c00000, 0x0000000746c00000| Untracked 
|  40|0x0000000746e00000, 0x0000000746e00000, 0x0000000747000000|  0%| F|  |TAMS 0x0000000746e00000, 0x0000000746e00000| Untracked 
|  41|0x0000000747000000, 0x0000000747000000, 0x0000000747200000|  0%| F|  |TAMS 0x0000000747000000, 0x0000000747000000| Untracked 
|  42|0x0000000747200000, 0x0000000747200000, 0x0000000747400000|  0%| F|  |TAMS 0x0000000747200000, 0x0000000747200000| Untracked 
|  43|0x0000000747400000, 0x0000000747400000, 0x0000000747600000|  0%| F|  |TAMS 0x0000000747400000, 0x0000000747400000| Untracked 
|  44|0x0000000747600000, 0x0000000747600000, 0x0000000747800000|  0%| F|  |TAMS 0x0000000747600000, 0x0000000747600000| Untracked 
|  45|0x0000000747800000, 0x0000000747800000, 0x0000000747a00000|  0%| F|  |TAMS 0x0000000747800000, 0x0000000747800000| Untracked 
|  46|0x0000000747a00000, 0x0000000747a00000, 0x0000000747c00000|  0%| F|  |TAMS 0x0000000747a00000, 0x0000000747a00000| Untracked 
|  47|0x0000000747c00000, 0x0000000747c00000, 0x0000000747e00000|  0%| F|  |TAMS 0x0000000747c00000, 0x0000000747c00000| Untracked 
|  48|0x0000000747e00000, 0x0000000747e00000, 0x0000000748000000|  0%| F|  |TAMS 0x0000000747e00000, 0x0000000747e00000| Untracked 
|  49|0x0000000748000000, 0x0000000748000000, 0x0000000748200000|  0%| F|  |TAMS 0x0000000748000000, 0x0000000748000000| Untracked 
|  50|0x0000000748200000, 0x0000000748200000, 0x0000000748400000|  0%| F|  |TAMS 0x0000000748200000, 0x0000000748200000| Untracked 
|  51|0x0000000748400000, 0x0000000748400000, 0x0000000748600000|  0%| F|  |TAMS 0x0000000748400000, 0x0000000748400000| Untracked 
|  52|0x0000000748600000, 0x0000000748600000, 0x0000000748800000|  0%| F|  |TAMS 0x0000000748600000, 0x0000000748600000| Untracked 
|  53|0x0000000748800000, 0x0000000748800000, 0x0000000748a00000|  0%| F|  |TAMS 0x0000000748800000, 0x0000000748800000| Untracked 
|  54|0x0000000748a00000, 0x0000000748a00000, 0x0000000748c00000|  0%| F|  |TAMS 0x0000000748a00000, 0x0000000748a00000| Untracked 
|  55|0x0000000748c00000, 0x0000000748c00000, 0x0000000748e00000|  0%| F|  |TAMS 0x0000000748c00000, 0x0000000748c00000| Untracked 
|  56|0x0000000748e00000, 0x0000000748e00000, 0x0000000749000000|  0%| F|  |TAMS 0x0000000748e00000, 0x0000000748e00000| Untracked 
|  57|0x0000000749000000, 0x0000000749000000, 0x0000000749200000|  0%| F|  |TAMS 0x0000000749000000, 0x0000000749000000| Untracked 
|  58|0x0000000749200000, 0x0000000749200000, 0x0000000749400000|  0%| F|  |TAMS 0x0000000749200000, 0x0000000749200000| Untracked 
|  59|0x0000000749400000, 0x0000000749400000, 0x0000000749600000|  0%| F|  |TAMS 0x0000000749400000, 0x0000000749400000| Untracked 
|  60|0x0000000749600000, 0x0000000749600000, 0x0000000749800000|  0%| F|  |TAMS 0x0000000749600000, 0x0000000749600000| Untracked 
|  61|0x0000000749800000, 0x0000000749800000, 0x0000000749a00000|  0%| F|  |TAMS 0x0000000749800000, 0x0000000749800000| Untracked 
|  62|0x0000000749a00000, 0x0000000749c00000, 0x0000000749c00000|100%| S|CS|TAMS 0x0000000749a00000, 0x0000000749a00000| Complete 
|  63|0x0000000749c00000, 0x0000000749e00000, 0x0000000749e00000|100%| S|CS|TAMS 0x0000000749c00000, 0x0000000749c00000| Complete 
|  64|0x0000000749e00000, 0x000000074a000000, 0x000000074a000000|100%| S|CS|TAMS 0x0000000749e00000, 0x0000000749e00000| Complete 
|  65|0x000000074a000000, 0x000000074a200000, 0x000000074a200000|100%| S|CS|TAMS 0x000000074a000000, 0x000000074a000000| Complete 
|  66|0x000000074a200000, 0x000000074a200000, 0x000000074a400000|  0%| F|  |TAMS 0x000000074a200000, 0x000000074a200000| Untracked 
|  67|0x000000074a400000, 0x000000074a400000, 0x000000074a600000|  0%| F|  |TAMS 0x000000074a400000, 0x000000074a400000| Untracked 
|  68|0x000000074a600000, 0x000000074a600000, 0x000000074a800000|  0%| F|  |TAMS 0x000000074a600000, 0x000000074a600000| Untracked 
|  69|0x000000074a800000, 0x000000074a800000, 0x000000074aa00000|  0%| F|  |TAMS 0x000000074a800000, 0x000000074a800000| Untracked 
|  70|0x000000074aa00000, 0x000000074aa00000, 0x000000074ac00000|  0%| F|  |TAMS 0x000000074aa00000, 0x000000074aa00000| Untracked 
|  71|0x000000074ac00000, 0x000000074ac00000, 0x000000074ae00000|  0%| F|  |TAMS 0x000000074ac00000, 0x000000074ac00000| Untracked 
|  72|0x000000074ae00000, 0x000000074ae00000, 0x000000074b000000|  0%| F|  |TAMS 0x000000074ae00000, 0x000000074ae00000| Untracked 
|  73|0x000000074b000000, 0x000000074b000000, 0x000000074b200000|  0%| F|  |TAMS 0x000000074b000000, 0x000000074b000000| Untracked 
|  74|0x000000074b200000, 0x000000074b200000, 0x000000074b400000|  0%| F|  |TAMS 0x000000074b200000, 0x000000074b200000| Untracked 
|  75|0x000000074b400000, 0x000000074b400000, 0x000000074b600000|  0%| F|  |TAMS 0x000000074b400000, 0x000000074b400000| Untracked 
|  76|0x000000074b600000, 0x000000074b600000, 0x000000074b800000|  0%| F|  |TAMS 0x000000074b600000, 0x000000074b600000| Untracked 
|  77|0x000000074b800000, 0x000000074b800000, 0x000000074ba00000|  0%| F|  |TAMS 0x000000074b800000, 0x000000074b800000| Untracked 
|  78|0x000000074ba00000, 0x000000074ba00000, 0x000000074bc00000|  0%| F|  |TAMS 0x000000074ba00000, 0x000000074ba00000| Untracked 
|  79|0x000000074bc00000, 0x000000074bc00000, 0x000000074be00000|  0%| F|  |TAMS 0x000000074bc00000, 0x000000074bc00000| Untracked 
|  80|0x000000074be00000, 0x000000074be00000, 0x000000074c000000|  0%| F|  |TAMS 0x000000074be00000, 0x000000074be00000| Untracked 
|  81|0x000000074c000000, 0x000000074c000000, 0x000000074c200000|  0%| F|  |TAMS 0x000000074c000000, 0x000000074c000000| Untracked 
|  82|0x000000074c200000, 0x000000074c200000, 0x000000074c400000|  0%| F|  |TAMS 0x000000074c200000, 0x000000074c200000| Untracked 
|  83|0x000000074c400000, 0x000000074c400000, 0x000000074c600000|  0%| F|  |TAMS 0x000000074c400000, 0x000000074c400000| Untracked 
|  84|0x000000074c600000, 0x000000074c600000, 0x000000074c800000|  0%| F|  |TAMS 0x000000074c600000, 0x000000074c600000| Untracked 
|  85|0x000000074c800000, 0x000000074c800000, 0x000000074ca00000|  0%| F|  |TAMS 0x000000074c800000, 0x000000074c800000| Untracked 
|  86|0x000000074ca00000, 0x000000074ca00000, 0x000000074cc00000|  0%| F|  |TAMS 0x000000074ca00000, 0x000000074ca00000| Untracked 
|  87|0x000000074cc00000, 0x000000074cc00000, 0x000000074ce00000|  0%| F|  |TAMS 0x000000074cc00000, 0x000000074cc00000| Untracked 
|  88|0x000000074ce00000, 0x000000074ce00000, 0x000000074d000000|  0%| F|  |TAMS 0x000000074ce00000, 0x000000074ce00000| Untracked 
|  89|0x000000074d000000, 0x000000074d000000, 0x000000074d200000|  0%| F|  |TAMS 0x000000074d000000, 0x000000074d000000| Untracked 
|  90|0x000000074d200000, 0x000000074d200000, 0x000000074d400000|  0%| F|  |TAMS 0x000000074d200000, 0x000000074d200000| Untracked 
|  91|0x000000074d400000, 0x000000074d400000, 0x000000074d600000|  0%| F|  |TAMS 0x000000074d400000, 0x000000074d400000| Untracked 
|  92|0x000000074d600000, 0x000000074d600000, 0x000000074d800000|  0%| F|  |TAMS 0x000000074d600000, 0x000000074d600000| Untracked 
|  93|0x000000074d800000, 0x000000074d800000, 0x000000074da00000|  0%| F|  |TAMS 0x000000074d800000, 0x000000074d800000| Untracked 
|  94|0x000000074da00000, 0x000000074da00000, 0x000000074dc00000|  0%| F|  |TAMS 0x000000074da00000, 0x000000074da00000| Untracked 
|  95|0x000000074dc00000, 0x000000074dc00000, 0x000000074de00000|  0%| F|  |TAMS 0x000000074dc00000, 0x000000074dc00000| Untracked 

Card table byte_map: [0x0000022855990000,0x0000022855f90000] _byte_map_base: 0x0000022851f81000

Marking Bits (Prev, Next): (CMBitMap*) 0x000002283e8e66a0, (CMBitMap*) 0x000002283e8e66e0
 Prev Bits: [0x0000022856590000, 0x0000022859518000)
 Next Bits: [0x0000022859520000, 0x000002285c4a8000)

Polling page: 0x000002283c690000

Metaspace:

Usage:
  Non-class:      2.95 MB used.
      Class:    331.18 KB used.
       Both:      3.27 MB used.

Virtual space:
  Non-class space:       64.00 MB reserved,       3.00 MB (  5%) committed,  1 nodes.
      Class space:        1.00 GB reserved,     448.00 KB ( <1%) committed,  1 nodes.
             Both:        1.06 GB reserved,       3.44 MB ( <1%) committed. 

Chunk freelists:
   Non-Class:  11.57 MB
       Class:  15.54 MB
        Both:  27.10 MB

MaxMetaspaceSize: unlimited
CompressedClassSpaceSize: 1.00 GB
Initial GC threshold: 21.00 MB
Current GC threshold: 21.00 MB
CDS: on
MetaspaceReclaimPolicy: balanced
 - commit_granule_bytes: 65536.
 - commit_granule_words: 8192.
 - virtual_space_node_default_size: 8388608.
 - enlarge_chunks_in_place: 1.
 - new_chunks_are_fully_committed: 0.
 - uncommit_free_chunks: 1.
 - use_allocation_guard: 0.
 - handle_deallocations: 1.


Internal statistics:

num_allocs_failed_limit: 0.
num_arena_births: 34.
num_arena_deaths: 0.
num_vsnodes_births: 2.
num_vsnodes_deaths: 0.
num_space_committed: 55.
num_space_uncommitted: 0.
num_chunks_returned_to_freelist: 0.
num_chunks_taken_from_freelist: 66.
num_chunk_merges: 0.
num_chunk_splits: 43.
num_chunks_enlarged: 27.
num_inconsistent_stats: 0.

CodeHeap 'non-profiled nmethods': size=120000Kb used=516Kb max_used=516Kb free=119483Kb
 bounds [0x000002284de60000, 0x000002284e0d0000, 0x0000022855390000]
CodeHeap 'profiled nmethods': size=120000Kb used=1214Kb max_used=1214Kb free=118785Kb
 bounds [0x0000022846390000, 0x0000022846600000, 0x000002284d8c0000]
CodeHeap 'non-nmethods': size=5760Kb used=1144Kb max_used=1169Kb free=4615Kb
 bounds [0x000002284d8c0000, 0x000002284db30000, 0x000002284de60000]
 total_blobs=1196 nmethods=766 adapters=343
 compilation: enabled
              stopped_count=0, restarted_count=0
 full_count=0

Compilation events (20 events):
Event: 1.605 Thread 0x000002285e996650  760       1       jdk.internal.jimage.ImageHeader::getTableLength (5 bytes)
Event: 1.605 Thread 0x000002285e996650 nmethod 760 0x000002284dedb210 code [0x000002284dedb3a0, 0x000002284dedb478]
Event: 1.605 Thread 0x000002285e996650  761   !   3       java.nio.DirectIntBufferU::get (34 bytes)
Event: 1.606 Thread 0x000002285e996650 nmethod 761 0x00000228464bd690 code [0x00000228464bd8c0, 0x00000228464be118]
Event: 1.606 Thread 0x000002285e996650  762       3       java.util.concurrent.ConcurrentHashMap$Traverser::advance (188 bytes)
Event: 1.607 Thread 0x000002285e996650 nmethod 762 0x00000228464be590 code [0x00000228464be7e0, 0x00000228464bf408]
Event: 1.607 Thread 0x000002285e996650  763       3       java.util.concurrent.ConcurrentHashMap$BaseIterator::hasNext (13 bytes)
Event: 1.607 Thread 0x000002285e996650 nmethod 763 0x00000228464bf690 code [0x00000228464bf820, 0x00000228464bf998]
Event: 1.616 Thread 0x000002285e995920 nmethod 754% 0x000002284dedb510 code [0x000002284dedb6a0, 0x000002284dedbb98]
Event: 1.616 Thread 0x000002285e995920  764   !   4       java.util.zip.InflaterInputStream::read (138 bytes)
Event: 1.627 Thread 0x000002285e995920 nmethod 764 0x000002284dedbd90 code [0x000002284dedbf80, 0x000002284dedc9a8]
Event: 1.629 Thread 0x000002285ec2ae20 nmethod 752 0x000002284dedd010 code [0x000002284dedd220, 0x000002284dede410]
Event: 1.663 Thread 0x000002285ec2ae20  765       4       java.util.zip.Inflater::ensureOpen (47 bytes)
Event: 1.664 Thread 0x000002285ec2ae20 nmethod 765 0x000002284dedee90 code [0x000002284dedf000, 0x000002284dedf0b8]
Event: 1.664 Thread 0x000002285e995920  766   !   4       java.util.zip.Inflater::inflate (418 bytes)
Event: 1.670 Thread 0x000002285ec2ae20  767       4       java.util.jar.Manifest::read (415 bytes)
Event: 1.674 Thread 0x000002285e995920 nmethod 766 0x000002284dedf190 code [0x000002284dedf380, 0x000002284dedfbc0]
Event: 1.675 Thread 0x000002285e995920  768       4       java.util.jar.Manifest$FastInputStream::readLine (9 bytes)
Event: 1.693 Thread 0x000002285e995920 nmethod 768 0x000002284dee0410 code [0x000002284dee05c0, 0x000002284dee0cc8]
Event: 1.693 Thread 0x000002285e995920  769       4       java.util.jar.Manifest::getAttributes (14 bytes)

GC Heap History (9 events):
Event: 0.383 GC heap before
{Heap before GC invocations=0 (full 0):
 garbage-first heap   total 196608K, used 22528K [0x0000000741e00000, 0x0000000800000000)
  region size 2048K, 6 young (12288K), 0 survivors (0K)
 Metaspace       used 256K, committed 320K, reserved 1114112K
  class space    used 8K, committed 64K, reserved 1048576K
}
Event: 0.392 GC heap after
{Heap after GC invocations=1 (full 0):
 garbage-first heap   total 196608K, used 12168K [0x0000000741e00000, 0x0000000800000000)
  region size 2048K, 1 young (2048K), 1 survivors (2048K)
 Metaspace       used 256K, committed 320K, reserved 1114112K
  class space    used 8K, committed 64K, reserved 1048576K
}
Event: 0.544 GC heap before
{Heap before GC invocations=1 (full 0):
 garbage-first heap   total 196608K, used 34696K [0x0000000741e00000, 0x0000000800000000)
  region size 2048K, 7 young (14336K), 1 survivors (2048K)
 Metaspace       used 342K, committed 576K, reserved 1114112K
  class space    used 12K, committed 128K, reserved 1048576K
}
Event: 0.554 GC heap after
{Heap after GC invocations=2 (full 0):
 garbage-first heap   total 196608K, used 26199K [0x0000000741e00000, 0x0000000800000000)
  region size 2048K, 1 young (2048K), 1 survivors (2048K)
 Metaspace       used 342K, committed 576K, reserved 1114112K
  class space    used 12K, committed 128K, reserved 1048576K
}
Event: 0.768 GC heap before
{Heap before GC invocations=2 (full 0):
 garbage-first heap   total 196608K, used 40535K [0x0000000741e00000, 0x0000000800000000)
  region size 2048K, 8 young (16384K), 1 survivors (2048K)
 Metaspace       used 1591K, committed 1792K, reserved 1114112K
  class space    used 142K, committed 256K, reserved 1048576K
}
Event: 0.779 GC heap after
{Heap after GC invocations=3 (full 0):
 garbage-first heap   total 196608K, used 34789K [0x0000000741e00000, 0x0000000800000000)
  region size 2048K, 1 young (2048K), 1 survivors (2048K)
 Metaspace       used 1591K, committed 1792K, reserved 1114112K
  class space    used 142K, committed 256K, reserved 1048576K
}
Event: 1.252 GC heap before
{Heap before GC invocations=3 (full 0):
 garbage-first heap   total 196608K, used 59365K [0x0000000741e00000, 0x0000000800000000)
  region size 2048K, 10 young (20480K), 1 survivors (2048K)
 Metaspace       used 3250K, committed 3392K, reserved 1114112K
  class space    used 321K, committed 384K, reserved 1048576K
}
Event: 1.260 GC heap after
{Heap after GC invocations=4 (full 0):
 garbage-first heap   total 196608K, used 42422K [0x0000000741e00000, 0x0000000800000000)
  region size 2048K, 2 young (4096K), 2 survivors (4096K)
 Metaspace       used 3250K, committed 3392K, reserved 1114112K
  class space    used 321K, committed 384K, reserved 1048576K
}
Event: 1.694 GC heap before
{Heap before GC invocations=4 (full 0):
 garbage-first heap   total 196608K, used 120246K [0x0000000741e00000, 0x0000000800000000)
  region size 2048K, 30 young (61440K), 2 survivors (4096K)
 Metaspace       used 3349K, committed 3520K, reserved 1114112K
  class space    used 331K, committed 448K, reserved 1048576K
}

Dll operation events (7 events):
Event: 0.010 Loaded shared library C:\Program Files (x86)\Android\openjdk\jdk-17.0.8.101-hotspot\bin\java.dll
Event: 0.031 Loaded shared library C:\Program Files (x86)\Android\openjdk\jdk-17.0.8.101-hotspot\bin\jsvml.dll
Event: 0.141 Loaded shared library C:\Program Files (x86)\Android\openjdk\jdk-17.0.8.101-hotspot\bin\net.dll
Event: 0.146 Loaded shared library C:\Program Files (x86)\Android\openjdk\jdk-17.0.8.101-hotspot\bin\nio.dll
Event: 0.202 Loaded shared library C:\Program Files (x86)\Android\openjdk\jdk-17.0.8.101-hotspot\bin\zip.dll
Event: 0.870 Loaded shared library C:\Program Files (x86)\Android\openjdk\jdk-17.0.8.101-hotspot\bin\jimage.dll
Event: 1.600 Loaded shared library C:\Program Files (x86)\Android\openjdk\jdk-17.0.8.101-hotspot\bin\verify.dll

Deoptimization events (20 events):
Event: 1.502 Thread 0x000002283e88ffb0 Uncommon trap: trap_request=0xffffffde fr.pc=0x000002284dec8a0c relative=0x0000000000000fec
Event: 1.502 Thread 0x000002283e88ffb0 Uncommon trap: reason=class_check action=maybe_recompile pc=0x000002284dec8a0c method=java.util.HashMap.putMapEntries(Ljava/util/Map;Z)V @ 1 c2
Event: 1.502 Thread 0x000002283e88ffb0 DEOPT PACKING pc=0x000002284dec8a0c sp=0x00000080719fd5a0
Event: 1.502 Thread 0x000002283e88ffb0 DEOPT UNPACKING pc=0x000002284d9169a3 sp=0x00000080719fd5a8 mode 2
Event: 1.511 Thread 0x000002283e88ffb0 DEOPT PACKING pc=0x000002284647d00f sp=0x00000080719fd3d0
Event: 1.511 Thread 0x000002283e88ffb0 DEOPT UNPACKING pc=0x000002284d917143 sp=0x00000080719fc810 mode 0
Event: 1.533 Thread 0x000002283e88ffb0 Uncommon trap: trap_request=0xffffffde fr.pc=0x000002284dec8a0c relative=0x0000000000000fec
Event: 1.533 Thread 0x000002283e88ffb0 Uncommon trap: reason=class_check action=maybe_recompile pc=0x000002284dec8a0c method=java.util.HashMap.putMapEntries(Ljava/util/Map;Z)V @ 1 c2
Event: 1.533 Thread 0x000002283e88ffb0 DEOPT PACKING pc=0x000002284dec8a0c sp=0x00000080719fd760
Event: 1.533 Thread 0x000002283e88ffb0 DEOPT UNPACKING pc=0x000002284d9169a3 sp=0x00000080719fd768 mode 2
Event: 1.555 Thread 0x000002283e88ffb0 Uncommon trap: trap_request=0xffffff45 fr.pc=0x000002284deaebc0 relative=0x0000000000000ca0
Event: 1.555 Thread 0x000002283e88ffb0 Uncommon trap: reason=unstable_if action=reinterpret pc=0x000002284deaebc0 method=sun.security.util.SignatureFileVerifier.updateSigners([Ljava/security/CodeSigner;Ljava/util/Hashtable;Ljava/lang/String;)V @ 24 c2
Event: 1.556 Thread 0x000002283e88ffb0 DEOPT PACKING pc=0x000002284deaebc0 sp=0x00000080719fd890
Event: 1.556 Thread 0x000002283e88ffb0 DEOPT UNPACKING pc=0x000002284d9169a3 sp=0x00000080719fd870 mode 2
Event: 1.591 Thread 0x000002283e88ffb0 Uncommon trap: trap_request=0xffffff45 fr.pc=0x000002284dec4ac4 relative=0x00000000000001a4
Event: 1.591 Thread 0x000002283e88ffb0 Uncommon trap: reason=unstable_if action=reinterpret pc=0x000002284dec4ac4 method=java.util.LinkedHashMap.entrySet()Ljava/util/Set; @ 6 c2
Event: 1.591 Thread 0x000002283e88ffb0 DEOPT PACKING pc=0x000002284dec4ac4 sp=0x00000080719fda30
Event: 1.591 Thread 0x000002283e88ffb0 DEOPT UNPACKING pc=0x000002284d9169a3 sp=0x00000080719fd988 mode 2
Event: 1.670 Thread 0x000002283e88ffb0 DEOPT PACKING pc=0x00000228464a7515 sp=0x00000080719fd7e0
Event: 1.670 Thread 0x000002283e88ffb0 DEOPT UNPACKING pc=0x000002284d917143 sp=0x00000080719fcd68 mode 0

Classes unloaded (0 events):
No events

Classes redefined (0 events):
No events

Internal exceptions (1 events):
Event: 1.049 Thread 0x000002283e88ffb0 Implicit null exception at 0x000002284de88dd4 to 0x000002284de896f0

VM Operations (15 events):
Event: 0.297 Executing VM operation: HandshakeAllThreads
Event: 0.297 Executing VM operation: HandshakeAllThreads done
Event: 0.383 Executing VM operation: G1CollectForAllocation
Event: 0.393 Executing VM operation: G1CollectForAllocation done
Event: 0.544 Executing VM operation: G1CollectForAllocation
Event: 0.554 Executing VM operation: G1CollectForAllocation done
Event: 0.636 Executing VM operation: HandshakeAllThreads
Event: 0.636 Executing VM operation: HandshakeAllThreads done
Event: 0.637 Executing VM operation: HandshakeAllThreads
Event: 0.637 Executing VM operation: HandshakeAllThreads done
Event: 0.768 Executing VM operation: G1CollectForAllocation
Event: 0.779 Executing VM operation: G1CollectForAllocation done
Event: 1.252 Executing VM operation: G1CollectForAllocation
Event: 1.260 Executing VM operation: G1CollectForAllocation done
Event: 1.693 Executing VM operation: G1CollectForAllocation

Events (20 events):
Event: 1.454 loading class jdk/internal/logger/LoggerFinderLoader
Event: 1.454 loading class jdk/internal/logger/LoggerFinderLoader done
Event: 1.455 loading class java/io/FilePermission$1
Event: 1.455 loading class jdk/internal/access/JavaIOFilePermissionAccess
Event: 1.455 loading class jdk/internal/access/JavaIOFilePermissionAccess done
Event: 1.455 loading class java/io/FilePermission$1 done
Event: 1.456 loading class sun/util/logging/internal/LoggingProviderImpl$JULWrapper
Event: 1.457 loading class sun/util/logging/PlatformLogger$ConfigurableBridge$LoggerConfiguration
Event: 1.458 loading class sun/util/logging/PlatformLogger$ConfigurableBridge$LoggerConfiguration done
Event: 1.458 loading class sun/util/logging/internal/LoggingProviderImpl$JULWrapper done
Event: 1.601 loading class javax/xml/parsers/ParserConfigurationException
Event: 1.601 loading class javax/xml/parsers/ParserConfigurationException done
Event: 1.601 loading class javax/xml/parsers/DocumentBuilder
Event: 1.602 loading class javax/xml/parsers/DocumentBuilder done
Event: 1.604 loading class org/xml/sax/SAXNotRecognizedException
Event: 1.604 loading class org/xml/sax/SAXNotRecognizedException done
Event: 1.604 loading class org/xml/sax/SAXNotSupportedException
Event: 1.604 loading class org/xml/sax/SAXNotSupportedException done
Event: 1.604 loading class javax/xml/parsers/SAXParserFactory
Event: 1.605 loading class javax/xml/parsers/SAXParserFactory done


Dynamic libraries:
0x00007ff602a60000 - 0x00007ff602a6e000 	C:\Program Files (x86)\Android\openjdk\jdk-17.0.8.101-hotspot\bin\java.exe
0x00007ffeae910000 - 0x00007ffeaeb08000 	C:\Windows\SYSTEM32\ntdll.dll
0x00007ffeac970000 - 0x00007ffeaca2d000 	C:\Windows\System32\KERNEL32.DLL
0x00007ffeabfc0000 - 0x00007ffeac2b6000 	C:\Windows\System32\KERNELBASE.dll
0x00007ffeac430000 - 0x00007ffeac530000 	C:\Windows\System32\ucrtbase.dll
0x00007ffea2ae0000 - 0x00007ffea2af7000 	C:\Program Files (x86)\Android\openjdk\jdk-17.0.8.101-hotspot\bin\jli.dll
0x00007ffe80430000 - 0x00007ffe8044b000 	C:\Program Files (x86)\Android\openjdk\jdk-17.0.8.101-hotspot\bin\VCRUNTIME140.dll
0x00007ffead460000 - 0x00007ffead5ff000 	C:\Windows\System32\USER32.dll
0x00007ffe9b630000 - 0x00007ffe9b8ca000 	C:\Windows\WinSxS\amd64_microsoft.windows.common-controls_6595b64144ccf1df_6.0.19041.4355_none_60b8b9eb71f62e16\COMCTL32.dll
0x00007ffeac5d0000 - 0x00007ffeac5f2000 	C:\Windows\System32\win32u.dll
0x00007ffead1c0000 - 0x00007ffead25e000 	C:\Windows\System32\msvcrt.dll
0x00007ffeac940000 - 0x00007ffeac96b000 	C:\Windows\System32\GDI32.dll
0x00007ffeac2c0000 - 0x00007ffeac3d7000 	C:\Windows\System32\gdi32full.dll
0x00007ffeac530000 - 0x00007ffeac5cd000 	C:\Windows\System32\msvcp_win.dll
0x00007ffead6e0000 - 0x00007ffead712000 	C:\Windows\System32\IMM32.DLL
0x00007ffea3de0000 - 0x00007ffea3dec000 	C:\Program Files (x86)\Android\openjdk\jdk-17.0.8.101-hotspot\bin\vcruntime140_1.dll
0x00007ffe7ec90000 - 0x00007ffe7ed1d000 	C:\Program Files (x86)\Android\openjdk\jdk-17.0.8.101-hotspot\bin\msvcp140.dll
0x00007ffe64c50000 - 0x00007ffe658b5000 	C:\Program Files (x86)\Android\openjdk\jdk-17.0.8.101-hotspot\bin\server\jvm.dll
0x00007ffead030000 - 0x00007ffead0e0000 	C:\Windows\System32\ADVAPI32.dll
0x00007ffeadf10000 - 0x00007ffeadfb0000 	C:\Windows\System32\sechost.dll
0x00007ffeacc60000 - 0x00007ffeacd83000 	C:\Windows\System32\RPCRT4.dll
0x00007ffeac670000 - 0x00007ffeac697000 	C:\Windows\System32\bcrypt.dll
0x00007ffeab4f0000 - 0x00007ffeab53b000 	C:\Windows\SYSTEM32\POWRPROF.dll
0x00007ffe9e650000 - 0x00007ffe9e65a000 	C:\Windows\SYSTEM32\VERSION.dll
0x00007ffe91430000 - 0x00007ffe91439000 	C:\Windows\SYSTEM32\WSOCK32.dll
0x00007ffe9cea0000 - 0x00007ffe9cec7000 	C:\Windows\SYSTEM32\WINMM.dll
0x00007ffead390000 - 0x00007ffead3fb000 	C:\Windows\System32\WS2_32.dll
0x00007ffeab3b0000 - 0x00007ffeab3c2000 	C:\Windows\SYSTEM32\UMPDC.dll
0x00007ffea9e40000 - 0x00007ffea9e52000 	C:\Windows\SYSTEM32\kernel.appcore.dll
0x00007ffe872d0000 - 0x00007ffe872da000 	C:\Program Files (x86)\Android\openjdk\jdk-17.0.8.101-hotspot\bin\jimage.dll
0x00007ffe9f0b0000 - 0x00007ffe9f294000 	C:\Windows\SYSTEM32\DBGHELP.DLL
0x00007ffe98180000 - 0x00007ffe981b4000 	C:\Windows\SYSTEM32\dbgcore.DLL
0x00007ffeac6a0000 - 0x00007ffeac722000 	C:\Windows\System32\bcryptPrimitives.dll
0x00007ffe7ec60000 - 0x00007ffe7ec85000 	C:\Program Files (x86)\Android\openjdk\jdk-17.0.8.101-hotspot\bin\java.dll
0x00007ffe73070000 - 0x00007ffe73147000 	C:\Program Files (x86)\Android\openjdk\jdk-17.0.8.101-hotspot\bin\jsvml.dll
0x00007ffead720000 - 0x00007ffeade8b000 	C:\Windows\System32\SHELL32.dll
0x00007ffeaa040000 - 0x00007ffeaa7dd000 	C:\Windows\SYSTEM32\windows.storage.dll
0x00007ffeae4e0000 - 0x00007ffeae833000 	C:\Windows\System32\combase.dll
0x00007ffeab9e0000 - 0x00007ffeaba0e000 	C:\Windows\SYSTEM32\Wldp.dll
0x00007ffead0f0000 - 0x00007ffead1bd000 	C:\Windows\System32\OLEAUT32.dll
0x00007ffeaceb0000 - 0x00007ffeacf5d000 	C:\Windows\System32\SHCORE.dll
0x00007ffeacf60000 - 0x00007ffeacfb5000 	C:\Windows\System32\shlwapi.dll
0x00007ffeabef0000 - 0x00007ffeabf14000 	C:\Windows\SYSTEM32\profapi.dll
0x00007ffe73050000 - 0x00007ffe73069000 	C:\Program Files (x86)\Android\openjdk\jdk-17.0.8.101-hotspot\bin\net.dll
0x00007ffe9f7c0000 - 0x00007ffe9f8ca000 	C:\Windows\SYSTEM32\WINHTTP.dll
0x00007ffeab740000 - 0x00007ffeab7aa000 	C:\Windows\system32\mswsock.dll
0x00007ffe73030000 - 0x00007ffe73046000 	C:\Program Files (x86)\Android\openjdk\jdk-17.0.8.101-hotspot\bin\nio.dll
0x00007ffe73010000 - 0x00007ffe73028000 	C:\Program Files (x86)\Android\openjdk\jdk-17.0.8.101-hotspot\bin\zip.dll
0x00007ffe86780000 - 0x00007ffe86790000 	C:\Program Files (x86)\Android\openjdk\jdk-17.0.8.101-hotspot\bin\verify.dll

dbghelp: loaded successfully - version: 4.0.5 - missing functions: none
symbol engine: initialized successfully - sym options: 0x614 - pdb path: .;C:\Program Files (x86)\Android\openjdk\jdk-17.0.8.101-hotspot\bin;C:\Windows\SYSTEM32;C:\Windows\WinSxS\amd64_microsoft.windows.common-controls_6595b64144ccf1df_6.0.19041.4355_none_60b8b9eb71f62e16;C:\Program Files (x86)\Android\openjdk\jdk-17.0.8.101-hotspot\bin\server

VM Arguments:
java_command: com.xamarin.manifestmerger.Main obj\Debug\130\android\manifestmerger.rsp
java_class_path (initial): C:\Program Files\Microsoft Visual Studio\2022\Community\MSBuild\Xamarin\Android\manifestmerger.jar
Launcher Type: SUN_STANDARD

[Global flags]
     intx CICompilerCount                          = 3                                         {product} {ergonomic}
     uint ConcGCThreads                            = 1                                         {product} {ergonomic}
     uint G1ConcRefinementThreads                  = 4                                         {product} {ergonomic}
   size_t G1HeapRegionSize                         = 2097152                                   {product} {ergonomic}
    uintx GCDrainStackTargetSize                   = 64                                        {product} {ergonomic}
   size_t InitialHeapSize                          = 201326592                                 {product} {ergonomic}
   size_t MarkStackSize                            = 4194304                                   {product} {ergonomic}
   size_t MaxHeapSize                              = 3189768192                                {product} {ergonomic}
   size_t MaxNewSize                               = 1912602624                                {product} {ergonomic}
   size_t MinHeapDeltaBytes                        = 2097152                                   {product} {ergonomic}
   size_t MinHeapSize                              = 8388608                                   {product} {ergonomic}
    uintx NonNMethodCodeHeapSize                   = 5832780                                {pd product} {ergonomic}
    uintx NonProfiledCodeHeapSize                  = 122912730                              {pd product} {ergonomic}
    uintx ProfiledCodeHeapSize                     = 122912730                              {pd product} {ergonomic}
    uintx ReservedCodeCacheSize                    = 251658240                              {pd product} {ergonomic}
     bool SegmentedCodeCache                       = true                                      {product} {ergonomic}
   size_t SoftMaxHeapSize                          = 3189768192                             {manageable} {ergonomic}
     bool UseCompressedClassPointers               = true                           {product lp64_product} {ergonomic}
     bool UseCompressedOops                        = true                           {product lp64_product} {ergonomic}
     bool UseG1GC                                  = true                                      {product} {ergonomic}
     bool UseLargePagesIndividualAllocation        = false                                  {pd product} {ergonomic}

Logging:
Log output configuration:
 #0: stdout all=warning uptime,level,tags
 #1: stderr all=off uptime,level,tags

Environment Variables:
PATH=C:\Program Files (x86)\Android\openjdk\jdk-17.0.8.101-hotspot\bin;C:\Python312\Scripts\;C:\Python312\;C:\Program Files (x86)\Common Files\Oracle\Java\javapath;C:\Program Files\Microsoft\jdk-11.0.16.101-hotspot\bin;C:\Windows\system32;C:\Windows;C:\Windows\System32\Wbem;C:\Windows\System32\WindowsPowerShell\v1.0\;C:\Windows\System32\OpenSSH\;C:\Program Files\Microsoft SQL Server\130\Tools\Binn\;C:\Program Files\Microsoft SQL Server\Client SDK\ODBC\170\Tools\Binn\;C:\Program Files\dotnet\;C:\Program Files\PuTTY\;C:\ProgramData\chocolatey\bin;C:\Program Files\Git\cmd;C:\Program Files\Microsoft SQL Server\150\Tools\Binn\;C:\Program Files\PostgreSQL\16\bin;C:\Program Files\Tailscale\;C:\Program Files\nodejs\;C:\Users\tomik\AppData\Local\Programs\Python\Python311\Scripts\;C:\Users\tomik\AppData\Local\Programs\Python\Python311\;C:\Program Files\MySQL\MySQL Shell 8.0\bin\;C:\Users\tomik\AppData\Local\Microsoft\WindowsApps;;C:\Users\tomik\AppData\Local\Programs\Microsoft VS Code\bin;C:\Users\tomik\.dotnet\tools;C:\Users\tomik\AppData\Roaming\npm
USERNAME=tomik
OS=Windows_NT
PROCESSOR_IDENTIFIER=Intel64 Family 6 Model 61 Stepping 4, GenuineIntel
TMP=C:\Users\tomik\AppData\Local\Temp
TEMP=C:\Users\tomik\AppData\Local\Temp



---------------  S Y S T E M  ---------------

OS:
 Windows 10 , 64 bit Build 19041 (10.0.19041.3636)
OS uptime: 0 days 9:11 hours

CPU: total 4 (initial active 4) (2 cores per cpu, 2 threads per core) family 6 model 61 stepping 4 microcode 0x2d, cx8, cmov, fxsr, ht, mmx, 3dnowpref, sse, sse2, sse3, ssse3, sse4.1, sse4.2, popcnt, lzcnt, tsc, tscinvbit, avx, avx2, aes, erms, clmul, bmi1, bmi2, rtm, adx, fma, vzeroupper, clflush
Processor Information for all 4 processors :
  Max Mhz: 2301, Current Mhz: 2301, Mhz Limit: 2301

Memory: 4k page, system-wide physical 12163M (1220M free)
TotalPageFile size 14211M (AvailPageFile size 73M)
current process WorkingSet (physical memory assigned to process): 160M, peak: 160M
current process commit charge ("private bytes"): 280M, peak: 350M

vm_info: OpenJDK 64-Bit Server VM (17.0.8.1+1-LTS) for windows-amd64 JRE (17.0.8.1+1-LTS), built on Aug 23 2023 17:38:52 by "MicrosoftCorporation" with MS VC++ 16.10 / 16.11 (VS2019)

END.
