#
# A fatal error has been detected by the Java Runtime Environment:
#
#  EXCEPTION_ACCESS_VIOLATION (0xc0000005) at pc=0x00007ffd16021be9, pid=18760, tid=17068
#
# JRE version:  (17.0.8.1+1) (build )
# Java VM: OpenJDK 64-Bit Server VM (17.0.8.1+1-LTS, mixed mode, sharing, tiered, unknown gc, windows-amd64)
# Problematic frame:
# C  [jimage.dll+0x1be9]
#
# No core dump will be written. Minidumps are not enabled by default on client versions of Windows
#
#

---------------  S U M M A R Y ------------

Command Line: 

Host: Intel(R) Core(TM) i5-5300U CPU @ 2.30GHz, 4 cores, 11G,  Windows 10 , 64 bit Build 19041 (10.0.19041.3636)
Time: Tue May 28 20:13:28 2024 Stindows 10 , 64 bit Build 19041 (10.0.19041.3636) elapsed time: 0.052958 seconds (0d 0h 0m 0s)

---------------  T H R E A D  ---------------

Current thread is native thread

Stack: [0x000000054d900000,0x000000054da00000],  sp=0x000000054d9fd620,  free space=1013k
Native frames: (J=compiled Java code, j=interpreted, Vv=VM code, C=native code)
C  [jimage.dll+0x1be9]
C  [jimage.dll+0x1d77]
C  [jimage.dll+0x2655]
V  [jvm.dll+0x1f32ea]
V  [jvm.dll+0xb098e]
V  [jvm.dll+0x7eaa6c]
V  [jvm.dll+0x3f0c8f]
V  [jvm.dll+0x3f28a1]
C  [jli.dll+0x528f]
C  [ucrtbase.dll+0x21bb2]
C  [KERNEL32.DLL+0x17344]
C  [ntdll.dll+0x526b1]


siginfo: EXCEPTION_ACCESS_VIOLATION (0xc0000005), reading address 0x00000000000149cc


Registers:
RAX=0x000000000000526c, RBX=0x000000054d9fd711, RCX=0x00007ffd16026000, RDX=0x000000000000526c
RSP=0x000000054d9fd620, RBP=0x000000054d9fd710, RSI=0x0000000000007310, RDI=0x000000054d9fd710
R8 =0x00007ffd16024288, R9 =0x000000000000001c, R10=0x00007ffc5d770000, R11=0x00007ffd16026000
R12=0x0000000000000000, R13=0x0000000000000000, R14=0x000000054d9fe780, R15=0x00007ffc5c89cd88
RIP=0x00007ffd16021be9, EFLAGS=0x0000000000010246

Top of Stack: (sp=0x000000054d9fd620)
0x000000054d9fd620:   0000000000000000 00007ffd35c3df4c
0x000000054d9fd630:   000001fdc7c15f00 000000054d9fd790
0x000000054d9fd640:   000001fdc5b38950 00007ffd16021d77
0x000000054d9fd650:   000000000000000b 000001fdc5b38950
0x000000054d9fd660:   000000054d9fd600 00000000000004af
0x000000054d9fd670:   000001fdc5bfa000 000001fdc5bfa0e0
0x000000054d9fd680:   0000000000000000 0000000000000001
0x000000054d9fd690:   000001fdc5bfa0d0 000000000000037f
0x000000054d9fd6a0:   0000000000000000 00007ffd35c2e249
0x000000054d9fd6b0:   00008c1fc31b06ed 00000000ab0004af
0x000000054d9fd6c0:   00007ffc5c87b820 0000000000000017
0x000000054d9fd6d0:   000001fdc5b38950 000000054d9fe780
0x000000054d9fd6e0:   000000000000000b 00007ffd16022655
0x000000054d9fd6f0:   0000000000000673 0000000000000673
0x000000054d9fd700:   0000000000000673 000001fdab0004af
0x000000054d9fd710:   61622e6176616a2f 692f6b646a2f6573 

Instructions: (pc=0x00007ffd16021be9)
0x00007ffd16021ae9:   48 85 c9 74 1d 80 3d 1b 45 00 00 00 74 06 48 8b
0x00007ffd16021af9:   53 18 eb 04 48 8b 53 40 e8 ae 0e 00 00 48 83 63
0x00007ffd16021b09:   48 00 8b 4b 0c 83 f9 ff 74 09 e8 e4 0c 00 00 83
0x00007ffd16021b19:   4b 0c ff 48 8b 4b 70 48 85 c9 74 0f ba 10 00 00
0x00007ffd16021b29:   00 e8 fd 0e 00 00 48 83 63 70 00 48 83 c4 20 5b
0x00007ffd16021b39:   c3 cc cc 40 53 48 83 ec 20 48 8b d9 48 8d 0d d4
0x00007ffd16021b49:   46 00 00 e8 b3 0c 00 00 83 6b 08 01 75 24 48 8b
0x00007ffd16021b59:   d3 48 8d 0d b7 44 00 00 e8 22 08 00 00 48 8b cb
0x00007ffd16021b69:   e8 de fe ff ff ba 78 00 00 00 48 8b cb e8 b1 0e
0x00007ffd16021b79:   00 00 48 8d 0d 9e 46 00 00 48 83 c4 20 5b e9 80
0x00007ffd16021b89:   0c 00 00 48 89 5c 24 08 48 89 74 24 10 57 48 83
0x00007ffd16021b99:   ec 20 41 8b f1 4d 8b c8 48 8b fa 4c 8b d9 4d 85
0x00007ffd16021ba9:   c0 74 78 85 f6 74 74 44 8a 12 48 8d 5a 01 48 8b
0x00007ffd16021bb9:   d3 b8 93 01 00 01 eb 12 69 c0 93 01 00 01 41 0f
0x00007ffd16021bc9:   b6 ca 44 8a 12 33 c1 48 ff c2 45 84 d2 75 e9 4d
0x00007ffd16021bd9:   8b 03 0f ba f0 1f 33 d2 49 8b cb f7 f6 48 63 c2
0x00007ffd16021be9:   41 8b 14 81 41 ff 50 08 85 c0 7e 24 8a 0f eb 10
0x00007ffd16021bf9:   69 c0 93 01 00 01 0f b6 c9 33 c1 8a 0b 48 ff c3
0x00007ffd16021c09:   84 c9 75 ec 0f ba f0 1f 33 d2 f7 f6 8b c2 eb 0e
0x00007ffd16021c19:   79 09 83 c9 ff 2b c8 8b c1 eb 03 83 c8 ff 48 8b
0x00007ffd16021c29:   5c 24 30 48 8b 74 24 38 48 83 c4 20 5f c3 cc 48
0x00007ffd16021c39:   89 5c 24 08 48 89 74 24 10 57 48 83 ec 20 48 8b
0x00007ffd16021c49:   f1 48 8d 0d cf 45 00 00 e8 ae 0b 00 00 33 ff 39
0x00007ffd16021c59:   3d ba 43 00 00 76 24 48 8b 05 b9 43 00 00 48 8b
0x00007ffd16021c69:   d6 48 8b 1c f8 48 8b 0b e8 64 1e 00 00 85 c0 74
0x00007ffd16021c79:   2b ff c7 3b 3d 96 43 00 00 72 dc 33 db 48 8d 0d
0x00007ffd16021c89:   93 45 00 00 e8 7a 0b 00 00 48 8b 74 24 38 48 8b
0x00007ffd16021c99:   c3 48 8b 5c 24 30 48 83 c4 20 5f c3 ff 43 08 eb
0x00007ffd16021ca9:   dc cc cc 48 89 5c 24 08 48 89 74 24 10 57 48 83
0x00007ffd16021cb9:   ec 20 48 8b d9 48 8b f2 48 8b 49 10 49 8b f8 8b
0x00007ffd16021cc9:   53 30 48 8b 01 ff 50 20 4c 8b 43 50 48 8b d6 48
0x00007ffd16021cd9:   8b 4b 10 44 8b c8 e8 a8 fe ff ff 83 f8 ff 74 38 



---------------  P R O C E S S  ---------------

VM state: not at safepoint (not fully initialized)

VM Mutex/Monitor currently owned by a thread: None

GC Precious Log:
<Not initialized>


Dynamic libraries:
0x00007ff7ddb30000 - 0x00007ff7ddb3e000 	C:\Program Files (x86)\Android\openjdk\jdk-17.0.8.101-hotspot\bin\java.exe
0x00007ffd35c10000 - 0x00007ffd35e08000 	C:\Windows\SYSTEM32\ntdll.dll
0x00007ffd35b10000 - 0x00007ffd35bcd000 	C:\Windows\System32\KERNEL32.DLL
0x00007ffd336e0000 - 0x00007ffd339d6000 	C:\Windows\System32\KERNELBASE.dll
0x00007ffd33a70000 - 0x00007ffd33b70000 	C:\Windows\System32\ucrtbase.dll
0x00007ffc5d770000 - 0x00007ffc5d78b000 	C:\Program Files (x86)\Android\openjdk\jdk-17.0.8.101-hotspot\bin\VCRUNTIME140.dll
0x00007ffc5d750000 - 0x00007ffc5d767000 	C:\Program Files (x86)\Android\openjdk\jdk-17.0.8.101-hotspot\bin\jli.dll
0x00007ffd35720000 - 0x00007ffd358bf000 	C:\Windows\System32\USER32.dll
0x00007ffd33b70000 - 0x00007ffd33b92000 	C:\Windows\System32\win32u.dll
0x00007ffd34050000 - 0x00007ffd3407b000 	C:\Windows\System32\GDI32.dll
0x00007ffd334c0000 - 0x00007ffd335d7000 	C:\Windows\System32\gdi32full.dll
0x00007ffd33ba0000 - 0x00007ffd33c3d000 	C:\Windows\System32\msvcp_win.dll
0x00007ffd23870000 - 0x00007ffd23b0a000 	C:\Windows\WinSxS\amd64_microsoft.windows.common-controls_6595b64144ccf1df_6.0.19041.4355_none_60b8b9eb71f62e16\COMCTL32.dll
0x00007ffd35a70000 - 0x00007ffd35b0e000 	C:\Windows\System32\msvcrt.dll
0x00007ffd35140000 - 0x00007ffd35172000 	C:\Windows\System32\IMM32.DLL
0x00007ffd17600000 - 0x00007ffd1760c000 	C:\Program Files (x86)\Android\openjdk\jdk-17.0.8.101-hotspot\bin\vcruntime140_1.dll
0x00007ffc5d500000 - 0x00007ffc5d58d000 	C:\Program Files (x86)\Android\openjdk\jdk-17.0.8.101-hotspot\bin\msvcp140.dll
0x00007ffc5bf60000 - 0x00007ffc5cbc5000 	C:\Program Files (x86)\Android\openjdk\jdk-17.0.8.101-hotspot\bin\server\jvm.dll
0x00007ffd33c40000 - 0x00007ffd33cf0000 	C:\Windows\System32\ADVAPI32.dll
0x00007ffd34b80000 - 0x00007ffd34c20000 	C:\Windows\System32\sechost.dll
0x00007ffd348d0000 - 0x00007ffd349f3000 	C:\Windows\System32\RPCRT4.dll
0x00007ffd33420000 - 0x00007ffd33447000 	C:\Windows\System32\bcrypt.dll
0x00007ffd32840000 - 0x00007ffd3288b000 	C:\Windows\SYSTEM32\POWRPROF.dll
0x00007ffd17150000 - 0x00007ffd17159000 	C:\Windows\SYSTEM32\WSOCK32.dll
0x00007ffd34b10000 - 0x00007ffd34b7b000 	C:\Windows\System32\WS2_32.dll
0x00007ffd23da0000 - 0x00007ffd23dc7000 	C:\Windows\SYSTEM32\WINMM.dll
0x00007ffd277b0000 - 0x00007ffd277ba000 	C:\Windows\SYSTEM32\VERSION.dll
0x00007ffd326b0000 - 0x00007ffd326c2000 	C:\Windows\SYSTEM32\UMPDC.dll
0x00007ffd31140000 - 0x00007ffd31152000 	C:\Windows\SYSTEM32\kernel.appcore.dll
0x00007ffd16020000 - 0x00007ffd1602a000 	C:\Program Files (x86)\Android\openjdk\jdk-17.0.8.101-hotspot\bin\jimage.dll
0x00007ffd262b0000 - 0x00007ffd26494000 	C:\Windows\SYSTEM32\DBGHELP.DLL
0x00007ffd1ea40000 - 0x00007ffd1ea74000 	C:\Windows\SYSTEM32\dbgcore.DLL
0x00007ffd339e0000 - 0x00007ffd33a62000 	C:\Windows\System32\bcryptPrimitives.dll

dbghelp: loaded successfully - version: 4.0.5 - missing functions: none
symbol engine: initialized successfully - sym options: 0x614 - pdb path: .;C:\Program Files (x86)\Android\openjdk\jdk-17.0.8.101-hotspot\bin;C:\Windows\SYSTEM32;C:\Windows\WinSxS\amd64_microsoft.windows.common-controls_6595b64144ccf1df_6.0.19041.4355_none_60b8b9eb71f62e16;C:\Program Files (x86)\Android\openjdk\jdk-17.0.8.101-hotspot\bin\server

VM Arguments:
java_command: <unknown>
java_class_path (initial): <not set>
Launcher Type: SUN_STANDARD

[Global flags]
     bool UseLargePagesIndividualAllocation        = false                                  {pd product} {ergonomic}

Logging:
Log output configuration:
 #0: stdout all=warning uptime,level,tags
 #1: stderr all=off uptime,level,tags

Environment Variables:
PATH=C:\Program Files (x86)\Android\openjdk\jdk-17.0.8.101-hotspot\bin;C:\Python312\Scripts\;C:\Python312\;C:\Program Files (x86)\Common Files\Oracle\Java\javapath;C:\Program Files\Microsoft\jdk-11.0.16.101-hotspot\bin;C:\Windows\system32;C:\Windows;C:\Windows\System32\Wbem;C:\Windows\System32\WindowsPowerShell\v1.0\;C:\Windows\System32\OpenSSH\;C:\Program Files\Microsoft SQL Server\130\Tools\Binn\;C:\Program Files\Microsoft SQL Server\Client SDK\ODBC\170\Tools\Binn\;C:\Program Files\dotnet\;C:\Program Files\PuTTY\;C:\ProgramData\chocolatey\bin;C:\Program Files\Git\cmd;C:\Program Files\Microsoft SQL Server\150\Tools\Binn\;C:\Program Files\PostgreSQL\16\bin;C:\Program Files\Tailscale\;C:\Program Files\nodejs\;C:\Users\tomik\AppData\Local\Programs\Python\Python311\Scripts\;C:\Users\tomik\AppData\Local\Programs\Python\Python311\;C:\Program Files\MySQL\MySQL Shell 8.0\bin\;C:\Users\tomik\AppData\Local\Microsoft\WindowsApps;;C:\Users\tomik\AppData\Local\Programs\Microsoft VS Code\bin;C:\Users\tomik\.dotnet\tools;C:\Users\tomik\AppData\Roaming\npm
USERNAME=tomik
OS=Windows_NT
PROCESSOR_IDENTIFIER=Intel64 Family 6 Model 61 Stepping 4, GenuineIntel
TMP=C:\Users\tomik\AppData\Local\Temp
TEMP=C:\Users\tomik\AppData\Local\Temp



---------------  S Y S T E M  ---------------

OS:
 Windows 10 , 64 bit Build 19041 (10.0.19041.3636)
OS uptime: 0 days 1:39 hours

CPU: total 4 (initial active 0) 
Processor Information for all 4 processors :
  Max Mhz: 2301, Current Mhz: 2301, Mhz Limit: 2301

Memory: 4k page, system-wide physical 12163M (1688M free)
TotalPageFile size 14211M (AvailPageFile size 19M)
current process WorkingSet (physical memory assigned to process): 7M, peak: 7M
current process commit charge ("private bytes"): 3M, peak: 3M

vm_info: OpenJDK 64-Bit Server VM (17.0.8.1+1-LTS) for windows-amd64 JRE (17.0.8.1+1-LTS), built on Aug 23 2023 17:38:52 by "MicrosoftCorporation" with MS VC++ 16.10 / 16.11 (VS2019)

END.
