#
# There is insufficient memory for the Java Runtime Environment to continue.
# Native memory allocation (mmap) failed to map 251658240 bytes for G1 virtual space
# Possible reasons:
#   The system is out of physical RAM or swap space
#   The process is running with CompressedOops enabled, and the Java Heap may be blocking the growth of the native heap
# Possible solutions:
#   Reduce memory load on the system
#   Increase physical memory or swap space
#   Check if swap backing store is full
#   Decrease Java heap size (-Xmx/-Xms)
#   Decrease number of Java threads
#   Decrease Java thread stack sizes (-Xss)
#   Set larger code cache with -XX:ReservedCodeCacheSize=
#   JVM is running with Unscaled Compressed Oops mode in which the Java heap is
#     placed in the first 4GB address space. The Java Heap base address is the
#     maximum limit for the native heap growth. Please use -XX:HeapBaseMinAddress
#     to set the Java Heap base and to place the Java Heap above 4GB virtual address.
# This output file may be truncated or incomplete.
#
#  Out of Memory Error (os_windows.cpp:3617), pid=6644, tid=15428
#
# JRE version: OpenJDK Runtime Environment Microsoft-8297089 (17.0.8.1+1) (build 17.0.8.1+1-LTS)
# Java VM: OpenJDK 64-Bit Server VM Microsoft-8297089 (17.0.8.1+1-LTS, mixed mode, sharing, tiered, compressed oops, compressed class ptrs, g1 gc, windows-amd64)
# No core dump will be written. Minidumps are not enabled by default on client versions of Windows
#

---------------  S U M M A R Y ------------

Command Line: -Xmx1G com.android.tools.r8.D8 --debug --min-api 21 --output obj\Debug\130\android\bin\ --lib C:\Program Files (x86)\Android\android-sdk\platforms\android-34\android.jar obj\Debug\130\android\bin\classes.zip C:\Program Files\Microsoft Visual Studio\2022\Community\Common7\IDE\ReferenceAssemblies\Microsoft\Framework\MonoAndroid\v13.0\mono.android.jar C:\Program Files\Microsoft Visual Studio\2022\Community\MSBuild\Xamarin\Android\java_runtime_fastdev.jar C:\Users\tomik\.nuget\packages\xamarin.jetbrains.annotations\24.1.0.2\buildTransitive\monoandroid12.0\..\..\jar\org.jetbrains.annotations-24.1.0.jar C:\Users\tomik\.nuget\packages\xamarin.kotlin.stdlib\1.9.22.1\buildTransitive\monoandroid12.0\..\..\jar\org.jetbrains.kotlin.kotlin-stdlib-1.9.22.jar C:\Users\tomik\.nuget\packages\xamarin.kotlinx.coroutines.core.jvm\1.8.0.1\buildTransitive\monoandroid12.0\..\..\jar\org.jetbrains.kotlinx.kotlinx-coroutines-core-jvm-1.8.0.jar C:\Users\tomik\.nuget\packages\xamarin.kotlinx.coroutines.android\1.8.0.1\buildTransitive\monoandroid12.0\..\..\jar\org.jetbrains.kotlinx.kotlinx-coroutines-android-1.8.0.jar C:\Users\tomik\.nuget\packages\xamarin.google.guava.listenablefuture\1.0.0.18\buildTransitive\monoandroid12.0\..\..\jar\guava-listenablefuture.jar C:\Users\tomik\.nuget\packages\xamarin.androidx.annotation.jvm\1.7.1.1\buildTransitive\monoandroid12.0\..\..\jar\androidx.annotation.annotation-jvm.jar C:\Users\tomik\.nuget\packages\xamarin.androidx.collection.jvm\1.4.0.1\buildTransitive\monoandroid12.0\..\..\jar\androidx.collection.collection-jvm.jar C:\Users\tomik\.nuget\packages\xamarin.androidx.concurrent.futures\1.1.0.18\buildTransitive\monoandroid12.0\..\..\jar\androidx.concurrent.concurrent-futures.jar C:\Users\tomik\.nuget\packages\xamarin.androidx.lifecycle.common\2.7.0.1\buildTransitive\monoandroid12.0\..\..\jar\androidx.lifecycle.lifecycle-common.jar C:\Users\tomik\.nuget\packages\xamarin.androidx.arch.core.common\2.2.0.7\buildTransitive\monoandroid12.0\..\..\jar\androidx.arch.core.core-common.jar C:\Users\tomik\.nuget\packages\xamarin.androidx.resourceinspection.annotation\1.0.1.3\buildTransitive\monoandroid12.0\..\..\jar\androidx.resourceinspection.resourceinspection-annotation.jar C:\Users\tomik\.nuget\packages\xamarin.androidx.constraintlayout.core\1.0.0\buildTransitive\monoandroid90\..\..\jar\androidx.constraintlayout.constraintlayout-core.jar obj\Debug\130\lp\0\jl\formsviewgroup.jar obj\Debug\130\lp\100\jl\classes.jar obj\Debug\130\lp\101\jl\classes.jar obj\Debug\130\lp\102\jl\classes.jar obj\Debug\130\lp\103\jl\classes.jar obj\Debug\130\lp\104\jl\classes.jar obj\Debug\130\lp\105\jl\classes.jar obj\Debug\130\lp\106\jl\classes.jar obj\Debug\130\lp\106\jl\libs\repackaged.jar obj\Debug\130\lp\107\jl\classes.jar obj\Debug\130\lp\108\jl\classes.jar obj\Debug\130\lp\109\jl\classes.jar obj\Debug\130\lp\110\jl\classes.jar obj\Debug\130\lp\111\jl\classes.jar obj\Debug\130\lp\112\jl\classes.jar obj\Debug\130\lp\113\jl\classes.jar obj\Debug\130\lp\114\jl\classes.jar obj\Debug\130\lp\115\jl\classes.jar obj\Debug\130\lp\116\jl\classes.jar obj\Debug\130\lp\117\jl\classes.jar obj\Debug\130\lp\118\jl\classes.jar obj\Debug\130\lp\119\jl\classes.jar obj\Debug\130\lp\120\jl\classes.jar obj\Debug\130\lp\121\jl\classes.jar obj\Debug\130\lp\122\jl\classes.jar obj\Debug\130\lp\123\jl\classes.jar obj\Debug\130\lp\124\jl\classes.jar obj\Debug\130\lp\125\jl\classes.jar obj\Debug\130\lp\126\jl\classes.jar obj\Debug\130\lp\128\jl\classes.jar obj\Debug\130\lp\76\jl\classes.jar obj\Debug\130\lp\77\jl\classes.jar obj\Debug\130\lp\78\jl\classes.jar obj\Debug\130\lp\79\jl\classes.jar obj\Debug\130\lp\80\jl\classes.jar obj\Debug\130\lp\81\jl\classes.jar obj\Debug\130\lp\82\jl\classes.jar obj\Debug\130\lp\83\jl\classes.jar obj\Debug\130\lp\84\jl\classes.jar obj\Debug\130\lp\85\jl\classes.jar obj\Debug\130\lp\86\jl\classes.jar obj\Debug\130\lp\87\jl\classes.jar obj\Debug\130\lp\88\jl\classes.jar obj\Debug\130\lp\89\jl\classes.jar obj\Debug\130\lp\90\jl\classes.jar obj\Debug\130\lp\91\jl\classes.jar obj\Debug\130\lp\92\jl\classes.jar obj\Debug\130\lp\93\jl\classes.jar obj\Debug\130\lp\94\jl\classes.jar obj\Debug\130\lp\95\jl\classes.jar obj\Debug\130\lp\96\jl\classes.jar obj\Debug\130\lp\97\jl\classes.jar obj\Debug\130\lp\98\jl\classes.jar obj\Debug\130\lp\99\jl\classes.jar

Host: Intel(R) Core(TM) i5-5300U CPU @ 2.30GHz, 4 cores, 11G,  Windows 10 , 64 bit Build 19041 (10.0.19041.3636)
Time: Mon Jun  3 02:55:56 2024 Stindows 10 , 64 bit Build 19041 (10.0.19041.3636) elapsed time: 8.827495 seconds (0d 0h 0m 8s)

---------------  T H R E A D  ---------------

Current thread (0x0000028ff8b918a0):  VMThread "VM Thread" [stack: 0x000000b1e0500000,0x000000b1e0600000] [id=15428]

Stack: [0x000000b1e0500000,0x000000b1e0600000]
Native frames: (J=compiled Java code, j=interpreted, Vv=VM code, C=native code)
V  [jvm.dll+0x67bf3a]
V  [jvm.dll+0x83a024]
V  [jvm.dll+0x83b7ce]
V  [jvm.dll+0x83be33]
V  [jvm.dll+0x24785f]
V  [jvm.dll+0x678cb9]
V  [jvm.dll+0x66d54a]
V  [jvm.dll+0x308feb]
V  [jvm.dll+0x310496]
V  [jvm.dll+0x36019e]
V  [jvm.dll+0x3603cf]
V  [jvm.dll+0x2dff38]
V  [jvm.dll+0x2de114]
V  [jvm.dll+0x2dd71c]
V  [jvm.dll+0x32143b]
V  [jvm.dll+0x84032b]
V  [jvm.dll+0x841064]
V  [jvm.dll+0x84157d]
V  [jvm.dll+0x841954]
V  [jvm.dll+0x841a20]
V  [jvm.dll+0x7ea13a]
V  [jvm.dll+0x67ad85]
C  [ucrtbase.dll+0x21bb2]
C  [KERNEL32.DLL+0x17344]
C  [ntdll.dll+0x526b1]

VM_Operation (0x000000b1e19fe610): G1CollectForAllocation, mode: safepoint, requested by thread 0x0000028ffd0d1fd0


---------------  P R O C E S S  ---------------

Threads class SMR info:
_java_thread_list=0x0000028ffd56b9a0, length=15, elements={
0x0000028fdd5f9180, 0x0000028ff8b99420, 0x0000028ff8b9a950, 0x0000028ff8bb24c0,
0x0000028ff8bb2f90, 0x0000028ff8bb5870, 0x0000028ff8bb6140, 0x0000028ff8bb7d50,
0x0000028ff8bc55f0, 0x0000028ff8bf4aa0, 0x0000028ffd0d2f00, 0x0000028ffd0d0170,
0x0000028ffdda7540, 0x0000028ffd0d1ac0, 0x0000028ffd0d1fd0
}

Java Threads: ( => current thread )
  0x0000028fdd5f9180 JavaThread "main" [_thread_blocked, id=2600, stack(0x000000b1dff00000,0x000000b1e0000000)]
  0x0000028ff8b99420 JavaThread "Reference Handler" daemon [_thread_blocked, id=12828, stack(0x000000b1e0600000,0x000000b1e0700000)]
  0x0000028ff8b9a950 JavaThread "Finalizer" daemon [_thread_blocked, id=20472, stack(0x000000b1e0700000,0x000000b1e0800000)]
  0x0000028ff8bb24c0 JavaThread "Signal Dispatcher" daemon [_thread_blocked, id=17284, stack(0x000000b1e0800000,0x000000b1e0900000)]
  0x0000028ff8bb2f90 JavaThread "Attach Listener" daemon [_thread_blocked, id=5604, stack(0x000000b1e0900000,0x000000b1e0a00000)]
  0x0000028ff8bb5870 JavaThread "Service Thread" daemon [_thread_blocked, id=19236, stack(0x000000b1e0a00000,0x000000b1e0b00000)]
  0x0000028ff8bb6140 JavaThread "Monitor Deflation Thread" daemon [_thread_blocked, id=10132, stack(0x000000b1e0b00000,0x000000b1e0c00000)]
  0x0000028ff8bb7d50 JavaThread "C2 CompilerThread0" daemon [_thread_blocked, id=17700, stack(0x000000b1e0c00000,0x000000b1e0d00000)]
  0x0000028ff8bc55f0 JavaThread "C1 CompilerThread0" daemon [_thread_blocked, id=2584, stack(0x000000b1e0d00000,0x000000b1e0e00000)]
  0x0000028ff8bf4aa0 JavaThread "Sweeper thread" daemon [_thread_blocked, id=1324, stack(0x000000b1e0e00000,0x000000b1e0f00000)]
  0x0000028ffd0d2f00 JavaThread "Notification Thread" daemon [_thread_blocked, id=20300, stack(0x000000b1e0f00000,0x000000b1e1000000)]
  0x0000028ffd0d0170 JavaThread "Common-Cleaner" daemon [_thread_blocked, id=13628, stack(0x000000b1e1100000,0x000000b1e1200000)]
  0x0000028ffdda7540 JavaThread "C2 CompilerThread1" daemon [_thread_blocked, id=192, stack(0x000000b1e1200000,0x000000b1e1300000)]
  0x0000028ffd0d1ac0 JavaThread "ForkJoinPool-1-worker-1" daemon [_thread_blocked, id=21212, stack(0x000000b1e1800000,0x000000b1e1900000)]
  0x0000028ffd0d1fd0 JavaThread "ForkJoinPool-1-worker-2" daemon [_thread_blocked, id=7512, stack(0x000000b1e1900000,0x000000b1e1a00000)]

Other Threads:
=>0x0000028ff8b918a0 VMThread "VM Thread" [stack: 0x000000b1e0500000,0x000000b1e0600000] [id=15428]
  0x0000028ffd0d6550 WatcherThread [stack: 0x000000b1e1000000,0x000000b1e1100000] [id=12328]
  0x0000028fdd6340e0 GCTaskThread "GC Thread#0" [stack: 0x000000b1e0000000,0x000000b1e0100000] [id=21392]
  0x0000028ffd89b0a0 GCTaskThread "GC Thread#1" [stack: 0x000000b1e1300000,0x000000b1e1400000] [id=15516]
  0x0000028ffd3df560 GCTaskThread "GC Thread#2" [stack: 0x000000b1e1400000,0x000000b1e1500000] [id=9976]
  0x0000028ffd3df820 GCTaskThread "GC Thread#3" [stack: 0x000000b1e1500000,0x000000b1e1600000] [id=19908]
  0x0000028fdd63cf40 ConcurrentGCThread "G1 Main Marker" [stack: 0x000000b1e0100000,0x000000b1e0200000] [id=7648]
  0x0000028fdd63d860 ConcurrentGCThread "G1 Conc#0" [stack: 0x000000b1e0200000,0x000000b1e0300000] [id=19932]
  0x0000028fdd6ad780 ConcurrentGCThread "G1 Refine#0" [stack: 0x000000b1e0300000,0x000000b1e0400000] [id=19944]
  0x0000028ffd3e0710 ConcurrentGCThread "G1 Refine#1" [stack: 0x000000b1e1600000,0x000000b1e1700000] [id=12260]
  0x0000028ffd51fb70 ConcurrentGCThread "G1 Refine#2" [stack: 0x000000b1e1700000,0x000000b1e1800000] [id=2724]
  0x0000028ffe1c4ab0 ConcurrentGCThread "G1 Refine#3" [stack: 0x000000b1e1a00000,0x000000b1e1b00000] [id=17808]
  0x0000028fdd6ae9a0 ConcurrentGCThread "G1 Service" [stack: 0x000000b1e0400000,0x000000b1e0500000] [id=11692]

Threads with active compile tasks:
C2 CompilerThread1     8863 2543 %     4       com.android.tools.r8.internal.Pa::a @ 80 (6176 bytes)

VM state: at safepoint (normal execution)

VM Mutex/Monitor currently owned by a thread:  ([mutex/lock_event])
[0x0000028fdd5f5f90] Threads_lock - owner thread: 0x0000028ff8b918a0
[0x0000028fdd5f53c0] Heap_lock - owner thread: 0x0000028ffd0d1fd0

Heap address: 0x00000000c0000000, size: 1024 MB, Compressed Oops mode: 32-bit

CDS archive(s) mapped at: [0x0000028f80000000-0x0000028f80bd0000-0x0000028f80bd0000), size 12386304, SharedBaseAddress: 0x0000028f80000000, ArchiveRelocationMode: 1.
Compressed class space mapped at: 0x0000028f81000000-0x0000028fc1000000, reserved size: 1073741824
Narrow klass base: 0x0000028f80000000, Narrow klass shift: 0, Narrow klass range: 0x100000000

GC Precious Log:
 CPUs: 4 total, 4 available
 Memory: 12163M
 Large Page Support: Disabled
 NUMA Support: Disabled
 Compressed Oops: Enabled (32-bit)
 Heap Region Size: 1M
 Heap Min Capacity: 8M
 Heap Initial Capacity: 192M
 Heap Max Capacity: 1G
 Pre-touch: Disabled
 Parallel Workers: 4
 Concurrent Workers: 1
 Concurrent Refinement Workers: 4
 Periodic GC: Disabled

Heap:
 garbage-first heap   total 335872K, used 210432K [0x00000000c0000000, 0x0000000100000000)
  region size 1024K, 11 young (11264K), 11 survivors (11264K)
 Metaspace       used 10183K, committed 10368K, reserved 1114112K
  class space    used 1180K, committed 1280K, reserved 1048576K

Heap Regions: E=young(eden), S=young(survivor), O=old, HS=humongous(starts), HC=humongous(continues), CS=collection set, F=free, OA=open archive, CA=closed archive, TAMS=top-at-mark-start (previous, next)
|   0|0x00000000c0000000, 0x00000000c0100000, 0x00000000c0100000|100%|HS|  |TAMS 0x00000000c0100000, 0x00000000c0100000| Complete 
|   1|0x00000000c0100000, 0x00000000c0200000, 0x00000000c0200000|100%|HC|  |TAMS 0x00000000c0200000, 0x00000000c0200000| Complete 
|   2|0x00000000c0200000, 0x00000000c0300000, 0x00000000c0300000|100%| O|  |TAMS 0x00000000c0300000, 0x00000000c0300000| Untracked 
|   3|0x00000000c0300000, 0x00000000c0400000, 0x00000000c0400000|100%| O|  |TAMS 0x00000000c0400000, 0x00000000c0400000| Untracked 
|   4|0x00000000c0400000, 0x00000000c0500000, 0x00000000c0500000|100%| O|  |TAMS 0x00000000c0500000, 0x00000000c0500000| Untracked 
|   5|0x00000000c0500000, 0x00000000c0600000, 0x00000000c0600000|100%| O|  |TAMS 0x00000000c0600000, 0x00000000c0600000| Untracked 
|   6|0x00000000c0600000, 0x00000000c0700000, 0x00000000c0700000|100%| O|  |TAMS 0x00000000c0700000, 0x00000000c0700000| Untracked 
|   7|0x00000000c0700000, 0x00000000c0800000, 0x00000000c0800000|100%| O|  |TAMS 0x00000000c0800000, 0x00000000c0800000| Untracked 
|   8|0x00000000c0800000, 0x00000000c0900000, 0x00000000c0900000|100%|HS|  |TAMS 0x00000000c0900000, 0x00000000c0900000| Complete 
|   9|0x00000000c0900000, 0x00000000c0a00000, 0x00000000c0a00000|100%| O|  |TAMS 0x00000000c0a00000, 0x00000000c0a00000| Untracked 
|  10|0x00000000c0a00000, 0x00000000c0b00000, 0x00000000c0b00000|100%| O|  |TAMS 0x00000000c0b00000, 0x00000000c0b00000| Untracked 
|  11|0x00000000c0b00000, 0x00000000c0c00000, 0x00000000c0c00000|100%| O|  |TAMS 0x00000000c0c00000, 0x00000000c0c00000| Untracked 
|  12|0x00000000c0c00000, 0x00000000c0d00000, 0x00000000c0d00000|100%| O|  |TAMS 0x00000000c0d00000, 0x00000000c0d00000| Untracked 
|  13|0x00000000c0d00000, 0x00000000c0e00000, 0x00000000c0e00000|100%| O|  |TAMS 0x00000000c0e00000, 0x00000000c0e00000| Untracked 
|  14|0x00000000c0e00000, 0x00000000c0f00000, 0x00000000c0f00000|100%| O|  |TAMS 0x00000000c0f00000, 0x00000000c0f00000| Untracked 
|  15|0x00000000c0f00000, 0x00000000c1000000, 0x00000000c1000000|100%| O|  |TAMS 0x00000000c1000000, 0x00000000c1000000| Untracked 
|  16|0x00000000c1000000, 0x00000000c1100000, 0x00000000c1100000|100%| O|  |TAMS 0x00000000c1100000, 0x00000000c1100000| Untracked 
|  17|0x00000000c1100000, 0x00000000c1200000, 0x00000000c1200000|100%| O|  |TAMS 0x00000000c1200000, 0x00000000c1200000| Untracked 
|  18|0x00000000c1200000, 0x00000000c1300000, 0x00000000c1300000|100%| O|  |TAMS 0x00000000c1300000, 0x00000000c1300000| Untracked 
|  19|0x00000000c1300000, 0x00000000c1400000, 0x00000000c1400000|100%| O|  |TAMS 0x00000000c1400000, 0x00000000c1400000| Untracked 
|  20|0x00000000c1400000, 0x00000000c1500000, 0x00000000c1500000|100%| O|  |TAMS 0x00000000c1500000, 0x00000000c1500000| Untracked 
|  21|0x00000000c1500000, 0x00000000c1600000, 0x00000000c1600000|100%| O|  |TAMS 0x00000000c1600000, 0x00000000c1600000| Untracked 
|  22|0x00000000c1600000, 0x00000000c1700000, 0x00000000c1700000|100%| O|  |TAMS 0x00000000c1700000, 0x00000000c1700000| Untracked 
|  23|0x00000000c1700000, 0x00000000c1800000, 0x00000000c1800000|100%| O|  |TAMS 0x00000000c1800000, 0x00000000c1800000| Untracked 
|  24|0x00000000c1800000, 0x00000000c1900000, 0x00000000c1900000|100%| O|  |TAMS 0x00000000c1900000, 0x00000000c1900000| Untracked 
|  25|0x00000000c1900000, 0x00000000c1a00000, 0x00000000c1a00000|100%| O|  |TAMS 0x00000000c1a00000, 0x00000000c1a00000| Untracked 
|  26|0x00000000c1a00000, 0x00000000c1b00000, 0x00000000c1b00000|100%| O|  |TAMS 0x00000000c1b00000, 0x00000000c1b00000| Untracked 
|  27|0x00000000c1b00000, 0x00000000c1c00000, 0x00000000c1c00000|100%| O|  |TAMS 0x00000000c1c00000, 0x00000000c1c00000| Untracked 
|  28|0x00000000c1c00000, 0x00000000c1d00000, 0x00000000c1d00000|100%| O|  |TAMS 0x00000000c1d00000, 0x00000000c1d00000| Untracked 
|  29|0x00000000c1d00000, 0x00000000c1e00000, 0x00000000c1e00000|100%| O|  |TAMS 0x00000000c1e00000, 0x00000000c1e00000| Untracked 
|  30|0x00000000c1e00000, 0x00000000c1f00000, 0x00000000c1f00000|100%| O|  |TAMS 0x00000000c1f00000, 0x00000000c1f00000| Untracked 
|  31|0x00000000c1f00000, 0x00000000c2000000, 0x00000000c2000000|100%| O|  |TAMS 0x00000000c2000000, 0x00000000c2000000| Untracked 
|  32|0x00000000c2000000, 0x00000000c2100000, 0x00000000c2100000|100%| O|  |TAMS 0x00000000c2100000, 0x00000000c2100000| Untracked 
|  33|0x00000000c2100000, 0x00000000c2200000, 0x00000000c2200000|100%| O|  |TAMS 0x00000000c2200000, 0x00000000c2200000| Untracked 
|  34|0x00000000c2200000, 0x00000000c2300000, 0x00000000c2300000|100%| O|  |TAMS 0x00000000c2300000, 0x00000000c2300000| Untracked 
|  35|0x00000000c2300000, 0x00000000c2400000, 0x00000000c2400000|100%| O|  |TAMS 0x00000000c2400000, 0x00000000c2400000| Untracked 
|  36|0x00000000c2400000, 0x00000000c2500000, 0x00000000c2500000|100%| O|  |TAMS 0x00000000c2500000, 0x00000000c2500000| Untracked 
|  37|0x00000000c2500000, 0x00000000c2600000, 0x00000000c2600000|100%| O|  |TAMS 0x00000000c2600000, 0x00000000c2600000| Untracked 
|  38|0x00000000c2600000, 0x00000000c2700000, 0x00000000c2700000|100%| O|  |TAMS 0x00000000c2700000, 0x00000000c2700000| Untracked 
|  39|0x00000000c2700000, 0x00000000c2800000, 0x00000000c2800000|100%| O|  |TAMS 0x00000000c2800000, 0x00000000c2800000| Untracked 
|  40|0x00000000c2800000, 0x00000000c2900000, 0x00000000c2900000|100%| O|  |TAMS 0x00000000c2900000, 0x00000000c2900000| Untracked 
|  41|0x00000000c2900000, 0x00000000c2a00000, 0x00000000c2a00000|100%| O|  |TAMS 0x00000000c2a00000, 0x00000000c2a00000| Untracked 
|  42|0x00000000c2a00000, 0x00000000c2b00000, 0x00000000c2b00000|100%| O|  |TAMS 0x00000000c2b00000, 0x00000000c2b00000| Untracked 
|  43|0x00000000c2b00000, 0x00000000c2c00000, 0x00000000c2c00000|100%| O|  |TAMS 0x00000000c2c00000, 0x00000000c2c00000| Untracked 
|  44|0x00000000c2c00000, 0x00000000c2d00000, 0x00000000c2d00000|100%| O|  |TAMS 0x00000000c2d00000, 0x00000000c2d00000| Untracked 
|  45|0x00000000c2d00000, 0x00000000c2e00000, 0x00000000c2e00000|100%| O|  |TAMS 0x00000000c2e00000, 0x00000000c2e00000| Untracked 
|  46|0x00000000c2e00000, 0x00000000c2f00000, 0x00000000c2f00000|100%| O|  |TAMS 0x00000000c2f00000, 0x00000000c2f00000| Untracked 
|  47|0x00000000c2f00000, 0x00000000c3000000, 0x00000000c3000000|100%| O|  |TAMS 0x00000000c3000000, 0x00000000c3000000| Untracked 
|  48|0x00000000c3000000, 0x00000000c3100000, 0x00000000c3100000|100%| O|  |TAMS 0x00000000c3100000, 0x00000000c3100000| Untracked 
|  49|0x00000000c3100000, 0x00000000c3200000, 0x00000000c3200000|100%| O|  |TAMS 0x00000000c3200000, 0x00000000c3200000| Untracked 
|  50|0x00000000c3200000, 0x00000000c3300000, 0x00000000c3300000|100%| O|  |TAMS 0x00000000c3200000, 0x00000000c3300000| Untracked 
|  51|0x00000000c3300000, 0x00000000c3400000, 0x00000000c3400000|100%| O|  |TAMS 0x00000000c3400000, 0x00000000c3400000| Untracked 
|  52|0x00000000c3400000, 0x00000000c3500000, 0x00000000c3500000|100%| O|  |TAMS 0x00000000c3500000, 0x00000000c3500000| Untracked 
|  53|0x00000000c3500000, 0x00000000c3600000, 0x00000000c3600000|100%| O|  |TAMS 0x00000000c3600000, 0x00000000c3600000| Untracked 
|  54|0x00000000c3600000, 0x00000000c3700000, 0x00000000c3700000|100%| O|  |TAMS 0x00000000c3700000, 0x00000000c3700000| Untracked 
|  55|0x00000000c3700000, 0x00000000c3800000, 0x00000000c3800000|100%| O|  |TAMS 0x00000000c3800000, 0x00000000c3800000| Untracked 
|  56|0x00000000c3800000, 0x00000000c3900000, 0x00000000c3900000|100%| O|  |TAMS 0x00000000c3900000, 0x00000000c3900000| Untracked 
|  57|0x00000000c3900000, 0x00000000c3a00000, 0x00000000c3a00000|100%| O|  |TAMS 0x00000000c3a00000, 0x00000000c3a00000| Untracked 
|  58|0x00000000c3a00000, 0x00000000c3b00000, 0x00000000c3b00000|100%| O|  |TAMS 0x00000000c3b00000, 0x00000000c3b00000| Untracked 
|  59|0x00000000c3b00000, 0x00000000c3c00000, 0x00000000c3c00000|100%| O|  |TAMS 0x00000000c3c00000, 0x00000000c3c00000| Untracked 
|  60|0x00000000c3c00000, 0x00000000c3d00000, 0x00000000c3d00000|100%| O|  |TAMS 0x00000000c3d00000, 0x00000000c3d00000| Untracked 
|  61|0x00000000c3d00000, 0x00000000c3e00000, 0x00000000c3e00000|100%| O|  |TAMS 0x00000000c3d00000, 0x00000000c3e00000| Untracked 
|  62|0x00000000c3e00000, 0x00000000c3f00000, 0x00000000c3f00000|100%| O|  |TAMS 0x00000000c3f00000, 0x00000000c3f00000| Untracked 
|  63|0x00000000c3f00000, 0x00000000c4000000, 0x00000000c4000000|100%|HS|  |TAMS 0x00000000c4000000, 0x00000000c4000000| Complete 
|  64|0x00000000c4000000, 0x00000000c4100000, 0x00000000c4100000|100%|HS|  |TAMS 0x00000000c4100000, 0x00000000c4100000| Complete 
|  65|0x00000000c4100000, 0x00000000c4200000, 0x00000000c4200000|100%| O|  |TAMS 0x00000000c4200000, 0x00000000c4200000| Untracked 
|  66|0x00000000c4200000, 0x00000000c4300000, 0x00000000c4300000|100%| O|  |TAMS 0x00000000c4300000, 0x00000000c4300000| Untracked 
|  67|0x00000000c4300000, 0x00000000c4400000, 0x00000000c4400000|100%| O|  |TAMS 0x00000000c4400000, 0x00000000c4400000| Untracked 
|  68|0x00000000c4400000, 0x00000000c4500000, 0x00000000c4500000|100%| O|  |TAMS 0x00000000c4500000, 0x00000000c4500000| Untracked 
|  69|0x00000000c4500000, 0x00000000c4600000, 0x00000000c4600000|100%| O|  |TAMS 0x00000000c4600000, 0x00000000c4600000| Untracked 
|  70|0x00000000c4600000, 0x00000000c4700000, 0x00000000c4700000|100%| O|  |TAMS 0x00000000c4700000, 0x00000000c4700000| Untracked 
|  71|0x00000000c4700000, 0x00000000c4800000, 0x00000000c4800000|100%| O|  |TAMS 0x00000000c4800000, 0x00000000c4800000| Untracked 
|  72|0x00000000c4800000, 0x00000000c4900000, 0x00000000c4900000|100%| O|  |TAMS 0x00000000c4900000, 0x00000000c4900000| Untracked 
|  73|0x00000000c4900000, 0x00000000c4a00000, 0x00000000c4a00000|100%| O|  |TAMS 0x00000000c4a00000, 0x00000000c4a00000| Untracked 
|  74|0x00000000c4a00000, 0x00000000c4b00000, 0x00000000c4b00000|100%| O|  |TAMS 0x00000000c4b00000, 0x00000000c4b00000| Untracked 
|  75|0x00000000c4b00000, 0x00000000c4c00000, 0x00000000c4c00000|100%| O|  |TAMS 0x00000000c4c00000, 0x00000000c4c00000| Untracked 
|  76|0x00000000c4c00000, 0x00000000c4d00000, 0x00000000c4d00000|100%| O|  |TAMS 0x00000000c4d00000, 0x00000000c4d00000| Untracked 
|  77|0x00000000c4d00000, 0x00000000c4e00000, 0x00000000c4e00000|100%| O|  |TAMS 0x00000000c4d00000, 0x00000000c4e00000| Untracked 
|  78|0x00000000c4e00000, 0x00000000c4f00000, 0x00000000c4f00000|100%|HS|  |TAMS 0x00000000c4f00000, 0x00000000c4f00000| Complete 
|  79|0x00000000c4f00000, 0x00000000c5000000, 0x00000000c5000000|100%| O|  |TAMS 0x00000000c5000000, 0x00000000c5000000| Untracked 
|  80|0x00000000c5000000, 0x00000000c5100000, 0x00000000c5100000|100%| O|  |TAMS 0x00000000c5100000, 0x00000000c5100000| Untracked 
|  81|0x00000000c5100000, 0x00000000c5200000, 0x00000000c5200000|100%| O|  |TAMS 0x00000000c5200000, 0x00000000c5200000| Untracked 
|  82|0x00000000c5200000, 0x00000000c5300000, 0x00000000c5300000|100%| O|  |TAMS 0x00000000c5300000, 0x00000000c5300000| Untracked 
|  83|0x00000000c5300000, 0x00000000c5400000, 0x00000000c5400000|100%| O|  |TAMS 0x00000000c5400000, 0x00000000c5400000| Untracked 
|  84|0x00000000c5400000, 0x00000000c5500000, 0x00000000c5500000|100%| O|  |TAMS 0x00000000c5500000, 0x00000000c5500000| Untracked 
|  85|0x00000000c5500000, 0x00000000c5600000, 0x00000000c5600000|100%| O|  |TAMS 0x00000000c5600000, 0x00000000c5600000| Untracked 
|  86|0x00000000c5600000, 0x00000000c5700000, 0x00000000c5700000|100%| O|  |TAMS 0x00000000c5700000, 0x00000000c5700000| Untracked 
|  87|0x00000000c5700000, 0x00000000c5800000, 0x00000000c5800000|100%| O|  |TAMS 0x00000000c5800000, 0x00000000c5800000| Untracked 
|  88|0x00000000c5800000, 0x00000000c5900000, 0x00000000c5900000|100%| O|  |TAMS 0x00000000c5900000, 0x00000000c5900000| Untracked 
|  89|0x00000000c5900000, 0x00000000c5a00000, 0x00000000c5a00000|100%| O|  |TAMS 0x00000000c5a00000, 0x00000000c5a00000| Untracked 
|  90|0x00000000c5a00000, 0x00000000c5b00000, 0x00000000c5b00000|100%| O|  |TAMS 0x00000000c5a00000, 0x00000000c5b00000| Untracked 
|  91|0x00000000c5b00000, 0x00000000c5c00000, 0x00000000c5c00000|100%| O|  |TAMS 0x00000000c5b00000, 0x00000000c5c00000| Untracked 
|  92|0x00000000c5c00000, 0x00000000c5d00000, 0x00000000c5d00000|100%| O|  |TAMS 0x00000000c5c00000, 0x00000000c5d00000| Untracked 
|  93|0x00000000c5d00000, 0x00000000c5e00000, 0x00000000c5e00000|100%| O|  |TAMS 0x00000000c5d00000, 0x00000000c5e00000| Untracked 
|  94|0x00000000c5e00000, 0x00000000c5f00000, 0x00000000c5f00000|100%| O|  |TAMS 0x00000000c5e00000, 0x00000000c5f00000| Untracked 
|  95|0x00000000c5f00000, 0x00000000c6000000, 0x00000000c6000000|100%| O|  |TAMS 0x00000000c5f00000, 0x00000000c6000000| Untracked 
|  96|0x00000000c6000000, 0x00000000c6100000, 0x00000000c6100000|100%| O|  |TAMS 0x00000000c6000000, 0x00000000c6100000| Untracked 
|  97|0x00000000c6100000, 0x00000000c6200000, 0x00000000c6200000|100%| O|  |TAMS 0x00000000c6100000, 0x00000000c6200000| Untracked 
|  98|0x00000000c6200000, 0x00000000c6300000, 0x00000000c6300000|100%| O|  |TAMS 0x00000000c6200000, 0x00000000c6300000| Untracked 
|  99|0x00000000c6300000, 0x00000000c6400000, 0x00000000c6400000|100%| O|  |TAMS 0x00000000c6300000, 0x00000000c6400000| Untracked 
| 100|0x00000000c6400000, 0x00000000c6500000, 0x00000000c6500000|100%| O|  |TAMS 0x00000000c6400000, 0x00000000c6500000| Untracked 
| 101|0x00000000c6500000, 0x00000000c6600000, 0x00000000c6600000|100%| O|  |TAMS 0x00000000c6500000, 0x00000000c6600000| Untracked 
| 102|0x00000000c6600000, 0x00000000c6700000, 0x00000000c6700000|100%| O|  |TAMS 0x00000000c6600000, 0x00000000c6700000| Untracked 
| 103|0x00000000c6700000, 0x00000000c6800000, 0x00000000c6800000|100%| O|  |TAMS 0x00000000c6700000, 0x00000000c6800000| Untracked 
| 104|0x00000000c6800000, 0x00000000c6900000, 0x00000000c6900000|100%| O|  |TAMS 0x00000000c6800000, 0x00000000c6900000| Untracked 
| 105|0x00000000c6900000, 0x00000000c6a00000, 0x00000000c6a00000|100%| O|  |TAMS 0x00000000c6900000, 0x00000000c6a00000| Untracked 
| 106|0x00000000c6a00000, 0x00000000c6b00000, 0x00000000c6b00000|100%| O|  |TAMS 0x00000000c6a00000, 0x00000000c6b00000| Untracked 
| 107|0x00000000c6b00000, 0x00000000c6c00000, 0x00000000c6c00000|100%| O|  |TAMS 0x00000000c6b00000, 0x00000000c6c00000| Untracked 
| 108|0x00000000c6c00000, 0x00000000c6d00000, 0x00000000c6d00000|100%| O|  |TAMS 0x00000000c6c00000, 0x00000000c6d00000| Untracked 
| 109|0x00000000c6d00000, 0x00000000c6e00000, 0x00000000c6e00000|100%| O|  |TAMS 0x00000000c6d00000, 0x00000000c6e00000| Untracked 
| 110|0x00000000c6e00000, 0x00000000c6f00000, 0x00000000c6f00000|100%| O|  |TAMS 0x00000000c6e00000, 0x00000000c6f00000| Untracked 
| 111|0x00000000c6f00000, 0x00000000c7000000, 0x00000000c7000000|100%| O|  |TAMS 0x00000000c6f00000, 0x00000000c7000000| Untracked 
| 112|0x00000000c7000000, 0x00000000c7100000, 0x00000000c7100000|100%| O|  |TAMS 0x00000000c7000000, 0x00000000c7100000| Untracked 
| 113|0x00000000c7100000, 0x00000000c7200000, 0x00000000c7200000|100%| O|  |TAMS 0x00000000c7100000, 0x00000000c7200000| Untracked 
| 114|0x00000000c7200000, 0x00000000c7300000, 0x00000000c7300000|100%| O|  |TAMS 0x00000000c7200000, 0x00000000c7300000| Untracked 
| 115|0x00000000c7300000, 0x00000000c7400000, 0x00000000c7400000|100%| O|  |TAMS 0x00000000c7300000, 0x00000000c7400000| Untracked 
| 116|0x00000000c7400000, 0x00000000c7500000, 0x00000000c7500000|100%| O|  |TAMS 0x00000000c7400000, 0x00000000c7500000| Untracked 
| 117|0x00000000c7500000, 0x00000000c7600000, 0x00000000c7600000|100%| O|  |TAMS 0x00000000c7500000, 0x00000000c7600000| Untracked 
| 118|0x00000000c7600000, 0x00000000c7700000, 0x00000000c7700000|100%| O|  |TAMS 0x00000000c7600000, 0x00000000c7700000| Untracked 
| 119|0x00000000c7700000, 0x00000000c7800000, 0x00000000c7800000|100%| O|  |TAMS 0x00000000c7700000, 0x00000000c7800000| Untracked 
| 120|0x00000000c7800000, 0x00000000c7900000, 0x00000000c7900000|100%| O|  |TAMS 0x00000000c7800000, 0x00000000c7900000| Untracked 
| 121|0x00000000c7900000, 0x00000000c7a00000, 0x00000000c7a00000|100%| O|  |TAMS 0x00000000c7900000, 0x00000000c7a00000| Untracked 
| 122|0x00000000c7a00000, 0x00000000c7b00000, 0x00000000c7b00000|100%| O|  |TAMS 0x00000000c7a00000, 0x00000000c7b00000| Untracked 
| 123|0x00000000c7b00000, 0x00000000c7c00000, 0x00000000c7c00000|100%| O|  |TAMS 0x00000000c7b00000, 0x00000000c7c00000| Untracked 
| 124|0x00000000c7c00000, 0x00000000c7d00000, 0x00000000c7d00000|100%| O|  |TAMS 0x00000000c7c00000, 0x00000000c7d00000| Untracked 
| 125|0x00000000c7d00000, 0x00000000c7e00000, 0x00000000c7e00000|100%| O|  |TAMS 0x00000000c7d00000, 0x00000000c7e00000| Untracked 
| 126|0x00000000c7e00000, 0x00000000c7f00000, 0x00000000c7f00000|100%| O|  |TAMS 0x00000000c7e00000, 0x00000000c7f00000| Untracked 
| 127|0x00000000c7f00000, 0x00000000c8000000, 0x00000000c8000000|100%| O|  |TAMS 0x00000000c7f00000, 0x00000000c8000000| Untracked 
| 128|0x00000000c8000000, 0x00000000c8100000, 0x00000000c8100000|100%| O|  |TAMS 0x00000000c8000000, 0x00000000c8100000| Untracked 
| 129|0x00000000c8100000, 0x00000000c8200000, 0x00000000c8200000|100%| O|  |TAMS 0x00000000c8100000, 0x00000000c8200000| Untracked 
| 130|0x00000000c8200000, 0x00000000c8300000, 0x00000000c8300000|100%| O|  |TAMS 0x00000000c8200000, 0x00000000c8300000| Untracked 
| 131|0x00000000c8300000, 0x00000000c8400000, 0x00000000c8400000|100%| O|  |TAMS 0x00000000c8300000, 0x00000000c8400000| Untracked 
| 132|0x00000000c8400000, 0x00000000c8500000, 0x00000000c8500000|100%| O|  |TAMS 0x00000000c8400000, 0x00000000c8500000| Untracked 
| 133|0x00000000c8500000, 0x00000000c8600000, 0x00000000c8600000|100%| O|  |TAMS 0x00000000c8500000, 0x00000000c8600000| Untracked 
| 134|0x00000000c8600000, 0x00000000c8700000, 0x00000000c8700000|100%| O|  |TAMS 0x00000000c8600000, 0x00000000c8700000| Untracked 
| 135|0x00000000c8700000, 0x00000000c8800000, 0x00000000c8800000|100%| O|  |TAMS 0x00000000c8700000, 0x00000000c8800000| Untracked 
| 136|0x00000000c8800000, 0x00000000c8900000, 0x00000000c8900000|100%| O|  |TAMS 0x00000000c8800000, 0x00000000c8900000| Untracked 
| 137|0x00000000c8900000, 0x00000000c8a00000, 0x00000000c8a00000|100%| O|  |TAMS 0x00000000c8900000, 0x00000000c8a00000| Untracked 
| 138|0x00000000c8a00000, 0x00000000c8b00000, 0x00000000c8b00000|100%| O|  |TAMS 0x00000000c8a00000, 0x00000000c8b00000| Untracked 
| 139|0x00000000c8b00000, 0x00000000c8c00000, 0x00000000c8c00000|100%| O|  |TAMS 0x00000000c8b00000, 0x00000000c8c00000| Untracked 
| 140|0x00000000c8c00000, 0x00000000c8d00000, 0x00000000c8d00000|100%| O|  |TAMS 0x00000000c8c00000, 0x00000000c8d00000| Untracked 
| 141|0x00000000c8d00000, 0x00000000c8e00000, 0x00000000c8e00000|100%| O|  |TAMS 0x00000000c8d00000, 0x00000000c8e00000| Untracked 
| 142|0x00000000c8e00000, 0x00000000c8f00000, 0x00000000c8f00000|100%| O|  |TAMS 0x00000000c8e00000, 0x00000000c8f00000| Untracked 
| 143|0x00000000c8f00000, 0x00000000c9000000, 0x00000000c9000000|100%| O|  |TAMS 0x00000000c8f00000, 0x00000000c9000000| Untracked 
| 144|0x00000000c9000000, 0x00000000c9100000, 0x00000000c9100000|100%| O|  |TAMS 0x00000000c9000000, 0x00000000c9100000| Untracked 
| 145|0x00000000c9100000, 0x00000000c9200000, 0x00000000c9200000|100%| O|  |TAMS 0x00000000c9100000, 0x00000000c9200000| Untracked 
| 146|0x00000000c9200000, 0x00000000c9300000, 0x00000000c9300000|100%| O|  |TAMS 0x00000000c9200000, 0x00000000c9300000| Untracked 
| 147|0x00000000c9300000, 0x00000000c9400000, 0x00000000c9400000|100%| O|  |TAMS 0x00000000c9300000, 0x00000000c9400000| Untracked 
| 148|0x00000000c9400000, 0x00000000c9500000, 0x00000000c9500000|100%| O|  |TAMS 0x00000000c9400000, 0x00000000c9500000| Untracked 
| 149|0x00000000c9500000, 0x00000000c9600000, 0x00000000c9600000|100%| O|  |TAMS 0x00000000c9500000, 0x00000000c9600000| Untracked 
| 150|0x00000000c9600000, 0x00000000c9700000, 0x00000000c9700000|100%| O|  |TAMS 0x00000000c9600000, 0x00000000c9700000| Untracked 
| 151|0x00000000c9700000, 0x00000000c9800000, 0x00000000c9800000|100%| O|  |TAMS 0x00000000c9700000, 0x00000000c9800000| Untracked 
| 152|0x00000000c9800000, 0x00000000c9900000, 0x00000000c9900000|100%| O|  |TAMS 0x00000000c9800000, 0x00000000c9900000| Untracked 
| 153|0x00000000c9900000, 0x00000000c9a00000, 0x00000000c9a00000|100%| O|  |TAMS 0x00000000c9900000, 0x00000000c9a00000| Untracked 
| 154|0x00000000c9a00000, 0x00000000c9b00000, 0x00000000c9b00000|100%| O|  |TAMS 0x00000000c9a00000, 0x00000000c9b00000| Untracked 
| 155|0x00000000c9b00000, 0x00000000c9c00000, 0x00000000c9c00000|100%| O|  |TAMS 0x00000000c9b00000, 0x00000000c9c00000| Untracked 
| 156|0x00000000c9c00000, 0x00000000c9d00000, 0x00000000c9d00000|100%| O|  |TAMS 0x00000000c9c00000, 0x00000000c9d00000| Untracked 
| 157|0x00000000c9d00000, 0x00000000c9e00000, 0x00000000c9e00000|100%| O|  |TAMS 0x00000000c9d00000, 0x00000000c9e00000| Untracked 
| 158|0x00000000c9e00000, 0x00000000c9f00000, 0x00000000c9f00000|100%| O|  |TAMS 0x00000000c9e00000, 0x00000000c9e7e200| Untracked 
| 159|0x00000000c9f00000, 0x00000000ca000000, 0x00000000ca000000|100%| O|  |TAMS 0x00000000c9f00000, 0x00000000c9f00000| Untracked 
| 160|0x00000000ca000000, 0x00000000ca100000, 0x00000000ca100000|100%| O|  |TAMS 0x00000000ca000000, 0x00000000ca000000| Untracked 
| 161|0x00000000ca100000, 0x00000000ca200000, 0x00000000ca200000|100%| O|  |TAMS 0x00000000ca100000, 0x00000000ca100000| Untracked 
| 162|0x00000000ca200000, 0x00000000ca300000, 0x00000000ca300000|100%| O|  |TAMS 0x00000000ca200000, 0x00000000ca200000| Untracked 
| 163|0x00000000ca300000, 0x00000000ca400000, 0x00000000ca400000|100%| O|  |TAMS 0x00000000ca300000, 0x00000000ca300000| Untracked 
| 164|0x00000000ca400000, 0x00000000ca500000, 0x00000000ca500000|100%| O|  |TAMS 0x00000000ca400000, 0x00000000ca400000| Untracked 
| 165|0x00000000ca500000, 0x00000000ca600000, 0x00000000ca600000|100%| O|  |TAMS 0x00000000ca500000, 0x00000000ca500000| Untracked 
| 166|0x00000000ca600000, 0x00000000ca700000, 0x00000000ca700000|100%| O|  |TAMS 0x00000000ca600000, 0x00000000ca600000| Untracked 
| 167|0x00000000ca700000, 0x00000000ca800000, 0x00000000ca800000|100%| O|  |TAMS 0x00000000ca700000, 0x00000000ca700000| Untracked 
| 168|0x00000000ca800000, 0x00000000ca900000, 0x00000000ca900000|100%| O|  |TAMS 0x00000000ca800000, 0x00000000ca800000| Untracked 
| 169|0x00000000ca900000, 0x00000000caa00000, 0x00000000caa00000|100%| O|  |TAMS 0x00000000ca900000, 0x00000000ca900000| Untracked 
| 170|0x00000000caa00000, 0x00000000cab00000, 0x00000000cab00000|100%| O|  |TAMS 0x00000000caa00000, 0x00000000caa00000| Untracked 
| 171|0x00000000cab00000, 0x00000000cac00000, 0x00000000cac00000|100%| O|  |TAMS 0x00000000cab00000, 0x00000000cab00000| Untracked 
| 172|0x00000000cac00000, 0x00000000cad00000, 0x00000000cad00000|100%| O|  |TAMS 0x00000000cac00000, 0x00000000cac00000| Untracked 
| 173|0x00000000cad00000, 0x00000000cae00000, 0x00000000cae00000|100%| O|  |TAMS 0x00000000cad00000, 0x00000000cad00000| Untracked 
| 174|0x00000000cae00000, 0x00000000caf00000, 0x00000000caf00000|100%| O|  |TAMS 0x00000000cae00000, 0x00000000cae00000| Untracked 
| 175|0x00000000caf00000, 0x00000000cb000000, 0x00000000cb000000|100%| O|  |TAMS 0x00000000caf00000, 0x00000000caf00000| Untracked 
| 176|0x00000000cb000000, 0x00000000cb100000, 0x00000000cb100000|100%| O|  |TAMS 0x00000000cb000000, 0x00000000cb000000| Untracked 
| 177|0x00000000cb100000, 0x00000000cb200000, 0x00000000cb200000|100%| O|  |TAMS 0x00000000cb100000, 0x00000000cb100000| Untracked 
| 178|0x00000000cb200000, 0x00000000cb300000, 0x00000000cb300000|100%| O|  |TAMS 0x00000000cb200000, 0x00000000cb200000| Untracked 
| 179|0x00000000cb300000, 0x00000000cb400000, 0x00000000cb400000|100%| O|  |TAMS 0x00000000cb300000, 0x00000000cb300000| Untracked 
| 180|0x00000000cb400000, 0x00000000cb500000, 0x00000000cb500000|100%| O|  |TAMS 0x00000000cb400000, 0x00000000cb400000| Untracked 
| 181|0x00000000cb500000, 0x00000000cb600000, 0x00000000cb600000|100%| O|  |TAMS 0x00000000cb500000, 0x00000000cb500000| Untracked 
| 182|0x00000000cb600000, 0x00000000cb700000, 0x00000000cb700000|100%| O|  |TAMS 0x00000000cb600000, 0x00000000cb600000| Untracked 
| 183|0x00000000cb700000, 0x00000000cb800000, 0x00000000cb800000|100%| O|  |TAMS 0x00000000cb700000, 0x00000000cb700000| Untracked 
| 184|0x00000000cb800000, 0x00000000cb900000, 0x00000000cb900000|100%| O|  |TAMS 0x00000000cb800000, 0x00000000cb800000| Untracked 
| 185|0x00000000cb900000, 0x00000000cba00000, 0x00000000cba00000|100%| O|  |TAMS 0x00000000cb900000, 0x00000000cb900000| Untracked 
| 186|0x00000000cba00000, 0x00000000cbb00000, 0x00000000cbb00000|100%| O|  |TAMS 0x00000000cba00000, 0x00000000cba00000| Untracked 
| 187|0x00000000cbb00000, 0x00000000cbc00000, 0x00000000cbc00000|100%| O|  |TAMS 0x00000000cbb00000, 0x00000000cbb00000| Untracked 
| 188|0x00000000cbc00000, 0x00000000cbd00000, 0x00000000cbd00000|100%| O|  |TAMS 0x00000000cbc00000, 0x00000000cbc00000| Untracked 
| 189|0x00000000cbd00000, 0x00000000cbe00000, 0x00000000cbe00000|100%| O|  |TAMS 0x00000000cbd00000, 0x00000000cbd00000| Untracked 
| 190|0x00000000cbe00000, 0x00000000cbf00000, 0x00000000cbf00000|100%| O|  |TAMS 0x00000000cbe00000, 0x00000000cbe00000| Untracked 
| 191|0x00000000cbf00000, 0x00000000cc000000, 0x00000000cc000000|100%| O|  |TAMS 0x00000000cbf00000, 0x00000000cbf00000| Untracked 
| 192|0x00000000cc000000, 0x00000000cc100000, 0x00000000cc100000|100%| O|  |TAMS 0x00000000cc000000, 0x00000000cc000000| Untracked 
| 193|0x00000000cc100000, 0x00000000cc200000, 0x00000000cc200000|100%| O|  |TAMS 0x00000000cc100000, 0x00000000cc100000| Untracked 
| 194|0x00000000cc200000, 0x00000000cc280000, 0x00000000cc300000| 50%| O|  |TAMS 0x00000000cc200000, 0x00000000cc200000| Untracked 
| 195|0x00000000cc300000, 0x00000000cc300000, 0x00000000cc400000|  0%| F|  |TAMS 0x00000000cc300000, 0x00000000cc300000| Untracked 
| 196|0x00000000cc400000, 0x00000000cc400000, 0x00000000cc500000|  0%| F|  |TAMS 0x00000000cc400000, 0x00000000cc400000| Untracked 
| 197|0x00000000cc500000, 0x00000000cc500000, 0x00000000cc600000|  0%| F|  |TAMS 0x00000000cc500000, 0x00000000cc500000| Untracked 
| 198|0x00000000cc600000, 0x00000000cc600000, 0x00000000cc700000|  0%| F|  |TAMS 0x00000000cc600000, 0x00000000cc600000| Untracked 
| 199|0x00000000cc700000, 0x00000000cc700000, 0x00000000cc800000|  0%| F|  |TAMS 0x00000000cc700000, 0x00000000cc700000| Untracked 
| 200|0x00000000cc800000, 0x00000000cc800000, 0x00000000cc900000|  0%| F|  |TAMS 0x00000000cc800000, 0x00000000cc800000| Untracked 
| 201|0x00000000cc900000, 0x00000000cc900000, 0x00000000cca00000|  0%| F|  |TAMS 0x00000000cc900000, 0x00000000cc900000| Untracked 
| 202|0x00000000cca00000, 0x00000000cca00000, 0x00000000ccb00000|  0%| F|  |TAMS 0x00000000cca00000, 0x00000000cca00000| Untracked 
| 203|0x00000000ccb00000, 0x00000000ccb00000, 0x00000000ccc00000|  0%| F|  |TAMS 0x00000000ccb00000, 0x00000000ccb00000| Untracked 
| 204|0x00000000ccc00000, 0x00000000ccc00000, 0x00000000ccd00000|  0%| F|  |TAMS 0x00000000ccc00000, 0x00000000ccc00000| Untracked 
| 205|0x00000000ccd00000, 0x00000000ccd00000, 0x00000000cce00000|  0%| F|  |TAMS 0x00000000ccd00000, 0x00000000ccd00000| Untracked 
| 206|0x00000000cce00000, 0x00000000cce00000, 0x00000000ccf00000|  0%| F|  |TAMS 0x00000000cce00000, 0x00000000cce00000| Untracked 
| 207|0x00000000ccf00000, 0x00000000ccf00000, 0x00000000cd000000|  0%| F|  |TAMS 0x00000000ccf00000, 0x00000000ccf00000| Untracked 
| 208|0x00000000cd000000, 0x00000000cd000000, 0x00000000cd100000|  0%| F|  |TAMS 0x00000000cd000000, 0x00000000cd000000| Untracked 
| 209|0x00000000cd100000, 0x00000000cd100000, 0x00000000cd200000|  0%| F|  |TAMS 0x00000000cd100000, 0x00000000cd100000| Untracked 
| 210|0x00000000cd200000, 0x00000000cd200000, 0x00000000cd300000|  0%| F|  |TAMS 0x00000000cd200000, 0x00000000cd200000| Untracked 
| 211|0x00000000cd300000, 0x00000000cd300000, 0x00000000cd400000|  0%| F|  |TAMS 0x00000000cd300000, 0x00000000cd300000| Untracked 
| 212|0x00000000cd400000, 0x00000000cd400000, 0x00000000cd500000|  0%| F|  |TAMS 0x00000000cd400000, 0x00000000cd400000| Untracked 
| 213|0x00000000cd500000, 0x00000000cd500000, 0x00000000cd600000|  0%| F|  |TAMS 0x00000000cd500000, 0x00000000cd500000| Untracked 
| 214|0x00000000cd600000, 0x00000000cd600000, 0x00000000cd700000|  0%| F|  |TAMS 0x00000000cd600000, 0x00000000cd600000| Untracked 
| 215|0x00000000cd700000, 0x00000000cd700000, 0x00000000cd800000|  0%| F|  |TAMS 0x00000000cd700000, 0x00000000cd700000| Untracked 
| 216|0x00000000cd800000, 0x00000000cd800000, 0x00000000cd900000|  0%| F|  |TAMS 0x00000000cd800000, 0x00000000cd800000| Untracked 
| 217|0x00000000cd900000, 0x00000000cd900000, 0x00000000cda00000|  0%| F|  |TAMS 0x00000000cd900000, 0x00000000cd900000| Untracked 
| 218|0x00000000cda00000, 0x00000000cda00000, 0x00000000cdb00000|  0%| F|  |TAMS 0x00000000cda00000, 0x00000000cda00000| Untracked 
| 219|0x00000000cdb00000, 0x00000000cdb00000, 0x00000000cdc00000|  0%| F|  |TAMS 0x00000000cdb00000, 0x00000000cdb00000| Untracked 
| 220|0x00000000cdc00000, 0x00000000cdc00000, 0x00000000cdd00000|  0%| F|  |TAMS 0x00000000cdc00000, 0x00000000cdc00000| Untracked 
| 221|0x00000000cdd00000, 0x00000000cdd00000, 0x00000000cde00000|  0%| F|  |TAMS 0x00000000cdd00000, 0x00000000cdd00000| Untracked 
| 222|0x00000000cde00000, 0x00000000cde00000, 0x00000000cdf00000|  0%| F|  |TAMS 0x00000000cde00000, 0x00000000cde00000| Untracked 
| 223|0x00000000cdf00000, 0x00000000cdf00000, 0x00000000ce000000|  0%| F|  |TAMS 0x00000000cdf00000, 0x00000000cdf00000| Untracked 
| 224|0x00000000ce000000, 0x00000000ce000000, 0x00000000ce100000|  0%| F|  |TAMS 0x00000000ce000000, 0x00000000ce000000| Untracked 
| 225|0x00000000ce100000, 0x00000000ce100000, 0x00000000ce200000|  0%| F|  |TAMS 0x00000000ce100000, 0x00000000ce100000| Untracked 
| 226|0x00000000ce200000, 0x00000000ce200000, 0x00000000ce300000|  0%| F|  |TAMS 0x00000000ce200000, 0x00000000ce200000| Untracked 
| 227|0x00000000ce300000, 0x00000000ce300000, 0x00000000ce400000|  0%| F|  |TAMS 0x00000000ce300000, 0x00000000ce300000| Untracked 
| 228|0x00000000ce400000, 0x00000000ce400000, 0x00000000ce500000|  0%| F|  |TAMS 0x00000000ce400000, 0x00000000ce400000| Untracked 
| 229|0x00000000ce500000, 0x00000000ce500000, 0x00000000ce600000|  0%| F|  |TAMS 0x00000000ce500000, 0x00000000ce500000| Untracked 
| 230|0x00000000ce600000, 0x00000000ce600000, 0x00000000ce700000|  0%| F|  |TAMS 0x00000000ce600000, 0x00000000ce600000| Untracked 
| 231|0x00000000ce700000, 0x00000000ce700000, 0x00000000ce800000|  0%| F|  |TAMS 0x00000000ce700000, 0x00000000ce700000| Untracked 
| 232|0x00000000ce800000, 0x00000000ce800000, 0x00000000ce900000|  0%| F|  |TAMS 0x00000000ce800000, 0x00000000ce800000| Untracked 
| 233|0x00000000ce900000, 0x00000000ce900000, 0x00000000cea00000|  0%| F|  |TAMS 0x00000000ce900000, 0x00000000ce900000| Untracked 
| 234|0x00000000cea00000, 0x00000000cea00000, 0x00000000ceb00000|  0%| F|  |TAMS 0x00000000cea00000, 0x00000000cea00000| Untracked 
| 235|0x00000000ceb00000, 0x00000000ceb00000, 0x00000000cec00000|  0%| F|  |TAMS 0x00000000ceb00000, 0x00000000ceb00000| Untracked 
| 236|0x00000000cec00000, 0x00000000cec00000, 0x00000000ced00000|  0%| F|  |TAMS 0x00000000cec00000, 0x00000000cec00000| Untracked 
| 237|0x00000000ced00000, 0x00000000ced00000, 0x00000000cee00000|  0%| F|  |TAMS 0x00000000ced00000, 0x00000000ced00000| Untracked 
| 238|0x00000000cee00000, 0x00000000cee00000, 0x00000000cef00000|  0%| F|  |TAMS 0x00000000cee00000, 0x00000000cee00000| Untracked 
| 239|0x00000000cef00000, 0x00000000cef00000, 0x00000000cf000000|  0%| F|  |TAMS 0x00000000cef00000, 0x00000000cef00000| Untracked 
| 240|0x00000000cf000000, 0x00000000cf000000, 0x00000000cf100000|  0%| F|  |TAMS 0x00000000cf000000, 0x00000000cf000000| Untracked 
| 241|0x00000000cf100000, 0x00000000cf100000, 0x00000000cf200000|  0%| F|  |TAMS 0x00000000cf100000, 0x00000000cf100000| Untracked 
| 242|0x00000000cf200000, 0x00000000cf200000, 0x00000000cf300000|  0%| F|  |TAMS 0x00000000cf200000, 0x00000000cf200000| Untracked 
| 243|0x00000000cf300000, 0x00000000cf300000, 0x00000000cf400000|  0%| F|  |TAMS 0x00000000cf300000, 0x00000000cf300000| Untracked 
| 244|0x00000000cf400000, 0x00000000cf400000, 0x00000000cf500000|  0%| F|  |TAMS 0x00000000cf400000, 0x00000000cf400000| Untracked 
| 245|0x00000000cf500000, 0x00000000cf500000, 0x00000000cf600000|  0%| F|  |TAMS 0x00000000cf500000, 0x00000000cf500000| Untracked 
| 246|0x00000000cf600000, 0x00000000cf700000, 0x00000000cf700000|100%| S|CS|TAMS 0x00000000cf600000, 0x00000000cf600000| Complete 
| 247|0x00000000cf700000, 0x00000000cf800000, 0x00000000cf800000|100%| S|CS|TAMS 0x00000000cf700000, 0x00000000cf700000| Complete 
| 248|0x00000000cf800000, 0x00000000cf900000, 0x00000000cf900000|100%| S|CS|TAMS 0x00000000cf800000, 0x00000000cf800000| Complete 
| 249|0x00000000cf900000, 0x00000000cfa00000, 0x00000000cfa00000|100%| S|CS|TAMS 0x00000000cf900000, 0x00000000cf900000| Complete 
| 250|0x00000000cfa00000, 0x00000000cfb00000, 0x00000000cfb00000|100%| S|CS|TAMS 0x00000000cfa00000, 0x00000000cfa00000| Complete 
| 251|0x00000000cfb00000, 0x00000000cfc00000, 0x00000000cfc00000|100%| S|CS|TAMS 0x00000000cfb00000, 0x00000000cfb00000| Complete 
| 252|0x00000000cfc00000, 0x00000000cfd00000, 0x00000000cfd00000|100%| S|CS|TAMS 0x00000000cfc00000, 0x00000000cfc00000| Complete 
| 253|0x00000000cfd00000, 0x00000000cfe00000, 0x00000000cfe00000|100%| S|CS|TAMS 0x00000000cfd00000, 0x00000000cfd00000| Complete 
| 254|0x00000000cfe00000, 0x00000000cff00000, 0x00000000cff00000|100%| S|CS|TAMS 0x00000000cfe00000, 0x00000000cfe00000| Complete 
| 255|0x00000000cff00000, 0x00000000d0000000, 0x00000000d0000000|100%| S|CS|TAMS 0x00000000cff00000, 0x00000000cff00000| Complete 
| 256|0x00000000d0000000, 0x00000000d0100000, 0x00000000d0100000|100%| S|CS|TAMS 0x00000000d0000000, 0x00000000d0000000| Complete 
| 257|0x00000000d0100000, 0x00000000d0100000, 0x00000000d0200000|  0%| F|  |TAMS 0x00000000d0100000, 0x00000000d0100000| Untracked 
| 258|0x00000000d0200000, 0x00000000d0200000, 0x00000000d0300000|  0%| F|  |TAMS 0x00000000d0200000, 0x00000000d0200000| Untracked 
| 259|0x00000000d0300000, 0x00000000d0300000, 0x00000000d0400000|  0%| F|  |TAMS 0x00000000d0300000, 0x00000000d0300000| Untracked 
| 260|0x00000000d0400000, 0x00000000d0400000, 0x00000000d0500000|  0%| F|  |TAMS 0x00000000d0400000, 0x00000000d0400000| Untracked 
| 261|0x00000000d0500000, 0x00000000d0500000, 0x00000000d0600000|  0%| F|  |TAMS 0x00000000d0500000, 0x00000000d0500000| Untracked 
| 262|0x00000000d0600000, 0x00000000d0600000, 0x00000000d0700000|  0%| F|  |TAMS 0x00000000d0600000, 0x00000000d0600000| Untracked 
| 263|0x00000000d0700000, 0x00000000d0700000, 0x00000000d0800000|  0%| F|  |TAMS 0x00000000d0700000, 0x00000000d0700000| Untracked 
| 264|0x00000000d0800000, 0x00000000d0800000, 0x00000000d0900000|  0%| F|  |TAMS 0x00000000d0800000, 0x00000000d0800000| Untracked 
| 265|0x00000000d0900000, 0x00000000d0900000, 0x00000000d0a00000|  0%| F|  |TAMS 0x00000000d0900000, 0x00000000d0900000| Untracked 
| 266|0x00000000d0a00000, 0x00000000d0a00000, 0x00000000d0b00000|  0%| F|  |TAMS 0x00000000d0a00000, 0x00000000d0a00000| Untracked 
| 267|0x00000000d0b00000, 0x00000000d0b00000, 0x00000000d0c00000|  0%| F|  |TAMS 0x00000000d0b00000, 0x00000000d0b00000| Untracked 
| 268|0x00000000d0c00000, 0x00000000d0c00000, 0x00000000d0d00000|  0%| F|  |TAMS 0x00000000d0c00000, 0x00000000d0c00000| Untracked 
| 269|0x00000000d0d00000, 0x00000000d0d00000, 0x00000000d0e00000|  0%| F|  |TAMS 0x00000000d0d00000, 0x00000000d0d00000| Untracked 
| 270|0x00000000d0e00000, 0x00000000d0e00000, 0x00000000d0f00000|  0%| F|  |TAMS 0x00000000d0e00000, 0x00000000d0e00000| Untracked 
| 271|0x00000000d0f00000, 0x00000000d0f00000, 0x00000000d1000000|  0%| F|  |TAMS 0x00000000d0f00000, 0x00000000d0f00000| Untracked 
| 272|0x00000000d1000000, 0x00000000d1000000, 0x00000000d1100000|  0%| F|  |TAMS 0x00000000d1000000, 0x00000000d1000000| Untracked 
| 273|0x00000000d1100000, 0x00000000d1100000, 0x00000000d1200000|  0%| F|  |TAMS 0x00000000d1100000, 0x00000000d1100000| Untracked 
| 274|0x00000000d1200000, 0x00000000d1200000, 0x00000000d1300000|  0%| F|  |TAMS 0x00000000d1200000, 0x00000000d1200000| Untracked 
| 275|0x00000000d1300000, 0x00000000d1300000, 0x00000000d1400000|  0%| F|  |TAMS 0x00000000d1300000, 0x00000000d1300000| Untracked 
| 276|0x00000000d1400000, 0x00000000d1400000, 0x00000000d1500000|  0%| F|  |TAMS 0x00000000d1400000, 0x00000000d1400000| Untracked 
| 277|0x00000000d1500000, 0x00000000d1500000, 0x00000000d1600000|  0%| F|  |TAMS 0x00000000d1500000, 0x00000000d1500000| Untracked 
| 278|0x00000000d1600000, 0x00000000d1600000, 0x00000000d1700000|  0%| F|  |TAMS 0x00000000d1600000, 0x00000000d1600000| Untracked 
| 279|0x00000000d1700000, 0x00000000d1700000, 0x00000000d1800000|  0%| F|  |TAMS 0x00000000d1700000, 0x00000000d1700000| Untracked 
| 280|0x00000000d1800000, 0x00000000d1800000, 0x00000000d1900000|  0%| F|  |TAMS 0x00000000d1800000, 0x00000000d1800000| Untracked 
| 281|0x00000000d1900000, 0x00000000d1900000, 0x00000000d1a00000|  0%| F|  |TAMS 0x00000000d1900000, 0x00000000d1900000| Untracked 
| 282|0x00000000d1a00000, 0x00000000d1a00000, 0x00000000d1b00000|  0%| F|  |TAMS 0x00000000d1a00000, 0x00000000d1a00000| Untracked 
| 283|0x00000000d1b00000, 0x00000000d1b00000, 0x00000000d1c00000|  0%| F|  |TAMS 0x00000000d1b00000, 0x00000000d1b00000| Untracked 
| 284|0x00000000d1c00000, 0x00000000d1c00000, 0x00000000d1d00000|  0%| F|  |TAMS 0x00000000d1c00000, 0x00000000d1c00000| Untracked 
| 285|0x00000000d1d00000, 0x00000000d1d00000, 0x00000000d1e00000|  0%| F|  |TAMS 0x00000000d1d00000, 0x00000000d1d00000| Untracked 
| 286|0x00000000d1e00000, 0x00000000d1e00000, 0x00000000d1f00000|  0%| F|  |TAMS 0x00000000d1e00000, 0x00000000d1e00000| Untracked 
| 287|0x00000000d1f00000, 0x00000000d1f00000, 0x00000000d2000000|  0%| F|  |TAMS 0x00000000d1f00000, 0x00000000d1f00000| Untracked 
| 288|0x00000000d2000000, 0x00000000d2000000, 0x00000000d2100000|  0%| F|  |TAMS 0x00000000d2000000, 0x00000000d2000000| Untracked 
| 289|0x00000000d2100000, 0x00000000d2100000, 0x00000000d2200000|  0%| F|  |TAMS 0x00000000d2100000, 0x00000000d2100000| Untracked 
| 290|0x00000000d2200000, 0x00000000d2200000, 0x00000000d2300000|  0%| F|  |TAMS 0x00000000d2200000, 0x00000000d2200000| Untracked 
| 291|0x00000000d2300000, 0x00000000d2300000, 0x00000000d2400000|  0%| F|  |TAMS 0x00000000d2300000, 0x00000000d2300000| Untracked 
| 292|0x00000000d2400000, 0x00000000d2400000, 0x00000000d2500000|  0%| F|  |TAMS 0x00000000d2400000, 0x00000000d2400000| Untracked 
| 293|0x00000000d2500000, 0x00000000d2500000, 0x00000000d2600000|  0%| F|  |TAMS 0x00000000d2500000, 0x00000000d2500000| Untracked 
| 294|0x00000000d2600000, 0x00000000d2600000, 0x00000000d2700000|  0%| F|  |TAMS 0x00000000d2600000, 0x00000000d2600000| Untracked 
| 295|0x00000000d2700000, 0x00000000d2700000, 0x00000000d2800000|  0%| F|  |TAMS 0x00000000d2700000, 0x00000000d2700000| Untracked 
| 296|0x00000000d2800000, 0x00000000d2800000, 0x00000000d2900000|  0%| F|  |TAMS 0x00000000d2800000, 0x00000000d2800000| Untracked 
| 297|0x00000000d2900000, 0x00000000d2900000, 0x00000000d2a00000|  0%| F|  |TAMS 0x00000000d2900000, 0x00000000d2900000| Untracked 
| 298|0x00000000d2a00000, 0x00000000d2a00000, 0x00000000d2b00000|  0%| F|  |TAMS 0x00000000d2a00000, 0x00000000d2a00000| Untracked 
| 299|0x00000000d2b00000, 0x00000000d2b00000, 0x00000000d2c00000|  0%| F|  |TAMS 0x00000000d2b00000, 0x00000000d2b00000| Untracked 
| 300|0x00000000d2c00000, 0x00000000d2c00000, 0x00000000d2d00000|  0%| F|  |TAMS 0x00000000d2c00000, 0x00000000d2c00000| Untracked 
| 301|0x00000000d2d00000, 0x00000000d2d00000, 0x00000000d2e00000|  0%| F|  |TAMS 0x00000000d2d00000, 0x00000000d2d00000| Untracked 
| 302|0x00000000d2e00000, 0x00000000d2e00000, 0x00000000d2f00000|  0%| F|  |TAMS 0x00000000d2e00000, 0x00000000d2e00000| Untracked 
| 303|0x00000000d2f00000, 0x00000000d2f00000, 0x00000000d3000000|  0%| F|  |TAMS 0x00000000d2f00000, 0x00000000d2f00000| Untracked 
| 304|0x00000000d3000000, 0x00000000d3000000, 0x00000000d3100000|  0%| F|  |TAMS 0x00000000d3000000, 0x00000000d3000000| Untracked 
| 305|0x00000000d3100000, 0x00000000d3100000, 0x00000000d3200000|  0%| F|  |TAMS 0x00000000d3100000, 0x00000000d3100000| Untracked 
| 306|0x00000000d3200000, 0x00000000d3200000, 0x00000000d3300000|  0%| F|  |TAMS 0x00000000d3200000, 0x00000000d3200000| Untracked 
| 307|0x00000000d3300000, 0x00000000d3300000, 0x00000000d3400000|  0%| F|  |TAMS 0x00000000d3300000, 0x00000000d3300000| Untracked 
| 308|0x00000000d3400000, 0x00000000d3400000, 0x00000000d3500000|  0%| F|  |TAMS 0x00000000d3400000, 0x00000000d3400000| Untracked 
| 309|0x00000000d3500000, 0x00000000d3500000, 0x00000000d3600000|  0%| F|  |TAMS 0x00000000d3500000, 0x00000000d3500000| Untracked 
| 310|0x00000000d3600000, 0x00000000d3600000, 0x00000000d3700000|  0%| F|  |TAMS 0x00000000d3600000, 0x00000000d3600000| Untracked 
| 311|0x00000000d3700000, 0x00000000d3700000, 0x00000000d3800000|  0%| F|  |TAMS 0x00000000d3700000, 0x00000000d3700000| Untracked 
| 312|0x00000000d3800000, 0x00000000d3800000, 0x00000000d3900000|  0%| F|  |TAMS 0x00000000d3800000, 0x00000000d3800000| Untracked 
| 313|0x00000000d3900000, 0x00000000d3900000, 0x00000000d3a00000|  0%| F|  |TAMS 0x00000000d3900000, 0x00000000d3900000| Untracked 
| 314|0x00000000d3a00000, 0x00000000d3a00000, 0x00000000d3b00000|  0%| F|  |TAMS 0x00000000d3a00000, 0x00000000d3a00000| Untracked 
| 315|0x00000000d3b00000, 0x00000000d3b00000, 0x00000000d3c00000|  0%| F|  |TAMS 0x00000000d3b00000, 0x00000000d3b00000| Untracked 
| 316|0x00000000d3c00000, 0x00000000d3c00000, 0x00000000d3d00000|  0%| F|  |TAMS 0x00000000d3c00000, 0x00000000d3c00000| Untracked 
| 317|0x00000000d3d00000, 0x00000000d3d00000, 0x00000000d3e00000|  0%| F|  |TAMS 0x00000000d3d00000, 0x00000000d3d00000| Untracked 
| 318|0x00000000d3e00000, 0x00000000d3e00000, 0x00000000d3f00000|  0%| F|  |TAMS 0x00000000d3e00000, 0x00000000d3e00000| Untracked 
| 319|0x00000000d3f00000, 0x00000000d3f00000, 0x00000000d4000000|  0%| F|  |TAMS 0x00000000d3f00000, 0x00000000d3f00000| Untracked 
| 320|0x00000000d4000000, 0x00000000d4000000, 0x00000000d4100000|  0%| F|  |TAMS 0x00000000d4000000, 0x00000000d4000000| Untracked 
| 321|0x00000000d4100000, 0x00000000d4100000, 0x00000000d4200000|  0%| F|  |TAMS 0x00000000d4100000, 0x00000000d4100000| Untracked 
| 322|0x00000000d4200000, 0x00000000d4200000, 0x00000000d4300000|  0%| F|  |TAMS 0x00000000d4200000, 0x00000000d4200000| Untracked 
| 323|0x00000000d4300000, 0x00000000d4300000, 0x00000000d4400000|  0%| F|  |TAMS 0x00000000d4300000, 0x00000000d4300000| Untracked 
| 324|0x00000000d4400000, 0x00000000d4400000, 0x00000000d4500000|  0%| F|  |TAMS 0x00000000d4400000, 0x00000000d4400000| Untracked 
| 325|0x00000000d4500000, 0x00000000d4500000, 0x00000000d4600000|  0%| F|  |TAMS 0x00000000d4500000, 0x00000000d4500000| Untracked 
| 326|0x00000000d4600000, 0x00000000d4600000, 0x00000000d4700000|  0%| F|  |TAMS 0x00000000d4600000, 0x00000000d4600000| Untracked 
| 327|0x00000000d4700000, 0x00000000d4700000, 0x00000000d4800000|  0%| F|  |TAMS 0x00000000d4700000, 0x00000000d4700000| Untracked 

Card table byte_map: [0x0000028ff42f0000,0x0000028ff44f0000] _byte_map_base: 0x0000028ff3cf0000

Marking Bits (Prev, Next): (CMBitMap*) 0x0000028fdd634650, (CMBitMap*) 0x0000028fdd634610
 Prev Bits: [0x0000028ff56f0000, 0x0000028ff66f0000)
 Next Bits: [0x0000028ff46f0000, 0x0000028ff56f0000)

Polling page: 0x0000028fdb510000

Metaspace:

Usage:
  Non-class:      8.79 MB used.
      Class:      1.15 MB used.
       Both:      9.94 MB used.

Virtual space:
  Non-class space:       64.00 MB reserved,       8.88 MB ( 14%) committed,  1 nodes.
      Class space:        1.00 GB reserved,       1.25 MB ( <1%) committed,  1 nodes.
             Both:        1.06 GB reserved,      10.12 MB ( <1%) committed. 

Chunk freelists:
   Non-Class:  6.36 MB
       Class:  14.59 MB
        Both:  20.95 MB

MaxMetaspaceSize: unlimited
CompressedClassSpaceSize: 1.00 GB
Initial GC threshold: 21.00 MB
Current GC threshold: 21.00 MB
CDS: on
MetaspaceReclaimPolicy: balanced
 - commit_granule_bytes: 65536.
 - commit_granule_words: 8192.
 - virtual_space_node_default_size: 8388608.
 - enlarge_chunks_in_place: 1.
 - new_chunks_are_fully_committed: 0.
 - uncommit_free_chunks: 1.
 - use_allocation_guard: 0.
 - handle_deallocations: 1.


Internal statistics:

num_allocs_failed_limit: 0.
num_arena_births: 84.
num_arena_deaths: 10.
num_vsnodes_births: 2.
num_vsnodes_deaths: 0.
num_space_committed: 162.
num_space_uncommitted: 0.
num_chunks_returned_to_freelist: 13.
num_chunks_taken_from_freelist: 388.
num_chunk_merges: 0.
num_chunk_splits: 256.
num_chunks_enlarged: 208.
num_inconsistent_stats: 0.

CodeHeap 'non-profiled nmethods': size=120000Kb used=1706Kb max_used=1883Kb free=118293Kb
 bounds [0x0000028fecbc0000, 0x0000028fece30000, 0x0000028ff40f0000]
CodeHeap 'profiled nmethods': size=120000Kb used=3140Kb max_used=5640Kb free=116859Kb
 bounds [0x0000028fe50f0000, 0x0000028fe5680000, 0x0000028fec620000]
CodeHeap 'non-nmethods': size=5760Kb used=1164Kb max_used=1241Kb free=4595Kb
 bounds [0x0000028fec620000, 0x0000028fec890000, 0x0000028fecbc0000]
 total_blobs=2319 nmethods=1865 adapters=366
 compilation: enabled
              stopped_count=0, restarted_count=0
 full_count=0

Compilation events (20 events):
Event: 8.762 Thread 0x0000028ff8bc55f0 nmethod 2544 0x0000028fe50f0010 code [0x0000028fe50f02e0, 0x0000028fe50f1478]
Event: 8.766 Thread 0x0000028ff8bb7d50 nmethod 2537 0x0000028feccbbb10 code [0x0000028feccbbde0, 0x0000028feccbf1c0]
Event: 8.766 Thread 0x0000028ff8bb7d50 2538       4       com.android.tools.r8.internal.lK::next (26 bytes)
Event: 8.770 Thread 0x0000028ff8bb7d50 nmethod 2538 0x0000028fecc7a590 code [0x0000028fecc7a720, 0x0000028fecc7aa38]
Event: 8.770 Thread 0x0000028ff8bb7d50 2541       4       com.android.tools.r8.internal.LF::a (18 bytes)
Event: 8.771 Thread 0x0000028ff8bb7d50 nmethod 2541 0x0000028fecc7a290 code [0x0000028fecc7a400, 0x0000028fecc7a498]
Event: 8.771 Thread 0x0000028ff8bb7d50 2542       4       com.android.tools.r8.internal.LF::a (19 bytes)
Event: 8.771 Thread 0x0000028ff8bb7d50 nmethod 2542 0x0000028feccbb810 code [0x0000028feccbb980, 0x0000028feccbba18]
Event: 8.771 Thread 0x0000028ff8bb7d50 2536       4       com.android.tools.r8.internal.F6::<init> (57 bytes)
Event: 8.773 Thread 0x0000028ff8bb7d50 nmethod 2536 0x0000028feccbb410 code [0x0000028feccbb580, 0x0000028feccbb7b8]
Event: 8.773 Thread 0x0000028ff8bb7d50 2540       4       com.android.tools.r8.internal.cb::a (19 bytes)
Event: 8.774 Thread 0x0000028ff8bb7d50 nmethod 2540 0x0000028feccbb010 code [0x0000028feccbb180, 0x0000028feccbb238]
Event: 8.774 Thread 0x0000028ff8bb7d50 2510       4       com.android.tools.r8.internal.I6::<init> (10 bytes)
Event: 8.775 Thread 0x0000028ff8bb7d50 nmethod 2510 0x0000028fecc68f90 code [0x0000028fecc69100, 0x0000028fecc69238]
Event: 8.775 Thread 0x0000028ff8bb7d50 2152       4       com.android.tools.r8.internal.ms::b (17 bytes)
Event: 8.777 Thread 0x0000028ff8bb7d50 nmethod 2152 0x0000028fecc68c90 code [0x0000028fecc68e00, 0x0000028fecc68f38]
Event: 8.777 Thread 0x0000028ff8bb7d50 1809       4       jdk.internal.misc.Unsafe::putReferenceOpaque (9 bytes)
Event: 8.778 Thread 0x0000028ff8bb7d50 nmethod 1809 0x0000028fecc68990 code [0x0000028fecc68b00, 0x0000028fecc68c38]
Event: 8.778 Thread 0x0000028ff8bb7d50 1936       4       com.android.tools.r8.graph.d::l (8 bytes)
Event: 8.779 Thread 0x0000028ff8bb7d50 nmethod 1936 0x0000028fecc68690 code [0x0000028fecc68800, 0x0000028fecc68898]

GC Heap History (20 events):
Event: 3.520 GC heap after
{Heap after GC invocations=6 (full 0):
 garbage-first heap   total 196608K, used 58880K [0x00000000c0000000, 0x0000000100000000)
  region size 1024K, 6 young (6144K), 6 survivors (6144K)
 Metaspace       used 7039K, committed 7168K, reserved 1114112K
  class space    used 765K, committed 832K, reserved 1048576K
}
Event: 3.968 GC heap before
{Heap before GC invocations=6 (full 0):
 garbage-first heap   total 196608K, used 128512K [0x00000000c0000000, 0x0000000100000000)
  region size 1024K, 74 young (75776K), 6 survivors (6144K)
 Metaspace       used 7058K, committed 7232K, reserved 1114112K
  class space    used 765K, committed 832K, reserved 1048576K
}
Event: 4.002 GC heap after
{Heap after GC invocations=7 (full 0):
 garbage-first heap   total 196608K, used 74240K [0x00000000c0000000, 0x0000000100000000)
  region size 1024K, 10 young (10240K), 10 survivors (10240K)
 Metaspace       used 7058K, committed 7232K, reserved 1114112K
  class space    used 765K, committed 832K, reserved 1048576K
}
Event: 4.318 GC heap before
{Heap before GC invocations=7 (full 0):
 garbage-first heap   total 196608K, used 135680K [0x00000000c0000000, 0x0000000100000000)
  region size 1024K, 68 young (69632K), 10 survivors (10240K)
 Metaspace       used 7060K, committed 7232K, reserved 1114112K
  class space    used 765K, committed 832K, reserved 1048576K
}
Event: 4.361 GC heap after
{Heap after GC invocations=8 (full 0):
 garbage-first heap   total 196608K, used 89088K [0x00000000c0000000, 0x0000000100000000)
  region size 1024K, 9 young (9216K), 9 survivors (9216K)
 Metaspace       used 7060K, committed 7232K, reserved 1114112K
  class space    used 765K, committed 832K, reserved 1048576K
}
Event: 4.719 GC heap before
{Heap before GC invocations=8 (full 0):
 garbage-first heap   total 196608K, used 120832K [0x00000000c0000000, 0x0000000100000000)
  region size 1024K, 39 young (39936K), 9 survivors (9216K)
 Metaspace       used 7886K, committed 8128K, reserved 1114112K
  class space    used 895K, committed 1024K, reserved 1048576K
}
Event: 4.750 GC heap after
{Heap after GC invocations=9 (full 0):
 garbage-first heap   total 196608K, used 97280K [0x00000000c0000000, 0x0000000100000000)
  region size 1024K, 5 young (5120K), 5 survivors (5120K)
 Metaspace       used 7886K, committed 8128K, reserved 1114112K
  class space    used 895K, committed 1024K, reserved 1048576K
}
Event: 5.394 GC heap before
{Heap before GC invocations=9 (full 0):
 garbage-first heap   total 196608K, used 147456K [0x00000000c0000000, 0x0000000100000000)
  region size 1024K, 54 young (55296K), 5 survivors (5120K)
 Metaspace       used 8623K, committed 8832K, reserved 1114112K
  class space    used 987K, committed 1088K, reserved 1048576K
}
Event: 5.423 GC heap after
{Heap after GC invocations=10 (full 0):
 garbage-first heap   total 335872K, used 108032K [0x00000000c0000000, 0x0000000100000000)
  region size 1024K, 7 young (7168K), 7 survivors (7168K)
 Metaspace       used 8623K, committed 8832K, reserved 1114112K
  class space    used 987K, committed 1088K, reserved 1048576K
}
Event: 6.380 GC heap before
{Heap before GC invocations=11 (full 0):
 garbage-first heap   total 335872K, used 240128K [0x00000000c0000000, 0x0000000100000000)
  region size 1024K, 136 young (139264K), 7 survivors (7168K)
 Metaspace       used 8617K, committed 8832K, reserved 1114112K
  class space    used 984K, committed 1088K, reserved 1048576K
}
Event: 6.444 GC heap after
{Heap after GC invocations=12 (full 0):
 garbage-first heap   total 335872K, used 134144K [0x00000000c0000000, 0x0000000100000000)
  region size 1024K, 17 young (17408K), 17 survivors (17408K)
 Metaspace       used 8617K, committed 8832K, reserved 1114112K
  class space    used 984K, committed 1088K, reserved 1048576K
}
Event: 6.464 GC heap before
{Heap before GC invocations=12 (full 0):
 garbage-first heap   total 335872K, used 135168K [0x00000000c0000000, 0x0000000100000000)
  region size 1024K, 18 young (18432K), 17 survivors (17408K)
 Metaspace       used 8617K, committed 8832K, reserved 1114112K
  class space    used 984K, committed 1088K, reserved 1048576K
}
Event: 6.517 GC heap after
{Heap after GC invocations=13 (full 0):
 garbage-first heap   total 335872K, used 134656K [0x00000000c0000000, 0x0000000100000000)
  region size 1024K, 2 young (2048K), 2 survivors (2048K)
 Metaspace       used 8617K, committed 8832K, reserved 1114112K
  class space    used 984K, committed 1088K, reserved 1048576K
}
Event: 7.378 GC heap before
{Heap before GC invocations=13 (full 0):
 garbage-first heap   total 335872K, used 248320K [0x00000000c0000000, 0x0000000100000000)
  region size 1024K, 113 young (115712K), 2 survivors (2048K)
 Metaspace       used 10179K, committed 10368K, reserved 1114112K
  class space    used 1180K, committed 1280K, reserved 1048576K
}
Event: 7.413 GC heap after
{Heap after GC invocations=14 (full 0):
 garbage-first heap   total 335872K, used 156160K [0x00000000c0000000, 0x0000000100000000)
  region size 1024K, 15 young (15360K), 15 survivors (15360K)
 Metaspace       used 10179K, committed 10368K, reserved 1114112K
  class space    used 1180K, committed 1280K, reserved 1048576K
}
Event: 7.774 GC heap before
{Heap before GC invocations=14 (full 0):
 garbage-first heap   total 335872K, used 253440K [0x00000000c0000000, 0x0000000100000000)
  region size 1024K, 110 young (112640K), 15 survivors (15360K)
 Metaspace       used 10179K, committed 10368K, reserved 1114112K
  class space    used 1180K, committed 1280K, reserved 1048576K
}
Event: 7.832 GC heap after
{Heap after GC invocations=15 (full 0):
 garbage-first heap   total 335872K, used 176632K [0x00000000c0000000, 0x0000000100000000)
  region size 1024K, 14 young (14336K), 14 survivors (14336K)
 Metaspace       used 10179K, committed 10368K, reserved 1114112K
  class space    used 1180K, committed 1280K, reserved 1048576K
}
Event: 8.135 GC heap before
{Heap before GC invocations=15 (full 0):
 garbage-first heap   total 335872K, used 260600K [0x00000000c0000000, 0x0000000100000000)
  region size 1024K, 96 young (98304K), 14 survivors (14336K)
 Metaspace       used 10182K, committed 10368K, reserved 1114112K
  class space    used 1180K, committed 1280K, reserved 1048576K
}
Event: 8.182 GC heap after
{Heap after GC invocations=16 (full 0):
 garbage-first heap   total 335872K, used 194560K [0x00000000c0000000, 0x0000000100000000)
  region size 1024K, 12 young (12288K), 12 survivors (12288K)
 Metaspace       used 10182K, committed 10368K, reserved 1114112K
  class space    used 1180K, committed 1280K, reserved 1048576K
}
Event: 8.786 GC heap before
{Heap before GC invocations=16 (full 0):
 garbage-first heap   total 335872K, used 267264K [0x00000000c0000000, 0x0000000100000000)
  region size 1024K, 83 young (84992K), 12 survivors (12288K)
 Metaspace       used 10183K, committed 10368K, reserved 1114112K
  class space    used 1180K, committed 1280K, reserved 1048576K
}

Dll operation events (7 events):
Event: 0.014 Loaded shared library C:\Program Files (x86)\Android\openjdk\jdk-17.0.8.101-hotspot\bin\java.dll
Event: 0.061 Loaded shared library C:\Program Files (x86)\Android\openjdk\jdk-17.0.8.101-hotspot\bin\jsvml.dll
Event: 0.126 Loaded shared library C:\Program Files (x86)\Android\openjdk\jdk-17.0.8.101-hotspot\bin\net.dll
Event: 0.129 Loaded shared library C:\Program Files (x86)\Android\openjdk\jdk-17.0.8.101-hotspot\bin\nio.dll
Event: 0.145 Loaded shared library C:\Program Files (x86)\Android\openjdk\jdk-17.0.8.101-hotspot\bin\zip.dll
Event: 0.405 Loaded shared library C:\Program Files (x86)\Android\openjdk\jdk-17.0.8.101-hotspot\bin\jimage.dll
Event: 2.386 Loaded shared library C:\Program Files (x86)\Android\openjdk\jdk-17.0.8.101-hotspot\bin\verify.dll

Deoptimization events (20 events):
Event: 8.586 Thread 0x0000028ffd0d1ac0 DEOPT PACKING pc=0x0000028fe559b022 sp=0x000000b1e18fe750
Event: 8.587 Thread 0x0000028ffd0d1ac0 DEOPT UNPACKING pc=0x0000028fec677143 sp=0x000000b1e18fdec8 mode 0
Event: 8.604 Thread 0x0000028ffd0d1fd0 DEOPT PACKING pc=0x0000028fe559b022 sp=0x000000b1e19fea00
Event: 8.604 Thread 0x0000028ffd0d1fd0 DEOPT UNPACKING pc=0x0000028fec677143 sp=0x000000b1e19fe178 mode 0
Event: 8.631 Thread 0x0000028ffd0d1fd0 DEOPT PACKING pc=0x0000028fe559b022 sp=0x000000b1e19fea00
Event: 8.631 Thread 0x0000028ffd0d1fd0 DEOPT UNPACKING pc=0x0000028fec677143 sp=0x000000b1e19fe178 mode 0
Event: 8.641 Thread 0x0000028ffd0d1ac0 DEOPT PACKING pc=0x0000028fe559b022 sp=0x000000b1e18fe750
Event: 8.641 Thread 0x0000028ffd0d1ac0 DEOPT UNPACKING pc=0x0000028fec677143 sp=0x000000b1e18fdec8 mode 0
Event: 8.653 Thread 0x0000028ffd0d1ac0 DEOPT PACKING pc=0x0000028fe559b022 sp=0x000000b1e18fe750
Event: 8.654 Thread 0x0000028ffd0d1ac0 DEOPT UNPACKING pc=0x0000028fec677143 sp=0x000000b1e18fdec8 mode 0
Event: 8.664 Thread 0x0000028ffd0d1ac0 DEOPT PACKING pc=0x0000028fe559b022 sp=0x000000b1e18fe720
Event: 8.664 Thread 0x0000028ffd0d1ac0 DEOPT UNPACKING pc=0x0000028fec677143 sp=0x000000b1e18fde98 mode 0
Event: 8.699 Thread 0x0000028ffd0d1fd0 DEOPT PACKING pc=0x0000028fe559b022 sp=0x000000b1e19fea00
Event: 8.700 Thread 0x0000028ffd0d1fd0 DEOPT UNPACKING pc=0x0000028fec677143 sp=0x000000b1e19fe178 mode 0
Event: 8.720 Thread 0x0000028ffd0d1ac0 DEOPT PACKING pc=0x0000028fe559b022 sp=0x000000b1e18fe720
Event: 8.721 Thread 0x0000028ffd0d1ac0 DEOPT UNPACKING pc=0x0000028fec677143 sp=0x000000b1e18fde98 mode 0
Event: 8.778 Thread 0x0000028ffd0d1fd0 DEOPT PACKING pc=0x0000028fe559b022 sp=0x000000b1e19fea00
Event: 8.778 Thread 0x0000028ffd0d1fd0 DEOPT UNPACKING pc=0x0000028fec677143 sp=0x000000b1e19fe178 mode 0
Event: 8.783 Thread 0x0000028ffd0d1ac0 DEOPT PACKING pc=0x0000028fe559b022 sp=0x000000b1e18fe720
Event: 8.783 Thread 0x0000028ffd0d1ac0 DEOPT UNPACKING pc=0x0000028fec677143 sp=0x000000b1e18fde98 mode 0

Classes unloaded (5 events):
Event: 5.697 Thread 0x0000028ff8b918a0 Unloading class 0x0000028f810bd400 'java/lang/invoke/LambdaForm$DMH+0x0000028f810bd400'
Event: 5.697 Thread 0x0000028ff8b918a0 Unloading class 0x0000028f810b0c00 'java/lang/invoke/LambdaForm$DMH+0x0000028f810b0c00'
Event: 5.697 Thread 0x0000028ff8b918a0 Unloading class 0x0000028f810b0000 'java/lang/invoke/LambdaForm$DMH+0x0000028f810b0000'
Event: 5.697 Thread 0x0000028ff8b918a0 Unloading class 0x0000028f8109cc00 'java/lang/invoke/LambdaForm$DMH+0x0000028f8109cc00'
Event: 5.697 Thread 0x0000028ff8b918a0 Unloading class 0x0000028f8109c400 'java/lang/invoke/LambdaForm$DMH+0x0000028f8109c400'

Classes redefined (0 events):
No events

Internal exceptions (20 events):
Event: 2.500 Thread 0x0000028ffd0d1ac0 Exception <a 'java/lang/NoSuchMethodError'{0x00000000caeb4d50}: 'long java.lang.invoke.DirectMethodHandle$Holder.invokeStatic(java.lang.Object, java.lang.Object)'> (0x00000000caeb4d50) 
thrown [s\src\hotspot\share\interpreter\linkResolver.cpp, line 759]
Event: 2.501 Thread 0x0000028ffd0d1ac0 Exception <a 'java/lang/NoSuchMethodError'{0x00000000caeb81c0}: 'long java.lang.invoke.DirectMethodHandle$Holder.invokeStaticInit(java.lang.Object, java.lang.Object)'> (0x00000000caeb81c0) 
thrown [s\src\hotspot\share\interpreter\linkResolver.cpp, line 759]
Event: 2.501 Thread 0x0000028ffd0d1fd0 Exception <a 'java/lang/NoSuchMethodError'{0x00000000caf2ffc8}: 'long java.lang.invoke.DirectMethodHandle$Holder.invokeStaticInit(java.lang.Object, java.lang.Object)'> (0x00000000caf2ffc8) 
thrown [s\src\hotspot\share\interpreter\linkResolver.cpp, line 759]
Event: 2.827 Thread 0x0000028ffd0d1fd0 Exception <a 'java/lang/NoSuchMethodError'{0x00000000c9fa6f38}: 'java.lang.Object java.lang.invoke.DirectMethodHandle$Holder.newInvokeSpecial(java.lang.Object, java.lang.Object, int, java.lang.Object, java.lang.Object)'> (0x00000000c9fa6f38) 
thrown [s\src\hotspot\share\interpreter\linkResolver.cpp, line 759]
Event: 3.037 Thread 0x0000028ffd0d1ac0 Exception <a 'java/lang/NoSuchMethodError'{0x00000000c929ff50}: 'void java.lang.invoke.DirectMethodHandle$Holder.invokeSpecial(java.lang.Object, java.lang.Object, java.lang.Object, java.lang.Object, java.lang.Object)'> (0x00000000c929ff50) 
thrown [s\src\hotspot\share\interpreter\linkResolver.cpp, line 759]
Event: 3.038 Thread 0x0000028ffd0d1fd0 Exception <a 'java/lang/NoSuchMethodError'{0x00000000c93fb8d8}: 'void java.lang.invoke.DirectMethodHandle$Holder.invokeSpecial(java.lang.Object, java.lang.Object, java.lang.Object, java.lang.Object, java.lang.Object)'> (0x00000000c93fb8d8) 
thrown [s\src\hotspot\share\interpreter\linkResolver.cpp, line 759]
Event: 4.623 Thread 0x0000028fdd5f9180 Exception <a 'java/lang/NoSuchMethodError'{0x00000000ca34b348}: 'java.lang.Object java.lang.invoke.DirectMethodHandle$Holder.invokeStaticInit(java.lang.Object)'> (0x00000000ca34b348) 
thrown [s\src\hotspot\share\interpreter\linkResolver.cpp, line 759]
Event: 4.630 Thread 0x0000028fdd5f9180 Exception <a 'java/lang/NoSuchMethodError'{0x00000000ca35e118}: 'int java.lang.invoke.DirectMethodHandle$Holder.invokeStatic(java.lang.Object, java.lang.Object, java.lang.Object, java.lang.Object)'> (0x00000000ca35e118) 
thrown [s\src\hotspot\share\interpreter\linkResolver.cpp, line 759]
Event: 4.633 Thread 0x0000028fdd5f9180 Exception <a 'java/lang/NoSuchMethodError'{0x00000000ca369e40}: 'int java.lang.invoke.DirectMethodHandle$Holder.invokeSpecial(java.lang.Object, java.lang.Object, java.lang.Object, java.lang.Object)'> (0x00000000ca369e40) 
thrown [s\src\hotspot\share\interpreter\linkResolver.cpp, line 759]
Event: 4.706 Thread 0x0000028fdd5f9180 Exception <a 'java/lang/NoSuchMethodError'{0x00000000ca2b3918}: 'void java.lang.invoke.DirectMethodHandle$Holder.invokeInterface(java.lang.Object, java.lang.Object, java.lang.Object)'> (0x00000000ca2b3918) 
thrown [s\src\hotspot\share\interpreter\linkResolver.cpp, line 759]
Event: 4.707 Thread 0x0000028fdd5f9180 Exception <a 'java/lang/IncompatibleClassChangeError'{0x00000000ca2b6cd8}: Found class java.lang.Object, but interface was expected> (0x00000000ca2b6cd8) 
thrown [s\src\hotspot\share\interpreter\linkResolver.cpp, line 826]
Event: 4.710 Thread 0x0000028fdd5f9180 Exception <a 'java/lang/NoSuchMethodError'{0x00000000ca2c0aa0}: 'void java.lang.invoke.DirectMethodHandle$Holder.invokeStatic(java.lang.Object, java.lang.Object, java.lang.Object, java.lang.Object, java.lang.Object, java.lang.Object)'> (0x00000000ca2c0aa0) 
thrown [s\src\hotspot\share\interpreter\linkResolver.cpp, line 759]
Event: 4.711 Thread 0x0000028fdd5f9180 Exception <a 'java/lang/NoSuchMethodError'{0x00000000ca2c8028}: 'java.lang.Object java.lang.invoke.DirectMethodHandle$Holder.newInvokeSpecial(java.lang.Object, java.lang.Object, java.lang.Object, java.lang.Object, java.lang.Object)'> (0x00000000ca2c8028) 
thrown [s\src\hotspot\share\interpreter\linkResolver.cpp, line 759]
Event: 4.713 Thread 0x0000028fdd5f9180 Exception <a 'java/lang/NoSuchMethodError'{0x00000000ca2cfce8}: 'java.lang.Object java.lang.invoke.DirectMethodHandle$Holder.newInvokeSpecial(java.lang.Object, java.lang.Object, java.lang.Object, int)'> (0x00000000ca2cfce8) 
thrown [s\src\hotspot\share\interpreter\linkResolver.cpp, line 759]
Event: 4.714 Thread 0x0000028fdd5f9180 Exception <a 'java/lang/NoSuchMethodError'{0x00000000ca2d40c8}: 'java.lang.Object java.lang.invoke.DirectMethodHandle$Holder.invokeSpecial(java.lang.Object, java.lang.Object, java.lang.Object, java.lang.Object, int)'> (0x00000000ca2d40c8) 
thrown [s\src\hotspot\share\interpreter\linkResolver.cpp, line 759]
Event: 4.715 Thread 0x0000028fdd5f9180 Exception <a 'java/lang/NoSuchMethodError'{0x00000000ca2d7c90}: 'java.lang.Object java.lang.invoke.Invokers$Holder.linkToTargetMethod(java.lang.Object, java.lang.Object, int, java.lang.Object)'> (0x00000000ca2d7c90) 
thrown [s\src\hotspot\share\interpreter\linkResolver.cpp, line 759]
Event: 4.760 Thread 0x0000028ffd0d1ac0 Exception <a 'java/lang/NoSuchMethodError'{0x00000000cbf05560}: 'int java.lang.invoke.DirectMethodHandle$Holder.invokeSpecial(java.lang.Object, java.lang.Object, java.lang.Object)'> (0x00000000cbf05560) 
thrown [s\src\hotspot\share\interpreter\linkResolver.cpp, line 759]
Event: 5.069 Thread 0x0000028ffd0d1fd0 Implicit null exception at 0x0000028feccc58ec to 0x0000028feccc599c
Event: 6.854 Thread 0x0000028fdd5f9180 Exception <a 'java/lang/NoSuchMethodError'{0x00000000d25f9500}: 'java.lang.Object java.lang.invoke.DirectMethodHandle$Holder.invokeStaticInit(java.lang.Object, java.lang.Object, java.lang.Object)'> (0x00000000d25f9500) 
thrown [s\src\hotspot\share\interpreter\linkResolver.cpp, line 759]
Event: 6.900 Thread 0x0000028fdd5f9180 Exception <a 'java/lang/NoSuchMethodError'{0x00000000d24b3ff8}: 'java.lang.Object java.lang.invoke.DirectMethodHandle$Holder.invokeStatic(java.lang.Object, int, java.lang.Object, java.lang.Object)'> (0x00000000d24b3ff8) 
thrown [s\src\hotspot\share\interpreter\linkResolver.cpp, line 759]

VM Operations (20 events):
Event: 6.719 Executing VM operation: HandshakeAllThreads done
Event: 6.949 Executing VM operation: HandshakeAllThreads
Event: 6.949 Executing VM operation: HandshakeAllThreads done
Event: 6.995 Executing VM operation: HandshakeAllThreads
Event: 6.996 Executing VM operation: HandshakeAllThreads done
Event: 7.005 Executing VM operation: HandshakeAllThreads
Event: 7.005 Executing VM operation: HandshakeAllThreads done
Event: 7.377 Executing VM operation: G1CollectForAllocation
Event: 7.419 Executing VM operation: G1CollectForAllocation done
Event: 7.774 Executing VM operation: G1CollectForAllocation
Event: 7.834 Executing VM operation: G1CollectForAllocation done
Event: 7.847 Executing VM operation: HandshakeAllThreads
Event: 7.847 Executing VM operation: HandshakeAllThreads done
Event: 7.856 Executing VM operation: HandshakeAllThreads
Event: 7.868 Executing VM operation: HandshakeAllThreads done
Event: 7.890 Executing VM operation: HandshakeAllThreads
Event: 7.890 Executing VM operation: HandshakeAllThreads done
Event: 8.135 Executing VM operation: G1CollectForAllocation
Event: 8.189 Executing VM operation: G1CollectForAllocation done
Event: 8.786 Executing VM operation: G1CollectForAllocation

Events (20 events):
Event: 7.894 Thread 0x0000028ff8bf4aa0 flushing nmethod 0x0000028fe5632e90
Event: 7.894 Thread 0x0000028ff8bf4aa0 flushing nmethod 0x0000028fe5634110
Event: 7.894 Thread 0x0000028ff8bf4aa0 flushing nmethod 0x0000028fe5634b90
Event: 7.894 Thread 0x0000028ff8bf4aa0 flushing nmethod 0x0000028fe5636290
Event: 7.894 Thread 0x0000028ff8bf4aa0 flushing nmethod 0x0000028fe5638d10
Event: 7.894 Thread 0x0000028ff8bf4aa0 flushing nmethod 0x0000028fe5639b10
Event: 7.894 Thread 0x0000028ff8bf4aa0 flushing nmethod 0x0000028fe563a010
Event: 7.894 Thread 0x0000028ff8bf4aa0 flushing nmethod 0x0000028fe563e490
Event: 7.894 Thread 0x0000028ff8bf4aa0 flushing nmethod 0x0000028fe563ed10
Event: 7.894 Thread 0x0000028ff8bf4aa0 flushing nmethod 0x0000028fe563f910
Event: 7.894 Thread 0x0000028ff8bf4aa0 flushing nmethod 0x0000028fe5641210
Event: 7.894 Thread 0x0000028ff8bf4aa0 flushing nmethod 0x0000028fe5641690
Event: 7.894 Thread 0x0000028ff8bf4aa0 flushing nmethod 0x0000028fe5642010
Event: 7.894 Thread 0x0000028ff8bf4aa0 flushing nmethod 0x0000028fe5642990
Event: 7.894 Thread 0x0000028ff8bf4aa0 flushing nmethod 0x0000028fe5644a90
Event: 7.894 Thread 0x0000028ff8bf4aa0 flushing nmethod 0x0000028fe5658990
Event: 7.894 Thread 0x0000028ff8bf4aa0 flushing nmethod 0x0000028fe5659410
Event: 7.894 Thread 0x0000028ff8bf4aa0 flushing nmethod 0x0000028fe5659f10
Event: 7.894 Thread 0x0000028ff8bf4aa0 flushing nmethod 0x0000028fe565b710
Event: 7.894 Thread 0x0000028ff8bf4aa0 flushing nmethod 0x0000028fe5661810


Dynamic libraries:
0x00007ff602a60000 - 0x00007ff602a6e000 	C:\Program Files (x86)\Android\openjdk\jdk-17.0.8.101-hotspot\bin\java.exe
0x00007ffeae910000 - 0x00007ffeaeb08000 	C:\Windows\SYSTEM32\ntdll.dll
0x00007ffeac970000 - 0x00007ffeaca2d000 	C:\Windows\System32\KERNEL32.DLL
0x00007ffeabfc0000 - 0x00007ffeac2b6000 	C:\Windows\System32\KERNELBASE.dll
0x00007ffeac430000 - 0x00007ffeac530000 	C:\Windows\System32\ucrtbase.dll
0x00007ffe27b00000 - 0x00007ffe27b1b000 	C:\Program Files (x86)\Android\openjdk\jdk-17.0.8.101-hotspot\bin\VCRUNTIME140.dll
0x00007ffe22dc0000 - 0x00007ffe22dd7000 	C:\Program Files (x86)\Android\openjdk\jdk-17.0.8.101-hotspot\bin\jli.dll
0x00007ffead460000 - 0x00007ffead5ff000 	C:\Windows\System32\USER32.dll
0x00007ffeac5d0000 - 0x00007ffeac5f2000 	C:\Windows\System32\win32u.dll
0x00007ffeac940000 - 0x00007ffeac96b000 	C:\Windows\System32\GDI32.dll
0x00007ffeac2c0000 - 0x00007ffeac3d7000 	C:\Windows\System32\gdi32full.dll
0x00007ffeac530000 - 0x00007ffeac5cd000 	C:\Windows\System32\msvcp_win.dll
0x00007ffe9b630000 - 0x00007ffe9b8ca000 	C:\Windows\WinSxS\amd64_microsoft.windows.common-controls_6595b64144ccf1df_6.0.19041.4355_none_60b8b9eb71f62e16\COMCTL32.dll
0x00007ffead1c0000 - 0x00007ffead25e000 	C:\Windows\System32\msvcrt.dll
0x00007ffead6e0000 - 0x00007ffead712000 	C:\Windows\System32\IMM32.DLL
0x00007ffe3b510000 - 0x00007ffe3b51c000 	C:\Program Files (x86)\Android\openjdk\jdk-17.0.8.101-hotspot\bin\vcruntime140_1.dll
0x00007ffdd9e40000 - 0x00007ffdd9ecd000 	C:\Program Files (x86)\Android\openjdk\jdk-17.0.8.101-hotspot\bin\msvcp140.dll
0x00007ffdc0a90000 - 0x00007ffdc16f5000 	C:\Program Files (x86)\Android\openjdk\jdk-17.0.8.101-hotspot\bin\server\jvm.dll
0x00007ffead030000 - 0x00007ffead0e0000 	C:\Windows\System32\ADVAPI32.dll
0x00007ffeadf10000 - 0x00007ffeadfb0000 	C:\Windows\System32\sechost.dll
0x00007ffeacc60000 - 0x00007ffeacd83000 	C:\Windows\System32\RPCRT4.dll
0x00007ffeac670000 - 0x00007ffeac697000 	C:\Windows\System32\bcrypt.dll
0x00007ffeab4f0000 - 0x00007ffeab53b000 	C:\Windows\SYSTEM32\POWRPROF.dll
0x00007ffe91430000 - 0x00007ffe91439000 	C:\Windows\SYSTEM32\WSOCK32.dll
0x00007ffead390000 - 0x00007ffead3fb000 	C:\Windows\System32\WS2_32.dll
0x00007ffe9cea0000 - 0x00007ffe9cec7000 	C:\Windows\SYSTEM32\WINMM.dll
0x00007ffe9e650000 - 0x00007ffe9e65a000 	C:\Windows\SYSTEM32\VERSION.dll
0x00007ffeab3b0000 - 0x00007ffeab3c2000 	C:\Windows\SYSTEM32\UMPDC.dll
0x00007ffea9e40000 - 0x00007ffea9e52000 	C:\Windows\SYSTEM32\kernel.appcore.dll
0x00007ffe3b400000 - 0x00007ffe3b40a000 	C:\Program Files (x86)\Android\openjdk\jdk-17.0.8.101-hotspot\bin\jimage.dll
0x00007ffe9f0b0000 - 0x00007ffe9f294000 	C:\Windows\SYSTEM32\DBGHELP.DLL
0x00007ffe98180000 - 0x00007ffe981b4000 	C:\Windows\SYSTEM32\dbgcore.DLL
0x00007ffeac6a0000 - 0x00007ffeac722000 	C:\Windows\System32\bcryptPrimitives.dll
0x00007ffe0e200000 - 0x00007ffe0e225000 	C:\Program Files (x86)\Android\openjdk\jdk-17.0.8.101-hotspot\bin\java.dll
0x00007ffdc60b0000 - 0x00007ffdc6187000 	C:\Program Files (x86)\Android\openjdk\jdk-17.0.8.101-hotspot\bin\jsvml.dll
0x00007ffead720000 - 0x00007ffeade8b000 	C:\Windows\System32\SHELL32.dll
0x00007ffeaa040000 - 0x00007ffeaa7dd000 	C:\Windows\SYSTEM32\windows.storage.dll
0x00007ffeae4e0000 - 0x00007ffeae833000 	C:\Windows\System32\combase.dll
0x00007ffeab9e0000 - 0x00007ffeaba0e000 	C:\Windows\SYSTEM32\Wldp.dll
0x00007ffead0f0000 - 0x00007ffead1bd000 	C:\Windows\System32\OLEAUT32.dll
0x00007ffeaceb0000 - 0x00007ffeacf5d000 	C:\Windows\System32\SHCORE.dll
0x00007ffeacf60000 - 0x00007ffeacfb5000 	C:\Windows\System32\shlwapi.dll
0x00007ffeabef0000 - 0x00007ffeabf14000 	C:\Windows\SYSTEM32\profapi.dll
0x00007ffded280000 - 0x00007ffded299000 	C:\Program Files (x86)\Android\openjdk\jdk-17.0.8.101-hotspot\bin\net.dll
0x00007ffe9f7c0000 - 0x00007ffe9f8ca000 	C:\Windows\SYSTEM32\WINHTTP.dll
0x00007ffeab740000 - 0x00007ffeab7aa000 	C:\Windows\system32\mswsock.dll
0x00007ffde4890000 - 0x00007ffde48a6000 	C:\Program Files (x86)\Android\openjdk\jdk-17.0.8.101-hotspot\bin\nio.dll
0x00007ffdd9e20000 - 0x00007ffdd9e38000 	C:\Program Files (x86)\Android\openjdk\jdk-17.0.8.101-hotspot\bin\zip.dll
0x00007ffe39500000 - 0x00007ffe39510000 	C:\Program Files (x86)\Android\openjdk\jdk-17.0.8.101-hotspot\bin\verify.dll

dbghelp: loaded successfully - version: 4.0.5 - missing functions: none
symbol engine: initialized successfully - sym options: 0x614 - pdb path: .;C:\Program Files (x86)\Android\openjdk\jdk-17.0.8.101-hotspot\bin;C:\Windows\SYSTEM32;C:\Windows\WinSxS\amd64_microsoft.windows.common-controls_6595b64144ccf1df_6.0.19041.4355_none_60b8b9eb71f62e16;C:\Program Files (x86)\Android\openjdk\jdk-17.0.8.101-hotspot\bin\server

VM Arguments:
jvm_args: -Xmx1G 
java_command: com.android.tools.r8.D8 --debug --min-api 21 --output obj\Debug\130\android\bin\ --lib C:\Program Files (x86)\Android\android-sdk\platforms\android-34\android.jar obj\Debug\130\android\bin\classes.zip C:\Program Files\Microsoft Visual Studio\2022\Community\Common7\IDE\ReferenceAssemblies\Microsoft\Framework\MonoAndroid\v13.0\mono.android.jar C:\Program Files\Microsoft Visual Studio\2022\Community\MSBuild\Xamarin\Android\java_runtime_fastdev.jar C:\Users\tomik\.nuget\packages\xamarin.jetbrains.annotations\24.1.0.2\buildTransitive\monoandroid12.0\..\..\jar\org.jetbrains.annotations-24.1.0.jar C:\Users\tomik\.nuget\packages\xamarin.kotlin.stdlib\1.9.22.1\buildTransitive\monoandroid12.0\..\..\jar\org.jetbrains.kotlin.kotlin-stdlib-1.9.22.jar C:\Users\tomik\.nuget\packages\xamarin.kotlinx.coroutines.core.jvm\1.8.0.1\buildTransitive\monoandroid12.0\..\..\jar\org.jetbrains.kotlinx.kotlinx-coroutines-core-jvm-1.8.0.jar C:\Users\tomik\.nuget\packages\xamarin.kotlinx.coroutines.android\1.8.0.1\buildTransitive\monoandroid12.0\..\..\jar\org.jetbrains.kotlinx.kotlinx-coroutines-android-1.8.0.jar C:\Users\tomik\.nuget\packages\xamarin.google.guava.listenablefuture\1.0.0.18\buildTransitive\monoandroid12.0\..\..\jar\guava-listenablefuture.jar C:\Users\tomik\.nuget\packages\xamarin.androidx.annotation.jvm\1.7.1.1\buildTransitive\monoandroid12.0\..\..\jar\androidx.annotation.annotation-jvm.jar C:\Users\tomik\.nuget\packages\xamarin.androidx.collection.jvm\1.4.0.1\buildTransitive\monoandroid12.0\..\..\jar\androidx.collection.collection-jvm.jar C:\Users\tomik\.nuget\packages\xamarin.androidx.concurrent.futures\1.1.0.18\buildTransitive\monoandroid12.0\..\..\jar\androidx.concurrent.concurrent-futures.jar C:\Users\tomik\.nuget\packages\xamarin.androidx.lifecycle.common\2.7.0.1\buildTransitive\monoandroid12.0\..\..\jar\androidx.lifecycle.lifecycle-common.jar C:\Users\tomik\.nuget\packages\xamarin.androidx.arch.core.common\2.2.0.7\buildTransitive\monoandroid12.0\..\..\jar\an
java_class_path (initial): C:\Program Files\Microsoft Visual Studio\2022\Community\MSBuild\Xamarin\Android\r8.jar
Launcher Type: SUN_STANDARD

[Global flags]
     intx CICompilerCount                          = 3                                         {product} {ergonomic}
     uint ConcGCThreads                            = 1                                         {product} {ergonomic}
     uint G1ConcRefinementThreads                  = 4                                         {product} {ergonomic}
   size_t G1HeapRegionSize                         = 1048576                                   {product} {ergonomic}
    uintx GCDrainStackTargetSize                   = 64                                        {product} {ergonomic}
   size_t InitialHeapSize                          = 201326592                                 {product} {ergonomic}
   size_t MarkStackSize                            = 4194304                                   {product} {ergonomic}
   size_t MaxHeapSize                              = 1073741824                                {product} {command line}
   size_t MaxNewSize                               = 643825664                                 {product} {ergonomic}
   size_t MinHeapDeltaBytes                        = 1048576                                   {product} {ergonomic}
   size_t MinHeapSize                              = 8388608                                   {product} {ergonomic}
    uintx NonNMethodCodeHeapSize                   = 5832780                                {pd product} {ergonomic}
    uintx NonProfiledCodeHeapSize                  = 122912730                              {pd product} {ergonomic}
    uintx ProfiledCodeHeapSize                     = 122912730                              {pd product} {ergonomic}
    uintx ReservedCodeCacheSize                    = 251658240                              {pd product} {ergonomic}
     bool SegmentedCodeCache                       = true                                      {product} {ergonomic}
   size_t SoftMaxHeapSize                          = 1073741824                             {manageable} {ergonomic}
     bool UseCompressedClassPointers               = true                           {product lp64_product} {ergonomic}
     bool UseCompressedOops                        = true                           {product lp64_product} {ergonomic}
     bool UseG1GC                                  = true                                      {product} {ergonomic}
     bool UseLargePagesIndividualAllocation        = false                                  {pd product} {ergonomic}

Logging:
Log output configuration:
 #0: stdout all=warning uptime,level,tags
 #1: stderr all=off uptime,level,tags

Environment Variables:
PATH=C:\Program Files (x86)\Android\openjdk\jdk-17.0.8.101-hotspot\bin;C:\Python312\Scripts\;C:\Python312\;C:\Program Files (x86)\Common Files\Oracle\Java\javapath;C:\Program Files\Microsoft\jdk-11.0.16.101-hotspot\bin;C:\Windows\system32;C:\Windows;C:\Windows\System32\Wbem;C:\Windows\System32\WindowsPowerShell\v1.0\;C:\Windows\System32\OpenSSH\;C:\Program Files\Microsoft SQL Server\130\Tools\Binn\;C:\Program Files\Microsoft SQL Server\Client SDK\ODBC\170\Tools\Binn\;C:\Program Files\dotnet\;C:\Program Files\PuTTY\;C:\ProgramData\chocolatey\bin;C:\Program Files\Git\cmd;C:\Program Files\Microsoft SQL Server\150\Tools\Binn\;C:\Program Files\PostgreSQL\16\bin;C:\Program Files\Tailscale\;C:\Program Files\nodejs\;C:\Users\tomik\AppData\Local\Programs\Python\Python311\Scripts\;C:\Users\tomik\AppData\Local\Programs\Python\Python311\;C:\Program Files\MySQL\MySQL Shell 8.0\bin\;C:\Users\tomik\AppData\Local\Microsoft\WindowsApps;;C:\Users\tomik\AppData\Local\Programs\Microsoft VS Code\bin;C:\Users\tomik\.dotnet\tools;C:\Users\tomik\AppData\Roaming\npm
USERNAME=tomik
OS=Windows_NT
PROCESSOR_IDENTIFIER=Intel64 Family 6 Model 61 Stepping 4, GenuineIntel
TMP=C:\Users\tomik\AppData\Local\Temp
TEMP=C:\Users\tomik\AppData\Local\Temp



---------------  S Y S T E M  ---------------

OS:
 Windows 10 , 64 bit Build 19041 (10.0.19041.3636)
OS uptime: 0 days 9:19 hours

CPU: total 4 (initial active 4) (2 cores per cpu, 2 threads per core) family 6 model 61 stepping 4 microcode 0x2d, cx8, cmov, fxsr, ht, mmx, 3dnowpref, sse, sse2, sse3, ssse3, sse4.1, sse4.2, popcnt, lzcnt, tsc, tscinvbit, avx, avx2, aes, erms, clmul, bmi1, bmi2, rtm, adx, fma, vzeroupper, clflush
Processor Information for all 4 processors :
  Max Mhz: 2301, Current Mhz: 2301, Mhz Limit: 2301

Memory: 4k page, system-wide physical 12163M (1374M free)
TotalPageFile size 14161M (AvailPageFile size 158M)
current process WorkingSet (physical memory assigned to process): 445M, peak: 458M
current process commit charge ("private bytes"): 483M, peak: 723M

vm_info: OpenJDK 64-Bit Server VM (17.0.8.1+1-LTS) for windows-amd64 JRE (17.0.8.1+1-LTS), built on Aug 23 2023 17:38:52 by "MicrosoftCorporation" with MS VC++ 16.10 / 16.11 (VS2019)

END.
