#
# There is insufficient memory for the Java Runtime Environment to continue.
# Native memory allocation (mmap) failed to map 96468992 bytes for G1 virtual space
# Possible reasons:
#   The system is out of physical RAM or swap space
#   The process is running with CompressedOops enabled, and the Java Heap may be blocking the growth of the native heap
# Possible solutions:
#   Reduce memory load on the system
#   Increase physical memory or swap space
#   Check if swap backing store is full
#   Decrease Java heap size (-Xmx/-Xms)
#   Decrease number of Java threads
#   Decrease Java thread stack sizes (-Xss)
#   Set larger code cache with -XX:ReservedCodeCacheSize=
#   JVM is running with Zero Based Compressed Oops mode in which the Java heap is
#     placed in the first 32GB address space. The Java Heap base address is the
#     maximum limit for the native heap growth. Please use -XX:HeapBaseMinAddress
#     to set the Java Heap base and to place the Java Heap above 32GB virtual address.
# This output file may be truncated or incomplete.
#
#  Out of Memory Error (os_windows.cpp:3617), pid=16740, tid=15608
#
# JRE version: OpenJDK Runtime Environment Microsoft-8297089 (17.0.8.1+1) (build 17.0.8.1+1-LTS)
# Java VM: OpenJDK 64-Bit Server VM Microsoft-8297089 (17.0.8.1+1-LTS, mixed mode, sharing, tiered, compressed oops, compressed class ptrs, g1 gc, windows-amd64)
# No core dump will be written. Minidumps are not enabled by default on client versions of Windows
#

---------------  S U M M A R Y ------------

Command Line: com.xamarin.manifestmerger.Main obj\Debug\130\android\manifestmerger.rsp

Host: Intel(R) Core(TM) i5-5300U CPU @ 2.30GHz, 4 cores, 11G,  Windows 10 , 64 bit Build 19041 (10.0.19041.3636)
Time: Thu Feb  1 00:06:20 2024 Stindows 10 , 64 bit Build 19041 (10.0.19041.3636) elapsed time: 2.027630 seconds (0d 0h 0m 2s)

---------------  T H R E A D  ---------------

Current thread (0x000001e57d7bfc00):  VMThread "VM Thread" [stack: 0x00000030e7f00000,0x00000030e8000000] [id=15608]

Stack: [0x00000030e7f00000,0x00000030e8000000]
Native frames: (J=compiled Java code, j=interpreted, Vv=VM code, C=native code)
V  [jvm.dll+0x67bf3a]
V  [jvm.dll+0x83a024]
V  [jvm.dll+0x83b7ce]
V  [jvm.dll+0x83be33]
V  [jvm.dll+0x24785f]
V  [jvm.dll+0x678cb9]
V  [jvm.dll+0x66d54a]
V  [jvm.dll+0x308feb]
V  [jvm.dll+0x310496]
V  [jvm.dll+0x36019e]
V  [jvm.dll+0x3603cf]
V  [jvm.dll+0x2dff38]
V  [jvm.dll+0x2de114]
V  [jvm.dll+0x2dd71c]
V  [jvm.dll+0x32143b]
V  [jvm.dll+0x84032b]
V  [jvm.dll+0x841064]
V  [jvm.dll+0x84157d]
V  [jvm.dll+0x841954]
V  [jvm.dll+0x841a20]
V  [jvm.dll+0x7ea13a]
V  [jvm.dll+0x67ad85]
C  [ucrtbase.dll+0x21bb2]
C  [KERNEL32.DLL+0x17344]
C  [ntdll.dll+0x526b1]

VM_Operation (0x00000030e79fd960): G1CollectForAllocation, mode: safepoint, requested by thread 0x000001e56a761370


---------------  P R O C E S S  ---------------

Threads class SMR info:
_java_thread_list=0x000001e57ddb2b30, length=13, elements={
0x000001e56a761370, 0x000001e57d7c2800, 0x000001e57d7c5690, 0x000001e57d7dd1b0,
0x000001e57d7de580, 0x000001e57d7e0f50, 0x000001e57d7e1910, 0x000001e57d7e2e10,
0x000001e57d7e6d10, 0x000001e57d805b50, 0x000001e57da1d870, 0x000001e57da20990,
0x000001e57df53080
}

Java Threads: ( => current thread )
  0x000001e56a761370 JavaThread "main" [_thread_blocked, id=21964, stack(0x00000030e7900000,0x00000030e7a00000)]
  0x000001e57d7c2800 JavaThread "Reference Handler" daemon [_thread_blocked, id=11692, stack(0x00000030e8000000,0x00000030e8100000)]
  0x000001e57d7c5690 JavaThread "Finalizer" daemon [_thread_blocked, id=9332, stack(0x00000030e8100000,0x00000030e8200000)]
  0x000001e57d7dd1b0 JavaThread "Signal Dispatcher" daemon [_thread_blocked, id=18076, stack(0x00000030e8200000,0x00000030e8300000)]
  0x000001e57d7de580 JavaThread "Attach Listener" daemon [_thread_blocked, id=22064, stack(0x00000030e8300000,0x00000030e8400000)]
  0x000001e57d7e0f50 JavaThread "Service Thread" daemon [_thread_blocked, id=7176, stack(0x00000030e8400000,0x00000030e8500000)]
  0x000001e57d7e1910 JavaThread "Monitor Deflation Thread" daemon [_thread_blocked, id=5924, stack(0x00000030e8500000,0x00000030e8600000)]
  0x000001e57d7e2e10 JavaThread "C2 CompilerThread0" daemon [_thread_blocked, id=13788, stack(0x00000030e8600000,0x00000030e8700000)]
  0x000001e57d7e6d10 JavaThread "C1 CompilerThread0" daemon [_thread_blocked, id=19388, stack(0x00000030e8700000,0x00000030e8800000)]
  0x000001e57d805b50 JavaThread "Sweeper thread" daemon [_thread_blocked, id=588, stack(0x00000030e8800000,0x00000030e8900000)]
  0x000001e57da1d870 JavaThread "Notification Thread" daemon [_thread_blocked, id=17740, stack(0x00000030e8900000,0x00000030e8a00000)]
  0x000001e57da20990 JavaThread "Common-Cleaner" daemon [_thread_blocked, id=11976, stack(0x00000030e8b00000,0x00000030e8c00000)]
  0x000001e57df53080 JavaThread "C2 CompilerThread1" daemon [_thread_blocked, id=21588, stack(0x00000030e9200000,0x00000030e9300000)]

Other Threads:
=>0x000001e57d7bfc00 VMThread "VM Thread" [stack: 0x00000030e7f00000,0x00000030e8000000] [id=15608]
  0x000001e56a7d6210 WatcherThread [stack: 0x00000030e8a00000,0x00000030e8b00000] [id=8780]
  0x000001e56a7b8900 GCTaskThread "GC Thread#0" [stack: 0x00000030e7a00000,0x00000030e7b00000] [id=12540]
  0x000001e57de15950 GCTaskThread "GC Thread#1" [stack: 0x00000030e8d00000,0x00000030e8e00000] [id=5796]
  0x000001e57dc7e6a0 GCTaskThread "GC Thread#2" [stack: 0x00000030e8e00000,0x00000030e8f00000] [id=4592]
  0x000001e57dc7e960 GCTaskThread "GC Thread#3" [stack: 0x00000030e8f00000,0x00000030e9000000] [id=14856]
  0x000001e56a7c5660 ConcurrentGCThread "G1 Main Marker" [stack: 0x00000030e7b00000,0x00000030e7c00000] [id=11248]
  0x000001e56a7c6810 ConcurrentGCThread "G1 Conc#0" [stack: 0x00000030e7c00000,0x00000030e7d00000] [id=17668]
  0x000001e56a805af0 ConcurrentGCThread "G1 Refine#0" [stack: 0x00000030e7d00000,0x00000030e7e00000] [id=8816]
  0x000001e57de4e290 ConcurrentGCThread "G1 Refine#1" [stack: 0x00000030e9000000,0x00000030e9100000] [id=13408]
  0x000001e57dfa81a0 ConcurrentGCThread "G1 Refine#2" [stack: 0x00000030e9100000,0x00000030e9200000] [id=9176]
  0x000001e57e018570 ConcurrentGCThread "G1 Refine#3" [stack: 0x00000030e8c00000,0x00000030e8d00000] [id=10976]
  0x000001e57d692a10 ConcurrentGCThread "G1 Service" [stack: 0x00000030e7e00000,0x00000030e7f00000] [id=10744]

Threads with active compile tasks:
C2 CompilerThread0     2080  754       4       java.util.jar.Manifest::read (415 bytes)

VM state: at safepoint (normal execution)

VM Mutex/Monitor currently owned by a thread:  ([mutex/lock_event])
[0x000001e56a75b8f0] Threads_lock - owner thread: 0x000001e57d7bfc00
[0x000001e56a75b350] Heap_lock - owner thread: 0x000001e56a761370

Heap address: 0x0000000741e00000, size: 3042 MB, Compressed Oops mode: Zero based, Oop shift amount: 3

CDS archive(s) mapped at: [0x000001e50f000000-0x000001e50fbd0000-0x000001e50fbd0000), size 12386304, SharedBaseAddress: 0x000001e50f000000, ArchiveRelocationMode: 1.
Compressed class space mapped at: 0x000001e510000000-0x000001e550000000, reserved size: 1073741824
Narrow klass base: 0x000001e50f000000, Narrow klass shift: 0, Narrow klass range: 0x100000000

GC Precious Log:
 CPUs: 4 total, 4 available
 Memory: 12163M
 Large Page Support: Disabled
 NUMA Support: Disabled
 Compressed Oops: Enabled (Zero based)
 Heap Region Size: 2M
 Heap Min Capacity: 8M
 Heap Initial Capacity: 192M
 Heap Max Capacity: 3042M
 Pre-touch: Disabled
 Parallel Workers: 4
 Concurrent Workers: 1
 Concurrent Refinement Workers: 4
 Periodic GC: Disabled

Heap:
 garbage-first heap   total 196608K, used 46895K [0x0000000741e00000, 0x0000000800000000)
  region size 2048K, 4 young (8192K), 4 survivors (8192K)
 Metaspace       used 3346K, committed 3520K, reserved 1114112K
  class space    used 331K, committed 448K, reserved 1048576K

Heap Regions: E=young(eden), S=young(survivor), O=old, HS=humongous(starts), HC=humongous(continues), CS=collection set, F=free, OA=open archive, CA=closed archive, TAMS=top-at-mark-start (previous, next)
|   0|0x0000000741e00000, 0x0000000742000000, 0x0000000742000000|100%|HS|  |TAMS 0x0000000741e00000, 0x0000000741e00000| Complete 
|   1|0x0000000742000000, 0x0000000742200000, 0x0000000742200000|100%|HC|  |TAMS 0x0000000742000000, 0x0000000742000000| Complete 
|   2|0x0000000742200000, 0x0000000742400000, 0x0000000742400000|100%| O|  |TAMS 0x0000000742200000, 0x0000000742200000| Untracked 
|   3|0x0000000742400000, 0x0000000742600000, 0x0000000742600000|100%| O|  |TAMS 0x0000000742400000, 0x0000000742400000| Untracked 
|   4|0x0000000742600000, 0x0000000742800000, 0x0000000742800000|100%|HS|  |TAMS 0x0000000742600000, 0x0000000742600000| Complete 
|   5|0x0000000742800000, 0x0000000742a00000, 0x0000000742a00000|100%|HC|  |TAMS 0x0000000742800000, 0x0000000742800000| Complete 
|   6|0x0000000742a00000, 0x0000000742c00000, 0x0000000742c00000|100%| O|  |TAMS 0x0000000742a00000, 0x0000000742a00000| Untracked 
|   7|0x0000000742c00000, 0x0000000742e00000, 0x0000000742e00000|100%| O|  |TAMS 0x0000000742c00000, 0x0000000742c00000| Untracked 
|   8|0x0000000742e00000, 0x0000000743000000, 0x0000000743000000|100%| O|  |TAMS 0x0000000742e00000, 0x0000000742e00000| Untracked 
|   9|0x0000000743000000, 0x0000000743000000, 0x0000000743200000|  0%| F|  |TAMS 0x0000000743000000, 0x0000000743000000| Untracked 
|  10|0x0000000743200000, 0x0000000743200000, 0x0000000743400000|  0%| F|  |TAMS 0x0000000743200000, 0x0000000743200000| Untracked 
|  11|0x0000000743400000, 0x0000000743600000, 0x0000000743600000|100%|HS|  |TAMS 0x0000000743400000, 0x0000000743400000| Complete 
|  12|0x0000000743600000, 0x0000000743800000, 0x0000000743800000|100%|HC|  |TAMS 0x0000000743600000, 0x0000000743600000| Complete 
|  13|0x0000000743800000, 0x0000000743a00000, 0x0000000743a00000|100%|HS|  |TAMS 0x0000000743800000, 0x0000000743800000| Complete 
|  14|0x0000000743a00000, 0x0000000743c00000, 0x0000000743c00000|100%|HC|  |TAMS 0x0000000743a00000, 0x0000000743a00000| Complete 
|  15|0x0000000743c00000, 0x0000000743e00000, 0x0000000743e00000|100%| O|  |TAMS 0x0000000743c00000, 0x0000000743c00000| Untracked 
|  16|0x0000000743e00000, 0x0000000744000000, 0x0000000744000000|100%| O|  |TAMS 0x0000000743e00000, 0x0000000743e00000| Untracked 
|  17|0x0000000744000000, 0x0000000744200000, 0x0000000744200000|100%| O|  |TAMS 0x0000000744000000, 0x0000000744000000| Untracked 
|  18|0x0000000744200000, 0x0000000744200000, 0x0000000744400000|  0%| F|  |TAMS 0x0000000744200000, 0x0000000744200000| Untracked 
|  19|0x0000000744400000, 0x0000000744400000, 0x0000000744600000|  0%| F|  |TAMS 0x0000000744400000, 0x0000000744400000| Untracked 
|  20|0x0000000744600000, 0x00000007447cbe00, 0x0000000744800000| 89%| O|  |TAMS 0x0000000744600000, 0x0000000744600000| Untracked 
|  21|0x0000000744800000, 0x0000000744800000, 0x0000000744a00000|  0%| F|  |TAMS 0x0000000744800000, 0x0000000744800000| Untracked 
|  22|0x0000000744a00000, 0x0000000744a00000, 0x0000000744c00000|  0%| F|  |TAMS 0x0000000744a00000, 0x0000000744a00000| Untracked 
|  23|0x0000000744c00000, 0x0000000744c00000, 0x0000000744e00000|  0%| F|  |TAMS 0x0000000744c00000, 0x0000000744c00000| Untracked 
|  24|0x0000000744e00000, 0x0000000744e00000, 0x0000000745000000|  0%| F|  |TAMS 0x0000000744e00000, 0x0000000744e00000| Untracked 
|  25|0x0000000745000000, 0x0000000745000000, 0x0000000745200000|  0%| F|  |TAMS 0x0000000745000000, 0x0000000745000000| Untracked 
|  26|0x0000000745200000, 0x0000000745200000, 0x0000000745400000|  0%| F|  |TAMS 0x0000000745200000, 0x0000000745200000| Untracked 
|  27|0x0000000745400000, 0x0000000745600000, 0x0000000745600000|100%|HS|  |TAMS 0x0000000745400000, 0x0000000745400000| Complete 
|  28|0x0000000745600000, 0x0000000745800000, 0x0000000745800000|100%|HC|  |TAMS 0x0000000745600000, 0x0000000745600000| Complete 
|  29|0x0000000745800000, 0x0000000745800000, 0x0000000745a00000|  0%| F|  |TAMS 0x0000000745800000, 0x0000000745800000| Untracked 
|  30|0x0000000745a00000, 0x0000000745a00000, 0x0000000745c00000|  0%| F|  |TAMS 0x0000000745a00000, 0x0000000745a00000| Untracked 
|  31|0x0000000745c00000, 0x0000000745c00000, 0x0000000745e00000|  0%| F|  |TAMS 0x0000000745c00000, 0x0000000745c00000| Untracked 
|  32|0x0000000745e00000, 0x0000000745e00000, 0x0000000746000000|  0%| F|  |TAMS 0x0000000745e00000, 0x0000000745e00000| Untracked 
|  33|0x0000000746000000, 0x0000000746000000, 0x0000000746200000|  0%| F|  |TAMS 0x0000000746000000, 0x0000000746000000| Untracked 
|  34|0x0000000746200000, 0x0000000746200000, 0x0000000746400000|  0%| F|  |TAMS 0x0000000746200000, 0x0000000746200000| Untracked 
|  35|0x0000000746400000, 0x0000000746400000, 0x0000000746600000|  0%| F|  |TAMS 0x0000000746400000, 0x0000000746400000| Untracked 
|  36|0x0000000746600000, 0x0000000746600000, 0x0000000746800000|  0%| F|  |TAMS 0x0000000746600000, 0x0000000746600000| Untracked 
|  37|0x0000000746800000, 0x0000000746800000, 0x0000000746a00000|  0%| F|  |TAMS 0x0000000746800000, 0x0000000746800000| Untracked 
|  38|0x0000000746a00000, 0x0000000746a00000, 0x0000000746c00000|  0%| F|  |TAMS 0x0000000746a00000, 0x0000000746a00000| Untracked 
|  39|0x0000000746c00000, 0x0000000746c00000, 0x0000000746e00000|  0%| F|  |TAMS 0x0000000746c00000, 0x0000000746c00000| Untracked 
|  40|0x0000000746e00000, 0x0000000746e00000, 0x0000000747000000|  0%| F|  |TAMS 0x0000000746e00000, 0x0000000746e00000| Untracked 
|  41|0x0000000747000000, 0x0000000747000000, 0x0000000747200000|  0%| F|  |TAMS 0x0000000747000000, 0x0000000747000000| Untracked 
|  42|0x0000000747200000, 0x0000000747200000, 0x0000000747400000|  0%| F|  |TAMS 0x0000000747200000, 0x0000000747200000| Untracked 
|  43|0x0000000747400000, 0x0000000747400000, 0x0000000747600000|  0%| F|  |TAMS 0x0000000747400000, 0x0000000747400000| Untracked 
|  44|0x0000000747600000, 0x0000000747600000, 0x0000000747800000|  0%| F|  |TAMS 0x0000000747600000, 0x0000000747600000| Untracked 
|  45|0x0000000747800000, 0x0000000747800000, 0x0000000747a00000|  0%| F|  |TAMS 0x0000000747800000, 0x0000000747800000| Untracked 
|  46|0x0000000747a00000, 0x0000000747a00000, 0x0000000747c00000|  0%| F|  |TAMS 0x0000000747a00000, 0x0000000747a00000| Untracked 
|  47|0x0000000747c00000, 0x0000000747c00000, 0x0000000747e00000|  0%| F|  |TAMS 0x0000000747c00000, 0x0000000747c00000| Untracked 
|  48|0x0000000747e00000, 0x0000000747e00000, 0x0000000748000000|  0%| F|  |TAMS 0x0000000747e00000, 0x0000000747e00000| Untracked 
|  49|0x0000000748000000, 0x0000000748000000, 0x0000000748200000|  0%| F|  |TAMS 0x0000000748000000, 0x0000000748000000| Untracked 
|  50|0x0000000748200000, 0x0000000748200000, 0x0000000748400000|  0%| F|  |TAMS 0x0000000748200000, 0x0000000748200000| Untracked 
|  51|0x0000000748400000, 0x0000000748400000, 0x0000000748600000|  0%| F|  |TAMS 0x0000000748400000, 0x0000000748400000| Untracked 
|  52|0x0000000748600000, 0x0000000748600000, 0x0000000748800000|  0%| F|  |TAMS 0x0000000748600000, 0x0000000748600000| Untracked 
|  53|0x0000000748800000, 0x0000000748800000, 0x0000000748a00000|  0%| F|  |TAMS 0x0000000748800000, 0x0000000748800000| Untracked 
|  54|0x0000000748a00000, 0x0000000748a00000, 0x0000000748c00000|  0%| F|  |TAMS 0x0000000748a00000, 0x0000000748a00000| Untracked 
|  55|0x0000000748c00000, 0x0000000748c00000, 0x0000000748e00000|  0%| F|  |TAMS 0x0000000748c00000, 0x0000000748c00000| Untracked 
|  56|0x0000000748e00000, 0x0000000748e00000, 0x0000000749000000|  0%| F|  |TAMS 0x0000000748e00000, 0x0000000748e00000| Untracked 
|  57|0x0000000749000000, 0x0000000749000000, 0x0000000749200000|  0%| F|  |TAMS 0x0000000749000000, 0x0000000749000000| Untracked 
|  58|0x0000000749200000, 0x0000000749200000, 0x0000000749400000|  0%| F|  |TAMS 0x0000000749200000, 0x0000000749200000| Untracked 
|  59|0x0000000749400000, 0x0000000749400000, 0x0000000749600000|  0%| F|  |TAMS 0x0000000749400000, 0x0000000749400000| Untracked 
|  60|0x0000000749600000, 0x0000000749600000, 0x0000000749800000|  0%| F|  |TAMS 0x0000000749600000, 0x0000000749600000| Untracked 
|  61|0x0000000749800000, 0x0000000749a00000, 0x0000000749a00000|100%| S|CS|TAMS 0x0000000749800000, 0x0000000749800000| Complete 
|  62|0x0000000749a00000, 0x0000000749c00000, 0x0000000749c00000|100%| S|CS|TAMS 0x0000000749a00000, 0x0000000749a00000| Complete 
|  63|0x0000000749c00000, 0x0000000749e00000, 0x0000000749e00000|100%| S|CS|TAMS 0x0000000749c00000, 0x0000000749c00000| Complete 
|  64|0x0000000749e00000, 0x000000074a000000, 0x000000074a000000|100%| S|CS|TAMS 0x0000000749e00000, 0x0000000749e00000| Complete 
|  65|0x000000074a000000, 0x000000074a000000, 0x000000074a200000|  0%| F|  |TAMS 0x000000074a000000, 0x000000074a000000| Untracked 
|  66|0x000000074a200000, 0x000000074a200000, 0x000000074a400000|  0%| F|  |TAMS 0x000000074a200000, 0x000000074a200000| Untracked 
|  67|0x000000074a400000, 0x000000074a400000, 0x000000074a600000|  0%| F|  |TAMS 0x000000074a400000, 0x000000074a400000| Untracked 
|  68|0x000000074a600000, 0x000000074a600000, 0x000000074a800000|  0%| F|  |TAMS 0x000000074a600000, 0x000000074a600000| Untracked 
|  69|0x000000074a800000, 0x000000074a800000, 0x000000074aa00000|  0%| F|  |TAMS 0x000000074a800000, 0x000000074a800000| Untracked 
|  70|0x000000074aa00000, 0x000000074aa00000, 0x000000074ac00000|  0%| F|  |TAMS 0x000000074aa00000, 0x000000074aa00000| Untracked 
|  71|0x000000074ac00000, 0x000000074ac00000, 0x000000074ae00000|  0%| F|  |TAMS 0x000000074ac00000, 0x000000074ac00000| Untracked 
|  72|0x000000074ae00000, 0x000000074ae00000, 0x000000074b000000|  0%| F|  |TAMS 0x000000074ae00000, 0x000000074ae00000| Untracked 
|  73|0x000000074b000000, 0x000000074b000000, 0x000000074b200000|  0%| F|  |TAMS 0x000000074b000000, 0x000000074b000000| Untracked 
|  74|0x000000074b200000, 0x000000074b200000, 0x000000074b400000|  0%| F|  |TAMS 0x000000074b200000, 0x000000074b200000| Untracked 
|  75|0x000000074b400000, 0x000000074b400000, 0x000000074b600000|  0%| F|  |TAMS 0x000000074b400000, 0x000000074b400000| Untracked 
|  76|0x000000074b600000, 0x000000074b600000, 0x000000074b800000|  0%| F|  |TAMS 0x000000074b600000, 0x000000074b600000| Untracked 
|  77|0x000000074b800000, 0x000000074b800000, 0x000000074ba00000|  0%| F|  |TAMS 0x000000074b800000, 0x000000074b800000| Untracked 
|  78|0x000000074ba00000, 0x000000074ba00000, 0x000000074bc00000|  0%| F|  |TAMS 0x000000074ba00000, 0x000000074ba00000| Untracked 
|  79|0x000000074bc00000, 0x000000074bc00000, 0x000000074be00000|  0%| F|  |TAMS 0x000000074bc00000, 0x000000074bc00000| Untracked 
|  80|0x000000074be00000, 0x000000074be00000, 0x000000074c000000|  0%| F|  |TAMS 0x000000074be00000, 0x000000074be00000| Untracked 
|  81|0x000000074c000000, 0x000000074c000000, 0x000000074c200000|  0%| F|  |TAMS 0x000000074c000000, 0x000000074c000000| Untracked 
|  82|0x000000074c200000, 0x000000074c200000, 0x000000074c400000|  0%| F|  |TAMS 0x000000074c200000, 0x000000074c200000| Untracked 
|  83|0x000000074c400000, 0x000000074c400000, 0x000000074c600000|  0%| F|  |TAMS 0x000000074c400000, 0x000000074c400000| Untracked 
|  84|0x000000074c600000, 0x000000074c600000, 0x000000074c800000|  0%| F|  |TAMS 0x000000074c600000, 0x000000074c600000| Untracked 
|  85|0x000000074c800000, 0x000000074c800000, 0x000000074ca00000|  0%| F|  |TAMS 0x000000074c800000, 0x000000074c800000| Untracked 
|  86|0x000000074ca00000, 0x000000074ca00000, 0x000000074cc00000|  0%| F|  |TAMS 0x000000074ca00000, 0x000000074ca00000| Untracked 
|  87|0x000000074cc00000, 0x000000074cc00000, 0x000000074ce00000|  0%| F|  |TAMS 0x000000074cc00000, 0x000000074cc00000| Untracked 
|  88|0x000000074ce00000, 0x000000074ce00000, 0x000000074d000000|  0%| F|  |TAMS 0x000000074ce00000, 0x000000074ce00000| Untracked 
|  89|0x000000074d000000, 0x000000074d000000, 0x000000074d200000|  0%| F|  |TAMS 0x000000074d000000, 0x000000074d000000| Untracked 
|  90|0x000000074d200000, 0x000000074d200000, 0x000000074d400000|  0%| F|  |TAMS 0x000000074d200000, 0x000000074d200000| Untracked 
|  91|0x000000074d400000, 0x000000074d400000, 0x000000074d600000|  0%| F|  |TAMS 0x000000074d400000, 0x000000074d400000| Untracked 
|  92|0x000000074d600000, 0x000000074d600000, 0x000000074d800000|  0%| F|  |TAMS 0x000000074d600000, 0x000000074d600000| Untracked 
|  93|0x000000074d800000, 0x000000074d800000, 0x000000074da00000|  0%| F|  |TAMS 0x000000074d800000, 0x000000074d800000| Untracked 
|  94|0x000000074da00000, 0x000000074da00000, 0x000000074dc00000|  0%| F|  |TAMS 0x000000074da00000, 0x000000074da00000| Untracked 
|  95|0x000000074dc00000, 0x000000074dc00000, 0x000000074de00000|  0%| F|  |TAMS 0x000000074dc00000, 0x000000074dc00000| Untracked 

Card table byte_map: [0x000001e574690000,0x000001e574c90000] _byte_map_base: 0x000001e570c81000

Marking Bits (Prev, Next): (CMBitMap*) 0x000001e56a7b8f20, (CMBitMap*) 0x000001e56a7b8f60
 Prev Bits: [0x000001e575290000, 0x000001e578218000)
 Next Bits: [0x000001e578220000, 0x000001e57b1a8000)

Polling page: 0x000001e56a820000

Metaspace:

Usage:
  Non-class:      2.94 MB used.
      Class:    331.18 KB used.
       Both:      3.27 MB used.

Virtual space:
  Non-class space:       64.00 MB reserved,       3.00 MB (  5%) committed,  1 nodes.
      Class space:        1.00 GB reserved,     448.00 KB ( <1%) committed,  1 nodes.
             Both:        1.06 GB reserved,       3.44 MB ( <1%) committed. 

Chunk freelists:
   Non-Class:  11.57 MB
       Class:  15.54 MB
        Both:  27.10 MB

MaxMetaspaceSize: unlimited
CompressedClassSpaceSize: 1.00 GB
Initial GC threshold: 21.00 MB
Current GC threshold: 21.00 MB
CDS: on
MetaspaceReclaimPolicy: balanced
 - commit_granule_bytes: 65536.
 - commit_granule_words: 8192.
 - virtual_space_node_default_size: 8388608.
 - enlarge_chunks_in_place: 1.
 - new_chunks_are_fully_committed: 0.
 - uncommit_free_chunks: 1.
 - use_allocation_guard: 0.
 - handle_deallocations: 1.


Internal statistics:

num_allocs_failed_limit: 0.
num_arena_births: 34.
num_arena_deaths: 0.
num_vsnodes_births: 2.
num_vsnodes_deaths: 0.
num_space_committed: 55.
num_space_uncommitted: 0.
num_chunks_returned_to_freelist: 0.
num_chunks_taken_from_freelist: 66.
num_chunk_merges: 0.
num_chunk_splits: 43.
num_chunks_enlarged: 27.
num_inconsistent_stats: 0.

CodeHeap 'non-profiled nmethods': size=120000Kb used=533Kb max_used=533Kb free=119467Kb
 bounds [0x000001e507ad0000, 0x000001e507d40000, 0x000001e50f000000]
CodeHeap 'profiled nmethods': size=120000Kb used=1180Kb max_used=1180Kb free=118820Kb
 bounds [0x000001e500000000, 0x000001e500270000, 0x000001e507530000]
CodeHeap 'non-nmethods': size=5760Kb used=1145Kb max_used=1184Kb free=4615Kb
 bounds [0x000001e507530000, 0x000001e5077a0000, 0x000001e507ad0000]
 total_blobs=1184 nmethods=754 adapters=343
 compilation: enabled
              stopped_count=0, restarted_count=0
 full_count=0

Compilation events (20 events):
Event: 1.922 Thread 0x000001e57d7e6d10  745       3       java.util.zip.ZipFile$Source::getEntryHash (7 bytes)
Event: 1.922 Thread 0x000001e57d7e6d10 nmethod 745 0x000001e500125190 code [0x000001e500125320, 0x000001e500125458]
Event: 1.924 Thread 0x000001e57d7e6d10  747       1       jdk.internal.jimage.ImageHeader::getTableLength (5 bytes)
Event: 1.924 Thread 0x000001e57d7e6d10 nmethod 747 0x000001e507b4fe10 code [0x000001e507b4ffa0, 0x000001e507b50078]
Event: 1.924 Thread 0x000001e57d7e6d10  748   !   3       java.nio.DirectIntBufferU::get (34 bytes)
Event: 1.925 Thread 0x000001e57d7e6d10 nmethod 748 0x000001e500125510 code [0x000001e500125740, 0x000001e500125f98]
Event: 1.925 Thread 0x000001e57d7e6d10  749       3       java.nio.DirectIntBufferU::ix (10 bytes)
Event: 1.925 Thread 0x000001e57d7e6d10 nmethod 749 0x000001e500126410 code [0x000001e5001265a0, 0x000001e5001266b8]
Event: 1.925 Thread 0x000001e57d7e6d10  750   !   3       jdk.internal.misc.ScopedMemoryAccess::getInt (20 bytes)
Event: 1.925 Thread 0x000001e57d7e6d10 nmethod 750 0x000001e500126790 code [0x000001e500126960, 0x000001e500126df8]
Event: 1.927 Thread 0x000001e57d7e2e10 nmethod 740 0x000001e507b50110 code [0x000001e507b50320, 0x000001e507b515b0]
Event: 1.927 Thread 0x000001e57d7e2e10  751   !   4       java.util.zip.InflaterInputStream::read (138 bytes)
Event: 1.940 Thread 0x000001e57d7e2e10 nmethod 751 0x000001e507b52090 code [0x000001e507b52280, 0x000001e507b52ca8]
Event: 1.975 Thread 0x000001e57df53080  752       4       java.util.zip.Inflater::ensureOpen (47 bytes)
Event: 1.976 Thread 0x000001e57df53080 nmethod 752 0x000001e507b53310 code [0x000001e507b53480, 0x000001e507b53538]
Event: 1.977 Thread 0x000001e57df53080  753   !   4       java.util.zip.Inflater::inflate (418 bytes)
Event: 1.984 Thread 0x000001e57d7e2e10  754       4       java.util.jar.Manifest::read (415 bytes)
Event: 1.986 Thread 0x000001e57df53080 nmethod 753 0x000001e507b53610 code [0x000001e507b53800, 0x000001e507b54040]
Event: 1.986 Thread 0x000001e57df53080  755       4       java.util.jar.Manifest::getAttributes (14 bytes)
Event: 1.998 Thread 0x000001e57df53080 nmethod 755 0x000001e507b54890 code [0x000001e507b54a40, 0x000001e507b55008]

GC Heap History (9 events):
Event: 0.312 GC heap before
{Heap before GC invocations=0 (full 0):
 garbage-first heap   total 196608K, used 22528K [0x0000000741e00000, 0x0000000800000000)
  region size 2048K, 6 young (12288K), 0 survivors (0K)
 Metaspace       used 249K, committed 320K, reserved 1114112K
  class space    used 8K, committed 64K, reserved 1048576K
}
Event: 0.322 GC heap after
{Heap after GC invocations=1 (full 0):
 garbage-first heap   total 196608K, used 12176K [0x0000000741e00000, 0x0000000800000000)
  region size 2048K, 1 young (2048K), 1 survivors (2048K)
 Metaspace       used 249K, committed 320K, reserved 1114112K
  class space    used 8K, committed 64K, reserved 1048576K
}
Event: 0.384 GC heap before
{Heap before GC invocations=1 (full 0):
 garbage-first heap   total 196608K, used 22416K [0x0000000741e00000, 0x0000000800000000)
  region size 2048K, 6 young (12288K), 1 survivors (2048K)
 Metaspace       used 263K, committed 320K, reserved 1114112K
  class space    used 9K, committed 64K, reserved 1048576K
}
Event: 0.393 GC heap after
{Heap after GC invocations=2 (full 0):
 garbage-first heap   total 196608K, used 19484K [0x0000000741e00000, 0x0000000800000000)
  region size 2048K, 1 young (2048K), 1 survivors (2048K)
 Metaspace       used 263K, committed 320K, reserved 1114112K
  class space    used 9K, committed 64K, reserved 1048576K
}
Event: 0.849 GC heap before
{Heap before GC invocations=2 (full 0):
 garbage-first heap   total 196608K, used 44060K [0x0000000741e00000, 0x0000000800000000)
  region size 2048K, 8 young (16384K), 1 survivors (2048K)
 Metaspace       used 1588K, committed 1792K, reserved 1114112K
  class space    used 142K, committed 256K, reserved 1048576K
}
Event: 0.859 GC heap after
{Heap after GC invocations=3 (full 0):
 garbage-first heap   total 196608K, used 34459K [0x0000000741e00000, 0x0000000800000000)
  region size 2048K, 1 young (2048K), 1 survivors (2048K)
 Metaspace       used 1588K, committed 1792K, reserved 1114112K
  class space    used 142K, committed 256K, reserved 1048576K
}
Event: 1.386 GC heap before
{Heap before GC invocations=3 (full 0):
 garbage-first heap   total 196608K, used 63131K [0x0000000741e00000, 0x0000000800000000)
  region size 2048K, 11 young (22528K), 1 survivors (2048K)
 Metaspace       used 3250K, committed 3392K, reserved 1114112K
  class space    used 321K, committed 384K, reserved 1048576K
}
Event: 1.392 GC heap after
{Heap after GC invocations=4 (full 0):
 garbage-first heap   total 196608K, used 41259K [0x0000000741e00000, 0x0000000800000000)
  region size 2048K, 2 young (4096K), 2 survivors (4096K)
 Metaspace       used 3250K, committed 3392K, reserved 1114112K
  class space    used 321K, committed 384K, reserved 1048576K
}
Event: 2.012 GC heap before
{Heap before GC invocations=4 (full 0):
 garbage-first heap   total 196608K, used 121131K [0x0000000741e00000, 0x0000000800000000)
  region size 2048K, 31 young (63488K), 2 survivors (4096K)
 Metaspace       used 3346K, committed 3520K, reserved 1114112K
  class space    used 331K, committed 448K, reserved 1048576K
}

Dll operation events (7 events):
Event: 0.012 Loaded shared library C:\Program Files (x86)\Android\openjdk\jdk-17.0.8.101-hotspot\bin\java.dll
Event: 0.040 Loaded shared library C:\Program Files (x86)\Android\openjdk\jdk-17.0.8.101-hotspot\bin\jsvml.dll
Event: 0.106 Loaded shared library C:\Program Files (x86)\Android\openjdk\jdk-17.0.8.101-hotspot\bin\net.dll
Event: 0.111 Loaded shared library C:\Program Files (x86)\Android\openjdk\jdk-17.0.8.101-hotspot\bin\nio.dll
Event: 0.165 Loaded shared library C:\Program Files (x86)\Android\openjdk\jdk-17.0.8.101-hotspot\bin\zip.dll
Event: 0.985 Loaded shared library C:\Program Files (x86)\Android\openjdk\jdk-17.0.8.101-hotspot\bin\jimage.dll
Event: 1.919 Loaded shared library C:\Program Files (x86)\Android\openjdk\jdk-17.0.8.101-hotspot\bin\verify.dll

Deoptimization events (20 events):
Event: 1.771 Thread 0x000001e56a761370 DEOPT PACKING pc=0x000001e507b383a4 sp=0x00000030e79fd9c0
Event: 1.771 Thread 0x000001e56a761370 DEOPT UNPACKING pc=0x000001e5075869a3 sp=0x00000030e79fd9c8 mode 2
Event: 1.777 Thread 0x000001e56a761370 DEOPT PACKING pc=0x000001e5000e5b8f sp=0x00000030e79fd7f0
Event: 1.777 Thread 0x000001e56a761370 DEOPT UNPACKING pc=0x000001e507587143 sp=0x00000030e79fcc30 mode 0
Event: 1.808 Thread 0x000001e56a761370 Uncommon trap: trap_request=0xffffffde fr.pc=0x000001e507b383a4 relative=0x0000000000001004
Event: 1.809 Thread 0x000001e56a761370 Uncommon trap: reason=class_check action=maybe_recompile pc=0x000001e507b383a4 method=java.util.HashMap.putMapEntries(Ljava/util/Map;Z)V @ 1 c2
Event: 1.809 Thread 0x000001e56a761370 DEOPT PACKING pc=0x000001e507b383a4 sp=0x00000030e79fdb80
Event: 1.809 Thread 0x000001e56a761370 DEOPT UNPACKING pc=0x000001e5075869a3 sp=0x00000030e79fdb88 mode 2
Event: 1.823 Thread 0x000001e56a761370 DEOPT PACKING pc=0x000001e5000e5b8f sp=0x00000030e79fda40
Event: 1.823 Thread 0x000001e56a761370 DEOPT UNPACKING pc=0x000001e507587143 sp=0x00000030e79fce80 mode 0
Event: 1.849 Thread 0x000001e56a761370 Uncommon trap: trap_request=0xffffff45 fr.pc=0x000001e507b1db28 relative=0x0000000000000b28
Event: 1.849 Thread 0x000001e56a761370 Uncommon trap: reason=unstable_if action=reinterpret pc=0x000001e507b1db28 method=sun.security.util.SignatureFileVerifier.updateSigners([Ljava/security/CodeSigner;Ljava/util/Hashtable;Ljava/lang/String;)V @ 24 c2
Event: 1.849 Thread 0x000001e56a761370 DEOPT PACKING pc=0x000001e507b1db28 sp=0x00000030e79fdcb0
Event: 1.849 Thread 0x000001e56a761370 DEOPT UNPACKING pc=0x000001e5075869a3 sp=0x00000030e79fdc90 mode 2
Event: 1.911 Thread 0x000001e56a761370 Uncommon trap: trap_request=0xffffff45 fr.pc=0x000001e507b35f44 relative=0x00000000000001a4
Event: 1.911 Thread 0x000001e56a761370 Uncommon trap: reason=unstable_if action=reinterpret pc=0x000001e507b35f44 method=java.util.LinkedHashMap.entrySet()Ljava/util/Set; @ 6 c2
Event: 1.911 Thread 0x000001e56a761370 DEOPT PACKING pc=0x000001e507b35f44 sp=0x00000030e79fde50
Event: 1.911 Thread 0x000001e56a761370 DEOPT UNPACKING pc=0x000001e5075869a3 sp=0x00000030e79fdda8 mode 2
Event: 1.984 Thread 0x000001e56a761370 DEOPT PACKING pc=0x000001e50010ec65 sp=0x00000030e79fdc00
Event: 1.984 Thread 0x000001e56a761370 DEOPT UNPACKING pc=0x000001e507587143 sp=0x00000030e79fd188 mode 0

Classes unloaded (0 events):
No events

Classes redefined (0 events):
No events

Internal exceptions (1 events):
Event: 1.226 Thread 0x000001e56a761370 Implicit null exception at 0x000001e507af6c54 to 0x000001e507af756c

VM Operations (15 events):
Event: 0.245 Executing VM operation: HandshakeAllThreads
Event: 0.245 Executing VM operation: HandshakeAllThreads done
Event: 0.312 Executing VM operation: G1CollectForAllocation
Event: 0.322 Executing VM operation: G1CollectForAllocation done
Event: 0.384 Executing VM operation: G1CollectForAllocation
Event: 0.393 Executing VM operation: G1CollectForAllocation done
Event: 0.718 Executing VM operation: HandshakeAllThreads
Event: 0.718 Executing VM operation: HandshakeAllThreads done
Event: 0.723 Executing VM operation: HandshakeAllThreads
Event: 0.723 Executing VM operation: HandshakeAllThreads done
Event: 0.849 Executing VM operation: G1CollectForAllocation
Event: 0.859 Executing VM operation: G1CollectForAllocation done
Event: 1.386 Executing VM operation: G1CollectForAllocation
Event: 1.392 Executing VM operation: G1CollectForAllocation done
Event: 2.012 Executing VM operation: G1CollectForAllocation

Events (20 events):
Event: 1.628 loading class jdk/internal/logger/LoggerFinderLoader
Event: 1.629 loading class jdk/internal/logger/LoggerFinderLoader done
Event: 1.631 loading class java/io/FilePermission$1
Event: 1.632 loading class jdk/internal/access/JavaIOFilePermissionAccess
Event: 1.691 loading class jdk/internal/access/JavaIOFilePermissionAccess done
Event: 1.691 loading class java/io/FilePermission$1 done
Event: 1.696 loading class sun/util/logging/internal/LoggingProviderImpl$JULWrapper
Event: 1.698 loading class sun/util/logging/PlatformLogger$ConfigurableBridge$LoggerConfiguration
Event: 1.698 loading class sun/util/logging/PlatformLogger$ConfigurableBridge$LoggerConfiguration done
Event: 1.699 loading class sun/util/logging/internal/LoggingProviderImpl$JULWrapper done
Event: 1.920 loading class javax/xml/parsers/ParserConfigurationException
Event: 1.920 loading class javax/xml/parsers/ParserConfigurationException done
Event: 1.921 loading class javax/xml/parsers/DocumentBuilder
Event: 1.921 loading class javax/xml/parsers/DocumentBuilder done
Event: 1.923 loading class org/xml/sax/SAXNotRecognizedException
Event: 1.923 loading class org/xml/sax/SAXNotRecognizedException done
Event: 1.923 loading class org/xml/sax/SAXNotSupportedException
Event: 1.923 loading class org/xml/sax/SAXNotSupportedException done
Event: 1.923 loading class javax/xml/parsers/SAXParserFactory
Event: 1.923 loading class javax/xml/parsers/SAXParserFactory done


Dynamic libraries:
0x00007ff7f4d10000 - 0x00007ff7f4d1e000 	C:\Program Files (x86)\Android\openjdk\jdk-17.0.8.101-hotspot\bin\java.exe
0x00007ff9476d0000 - 0x00007ff9478c8000 	C:\Windows\SYSTEM32\ntdll.dll
0x00007ff945d20000 - 0x00007ff945ddd000 	C:\Windows\System32\KERNEL32.DLL
0x00007ff944da0000 - 0x00007ff945096000 	C:\Windows\System32\KERNELBASE.dll
0x00007ff9454f0000 - 0x00007ff9455f0000 	C:\Windows\System32\ucrtbase.dll
0x00007ff92fb50000 - 0x00007ff92fb6b000 	C:\Program Files (x86)\Android\openjdk\jdk-17.0.8.101-hotspot\bin\VCRUNTIME140.dll
0x00007ff9235d0000 - 0x00007ff9235e7000 	C:\Program Files (x86)\Android\openjdk\jdk-17.0.8.101-hotspot\bin\jli.dll
0x00007ff945800000 - 0x00007ff94599e000 	C:\Windows\System32\USER32.dll
0x00007ff9455f0000 - 0x00007ff945612000 	C:\Windows\System32\win32u.dll
0x00007ff932e30000 - 0x00007ff9330ca000 	C:\Windows\WinSxS\amd64_microsoft.windows.common-controls_6595b64144ccf1df_6.0.19041.3636_none_60b6a03d71f818d5\COMCTL32.dll
0x00007ff945cf0000 - 0x00007ff945d1c000 	C:\Windows\System32\GDI32.dll
0x00007ff947450000 - 0x00007ff9474ee000 	C:\Windows\System32\msvcrt.dll
0x00007ff9450a0000 - 0x00007ff9451ba000 	C:\Windows\System32\gdi32full.dll
0x00007ff9451c0000 - 0x00007ff94525d000 	C:\Windows\System32\msvcp_win.dll
0x00007ff9474f0000 - 0x00007ff947520000 	C:\Windows\System32\IMM32.DLL
0x00007ff940930000 - 0x00007ff94093c000 	C:\Program Files (x86)\Android\openjdk\jdk-17.0.8.101-hotspot\bin\vcruntime140_1.dll
0x00007ff9040a0000 - 0x00007ff90412d000 	C:\Program Files (x86)\Android\openjdk\jdk-17.0.8.101-hotspot\bin\msvcp140.dll
0x00007ff8f8570000 - 0x00007ff8f91d5000 	C:\Program Files (x86)\Android\openjdk\jdk-17.0.8.101-hotspot\bin\server\jvm.dll
0x00007ff945720000 - 0x00007ff9457d3000 	C:\Windows\System32\ADVAPI32.dll
0x00007ff947520000 - 0x00007ff9475bf000 	C:\Windows\System32\sechost.dll
0x00007ff945bc0000 - 0x00007ff945ce6000 	C:\Windows\System32\RPCRT4.dll
0x00007ff9454c0000 - 0x00007ff9454e7000 	C:\Windows\System32\bcrypt.dll
0x00007ff927050000 - 0x00007ff927059000 	C:\Windows\SYSTEM32\WSOCK32.dll
0x00007ff944300000 - 0x00007ff94434b000 	C:\Windows\SYSTEM32\POWRPROF.dll
0x00007ff9472d0000 - 0x00007ff94733b000 	C:\Windows\System32\WS2_32.dll
0x00007ff9321c0000 - 0x00007ff9321e7000 	C:\Windows\SYSTEM32\WINMM.dll
0x00007ff937cd0000 - 0x00007ff937cda000 	C:\Windows\SYSTEM32\VERSION.dll
0x00007ff944170000 - 0x00007ff944182000 	C:\Windows\SYSTEM32\UMPDC.dll
0x00007ff942c10000 - 0x00007ff942c22000 	C:\Windows\SYSTEM32\kernel.appcore.dll
0x00007ff93f900000 - 0x00007ff93f90a000 	C:\Program Files (x86)\Android\openjdk\jdk-17.0.8.101-hotspot\bin\jimage.dll
0x00007ff937e90000 - 0x00007ff938074000 	C:\Windows\SYSTEM32\DBGHELP.DLL
0x00007ff92f470000 - 0x00007ff92f4a4000 	C:\Windows\SYSTEM32\dbgcore.DLL
0x00007ff945620000 - 0x00007ff9456a2000 	C:\Windows\System32\bcryptPrimitives.dll
0x00007ff9234c0000 - 0x00007ff9234e5000 	C:\Program Files (x86)\Android\openjdk\jdk-17.0.8.101-hotspot\bin\java.dll
0x00007ff8fb4f0000 - 0x00007ff8fb5c7000 	C:\Program Files (x86)\Android\openjdk\jdk-17.0.8.101-hotspot\bin\jsvml.dll
0x00007ff946aa0000 - 0x00007ff9471e5000 	C:\Windows\System32\SHELL32.dll
0x00007ff942e10000 - 0x00007ff9435ab000 	C:\Windows\SYSTEM32\windows.storage.dll
0x00007ff945f80000 - 0x00007ff9462d4000 	C:\Windows\System32\combase.dll
0x00007ff9446f0000 - 0x00007ff94471d000 	C:\Windows\SYSTEM32\Wldp.dll
0x00007ff9473a0000 - 0x00007ff94744d000 	C:\Windows\System32\SHCORE.dll
0x00007ff9471f0000 - 0x00007ff947245000 	C:\Windows\System32\shlwapi.dll
0x00007ff944cd0000 - 0x00007ff944cf5000 	C:\Windows\SYSTEM32\profapi.dll
0x00007ff920520000 - 0x00007ff920539000 	C:\Program Files (x86)\Android\openjdk\jdk-17.0.8.101-hotspot\bin\net.dll
0x00007ff939ff0000 - 0x00007ff93a0fa000 	C:\Windows\SYSTEM32\WINHTTP.dll
0x00007ff9444d0000 - 0x00007ff94453a000 	C:\Windows\system32\mswsock.dll
0x00007ff91ec90000 - 0x00007ff91eca6000 	C:\Program Files (x86)\Android\openjdk\jdk-17.0.8.101-hotspot\bin\nio.dll
0x00007ff9129e0000 - 0x00007ff9129f8000 	C:\Program Files (x86)\Android\openjdk\jdk-17.0.8.101-hotspot\bin\zip.dll
0x00007ff93ec50000 - 0x00007ff93ec60000 	C:\Program Files (x86)\Android\openjdk\jdk-17.0.8.101-hotspot\bin\verify.dll

dbghelp: loaded successfully - version: 4.0.5 - missing functions: none
symbol engine: initialized successfully - sym options: 0x614 - pdb path: .;C:\Program Files (x86)\Android\openjdk\jdk-17.0.8.101-hotspot\bin;C:\Windows\SYSTEM32;C:\Windows\WinSxS\amd64_microsoft.windows.common-controls_6595b64144ccf1df_6.0.19041.3636_none_60b6a03d71f818d5;C:\Program Files (x86)\Android\openjdk\jdk-17.0.8.101-hotspot\bin\server

VM Arguments:
java_command: com.xamarin.manifestmerger.Main obj\Debug\130\android\manifestmerger.rsp
java_class_path (initial): C:\Program Files\Microsoft Visual Studio\2022\Community\MSBuild\Xamarin\Android\manifestmerger.jar
Launcher Type: SUN_STANDARD

[Global flags]
     intx CICompilerCount                          = 3                                         {product} {ergonomic}
     uint ConcGCThreads                            = 1                                         {product} {ergonomic}
     uint G1ConcRefinementThreads                  = 4                                         {product} {ergonomic}
   size_t G1HeapRegionSize                         = 2097152                                   {product} {ergonomic}
    uintx GCDrainStackTargetSize                   = 64                                        {product} {ergonomic}
   size_t InitialHeapSize                          = 201326592                                 {product} {ergonomic}
   size_t MarkStackSize                            = 4194304                                   {product} {ergonomic}
   size_t MaxHeapSize                              = 3189768192                                {product} {ergonomic}
   size_t MaxNewSize                               = 1912602624                                {product} {ergonomic}
   size_t MinHeapDeltaBytes                        = 2097152                                   {product} {ergonomic}
   size_t MinHeapSize                              = 8388608                                   {product} {ergonomic}
    uintx NonNMethodCodeHeapSize                   = 5832780                                {pd product} {ergonomic}
    uintx NonProfiledCodeHeapSize                  = 122912730                              {pd product} {ergonomic}
    uintx ProfiledCodeHeapSize                     = 122912730                              {pd product} {ergonomic}
    uintx ReservedCodeCacheSize                    = 251658240                              {pd product} {ergonomic}
     bool SegmentedCodeCache                       = true                                      {product} {ergonomic}
   size_t SoftMaxHeapSize                          = 3189768192                             {manageable} {ergonomic}
     bool UseCompressedClassPointers               = true                           {product lp64_product} {ergonomic}
     bool UseCompressedOops                        = true                           {product lp64_product} {ergonomic}
     bool UseG1GC                                  = true                                      {product} {ergonomic}
     bool UseLargePagesIndividualAllocation        = false                                  {pd product} {ergonomic}

Logging:
Log output configuration:
 #0: stdout all=warning uptime,level,tags
 #1: stderr all=off uptime,level,tags

Environment Variables:
PATH=C:\Program Files (x86)\Android\openjdk\jdk-17.0.8.101-hotspot\bin;C:\Program Files\Microsoft\jdk-11.0.16.101-hotspot\bin;C:\Windows\system32;C:\Windows;C:\Windows\System32\Wbem;C:\Windows\System32\WindowsPowerShell\v1.0\;C:\Windows\System32\OpenSSH\;C:\Program Files\Microsoft SQL Server\130\Tools\Binn\;C:\Program Files\Microsoft SQL Server\Client SDK\ODBC\170\Tools\Binn\;C:\Program Files\dotnet\;C:\Program Files\PuTTY\;C:\ProgramData\chocolatey\bin;C:\Program Files\nodejs\;C:\Program Files\Git\cmd;C:\Program Files\Microsoft SQL Server\150\Tools\Binn\;C:\Users\tomik\AppData\Local\Programs\Python\Python311\Scripts\;C:\Users\tomik\AppData\Local\Programs\Python\Python311\;C:\Program Files\MySQL\MySQL Shell 8.0\bin\;C:\Users\tomik\AppData\Local\Microsoft\WindowsApps;;C:\Users\tomik\AppData\Local\Programs\Microsoft VS Code\bin;C:\Users\tomik\.dotnet\tools;C:\Users\tomik\AppData\Roaming\npm
USERNAME=tomik
OS=Windows_NT
PROCESSOR_IDENTIFIER=Intel64 Family 6 Model 61 Stepping 4, GenuineIntel
TMP=C:\Users\tomik\AppData\Local\Temp
TEMP=C:\Users\tomik\AppData\Local\Temp



---------------  S Y S T E M  ---------------

OS:
 Windows 10 , 64 bit Build 19041 (10.0.19041.3636)
OS uptime: 2 days 13:10 hours
Hyper-V role detected

CPU: total 4 (initial active 4) (2 cores per cpu, 2 threads per core) family 6 model 61 stepping 4 microcode 0x2d, cx8, cmov, fxsr, ht, mmx, 3dnowpref, sse, sse2, sse3, ssse3, sse4.1, sse4.2, popcnt, lzcnt, tsc, tscinvbit, avx, avx2, aes, erms, clmul, bmi1, bmi2, rtm, adx, fma, vzeroupper, clflush, hv
Processor Information for all 4 processors :
  Max Mhz: 2301, Current Mhz: 2301, Mhz Limit: 2301

Memory: 4k page, system-wide physical 12163M (3945M free)
TotalPageFile size 14211M (AvailPageFile size 51M)
current process WorkingSet (physical memory assigned to process): 162M, peak: 162M
current process commit charge ("private bytes"): 280M, peak: 372M

vm_info: OpenJDK 64-Bit Server VM (17.0.8.1+1-LTS) for windows-amd64 JRE (17.0.8.1+1-LTS), built on Aug 23 2023 17:38:52 by "MicrosoftCorporation" with MS VC++ 16.10 / 16.11 (VS2019)

END.
